
Running only on specified device: 3A021JEHN02756
Deploying and running 'bm-fully-cifar-sparse-vk' on device: 3A021JEHN02756
build/android/arm64-v8a/release/bm-fully-cifar-sparse-vk: 1 file pushed, 0 skipped. 500.3 MB/s (2710480 bytes in 0.005s)
[2025-04-24 21:50:18.938] [info] Pinable Lit cores: 0 1 2 3 
[2025-04-24 21:50:18.939] [info] Pinable Med cores: 4 5 
[2025-04-24 21:50:18.939] [info] Pinable Big cores: 6 7 
Stage: 1 by Little
	Count 	52
	Average 	19.3462 ms
Stage: 1 by Medium
	Count 	165
	Average 	6.0788 ms
Stage: 1 by Big
	Count 	243
	Average 	4.2058 ms
Stage: 1 by Vulkan
	Count 	115
	Average 	9.2174 ms
Stage: 2 by Little
	Count 	44
	Average 	23.1136 ms
Stage: 2 by Medium
	Count 	76
	Average 	13.2500 ms
Stage: 2 by Big
	Count 	95
	Average 	10.8421 ms
Stage: 2 by Vulkan
	Count 	138
	Average 	7.7826 ms
Stage: 3 by Little
	Count 	99
	Average 	10.1313 ms
Stage: 3 by Medium
	Count 	316
	Average 	3.1741 ms
Stage: 3 by Big
	Count 	458
	Average 	2.2445 ms
Stage: 3 by Vulkan
	Count 	179
	Average 	5.9385 ms
Stage: 4 by Little
	Count 	83
	Average 	12.3614 ms
Stage: 4 by Medium
	Count 	150
	Average 	7.1333 ms
Stage: 4 by Big
	Count 	186
	Average 	5.5376 ms
Stage: 4 by Vulkan
	Count 	279
	Average 	3.8172 ms
Stage: 5 by Little
	Count 	175
	Average 	5.8457 ms
Stage: 5 by Medium
	Count 	610
	Average 	1.7295 ms
Stage: 5 by Big
	Count 	755
	Average 	1.3285 ms
Stage: 5 by Vulkan
	Count 	326
	Average 	3.2853 ms
Stage: 6 by Little
	Count 	176
	Average 	5.7216 ms
Stage: 6 by Medium
	Count 	612
	Average 	1.7271 ms
Stage: 6 by Big
	Count 	755
	Average 	1.3272 ms
Stage: 6 by Vulkan
	Count 	571
	Average 	1.7531 ms
Stage: 7 by Little
	Count 	177
	Average 	5.7853 ms
Stage: 7 by Medium
	Count 	588
	Average 	1.8163 ms
Stage: 7 by Big
	Count 	785
	Average 	1.3006 ms
Stage: 7 by Vulkan
	Count 	344
	Average 	3.0901 ms
Stage: 8 by Little
	Count 	153
	Average 	6.7451 ms
Stage: 8 by Medium
	Count 	281
	Average 	3.7865 ms
Stage: 8 by Big
	Count 	352
	Average 	2.9517 ms
Stage: 8 by Vulkan
	Count 	387
	Average 	2.7390 ms
Stage: 9 by Little
	Count 	40249
	Average 	0.0249 ms
Stage: 9 by Medium
	Count 	80831
	Average 	0.0131 ms
Stage: 9 by Big
	Count 	94439
	Average 	0.0106 ms
Stage: 9 by Vulkan
	Count 	2041
	Average 	0.5223 ms
Stage: 1
	Little 	21.9149 ms 	(47)
	Medium 	5.6593 ms 	(182)
	Big    	4.7032 ms 	(219)
	Vulkan 	4.2041 ms 	(245)
Stage: 2
	Little 	26.8462 ms 	(39)
	Medium 	13.0875 ms 	(80)
	Big    	12.0345 ms 	(87)
	Vulkan 	2.6777 ms 	(391)
Stage: 3
	Little 	11.5618 ms 	(89)
	Medium 	3.1957 ms 	(322)
	Big    	2.7079 ms 	(380)
	Vulkan 	3.0901 ms 	(333)
Stage: 4
	Little 	13.0988 ms 	(81)
	Medium 	6.9346 ms 	(153)
	Big    	6.8452 ms 	(155)
	Vulkan 	1.9832 ms 	(535)
Stage: 5
	Little 	7.1528 ms 	(144)
	Medium 	1.7428 ms 	(591)
	Big    	1.6721 ms 	(616)
	Vulkan 	2.0559 ms 	(501)
Stage: 6
	Little 	6.3145 ms 	(159)
	Medium 	1.8388 ms 	(546)
	Big    	1.6568 ms 	(606)
	Vulkan 	1.9457 ms 	(516)
Stage: 7
	Little 	6.4013 ms 	(157)
	Medium 	1.8207 ms 	(552)
	Big    	1.6750 ms 	(600)
	Vulkan 	1.9862 ms 	(506)
Stage: 8
	Little 	7.0069 ms 	(144)
	Medium 	3.5280 ms 	(286)
	Big    	3.5035 ms 	(288)
	Vulkan 	1.2457 ms 	(810)
Stage: 9
	Little 	0.0350 ms 	(28653)
	Medium 	0.0151 ms 	(66379)
	Big    	0.0135 ms 	(74469)
	Vulkan 	0.3001 ms 	(3342)

Normal Benchmark Results Table (ms per task):
Stage | Little Core | Medium Core | Big Core | Vulkan | CUDA
------|------------|-------------|----------|--------|-------
    1 |     19.3462 |      6.0788 |   4.2058 | 9.2174 | 0.0000
    2 |     23.1136 |     13.2500 |  10.8421 | 7.7826 | 0.0000
    3 |     10.1313 |      3.1741 |   2.2445 | 5.9385 | 0.0000
    4 |     12.3614 |      7.1333 |   5.5376 | 3.8172 | 0.0000
    5 |      5.8457 |      1.7295 |   1.3285 | 3.2853 | 0.0000
    6 |      5.7216 |      1.7271 |   1.3272 | 1.7531 | 0.0000
    7 |      5.7853 |      1.8163 |   1.3006 | 3.0901 | 0.0000
    8 |      6.7451 |      3.7865 |   2.9517 | 2.7390 | 0.0000
    9 |      0.0249 |      0.0131 |   0.0106 | 0.5223 | 0.0000

Normal Benchmark - Sum of stages 1-9:
Little Core: 89.0752 ms
Medium Core: 38.7087 ms
Big Core: 29.7486 ms
Vulkan: 38.1455 ms
CUDA: 0.0000 ms

Fully Benchmark Results Table (ms per task):
Stage | Little Core | Medium Core | Big Core | Vulkan | CUDA
------|-------------|-------------|----------|--------|-------
    1 |     21.9149 |      5.6593 |   4.7032 | 4.2041 | 0.0000
    2 |     26.8462 |     13.0875 |  12.0345 | 2.6777 | 0.0000
    3 |     11.5618 |      3.1957 |   2.7079 | 3.0901 | 0.0000
    4 |     13.0988 |      6.9346 |   6.8452 | 1.9832 | 0.0000
    5 |      7.1528 |      1.7428 |   1.6721 | 2.0559 | 0.0000
    6 |      6.3145 |      1.8388 |   1.6568 | 1.9457 | 0.0000
    7 |      6.4013 |      1.8207 |   1.6750 | 1.9862 | 0.0000
    8 |      7.0069 |      3.5280 |   3.5035 | 1.2457 | 0.0000
    9 |      0.0350 |      0.0151 |   0.0135 | 0.3001 | 0.0000

Fully Benchmark - Sum of stages 1-9:
Little Core: 100.3321 ms
Medium Core: 37.8225 ms
Big Core: 34.8115 ms
Vulkan: 19.4887 ms
CUDA: 0.0000 ms

Performance Comparison (Fully vs Normal):
Processor  | Normal (ms) | Fully (ms) | Ratio
-----------|-------------|------------|-------
Little Core|       89.08 |     100.33 |  1.13x
Medium Core|       38.71 |      37.82 |  0.98x
Big Core   |       29.75 |      34.81 |  1.17x
Vulkan     |       38.15 |      19.49 |  0.51x

### PYTHON_DATA_START ###
# NORMAL_BENCHMARK_DATA
stage,little,medium,big,vulkan,cuda
1,19.3462,6.0788,4.2058,9.2174,0.0000
2,23.1136,13.2500,10.8421,7.7826,0.0000
3,10.1313,3.1741,2.2445,5.9385,0.0000
4,12.3614,7.1333,5.5376,3.8172,0.0000
5,5.8457,1.7295,1.3285,3.2853,0.0000
6,5.7216,1.7271,1.3272,1.7531,0.0000
7,5.7853,1.8163,1.3006,3.0901,0.0000
8,6.7451,3.7865,2.9517,2.7390,0.0000
9,0.0249,0.0131,0.0106,0.5223,0.0000
# FULLY_BENCHMARK_DATA
stage,little,medium,big,vulkan,cuda
1,21.9149,5.6593,4.7032,4.2041,0.0000
2,26.8462,13.0875,12.0345,2.6777,0.0000
3,11.5618,3.1957,2.7079,3.0901,0.0000
4,13.0988,6.9346,6.8452,1.9832,0.0000
5,7.1528,1.7428,1.6721,2.0559,0.0000
6,6.3145,1.8388,1.6568,1.9457,0.0000
7,6.4013,1.8207,1.6750,1.9862,0.0000
8,7.0069,3.5280,3.5035,1.2457,0.0000
9,0.0350,0.0151,0.0135,0.3001,0.0000
### PYTHON_DATA_END ###
