
Running only on specified device: 3A021JEHN02756
Deploying and running 'bm-fully-cifar-sparse-vk' on device: 3A021JEHN02756
build/android/arm64-v8a/release/bm-fully-cifar-sparse-vk: 1 file pushed, 0 skipped. 504.2 MB/s (2710480 bytes in 0.005s)
[2025-04-24 21:56:39.492] [info] Pinable Lit cores: 0 1 2 3 
[2025-04-24 21:56:39.493] [info] Pinable Med cores: 4 5 
[2025-04-24 21:56:39.493] [info] Pinable Big cores: 6 7 
Stage: 1 by Little
	Count 	52
	Average 	19.3846 ms
Stage: 1 by Medium
	Count 	177
	Average 	5.9944 ms
Stage: 1 by Big
	Count 	226
	Average 	4.4425 ms
Stage: 1 by Vulkan
	Count 	139
	Average 	7.6763 ms
Stage: 2 by Little
	Count 	41
	Average 	25.2927 ms
Stage: 2 by Medium
	Count 	78
	Average 	13.7949 ms
Stage: 2 by Big
	Count 	94
	Average 	11.0106 ms
Stage: 2 by Vulkan
	Count 	128
	Average 	8.3984 ms
Stage: 3 by Little
	Count 	100
	Average 	10.3800 ms
Stage: 3 by Medium
	Count 	331
	Average 	3.1480 ms
Stage: 3 by Big
	Count 	427
	Average 	2.4169 ms
Stage: 3 by Vulkan
	Count 	182
	Average 	5.8626 ms
Stage: 4 by Little
	Count 	87
	Average 	11.9540 ms
Stage: 4 by Medium
	Count 	149
	Average 	7.1745 ms
Stage: 4 by Big
	Count 	180
	Average 	5.7667 ms
Stage: 4 by Vulkan
	Count 	228
	Average 	4.6974 ms
Stage: 5 by Little
	Count 	177
	Average 	5.6836 ms
Stage: 5 by Medium
	Count 	558
	Average 	1.7957 ms
Stage: 5 by Big
	Count 	780
	Average 	1.3244 ms
Stage: 5 by Vulkan
	Count 	317
	Average 	3.3659 ms
Stage: 6 by Little
	Count 	177
	Average 	5.9322 ms
Stage: 6 by Medium
	Count 	605
	Average 	1.7421 ms
Stage: 6 by Big
	Count 	732
	Average 	1.4208 ms
Stage: 6 by Vulkan
	Count 	308
	Average 	3.4416 ms
Stage: 7 by Little
	Count 	177
	Average 	5.8870 ms
Stage: 7 by Medium
	Count 	604
	Average 	1.7467 ms
Stage: 7 by Big
	Count 	741
	Average 	1.3536 ms
Stage: 7 by Vulkan
	Count 	344
	Average 	3.0988 ms
Stage: 8 by Little
	Count 	158
	Average 	6.5886 ms
Stage: 8 by Medium
	Count 	275
	Average 	3.8436 ms
Stage: 8 by Big
	Count 	327
	Average 	3.0673 ms
Stage: 8 by Vulkan
	Count 	405
	Average 	2.6395 ms
Stage: 9 by Little
	Count 	40957
	Average 	0.0252 ms
Stage: 9 by Medium
	Count 	83312
	Average 	0.0127 ms
Stage: 9 by Big
	Count 	98059
	Average 	0.0106 ms
Stage: 9 by Vulkan
	Count 	2228
	Average 	0.4798 ms
Stage: 1
	Little 	21.7917 ms 	(48)
	Medium 	5.9771 ms 	(175)
	Big    	4.8651 ms 	(215)
	Vulkan 	4.3583 ms 	(240)
Stage: 2
	Little 	26.5750 ms 	(40)
	Medium 	13.2875 ms 	(80)
	Big    	12.5059 ms 	(85)
	Vulkan 	2.3781 ms 	(447)
Stage: 3
	Little 	11.5843 ms 	(89)
	Medium 	3.0324 ms 	(340)
	Big    	2.8961 ms 	(356)
	Vulkan 	2.0870 ms 	(494)
Stage: 4
	Little 	13.8052 ms 	(77)
	Medium 	6.9477 ms 	(153)
	Big    	6.9026 ms 	(154)
	Vulkan 	1.4909 ms 	(713)
Stage: 5
	Little 	6.9527 ms 	(148)
	Medium 	1.7179 ms 	(599)
	Big    	1.8053 ms 	(570)
	Vulkan 	1.6490 ms 	(624)
Stage: 6
	Little 	6.6490 ms 	(151)
	Medium 	1.7707 ms 	(567)
	Big    	1.6959 ms 	(592)
	Vulkan 	1.9648 ms 	(511)
Stage: 7
	Little 	6.9310 ms 	(145)
	Medium 	1.7268 ms 	(582)
	Big    	1.7063 ms 	(589)
	Vulkan 	1.9402 ms 	(518)
Stage: 8
	Little 	7.4126 ms 	(143)
	Medium 	3.7857 ms 	(280)
	Big    	3.8828 ms 	(273)
	Vulkan 	1.2802 ms 	(828)
Stage: 9
	Little 	0.0344 ms 	(29723)
	Medium 	0.0189 ms 	(54014)
	Big    	0.0127 ms 	(80247)
	Vulkan 	0.2699 ms 	(3787)

Normal Benchmark Results Table (ms per task):
Stage | Little Core | Medium Core | Big Core | Vulkan | CUDA
------|------------|-------------|----------|--------|-------
    1 |     19.3846 |      5.9944 |   4.4425 | 7.6763 | 0.0000
    2 |     25.2927 |     13.7949 |  11.0106 | 8.3984 | 0.0000
    3 |     10.3800 |      3.1480 |   2.4169 | 5.8626 | 0.0000
    4 |     11.9540 |      7.1745 |   5.7667 | 4.6974 | 0.0000
    5 |      5.6836 |      1.7957 |   1.3244 | 3.3659 | 0.0000
    6 |      5.9322 |      1.7421 |   1.4208 | 3.4416 | 0.0000
    7 |      5.8870 |      1.7467 |   1.3536 | 3.0988 | 0.0000
    8 |      6.5886 |      3.8436 |   3.0673 | 2.6395 | 0.0000
    9 |      0.0252 |      0.0127 |   0.0106 | 0.4798 | 0.0000

Normal Benchmark - Sum of stages 1-9:
Little Core: 91.1280 ms
Medium Core: 39.2527 ms
Big Core: 30.8132 ms
Vulkan: 39.6603 ms
CUDA: 0.0000 ms

Fully Benchmark Results Table (ms per task):
Stage | Little Core | Medium Core | Big Core | Vulkan | CUDA
------|-------------|-------------|----------|--------|-------
    1 |     21.7917 |      5.9771 |   4.8651 | 4.3583 | 0.0000
    2 |     26.5750 |     13.2875 |  12.5059 | 2.3781 | 0.0000
    3 |     11.5843 |      3.0324 |   2.8961 | 2.0870 | 0.0000
    4 |     13.8052 |      6.9477 |   6.9026 | 1.4909 | 0.0000
    5 |      6.9527 |      1.7179 |   1.8053 | 1.6490 | 0.0000
    6 |      6.6490 |      1.7707 |   1.6959 | 1.9648 | 0.0000
    7 |      6.9310 |      1.7268 |   1.7063 | 1.9402 | 0.0000
    8 |      7.4126 |      3.7857 |   3.8828 | 1.2802 | 0.0000
    9 |      0.0344 |      0.0189 |   0.0127 | 0.2699 | 0.0000

Fully Benchmark - Sum of stages 1-9:
Little Core: 101.7358 ms
Medium Core: 38.2647 ms
Big Core: 36.2727 ms
Vulkan: 17.4184 ms
CUDA: 0.0000 ms

Performance Comparison (Fully vs Normal):
Processor  | Normal (ms) | Fully (ms) | Ratio
-----------|-------------|------------|-------
Little Core|       91.13 |     101.74 |  1.12x
Medium Core|       39.25 |      38.26 |  0.97x
Big Core   |       30.81 |      36.27 |  1.18x
Vulkan     |       39.66 |      17.42 |  0.44x

### PYTHON_DATA_START ###
# NORMAL_BENCHMARK_DATA
stage,little,medium,big,vulkan,cuda
1,19.3846,5.9944,4.4425,7.6763,0.0000
2,25.2927,13.7949,11.0106,8.3984,0.0000
3,10.3800,3.1480,2.4169,5.8626,0.0000
4,11.9540,7.1745,5.7667,4.6974,0.0000
5,5.6836,1.7957,1.3244,3.3659,0.0000
6,5.9322,1.7421,1.4208,3.4416,0.0000
7,5.8870,1.7467,1.3536,3.0988,0.0000
8,6.5886,3.8436,3.0673,2.6395,0.0000
9,0.0252,0.0127,0.0106,0.4798,0.0000
# FULLY_BENCHMARK_DATA
stage,little,medium,big,vulkan,cuda
1,21.7917,5.9771,4.8651,4.3583,0.0000
2,26.5750,13.2875,12.5059,2.3781,0.0000
3,11.5843,3.0324,2.8961,2.0870,0.0000
4,13.8052,6.9477,6.9026,1.4909,0.0000
5,6.9527,1.7179,1.8053,1.6490,0.0000
6,6.6490,1.7707,1.6959,1.9648,0.0000
7,6.9310,1.7268,1.7063,1.9402,0.0000
8,7.4126,3.7857,3.8828,1.2802,0.0000
9,0.0344,0.0189,0.0127,0.2699,0.0000
### PYTHON_DATA_END ###
