
Running only on specified device: 3A021JEHN02756
Deploying and running 'bm-fully-cifar-sparse-vk' on device: 3A021JEHN02756
build/android/arm64-v8a/release/bm-fully-cifar-sparse-vk: 1 file pushed, 0 skipped. 499.4 MB/s (2710480 bytes in 0.005s)
[2025-04-24 22:22:36.936] [info] Pinable Lit cores: 0 1 2 3 
[2025-04-24 22:22:36.936] [info] Pinable Med cores: 4 5 
[2025-04-24 22:22:36.936] [info] Pinable Big cores: 6 7 
Stage: 1 by Little
	Count 	52
	Average 	19.3269 ms
Stage: 1 by Medium
	Count 	177
	Average 	5.9831 ms
Stage: 1 by Big
	Count 	219
	Average 	4.6986 ms
Stage: 1 by Vulkan
	Count 	117
	Average 	9.0513 ms
Stage: 2 by Little
	Count 	44
	Average 	23.0909 ms
Stage: 2 by Medium
	Count 	77
	Average 	13.8831 ms
Stage: 2 by Big
	Count 	87
	Average 	11.5287 ms
Stage: 2 by Vulkan
	Count 	138
	Average 	7.7826 ms
Stage: 3 by Little
	Count 	99
	Average 	10.4848 ms
Stage: 3 by Medium
	Count 	332
	Average 	3.2319 ms
Stage: 3 by Big
	Count 	413
	Average 	2.4915 ms
Stage: 3 by Vulkan
	Count 	215
	Average 	4.9488 ms
Stage: 4 by Little
	Count 	84
	Average 	12.4762 ms
Stage: 4 by Medium
	Count 	150
	Average 	6.9200 ms
Stage: 4 by Big
	Count 	171
	Average 	5.8655 ms
Stage: 4 by Vulkan
	Count 	287
	Average 	3.7108 ms
Stage: 5 by Little
	Count 	177
	Average 	5.8418 ms
Stage: 5 by Medium
	Count 	580
	Average 	1.7276 ms
Stage: 5 by Big
	Count 	692
	Average 	1.4494 ms
Stage: 5 by Vulkan
	Count 	327
	Average 	3.2783 ms
Stage: 6 by Little
	Count 	177
	Average 	5.7966 ms
Stage: 6 by Medium
	Count 	583
	Average 	1.8336 ms
Stage: 6 by Big
	Count 	651
	Average 	1.5853 ms
Stage: 6 by Vulkan
	Count 	440
	Average 	2.4182 ms
Stage: 7 by Little
	Count 	176
	Average 	5.8636 ms
Stage: 7 by Medium
	Count 	591
	Average 	1.6954 ms
Stage: 7 by Big
	Count 	703
	Average 	1.4637 ms
Stage: 7 by Vulkan
	Count 	325
	Average 	3.2923 ms
Stage: 8 by Little
	Count 	150
	Average 	6.7333 ms
Stage: 8 by Medium
	Count 	287
	Average 	3.6969 ms
Stage: 8 by Big
	Count 	325
	Average 	3.1415 ms
Stage: 8 by Vulkan
	Count 	449
	Average 	2.3875 ms
Stage: 9 by Little
	Count 	41211
	Average 	0.0243 ms
Stage: 9 by Medium
	Count 	79250
	Average 	0.0135 ms
Stage: 9 by Big
	Count 	97296
	Average 	0.0105 ms
Stage: 9 by Vulkan
	Count 	2624
	Average 	0.3815 ms
Stage: 1
	Little 	22.0213 ms 	(47)
	Medium 	5.9483 ms 	(174)
	Big    	5.4474 ms 	(190)
	Vulkan 	4.3125 ms 	(240)
Stage: 2
	Little 	27.3333 ms 	(39)
	Medium 	14.4054 ms 	(74)
	Big    	14.0263 ms 	(76)
	Vulkan 	2.7404 ms 	(389)
Stage: 3
	Little 	13.1429 ms 	(77)
	Medium 	2.9677 ms 	(341)
	Big    	3.4305 ms 	(295)
	Vulkan 	2.6844 ms 	(377)
Stage: 4
	Little 	14.6812 ms 	(69)
	Medium 	6.6645 ms 	(152)
	Big    	7.1844 ms 	(141)
	Vulkan 	2.2118 ms 	(458)
Stage: 5
	Little 	8.1463 ms 	(123)
	Medium 	1.7517 ms 	(572)
	Big    	1.9920 ms 	(503)
	Vulkan 	1.9802 ms 	(506)
Stage: 6
	Little 	8.2975 ms 	(121)
	Medium 	1.7491 ms 	(574)
	Big    	1.9686 ms 	(510)
	Vulkan 	1.6540 ms 	(607)
Stage: 7
	Little 	8.2893 ms 	(121)
	Medium 	1.7353 ms 	(578)
	Big    	2.1205 ms 	(473)
	Vulkan 	2.0304 ms 	(494)
Stage: 8
	Little 	8.1290 ms 	(124)
	Medium 	3.6522 ms 	(276)
	Big    	4.2532 ms 	(237)
	Vulkan 	1.2414 ms 	(812)
Stage: 9
	Little 	0.0519 ms 	(19349)
	Medium 	0.0133 ms 	(75479)
	Big    	0.0148 ms 	(68008)
	Vulkan 	0.3164 ms 	(3176)

Normal Benchmark Results Table (ms per task):
Stage | Little Core | Medium Core | Big Core | Vulkan | CUDA
------|------------|-------------|----------|--------|-------
    1 |     19.3269 |      5.9831 |   4.6986 | 9.0513 | 0.0000
    2 |     23.0909 |     13.8831 |  11.5287 | 7.7826 | 0.0000
    3 |     10.4848 |      3.2319 |   2.4915 | 4.9488 | 0.0000
    4 |     12.4762 |      6.9200 |   5.8655 | 3.7108 | 0.0000
    5 |      5.8418 |      1.7276 |   1.4494 | 3.2783 | 0.0000
    6 |      5.7966 |      1.8336 |   1.5853 | 2.4182 | 0.0000
    7 |      5.8636 |      1.6954 |   1.4637 | 3.2923 | 0.0000
    8 |      6.7333 |      3.6969 |   3.1415 | 2.3875 | 0.0000
    9 |      0.0243 |      0.0135 |   0.0105 | 0.3815 | 0.0000

Normal Benchmark - Sum of stages 1-9:
Little Core: 89.6386 ms
Medium Core: 38.9851 ms
Big Core: 32.2349 ms
Vulkan: 37.2513 ms
CUDA: 0.0000 ms

Fully Benchmark Results Table (ms per task):
Stage | Little Core | Medium Core | Big Core | Vulkan | CUDA
------|-------------|-------------|----------|--------|-------
    1 |     22.0213 |      5.9483 |   5.4474 | 4.3125 | 0.0000
    2 |     27.3333 |     14.4054 |  14.0263 | 2.7404 | 0.0000
    3 |     13.1429 |      2.9677 |   3.4305 | 2.6844 | 0.0000
    4 |     14.6812 |      6.6645 |   7.1844 | 2.2118 | 0.0000
    5 |      8.1463 |      1.7517 |   1.9920 | 1.9802 | 0.0000
    6 |      8.2975 |      1.7491 |   1.9686 | 1.6540 | 0.0000
    7 |      8.2893 |      1.7353 |   2.1205 | 2.0304 | 0.0000
    8 |      8.1290 |      3.6522 |   4.2532 | 1.2414 | 0.0000
    9 |      0.0519 |      0.0133 |   0.0148 | 0.3164 | 0.0000

Fully Benchmark - Sum of stages 1-9:
Little Core: 110.0927 ms
Medium Core: 38.8876 ms
Big Core: 40.4377 ms
Vulkan: 19.1715 ms
CUDA: 0.0000 ms

Performance Comparison (Fully vs Normal):
Processor  | Normal (ms) | Fully (ms) | Ratio
-----------|-------------|------------|-------
Little Core|       89.64 |     110.09 |  1.23x
Medium Core|       38.99 |      38.89 |  1.00x
Big Core   |       32.23 |      40.44 |  1.25x
Vulkan     |       37.25 |      19.17 |  0.51x

### PYTHON_DATA_START ###
# NORMAL_BENCHMARK_DATA
stage,little,medium,big,vulkan,cuda
1,19.3269,5.9831,4.6986,9.0513,0.0000
2,23.0909,13.8831,11.5287,7.7826,0.0000
3,10.4848,3.2319,2.4915,4.9488,0.0000
4,12.4762,6.9200,5.8655,3.7108,0.0000
5,5.8418,1.7276,1.4494,3.2783,0.0000
6,5.7966,1.8336,1.5853,2.4182,0.0000
7,5.8636,1.6954,1.4637,3.2923,0.0000
8,6.7333,3.6969,3.1415,2.3875,0.0000
9,0.0243,0.0135,0.0105,0.3815,0.0000
# FULLY_BENCHMARK_DATA
stage,little,medium,big,vulkan,cuda
1,22.0213,5.9483,5.4474,4.3125,0.0000
2,27.3333,14.4054,14.0263,2.7404,0.0000
3,13.1429,2.9677,3.4305,2.6844,0.0000
4,14.6812,6.6645,7.1844,2.2118,0.0000
5,8.1463,1.7517,1.9920,1.9802,0.0000
6,8.2975,1.7491,1.9686,1.6540,0.0000
7,8.2893,1.7353,2.1205,2.0304,0.0000
8,8.1290,3.6522,4.2532,1.2414,0.0000
9,0.0519,0.0133,0.0148,0.3164,0.0000
### PYTHON_DATA_END ###
