
[1/2] Processing device: 3A021JEHN02756
Deploying and running 'bm-gen-logs-cifar-dense-vk' on device: 3A021JEHN02756
build/android/arm64-v8a/release/bm-gen-logs-cifar-dense-vk: 1 file pushed, 0 skipped. 481.0 MB/s (6906832 bytes in 0.014s)
[2025-04-17 14:09:53.577] [info] Little cores: 0 1 2 3 
[2025-04-17 14:09:53.580] [info] Medium cores: 4 5 
[2025-04-17 14:09:53.580] [info] Big cores: 6 7 
--------------------------------
Schedule 0 [UID: SCH-M9-G000-439c]:
  Chunk 0 [OMP/Medium]: 1, 2, 3, 4, 5, 6, 7, 8, 9
--------------------------------
Schedule 1 [UID: SCH-L9-G000-75f1]:
  Chunk 0 [OMP/Little]: 1, 2, 3, 4, 5, 6, 7, 8, 9
--------------------------------
Schedule 2 [UID: SCH-G9-G000-7948]:
  Chunk 0 [Vulkan    ]: 1, 2, 3, 4, 5, 6, 7, 8, 9
--------------------------------
Schedule 3 [UID: SCH-B9-G000-996b]:
  Chunk 0 [OMP/Big   ]: 1, 2, 3, 4, 5, 6, 7, 8, 9
--------------------------------
Schedule 4 [UID: SCH-G7L2-G110-cb83]:
  Chunk 0 [Vulkan    ]: 1, 2, 3, 4, 5, 6, 7
  Chunk 1 [OMP/Little]: 8, 9
--------------------------------
Schedule 5 [UID: SCH-G7B2-G386-99d4]:
  Chunk 0 [Vulkan    ]: 1, 2, 3, 4, 5, 6, 7
  Chunk 1 [OMP/Big   ]: 8, 9
--------------------------------
Schedule 6 [UID: SCH-G7M2-G387-fdb4]:
  Chunk 0 [Vulkan    ]: 1, 2, 3, 4, 5, 6, 7
  Chunk 1 [OMP/Medium]: 8, 9
--------------------------------
Schedule 7 [UID: SCH-G8L1-G441-77c9]:
  Chunk 0 [Vulkan    ]: 1, 2, 3, 4, 5, 6, 7, 8
  Chunk 1 [OMP/Little]: 9
--------------------------------
Schedule 8 [UID: SCH-G7B1L1-G444-6753]:
  Chunk 0 [Vulkan    ]: 1, 2, 3, 4, 5, 6, 7
  Chunk 1 [OMP/Big   ]: 8
  Chunk 2 [OMP/Little]: 9
--------------------------------
Schedule 9 [UID: SCH-G7M1L1-G447-6416]:
  Chunk 0 [Vulkan    ]: 1, 2, 3, 4, 5, 6, 7
  Chunk 1 [OMP/Medium]: 8
  Chunk 2 [OMP/Little]: 9
--------------------------------
Schedule 10 [UID: SCH-G7L1M1-G476-c1fb]:
  Chunk 0 [Vulkan    ]: 1, 2, 3, 4, 5, 6, 7
  Chunk 1 [OMP/Little]: 8
  Chunk 2 [OMP/Medium]: 9
--------------------------------
Schedule 11 [UID: SCH-G7B1M1-G476-0adc]:
  Chunk 0 [Vulkan    ]: 1, 2, 3, 4, 5, 6, 7
  Chunk 1 [OMP/Big   ]: 8
  Chunk 2 [OMP/Medium]: 9
--------------------------------
Schedule 12 [UID: SCH-G7L1B1-G477-166b]:
  Chunk 0 [Vulkan    ]: 1, 2, 3, 4, 5, 6, 7
  Chunk 1 [OMP/Little]: 8
  Chunk 2 [OMP/Big   ]: 9
--------------------------------
Schedule 13 [UID: SCH-G7M1B1-G477-1688]:
  Chunk 0 [Vulkan    ]: 1, 2, 3, 4, 5, 6, 7
  Chunk 1 [OMP/Medium]: 8
  Chunk 2 [OMP/Big   ]: 9
--------------------------------
Schedule 14 [UID: SCH-G8M1-G499-6f09]:
  Chunk 0 [Vulkan    ]: 1, 2, 3, 4, 5, 6, 7, 8
  Chunk 1 [OMP/Medium]: 9
--------------------------------
Schedule 15 [UID: SCH-G8B1-G501-9af1]:
  Chunk 0 [Vulkan    ]: 1, 2, 3, 4, 5, 6, 7, 8
  Chunk 1 [OMP/Big   ]: 9
--------------------------------
Schedule 16 [UID: SCH-B1G8-G4796-a9de]:
  Chunk 0 [OMP/Big   ]: 1
  Chunk 1 [Vulkan    ]: 2, 3, 4, 5, 6, 7, 8, 9
--------------------------------
Schedule 17 [UID: SCH-B1L1G7-G4830-164a]:
  Chunk 0 [OMP/Big   ]: 1
  Chunk 1 [OMP/Little]: 2
  Chunk 2 [Vulkan    ]: 3, 4, 5, 6, 7, 8, 9
--------------------------------
Schedule 18 [UID: SCH-B1G6L2-G4935-9aa4]:
  Chunk 0 [OMP/Big   ]: 1
  Chunk 1 [Vulkan    ]: 2, 3, 4, 5, 6, 7
  Chunk 2 [OMP/Little]: 8, 9
--------------------------------
Schedule 19 [UID: SCH-B1M1G5L2-G5038-6e6d]:
  Chunk 0 [OMP/Big   ]: 1
  Chunk 1 [OMP/Medium]: 2
  Chunk 2 [Vulkan    ]: 3, 4, 5, 6, 7
  Chunk 3 [OMP/Little]: 8, 9
--------------------------------
Schedule 20 [UID: SCH-B1M1G7-G5038-539c]:
  Chunk 0 [OMP/Big   ]: 1
  Chunk 1 [OMP/Medium]: 2
  Chunk 2 [Vulkan    ]: 3, 4, 5, 6, 7, 8, 9
--------------------------------
Schedule 21 [UID: SCH-B2G7-G5141-253a]:
  Chunk 0 [OMP/Big   ]: 1, 2
  Chunk 1 [Vulkan    ]: 3, 4, 5, 6, 7, 8, 9
--------------------------------
Schedule 22 [UID: SCH-B6L3-G5206-781b]:
  Chunk 0 [OMP/Big   ]: 1, 2, 3, 4, 5, 6
  Chunk 1 [OMP/Little]: 7, 8, 9
--------------------------------
Schedule 23 [UID: SCH-B1L1G5M2-G5213-586a]:
  Chunk 0 [OMP/Big   ]: 1
  Chunk 1 [OMP/Little]: 2
  Chunk 2 [Vulkan    ]: 3, 4, 5, 6, 7
  Chunk 3 [OMP/Medium]: 8, 9
--------------------------------
Schedule 24 [UID: SCH-B1G6M2-G5213-f496]:
  Chunk 0 [OMP/Big   ]: 1
  Chunk 1 [Vulkan    ]: 2, 3, 4, 5, 6, 7
  Chunk 2 [OMP/Medium]: 8, 9
--------------------------------
Schedule 25 [UID: SCH-B1G7L1-G5243-5ae4]:
  Chunk 0 [OMP/Big   ]: 1
  Chunk 1 [Vulkan    ]: 2, 3, 4, 5, 6, 7, 8
  Chunk 2 [OMP/Little]: 9
--------------------------------
Schedule 26 [UID: SCH-B1M1G6L1-G5243-708d]:
  Chunk 0 [OMP/Big   ]: 1
  Chunk 1 [OMP/Medium]: 2
  Chunk 2 [Vulkan    ]: 3, 4, 5, 6, 7, 8
  Chunk 3 [OMP/Little]: 9
--------------------------------
Schedule 27 [UID: SCH-B2G5L2-G5246-a9a1]:
  Chunk 0 [OMP/Big   ]: 1, 2
  Chunk 1 [Vulkan    ]: 3, 4, 5, 6, 7
  Chunk 2 [OMP/Little]: 8, 9
--------------------------------
Schedule 28 [UID: SCH-B1G6M1L1-G5273-6a0e]:
  Chunk 0 [OMP/Big   ]: 1
  Chunk 1 [Vulkan    ]: 2, 3, 4, 5, 6, 7
  Chunk 2 [OMP/Medium]: 8
  Chunk 3 [OMP/Little]: 9
--------------------------------
Schedule 29 [UID: SCH-B1G6L1M1-G5301-952e]:
  Chunk 0 [OMP/Big   ]: 1
  Chunk 1 [Vulkan    ]: 2, 3, 4, 5, 6, 7
  Chunk 2 [OMP/Little]: 8
  Chunk 3 [OMP/Medium]: 9

--------------------------------
Running schedule 2 [UID: SCH-G9-G000-7948]
### Python Begin ###
Task=0 Chunk=0 Start=1104700646458 End=1104700975609 Duration=329151
Task=1 Chunk=0 Start=1104700975616 End=1104701145152 Duration=169536
Task=2 Chunk=0 Start=1104701145155 End=1104701311300 Duration=166145
Task=3 Chunk=0 Start=1104701311303 End=1104701473232 Duration=161929
Task=4 Chunk=0 Start=1104701473242 End=1104701647768 Duration=174526
Task=5 Chunk=0 Start=1104701647811 End=1104701810556 Duration=162745
Task=6 Chunk=0 Start=1104701810571 End=1104701965451 Duration=154880
Task=7 Chunk=0 Start=1104701965478 End=1104702114880 Duration=149402
Task=8 Chunk=0 Start=1104702114891 End=1104702265055 Duration=150164
Task=9 Chunk=0 Start=1104702265061 End=1104702412097 Duration=147036
Task=10 Chunk=0 Start=1104702412100 End=1104702564894 Duration=152794
Task=11 Chunk=0 Start=1104702564897 End=1104702816735 Duration=251838
Task=12 Chunk=0 Start=1104702816739 End=1104702977191 Duration=160452
Task=13 Chunk=0 Start=1104702977199 End=1104703140730 Duration=163531
Task=14 Chunk=0 Start=1104703140738 End=1104703299530 Duration=158792
Task=15 Chunk=0 Start=1104703299540 End=1104703465168 Duration=165628
Task=16 Chunk=0 Start=1104703465210 End=1104703646138 Duration=180928
Task=17 Chunk=0 Start=1104703646145 End=1104703845139 Duration=198994
Task=18 Chunk=0 Start=1104703845146 End=1104704040361 Duration=195215
Task=19 Chunk=0 Start=1104704040367 End=1104704237035 Duration=196668
Task=20 Chunk=0 Start=1104704237041 End=1104704444011 Duration=206970
Task=21 Chunk=0 Start=1104704444037 End=1104704676951 Duration=232914
Task=22 Chunk=0 Start=1104704676972 End=1104704921037 Duration=244065
Task=23 Chunk=0 Start=1104704921043 End=1104705161335 Duration=240292
Task=24 Chunk=0 Start=1104705161438 End=1104705393897 Duration=232459
Task=25 Chunk=0 Start=1104705393925 End=1104705605904 Duration=211979
Task=26 Chunk=0 Start=1104705605916 End=1104705781759 Duration=175843
Task=27 Chunk=0 Start=1104705781770 End=1104705938269 Duration=156499
Task=28 Chunk=0 Start=1104705938272 End=1104706089004 Duration=150732
Task=29 Chunk=0 Start=1104706089006 End=1104706238889 Duration=149883
Task=30 Chunk=0 Start=1104706238892 End=1104706390639 Duration=151747
Task=31 Chunk=0 Start=1104706390642 End=1104706540318 Duration=149676
Task=32 Chunk=0 Start=1104706540326 End=1104706704483 Duration=164157
Task=33 Chunk=0 Start=1104706704488 End=1104706884664 Duration=180176
Task=34 Chunk=0 Start=1104706884668 End=1104707080378 Duration=195710
Task=35 Chunk=0 Start=1104707080383 End=1104707281123 Duration=200740
Task=36 Chunk=0 Start=1104707281127 End=1104707486672 Duration=205545
Task=37 Chunk=0 Start=1104707486692 End=1104707687717 Duration=201025
Task=38 Chunk=0 Start=1104707687744 End=1104707952714 Duration=264970
Task=39 Chunk=0 Start=1104707952724 End=1104708211897 Duration=259173
Task=40 Chunk=0 Start=1104708211908 End=1104708462466 Duration=250558
Task=41 Chunk=0 Start=1104708462477 End=1104708696302 Duration=233825
Task=42 Chunk=0 Start=1104708696312 End=1104708941823 Duration=245511
Task=43 Chunk=0 Start=1104708941832 End=1104709171326 Duration=229494
Task=44 Chunk=0 Start=1104709171338 End=1104709335368 Duration=164030
Task=45 Chunk=0 Start=1104709335377 End=1104709499542 Duration=164165
Task=46 Chunk=0 Start=1104709499553 End=1104709658752 Duration=159199
Task=47 Chunk=0 Start=1104709658756 End=1104709845966 Duration=187210
Task=48 Chunk=0 Start=1104709845987 End=1104710028864 Duration=182877
Task=49 Chunk=0 Start=1104710028873 End=1104710207237 Duration=178364
Task=50 Chunk=0 Start=1104710207245 End=1104710382491 Duration=175246
Task=51 Chunk=0 Start=1104710382493 End=1104710580067 Duration=197574
Task=52 Chunk=0 Start=1104710580077 End=1104710803638 Duration=223561
Task=53 Chunk=0 Start=1104710803657 End=1104711075059 Duration=271402
Task=54 Chunk=0 Start=1104711075069 End=1104711321547 Duration=246478
Task=55 Chunk=0 Start=1104711321582 End=1104711585210 Duration=263628
Task=56 Chunk=0 Start=1104711585242 End=1104711853001 Duration=267759
Task=57 Chunk=0 Start=1104711853035 End=1104712129351 Duration=276316
Task=58 Chunk=0 Start=1104712129378 End=1104712356452 Duration=227074
Task=59 Chunk=0 Start=1104712356459 End=1104712544109 Duration=187650
Task=60 Chunk=0 Start=1104712544112 End=1104712722066 Duration=177954
Task=61 Chunk=0 Start=1104712722079 End=1104712892745 Duration=170666
Task=62 Chunk=0 Start=1104712892748 End=1104713079956 Duration=187208
Task=63 Chunk=0 Start=1104713079981 End=1104713286241 Duration=206260
Task=64 Chunk=0 Start=1104713286257 End=1104713489170 Duration=202913
Task=65 Chunk=0 Start=1104713489176 End=1104713684086 Duration=194910
Task=66 Chunk=0 Start=1104713684092 End=1104713884894 Duration=200802
Task=67 Chunk=0 Start=1104713884899 End=1104714086866 Duration=201967
Task=68 Chunk=0 Start=1104714086871 End=1104714295656 Duration=208785
Task=69 Chunk=0 Start=1104714295661 End=1104714538656 Duration=242995
Task=70 Chunk=0 Start=1104714538683 End=1104714786070 Duration=247387
Task=71 Chunk=0 Start=1104714786161 End=1104715031746 Duration=245585
Task=72 Chunk=0 Start=1104715031757 End=1104715293376 Duration=261619
Task=73 Chunk=0 Start=1104715293390 End=1104715594316 Duration=300926
Task=74 Chunk=0 Start=1104715594348 End=1104715887944 Duration=293596
Task=75 Chunk=0 Start=1104715888058 End=1104716144746 Duration=256688
Task=76 Chunk=0 Start=1104716144750 End=1104716313280 Duration=168530
Task=77 Chunk=0 Start=1104716313285 End=1104716505020 Duration=191735
Task=78 Chunk=0 Start=1104716505030 End=1104716736848 Duration=231818
Task=79 Chunk=0 Start=1104716736875 End=1104716989496 Duration=252621
Task=80 Chunk=0 Start=1104716989529 End=1104717231571 Duration=242042
Task=81 Chunk=0 Start=1104717231581 End=1104717474295 Duration=242714
Task=82 Chunk=0 Start=1104717474304 End=1104717700621 Duration=226317
Task=83 Chunk=0 Start=1104717700630 End=1104717928887 Duration=228257
Task=84 Chunk=0 Start=1104717928896 End=1104718156216 Duration=227320
Task=85 Chunk=0 Start=1104718156225 End=1104718419255 Duration=263030
Task=86 Chunk=0 Start=1104718419281 End=1104718665153 Duration=245872
Task=87 Chunk=0 Start=1104718665213 End=1104718948804 Duration=283591
Task=88 Chunk=0 Start=1104718948828 End=1104719251830 Duration=303002
Task=89 Chunk=0 Start=1104719251858 End=1104719530282 Duration=278424
Task=90 Chunk=0 Start=1104719530294 End=1104719810862 Duration=280568
Task=91 Chunk=0 Start=1104719810891 End=1104720168612 Duration=357721
Task=92 Chunk=0 Start=1104720168628 End=1104720351401 Duration=182773
Task=93 Chunk=0 Start=1104720351417 End=1104720539967 Duration=188550
Task=94 Chunk=0 Start=1104720539975 End=1104720710063 Duration=170088
Task=95 Chunk=0 Start=1104720710073 End=1104720906416 Duration=196343
Task=96 Chunk=0 Start=1104720906453 End=1104721142564 Duration=236111
Task=97 Chunk=0 Start=1104721142575 End=1104721369665 Duration=227090
Task=98 Chunk=0 Start=1104721369674 End=1104721609562 Duration=239888
Task=99 Chunk=0 Start=1104721609612 End=1104721853249 Duration=243637
# Frequency=24576000 Hz
# 1 cycle = 0.0406901 us
# 1 cycle = 4.06901e-05 ms
Schedule 2 [UID: SCH-G9-G000-7948]:
  Chunk 0 [Vulkan    ]: 1, 2, 3, 4, 5, 6, 7, 8, 9
Schedule_UID: SCH-G9-G000-7948
### Python End ###

--------------------------------
Running schedule 4 [UID: SCH-G7L2-G110-cb83]
### Python Begin ###
Task=0 Chunk=0 Start=1104731470560 End=1104731747677 Duration=277117
Task=0 Chunk=1 Start=1104731747695 End=1104731948712 Duration=201017
Task=1 Chunk=0 Start=1104731747682 End=1104731881056 Duration=133374
Task=1 Chunk=1 Start=1104731948723 End=1104731973914 Duration=25191
Task=2 Chunk=0 Start=1104731881058 End=1104732001916 Duration=120858
Task=2 Chunk=1 Start=1104732001943 End=1104732029694 Duration=27751
Task=3 Chunk=0 Start=1104732001919 End=1104732129408 Duration=127489
Task=3 Chunk=1 Start=1104732129432 End=1104732155007 Duration=25575
Task=4 Chunk=0 Start=1104732129410 End=1104732256457 Duration=127047
Task=4 Chunk=1 Start=1104732256472 End=1104732282353 Duration=25881
Task=5 Chunk=0 Start=1104732256459 End=1104732385835 Duration=129376
Task=5 Chunk=1 Start=1104732385853 End=1104732413840 Duration=27987
Task=6 Chunk=0 Start=1104732385838 End=1104732513920 Duration=128082
Task=6 Chunk=1 Start=1104732513937 End=1104732541909 Duration=27972
Task=7 Chunk=0 Start=1104732513924 End=1104732641614 Duration=127690
Task=7 Chunk=1 Start=1104732641649 End=1104732668811 Duration=27162
Task=8 Chunk=0 Start=1104732641623 End=1104732769014 Duration=127391
Task=8 Chunk=1 Start=1104732769034 End=1104732797363 Duration=28329
Task=9 Chunk=0 Start=1104732769019 End=1104732898595 Duration=129576
Task=9 Chunk=1 Start=1104732898646 End=1104732928129 Duration=29483
Task=10 Chunk=0 Start=1104732898625 End=1104733028850 Duration=130225
Task=10 Chunk=1 Start=1104733028869 End=1104733056647 Duration=27778
Task=11 Chunk=0 Start=1104733028854 End=1104733148939 Duration=120085
Task=11 Chunk=1 Start=1104733148960 End=1104733175940 Duration=26980
Task=12 Chunk=0 Start=1104733148942 End=1104733267619 Duration=118677
Task=12 Chunk=1 Start=1104733267630 End=1104733293780 Duration=26150
Task=13 Chunk=0 Start=1104733267622 End=1104733387501 Duration=119879
Task=13 Chunk=1 Start=1104733387514 End=1104733414458 Duration=26944
Task=14 Chunk=0 Start=1104733387504 End=1104733508195 Duration=120691
Task=14 Chunk=1 Start=1104733508208 End=1104733535357 Duration=27149
Task=15 Chunk=0 Start=1104733508198 End=1104733628849 Duration=120651
Task=15 Chunk=1 Start=1104733628868 End=1104733655021 Duration=26153
Task=16 Chunk=0 Start=1104733628852 End=1104733757352 Duration=128500
Task=16 Chunk=1 Start=1104733757378 End=1104733784291 Duration=26913
Task=17 Chunk=0 Start=1104733757356 End=1104733883595 Duration=126239
Task=17 Chunk=1 Start=1104733883600 End=1104733910723 Duration=27123
Task=18 Chunk=0 Start=1104733883599 End=1104734011984 Duration=128385
Task=18 Chunk=1 Start=1104734011999 End=1104734039812 Duration=27813
Task=19 Chunk=0 Start=1104734011987 End=1104734151060 Duration=139073
Task=19 Chunk=1 Start=1104734151068 End=1104734177412 Duration=26344
Task=20 Chunk=0 Start=1104734151066 End=1104734292099 Duration=141033
Task=20 Chunk=1 Start=1104734292133 End=1104734318608 Duration=26475
Task=21 Chunk=0 Start=1104734292104 End=1104734431310 Duration=139206
Task=21 Chunk=1 Start=1104734431340 End=1104734458167 Duration=26827
Task=22 Chunk=0 Start=1104734431317 End=1104734571013 Duration=139696
Task=22 Chunk=1 Start=1104734571021 End=1104734598900 Duration=27879
Task=23 Chunk=0 Start=1104734571020 End=1104734711422 Duration=140402
Task=23 Chunk=1 Start=1104734711434 End=1104734737839 Duration=26405
Task=24 Chunk=0 Start=1104734711428 End=1104734856247 Duration=144819
Task=24 Chunk=1 Start=1104734856267 End=1104734889035 Duration=32768
Task=25 Chunk=0 Start=1104734856256 End=1104735000195 Duration=143939
Task=25 Chunk=1 Start=1104735000224 End=1104735027096 Duration=26872
Task=26 Chunk=0 Start=1104735000201 End=1104735148263 Duration=148062
Task=26 Chunk=1 Start=1104735148292 End=1104735175775 Duration=27483
Task=27 Chunk=0 Start=1104735148270 End=1104735296225 Duration=147955
Task=27 Chunk=1 Start=1104735296238 End=1104735323051 Duration=26813
Task=28 Chunk=0 Start=1104735296233 End=1104735445012 Duration=148779
Task=28 Chunk=1 Start=1104735445038 End=1104735472558 Duration=27520
Task=29 Chunk=0 Start=1104735445032 End=1104735606846 Duration=161814
Task=29 Chunk=1 Start=1104735606876 End=1104735634931 Duration=28055
Task=30 Chunk=0 Start=1104735606869 End=1104735763756 Duration=156887
Task=30 Chunk=1 Start=1104735763783 End=1104735791950 Duration=28167
Task=31 Chunk=0 Start=1104735763763 End=1104735921063 Duration=157300
Task=31 Chunk=1 Start=1104735921078 End=1104735947781 Duration=26703
Task=32 Chunk=0 Start=1104735921069 End=1104736083155 Duration=162086
Task=32 Chunk=1 Start=1104736083172 End=1104736110874 Duration=27702
Task=33 Chunk=0 Start=1104736083161 End=1104736222906 Duration=139745
Task=33 Chunk=1 Start=1104736222918 End=1104736251815 Duration=28897
Task=34 Chunk=0 Start=1104736222908 End=1104736354054 Duration=131146
Task=34 Chunk=1 Start=1104736354081 End=1104736381047 Duration=26966
Task=35 Chunk=0 Start=1104736354057 End=1104736483702 Duration=129645
Task=35 Chunk=1 Start=1104736483731 End=1104736515034 Duration=31303
Task=36 Chunk=0 Start=1104736483704 End=1104736611000 Duration=127296
Task=36 Chunk=1 Start=1104736611020 End=1104736639405 Duration=28385
Task=37 Chunk=0 Start=1104736611005 End=1104736730469 Duration=119464
Task=37 Chunk=1 Start=1104736730491 End=1104736758450 Duration=27959
Task=38 Chunk=0 Start=1104736730472 End=1104736855885 Duration=125413
Task=38 Chunk=1 Start=1104736855892 End=1104736882008 Duration=26116
Task=39 Chunk=0 Start=1104736855888 End=1104736986806 Duration=130918
Task=39 Chunk=1 Start=1104736986829 End=1104737012859 Duration=26030
Task=40 Chunk=0 Start=1104736986809 End=1104737123706 Duration=136897
Task=40 Chunk=1 Start=1104737123719 End=1104737150815 Duration=27096
Task=41 Chunk=0 Start=1104737123711 End=1104737259881 Duration=136170
Task=41 Chunk=1 Start=1104737259895 End=1104737286455 Duration=26560
Task=42 Chunk=0 Start=1104737259885 End=1104737401060 Duration=141175
Task=42 Chunk=1 Start=1104737401082 End=1104737428820 Duration=27738
Task=43 Chunk=0 Start=1104737401064 End=1104737548831 Duration=147767
Task=43 Chunk=1 Start=1104737548843 End=1104737575518 Duration=26675
Task=44 Chunk=0 Start=1104737548835 End=1104737695310 Duration=146475
Task=44 Chunk=1 Start=1104737695365 End=1104737732202 Duration=36837
Task=45 Chunk=0 Start=1104737695340 End=1104737846098 Duration=150758
Task=45 Chunk=1 Start=1104737846119 End=1104737872891 Duration=26772
Task=46 Chunk=0 Start=1104737846103 End=1104737995825 Duration=149722
Task=46 Chunk=1 Start=1104737995843 End=1104738024075 Duration=28232
Task=47 Chunk=0 Start=1104737995832 End=1104738141765 Duration=145933
Task=47 Chunk=1 Start=1104738141798 End=1104738169676 Duration=27878
Task=48 Chunk=0 Start=1104738141771 End=1104738300053 Duration=158282
Task=48 Chunk=1 Start=1104738300080 End=1104738327334 Duration=27254
Task=49 Chunk=0 Start=1104738300059 End=1104738461855 Duration=161796
Task=49 Chunk=1 Start=1104738461884 End=1104738490803 Duration=28919
Task=50 Chunk=0 Start=1104738461877 End=1104738619324 Duration=157447
Task=50 Chunk=1 Start=1104738619337 End=1104738647600 Duration=28263
Task=51 Chunk=0 Start=1104738619335 End=1104738778228 Duration=158893
Task=51 Chunk=1 Start=1104738778262 End=1104738807666 Duration=29404
Task=52 Chunk=0 Start=1104738778239 End=1104738936222 Duration=157983
Task=52 Chunk=1 Start=1104738936253 End=1104738964715 Duration=28462
Task=53 Chunk=0 Start=1104738936233 End=1104739101259 Duration=165026
Task=53 Chunk=1 Start=1104739101278 End=1104739129443 Duration=28165
Task=54 Chunk=0 Start=1104739101265 End=1104739261063 Duration=159798
Task=54 Chunk=1 Start=1104739261090 End=1104739288165 Duration=27075
Task=55 Chunk=0 Start=1104739261074 End=1104739397429 Duration=136355
Task=55 Chunk=1 Start=1104739397451 End=1104739428092 Duration=30641
Task=56 Chunk=0 Start=1104739397432 End=1104739538118 Duration=140686
Task=56 Chunk=1 Start=1104739538149 End=1104739564108 Duration=25959
Task=57 Chunk=0 Start=1104739538121 End=1104739657605 Duration=119484
Task=57 Chunk=1 Start=1104739657637 End=1104739683677 Duration=26040
Task=58 Chunk=0 Start=1104739657615 End=1104739790422 Duration=132807
Task=58 Chunk=1 Start=1104739790442 End=1104739816513 Duration=26071
Task=59 Chunk=0 Start=1104739790426 End=1104739924995 Duration=134569
Task=59 Chunk=1 Start=1104739925027 End=1104739951083 Duration=26056
Task=60 Chunk=0 Start=1104739924999 End=1104740064393 Duration=139394
Task=60 Chunk=1 Start=1104740064407 End=1104740092472 Duration=28065
Task=61 Chunk=0 Start=1104740064401 End=1104740206801 Duration=142400
Task=61 Chunk=1 Start=1104740206825 End=1104740242791 Duration=35966
Task=62 Chunk=0 Start=1104740206812 End=1104740359040 Duration=152228
Task=62 Chunk=1 Start=1104740359053 End=1104740387356 Duration=28303
Task=63 Chunk=0 Start=1104740359045 End=1104740506564 Duration=147519
Task=63 Chunk=1 Start=1104740506588 End=1104740533145 Duration=26557
Task=64 Chunk=0 Start=1104740506577 End=1104740653411 Duration=146834
Task=64 Chunk=1 Start=1104740653424 End=1104740681598 Duration=28174
Task=65 Chunk=0 Start=1104740653417 End=1104740800767 Duration=147350
Task=65 Chunk=1 Start=1104740800791 End=1104740827364 Duration=26573
Task=66 Chunk=0 Start=1104740800773 End=1104741049056 Duration=248283
Task=66 Chunk=1 Start=1104741049095 End=1104741075976 Duration=26881
Task=67 Chunk=0 Start=1104741049068 End=1104741223532 Duration=174464
Task=67 Chunk=1 Start=1104741223579 End=1104741249940 Duration=26361
Task=68 Chunk=0 Start=1104741223552 End=1104741397824 Duration=174272
Task=68 Chunk=1 Start=1104741397852 End=1104741426996 Duration=29144
Task=69 Chunk=0 Start=1104741397833 End=1104741560449 Duration=162616
Task=69 Chunk=1 Start=1104741560477 End=1104741587419 Duration=26942
Task=70 Chunk=0 Start=1104741560461 End=1104741722118 Duration=161657
Task=70 Chunk=1 Start=1104741722137 End=1104741749755 Duration=27618
Task=71 Chunk=0 Start=1104741722124 End=1104741885913 Duration=163789
Task=71 Chunk=1 Start=1104741885945 End=1104741913385 Duration=27440
Task=72 Chunk=0 Start=1104741885917 End=1104742047396 Duration=161479
Task=72 Chunk=1 Start=1104742047423 End=1104742075165 Duration=27742
Task=73 Chunk=0 Start=1104742047409 End=1104742193944 Duration=146535
Task=73 Chunk=1 Start=1104742193980 End=1104742220853 Duration=26873
Task=74 Chunk=0 Start=1104742193956 End=1104742325670 Duration=131714
Task=74 Chunk=1 Start=1104742325683 End=1104742355010 Duration=29327
Task=75 Chunk=0 Start=1104742325673 End=1104742510757 Duration=185084
Task=75 Chunk=1 Start=1104742510792 End=1104742539073 Duration=28281
Task=76 Chunk=0 Start=1104742510766 End=1104742659421 Duration=148655
Task=76 Chunk=1 Start=1104742659445 End=1104742685964 Duration=26519
Task=77 Chunk=0 Start=1104742659427 End=1104742804784 Duration=145357
Task=77 Chunk=1 Start=1104742804815 End=1104742835311 Duration=30496
Task=78 Chunk=0 Start=1104742804798 End=1104742966313 Duration=161515
Task=78 Chunk=1 Start=1104742966347 End=1104742994796 Duration=28449
Task=79 Chunk=0 Start=1104742966319 End=1104743124023 Duration=157704
Task=79 Chunk=1 Start=1104743124063 End=1104743152684 Duration=28621
Task=80 Chunk=0 Start=1104743124036 End=1104743283925 Duration=159889
Task=80 Chunk=1 Start=1104743283948 End=1104743312174 Duration=28226
Task=81 Chunk=0 Start=1104743283931 End=1104743443283 Duration=159352
Task=81 Chunk=1 Start=1104743443305 End=1104743480294 Duration=36989
Task=82 Chunk=0 Start=1104743443289 End=1104743600520 Duration=157231
Task=82 Chunk=1 Start=1104743600545 End=1104743629823 Duration=29278
Task=83 Chunk=0 Start=1104743600527 End=1104743758072 Duration=157545
Task=83 Chunk=1 Start=1104743758085 End=1104743786045 Duration=27960
Task=84 Chunk=0 Start=1104743758083 End=1104743915319 Duration=157236
Task=84 Chunk=1 Start=1104743945017 End=1104743973502 Duration=28485
Task=85 Chunk=0 Start=1104743915325 End=1104744079011 Duration=163686
Task=85 Chunk=1 Start=1104744079044 End=1104744106672 Duration=27628
Task=86 Chunk=0 Start=1104744079024 End=1104744244573 Duration=165549
Task=86 Chunk=1 Start=1104744244591 End=1104744273487 Duration=28896
Task=87 Chunk=0 Start=1104744244580 End=1104744408470 Duration=163890
Task=87 Chunk=1 Start=1104744408489 End=1104744435960 Duration=27471
Task=88 Chunk=0 Start=1104744408478 End=1104744572272 Duration=163794
Task=88 Chunk=1 Start=1104744572300 End=1104744602173 Duration=29873
Task=89 Chunk=0 Start=1104744572279 End=1104744737056 Duration=164777
Task=89 Chunk=1 Start=1104744737086 End=1104744766619 Duration=29533
Task=90 Chunk=0 Start=1104744737068 End=1104744906483 Duration=169415
Task=90 Chunk=1 Start=1104744906507 End=1104744935202 Duration=28695
Task=91 Chunk=0 Start=1104744906488 End=1104745060892 Duration=154404
Task=91 Chunk=1 Start=1104745060899 End=1104745091123 Duration=30224
Task=92 Chunk=0 Start=1104745060896 End=1104745219080 Duration=158184
Task=92 Chunk=1 Start=1104745219108 End=1104745248708 Duration=29600
Task=93 Chunk=0 Start=1104745219086 End=1104745392070 Duration=172984
Task=93 Chunk=1 Start=1104745392113 End=1104745419767 Duration=27654
Task=94 Chunk=0 Start=1104745392088 End=1104745556923 Duration=164835
Task=94 Chunk=1 Start=1104745556951 End=1104745587095 Duration=30144
Task=95 Chunk=0 Start=1104745556931 End=1104745721945 Duration=165014
Task=95 Chunk=1 Start=1104745721986 End=1104745751350 Duration=29364
Task=96 Chunk=0 Start=1104745721951 End=1104745887839 Duration=165888
Task=96 Chunk=1 Start=1104745887854 End=1104745916592 Duration=28738
Task=97 Chunk=0 Start=1104745887846 End=1104746052031 Duration=164185
Task=97 Chunk=1 Start=1104746052045 End=1104746083729 Duration=31684
Task=98 Chunk=0 Start=1104746052038 End=1104746216571 Duration=164533
Task=98 Chunk=1 Start=1104746216591 End=1104746247823 Duration=31232
Task=99 Chunk=0 Start=1104746216578 End=1104746383186 Duration=166608
Task=99 Chunk=1 Start=1104746383242 End=1104746410676 Duration=27434
# Frequency=24576000 Hz
# 1 cycle = 0.0406901 us
# 1 cycle = 4.06901e-05 ms
Schedule 4 [UID: SCH-G7L2-G110-cb83]:
  Chunk 0 [Vulkan    ]: 1, 2, 3, 4, 5, 6, 7
  Chunk 1 [OMP/Little]: 8, 9
Schedule_UID: SCH-G7L2-G110-cb83
### Python End ###

--------------------------------
Running schedule 5 [UID: SCH-G7B2-G386-99d4]
### Python Begin ###
Task=0 Chunk=0 Start=1104756378797 End=1104756712834 Duration=334037
Task=0 Chunk=1 Start=1104756712855 End=1104756796960 Duration=84105
Task=1 Chunk=0 Start=1104756712849 End=1104756890961 Duration=178112
Task=1 Chunk=1 Start=1104756890969 End=1104756910084 Duration=19115
Task=2 Chunk=0 Start=1104756890965 End=1104757033340 Duration=142375
Task=2 Chunk=1 Start=1104757033362 End=1104757050597 Duration=17235
Task=3 Chunk=0 Start=1104757033359 End=1104757176887 Duration=143528
Task=3 Chunk=1 Start=1104757176909 End=1104757194058 Duration=17149
Task=4 Chunk=0 Start=1104757176903 End=1104757320249 Duration=143346
Task=4 Chunk=1 Start=1104757320270 End=1104757335236 Duration=14966
Task=5 Chunk=0 Start=1104757320267 End=1104757466249 Duration=145982
Task=5 Chunk=1 Start=1104757466265 End=1104757481653 Duration=15388
Task=6 Chunk=0 Start=1104757466257 End=1104757612207 Duration=145950
Task=6 Chunk=1 Start=1104757612222 End=1104757628753 Duration=16531
Task=7 Chunk=0 Start=1104757612223 End=1104757771662 Duration=159439
Task=7 Chunk=1 Start=1104757771693 End=1104757788599 Duration=16906
Task=8 Chunk=0 Start=1104757771683 End=1104757927290 Duration=155607
Task=8 Chunk=1 Start=1104757927301 End=1104757941917 Duration=14616
Task=9 Chunk=0 Start=1104757927296 End=1104758077544 Duration=150248
Task=9 Chunk=1 Start=1104758077554 End=1104758093361 Duration=15807
Task=10 Chunk=0 Start=1104758077550 End=1104758234984 Duration=157434
Task=10 Chunk=1 Start=1104758235003 End=1104758250469 Duration=15466
Task=11 Chunk=0 Start=1104758234998 End=1104758452700 Duration=217702
Task=11 Chunk=1 Start=1104758452716 End=1104758464875 Duration=12159
Task=12 Chunk=0 Start=1104758452714 End=1104758595650 Duration=142936
Task=12 Chunk=1 Start=1104758595660 End=1104758608088 Duration=12428
Task=13 Chunk=0 Start=1104758595655 End=1104758741897 Duration=146242
Task=13 Chunk=1 Start=1104758741907 End=1104758753704 Duration=11797
Task=14 Chunk=0 Start=1104758741904 End=1104758864856 Duration=122952
Task=14 Chunk=1 Start=1104758864864 End=1104758876508 Duration=11644
Task=15 Chunk=0 Start=1104758864865 End=1104758986560 Duration=121695
Task=15 Chunk=1 Start=1104758986570 End=1104758998526 Duration=11956
Task=16 Chunk=0 Start=1104758986564 End=1104759108496 Duration=121932
Task=16 Chunk=1 Start=1104759108505 End=1104759120203 Duration=11698
Task=17 Chunk=0 Start=1104759108501 End=1104759229458 Duration=120957
Task=17 Chunk=1 Start=1104759229476 End=1104759241166 Duration=11690
Task=18 Chunk=0 Start=1104759229470 End=1104759349417 Duration=119947
Task=18 Chunk=1 Start=1104759349428 End=1104759361128 Duration=11700
Task=19 Chunk=0 Start=1104759349424 End=1104759469787 Duration=120363
Task=19 Chunk=1 Start=1104759469795 End=1104759481518 Duration=11723
Task=20 Chunk=0 Start=1104759469793 End=1104759589712 Duration=119919
Task=20 Chunk=1 Start=1104759589721 End=1104759601411 Duration=11690
Task=21 Chunk=0 Start=1104759589717 End=1104759776931 Duration=187214
Task=21 Chunk=1 Start=1104759776939 End=1104759790055 Duration=13116
Task=22 Chunk=0 Start=1104759776936 End=1104759935189 Duration=158253
Task=22 Chunk=1 Start=1104759935197 End=1104759948516 Duration=13319
Task=23 Chunk=0 Start=1104759935220 End=1104760090925 Duration=155705
Task=23 Chunk=1 Start=1104760090932 End=1104760103973 Duration=13041
Task=24 Chunk=0 Start=1104760090930 End=1104760228778 Duration=137848
Task=24 Chunk=1 Start=1104760228785 End=1104760242099 Duration=13314
Task=25 Chunk=0 Start=1104760228783 End=1104760376207 Duration=147424
Task=25 Chunk=1 Start=1104760376220 End=1104760389226 Duration=13006
Task=26 Chunk=0 Start=1104760376214 End=1104760516980 Duration=140766
Task=26 Chunk=1 Start=1104760517011 End=1104760530399 Duration=13388
Task=27 Chunk=0 Start=1104760517005 End=1104760652934 Duration=135929
Task=27 Chunk=1 Start=1104760652946 End=1104760667670 Duration=14724
Task=28 Chunk=0 Start=1104760652941 End=1104760803251 Duration=150310
Task=28 Chunk=1 Start=1104760803262 End=1104760818046 Duration=14784
Task=29 Chunk=0 Start=1104760803258 End=1104760949060 Duration=145802
Task=29 Chunk=1 Start=1104760949079 End=1104760964134 Duration=15055
Task=30 Chunk=0 Start=1104760949075 End=1104761098400 Duration=149325
Task=30 Chunk=1 Start=1104761098406 End=1104761113313 Duration=14907
Task=31 Chunk=0 Start=1104761098404 End=1104761247495 Duration=149091
Task=31 Chunk=1 Start=1104761247501 End=1104761262542 Duration=15041
Task=32 Chunk=0 Start=1104761247531 End=1104761401172 Duration=153641
Task=32 Chunk=1 Start=1104761401182 End=1104761416450 Duration=15268
Task=33 Chunk=0 Start=1104761401177 End=1104761554089 Duration=152912
Task=33 Chunk=1 Start=1104761554096 End=1104761568847 Duration=14751
Task=34 Chunk=0 Start=1104761554094 End=1104761700661 Duration=146567
Task=34 Chunk=1 Start=1104761700673 End=1104761715775 Duration=15102
Task=35 Chunk=0 Start=1104761700669 End=1104761840929 Duration=140260
Task=35 Chunk=1 Start=1104761840941 End=1104761857722 Duration=16781
Task=36 Chunk=0 Start=1104761840934 End=1104762003470 Duration=162536
Task=36 Chunk=1 Start=1104762003475 End=1104762019695 Duration=16220
Task=37 Chunk=0 Start=1104762003475 End=1104762144773 Duration=141298
Task=37 Chunk=1 Start=1104762144788 End=1104762159266 Duration=14478
Task=38 Chunk=0 Start=1104762144781 End=1104762278566 Duration=133785
Task=38 Chunk=1 Start=1104762278577 End=1104762292905 Duration=14328
Task=39 Chunk=0 Start=1104762278571 End=1104762405716 Duration=127145
Task=39 Chunk=1 Start=1104762405722 End=1104762417652 Duration=11930
Task=40 Chunk=0 Start=1104762405721 End=1104762526778 Duration=121057
Task=40 Chunk=1 Start=1104762526785 End=1104762538610 Duration=11825
Task=41 Chunk=0 Start=1104762526782 End=1104762648704 Duration=121922
Task=41 Chunk=1 Start=1104762648717 End=1104762660583 Duration=11866
Task=42 Chunk=0 Start=1104762648711 End=1104762777180 Duration=128469
Task=42 Chunk=1 Start=1104762777187 End=1104762789880 Duration=12693
Task=43 Chunk=0 Start=1104762777184 End=1104762904363 Duration=127179
Task=43 Chunk=1 Start=1104762904370 End=1104762917499 Duration=13129
Task=44 Chunk=0 Start=1104762904367 End=1104763049865 Duration=145498
Task=44 Chunk=1 Start=1104763049881 End=1104763063135 Duration=13254
Task=45 Chunk=0 Start=1104763049876 End=1104763185254 Duration=135378
Task=45 Chunk=1 Start=1104763185260 End=1104763198427 Duration=13167
Task=46 Chunk=0 Start=1104763185259 End=1104763326359 Duration=141100
Task=46 Chunk=1 Start=1104763326370 End=1104763339766 Duration=13396
Task=47 Chunk=0 Start=1104763326364 End=1104763464342 Duration=137978
Task=47 Chunk=1 Start=1104763464350 End=1104763477794 Duration=13444
Task=48 Chunk=0 Start=1104763464349 End=1104763600397 Duration=136048
Task=48 Chunk=1 Start=1104763600408 End=1104763613016 Duration=12608
Task=49 Chunk=0 Start=1104763600404 End=1104763734483 Duration=134079
Task=49 Chunk=1 Start=1104763734488 End=1104763747461 Duration=12973
Task=50 Chunk=0 Start=1104763734487 End=1104763872090 Duration=137603
Task=50 Chunk=1 Start=1104763872100 End=1104763885141 Duration=13041
Task=51 Chunk=0 Start=1104763872095 End=1104764010237 Duration=138142
Task=51 Chunk=1 Start=1104764010248 End=1104764023516 Duration=13268
Task=52 Chunk=0 Start=1104764010243 End=1104764149067 Duration=138824
Task=52 Chunk=1 Start=1104764149076 End=1104764162241 Duration=13165
Task=53 Chunk=0 Start=1104764149073 End=1104764289252 Duration=140179
Task=53 Chunk=1 Start=1104764289259 End=1104764302499 Duration=13240
Task=54 Chunk=0 Start=1104764289259 End=1104764428776 Duration=139517
Task=54 Chunk=1 Start=1104764428788 End=1104764443591 Duration=14803
Task=55 Chunk=0 Start=1104764428788 End=1104764576555 Duration=147767
Task=55 Chunk=1 Start=1104764576569 End=1104764591194 Duration=14625
Task=56 Chunk=0 Start=1104764576567 End=1104764720479 Duration=143912
Task=56 Chunk=1 Start=1104764720493 End=1104764735317 Duration=14824
Task=57 Chunk=0 Start=1104764720488 End=1104764868214 Duration=147726
Task=57 Chunk=1 Start=1104764868221 End=1104764883084 Duration=14863
Task=58 Chunk=0 Start=1104764868219 End=1104765012919 Duration=144700
Task=58 Chunk=1 Start=1104765012929 End=1104765027480 Duration=14551
Task=59 Chunk=0 Start=1104765012923 End=1104765157270 Duration=144347
Task=59 Chunk=1 Start=1104765157275 End=1104765171719 Duration=14444
Task=60 Chunk=0 Start=1104765157274 End=1104765295038 Duration=137764
Task=60 Chunk=1 Start=1104765295052 End=1104765309512 Duration=14460
Task=61 Chunk=0 Start=1104765295051 End=1104765450490 Duration=155439
Task=61 Chunk=1 Start=1104765450501 End=1104765465032 Duration=14531
Task=62 Chunk=0 Start=1104765450497 End=1104765595042 Duration=144545
Task=62 Chunk=1 Start=1104765595056 End=1104765611535 Duration=16479
Task=63 Chunk=0 Start=1104765595051 End=1104765759680 Duration=164629
Task=63 Chunk=1 Start=1104765759692 End=1104765772014 Duration=12322
Task=64 Chunk=0 Start=1104765759689 End=1104765885948 Duration=126259
Task=64 Chunk=1 Start=1104765885958 End=1104765897964 Duration=12006
Task=65 Chunk=0 Start=1104765885957 End=1104766016897 Duration=130940
Task=65 Chunk=1 Start=1104766016914 End=1104766030064 Duration=13150
Task=66 Chunk=0 Start=1104766016911 End=1104766155543 Duration=138632
Task=66 Chunk=1 Start=1104766155553 End=1104766168869 Duration=13316
Task=67 Chunk=0 Start=1104766155548 End=1104766295357 Duration=139809
Task=67 Chunk=1 Start=1104766295362 End=1104766308483 Duration=13121
Task=68 Chunk=0 Start=1104766295362 End=1104766437854 Duration=142492
Task=68 Chunk=1 Start=1104766437869 End=1104766451118 Duration=13249
Task=69 Chunk=0 Start=1104766437863 End=1104766575489 Duration=137626
Task=69 Chunk=1 Start=1104766575502 End=1104766588885 Duration=13383
Task=70 Chunk=0 Start=1104766575495 End=1104766710764 Duration=135269
Task=70 Chunk=1 Start=1104766710773 End=1104766724296 Duration=13523
Task=71 Chunk=0 Start=1104766710773 End=1104766849295 Duration=138522
Task=71 Chunk=1 Start=1104766849309 End=1104766862483 Duration=13174
Task=72 Chunk=0 Start=1104766849304 End=1104766987685 Duration=138381
Task=72 Chunk=1 Start=1104766987700 End=1104767000984 Duration=13284
Task=73 Chunk=0 Start=1104766987696 End=1104767131097 Duration=143401
Task=73 Chunk=1 Start=1104767131111 End=1104767146110 Duration=14999
Task=74 Chunk=0 Start=1104767131104 End=1104767281577 Duration=150473
Task=74 Chunk=1 Start=1104767281583 End=1104767296656 Duration=15073
Task=75 Chunk=0 Start=1104767281582 End=1104767431465 Duration=149883
Task=75 Chunk=1 Start=1104767431469 End=1104767446552 Duration=15083
Task=76 Chunk=0 Start=1104767431469 End=1104767580534 Duration=149065
Task=76 Chunk=1 Start=1104767580548 End=1104767595806 Duration=15258
Task=77 Chunk=0 Start=1104767580542 End=1104767746481 Duration=165939
Task=77 Chunk=1 Start=1104767746508 End=1104767760948 Duration=14440
Task=78 Chunk=0 Start=1104767746503 End=1104767907461 Duration=160958
Task=78 Chunk=1 Start=1104767907469 End=1104767922503 Duration=15034
Task=79 Chunk=0 Start=1104767907466 End=1104768056163 Duration=148697
Task=79 Chunk=1 Start=1104768056175 End=1104768071368 Duration=15193
Task=80 Chunk=0 Start=1104768056169 End=1104768204987 Duration=148818
Task=80 Chunk=1 Start=1104768204997 End=1104768222152 Duration=17155
Task=81 Chunk=0 Start=1104768204996 End=1104768362403 Duration=157407
Task=81 Chunk=1 Start=1104768362413 End=1104768379424 Duration=17011
Task=82 Chunk=0 Start=1104768362408 End=1104768525314 Duration=162906
Task=82 Chunk=1 Start=1104768525322 End=1104768542691 Duration=17369
Task=83 Chunk=0 Start=1104768525321 End=1104768687616 Duration=162295
Task=83 Chunk=1 Start=1104768687626 End=1104768704908 Duration=17282
Task=84 Chunk=0 Start=1104768687623 End=1104768833207 Duration=145584
Task=84 Chunk=1 Start=1104768833216 End=1104768849846 Duration=16630
Task=85 Chunk=0 Start=1104768833212 End=1104768988784 Duration=155572
Task=85 Chunk=1 Start=1104768988789 End=1104769006076 Duration=17287
Task=86 Chunk=0 Start=1104768988789 End=1104769148879 Duration=160090
Task=86 Chunk=1 Start=1104769148889 End=1104769166263 Duration=17374
Task=87 Chunk=0 Start=1104769148884 End=1104769344717 Duration=195833
Task=87 Chunk=1 Start=1104769344724 End=1104769361487 Duration=16763
Task=88 Chunk=0 Start=1104769344722 End=1104769506475 Duration=161753
Task=88 Chunk=1 Start=1104769506486 End=1104769524102 Duration=17616
Task=89 Chunk=0 Start=1104769506484 End=1104769668132 Duration=161648
Task=89 Chunk=1 Start=1104769668141 End=1104769686373 Duration=18232
Task=90 Chunk=0 Start=1104769668137 End=1104769828233 Duration=160096
Task=90 Chunk=1 Start=1104769828245 End=1104769846076 Duration=17831
Task=91 Chunk=0 Start=1104769828238 End=1104770014304 Duration=186066
Task=91 Chunk=1 Start=1104770014321 End=1104770031548 Duration=17227
Task=92 Chunk=0 Start=1104770014315 End=1104770176440 Duration=162125
Task=92 Chunk=1 Start=1104770176448 End=1104770194083 Duration=17635
Task=93 Chunk=0 Start=1104770176445 End=1104770369848 Duration=193403
Task=93 Chunk=1 Start=1104770369858 End=1104770386675 Duration=16817
Task=94 Chunk=0 Start=1104770369852 End=1104770532109 Duration=162257
Task=94 Chunk=1 Start=1104770532114 End=1104770549209 Duration=17095
Task=95 Chunk=0 Start=1104770532114 End=1104770715867 Duration=183753
Task=95 Chunk=1 Start=1104770715882 End=1104770733115 Duration=17233
Task=96 Chunk=0 Start=1104770715876 End=1104770893901 Duration=178025
Task=96 Chunk=1 Start=1104770893908 End=1104770908282 Duration=14374
Task=97 Chunk=0 Start=1104770893906 End=1104771032158 Duration=138252
Task=97 Chunk=1 Start=1104771032170 End=1104771046459 Duration=14289
Task=98 Chunk=0 Start=1104771032166 End=1104771221651 Duration=189485
Task=98 Chunk=1 Start=1104771221665 End=1104771235879 Duration=14214
Task=99 Chunk=0 Start=1104771221658 End=1104771365388 Duration=143730
Task=99 Chunk=1 Start=1104771365400 End=1104771381214 Duration=15814
# Frequency=24576000 Hz
# 1 cycle = 0.0406901 us
# 1 cycle = 4.06901e-05 ms
Schedule 5 [UID: SCH-G7B2-G386-99d4]:
  Chunk 0 [Vulkan    ]: 1, 2, 3, 4, 5, 6, 7
  Chunk 1 [OMP/Big   ]: 8, 9
Schedule_UID: SCH-G7B2-G386-99d4
### Python End ###

--------------------------------
Running schedule 6 [UID: SCH-G7M2-G387-fdb4]
