
[1/2] Processing device: 3A021JEHN02756
Deploying and running 'bm-gen-logs-cifar-dense-vk' on device: 3A021JEHN02756
build/android/arm64-v8a/release/bm-gen-logs-cifar-dense-vk: 1 file pushed, 0 skipped. 446.8 MB/s (6906832 bytes in 0.015s)
[2025-04-17 11:49:07.272] [info] Little cores: 0 1 2 3 
[2025-04-17 11:49:07.273] [info] Medium cores: 4 5 
[2025-04-17 11:49:07.273] [info] Big cores: 6 7 
--------------------------------
Schedule 0:
  Chunk 0 [OMP/Medium]: 1, 2, 3, 4, 5, 6, 7, 8, 9
--------------------------------
Schedule 1:
  Chunk 0 [OMP/Little]: 1, 2, 3, 4, 5, 6, 7, 8, 9
--------------------------------
Schedule 2:
  Chunk 0 [Vulkan    ]: 1, 2, 3, 4, 5, 6, 7, 8, 9
--------------------------------
Schedule 3:
  Chunk 0 [OMP/Big   ]: 1, 2, 3, 4, 5, 6, 7, 8, 9
--------------------------------
Schedule 4:
  Chunk 0 [Vulkan    ]: 1, 2, 3, 4, 5, 6, 7
  Chunk 1 [OMP/Little]: 8, 9
--------------------------------
Schedule 5:
  Chunk 0 [Vulkan    ]: 1, 2, 3, 4, 5, 6, 7
  Chunk 1 [OMP/Big   ]: 8, 9
--------------------------------
Schedule 6:
  Chunk 0 [Vulkan    ]: 1, 2, 3, 4, 5, 6, 7
  Chunk 1 [OMP/Medium]: 8, 9
--------------------------------
Schedule 7:
  Chunk 0 [Vulkan    ]: 1, 2, 3, 4, 5, 6, 7, 8
  Chunk 1 [OMP/Little]: 9
--------------------------------
Schedule 8:
  Chunk 0 [Vulkan    ]: 1, 2, 3, 4, 5, 6, 7
  Chunk 1 [OMP/Big   ]: 8
  Chunk 2 [OMP/Little]: 9
--------------------------------
Schedule 9:
  Chunk 0 [Vulkan    ]: 1, 2, 3, 4, 5, 6, 7
  Chunk 1 [OMP/Medium]: 8
  Chunk 2 [OMP/Little]: 9
--------------------------------
Schedule 10:
  Chunk 0 [Vulkan    ]: 1, 2, 3, 4, 5, 6, 7
  Chunk 1 [OMP/Little]: 8
  Chunk 2 [OMP/Medium]: 9
--------------------------------
Schedule 11:
  Chunk 0 [Vulkan    ]: 1, 2, 3, 4, 5, 6, 7
  Chunk 1 [OMP/Big   ]: 8
  Chunk 2 [OMP/Medium]: 9
--------------------------------
Schedule 12:
  Chunk 0 [Vulkan    ]: 1, 2, 3, 4, 5, 6, 7
  Chunk 1 [OMP/Little]: 8
  Chunk 2 [OMP/Big   ]: 9
--------------------------------
Schedule 13:
  Chunk 0 [Vulkan    ]: 1, 2, 3, 4, 5, 6, 7
  Chunk 1 [OMP/Medium]: 8
  Chunk 2 [OMP/Big   ]: 9
--------------------------------
Schedule 14:
  Chunk 0 [Vulkan    ]: 1, 2, 3, 4, 5, 6, 7, 8
  Chunk 1 [OMP/Medium]: 9
--------------------------------
Schedule 15:
  Chunk 0 [Vulkan    ]: 1, 2, 3, 4, 5, 6, 7, 8
  Chunk 1 [OMP/Big   ]: 9
--------------------------------
Schedule 16:
  Chunk 0 [OMP/Big   ]: 1
  Chunk 1 [Vulkan    ]: 2, 3, 4, 5, 6, 7, 8, 9
--------------------------------
Schedule 17:
  Chunk 0 [OMP/Big   ]: 1
  Chunk 1 [OMP/Little]: 2
  Chunk 2 [Vulkan    ]: 3, 4, 5, 6, 7, 8, 9
--------------------------------
Schedule 18:
  Chunk 0 [OMP/Big   ]: 1
  Chunk 1 [Vulkan    ]: 2, 3, 4, 5, 6, 7
  Chunk 2 [OMP/Little]: 8, 9
--------------------------------
Schedule 19:
  Chunk 0 [OMP/Big   ]: 1
  Chunk 1 [OMP/Medium]: 2
  Chunk 2 [Vulkan    ]: 3, 4, 5, 6, 7
  Chunk 3 [OMP/Little]: 8, 9
### Python Begin ###
Task=0 Chunk=0 Start=897107202192 End=897107498433 Duration=296241
Task=0 Chunk=1 Start=897107498445 End=897107579939 Duration=81494
Task=1 Chunk=0 Start=897107498436 End=897107624992 Duration=126556
Task=1 Chunk=1 Start=897107625008 End=897107687670 Duration=62662
Task=2 Chunk=0 Start=897107624996 End=897107756330 Duration=131334
Task=2 Chunk=1 Start=897107756343 End=897107791552 Duration=35209
Task=3 Chunk=0 Start=897107756334 End=897107890359 Duration=134025
Task=3 Chunk=1 Start=897107890384 End=897107921209 Duration=30825
Task=4 Chunk=0 Start=897107890361 End=897108020020 Duration=129659
Task=4 Chunk=1 Start=897108020043 End=897108051581 Duration=31538
Task=5 Chunk=0 Start=897108020025 End=897108144713 Duration=124688
Task=5 Chunk=1 Start=897108144736 End=897108176758 Duration=32022
Task=6 Chunk=0 Start=897108144729 End=897108271660 Duration=126931
Task=6 Chunk=1 Start=897108271708 End=897108300209 Duration=28501
Task=7 Chunk=0 Start=897108271683 End=897108398532 Duration=126849
Task=7 Chunk=1 Start=897108398578 End=897108426901 Duration=28323
Task=8 Chunk=0 Start=897108398552 End=897108521871 Duration=123319
Task=8 Chunk=1 Start=897108521911 End=897108549625 Duration=27714
Task=9 Chunk=0 Start=897108521892 End=897108640178 Duration=118286
Task=9 Chunk=1 Start=897108640194 End=897108668285 Duration=28091
Task=10 Chunk=0 Start=897108640181 End=897108757348 Duration=117167
Task=10 Chunk=1 Start=897108757376 End=897108785753 Duration=28377
Task=11 Chunk=0 Start=897108757354 End=897108874645 Duration=117291
Task=11 Chunk=1 Start=897108874673 End=897108901609 Duration=26936
Task=12 Chunk=0 Start=897108874653 End=897108993507 Duration=118854
Task=12 Chunk=1 Start=897108993530 End=897109020343 Duration=26813
Task=13 Chunk=0 Start=897108993510 End=897109108849 Duration=115339
Task=13 Chunk=1 Start=897109108861 End=897109135587 Duration=26726
Task=14 Chunk=0 Start=897109108854 End=897109227157 Duration=118303
Task=14 Chunk=1 Start=897109227192 End=897109255587 Duration=28395
Task=15 Chunk=0 Start=897109227174 End=897109368957 Duration=141783
Task=15 Chunk=1 Start=897109368987 End=897109395011 Duration=26024
Task=16 Chunk=0 Start=897109368968 End=897109506152 Duration=137184
Task=16 Chunk=1 Start=897109506185 End=897109532156 Duration=25971
Task=17 Chunk=0 Start=897109506159 End=897109641117 Duration=134958
Task=17 Chunk=1 Start=897109641154 End=897109669159 Duration=28005
Task=18 Chunk=0 Start=897109641132 End=897109771906 Duration=130774
Task=18 Chunk=1 Start=897109771917 End=897109797823 Duration=25906
Task=19 Chunk=0 Start=897109771915 End=897109904426 Duration=132511
Task=19 Chunk=1 Start=897109904470 End=897109930456 Duration=25986
Task=20 Chunk=0 Start=897109904445 End=897110045254 Duration=140809
Task=20 Chunk=1 Start=897110045289 End=897110071589 Duration=26300
Task=21 Chunk=0 Start=897110045267 End=897110187248 Duration=141981
Task=21 Chunk=1 Start=897110187262 End=897110213532 Duration=26270
Task=22 Chunk=0 Start=897110187257 End=897110328763 Duration=141506
Task=22 Chunk=1 Start=897110328795 End=897110356769 Duration=27974
Task=23 Chunk=0 Start=897110328777 End=897110468038 Duration=139261
Task=23 Chunk=1 Start=897110468057 End=897110493852 Duration=25795
Task=24 Chunk=0 Start=897110468050 End=897110608074 Duration=140024
Task=24 Chunk=1 Start=897110608093 End=897110635505 Duration=27412
Task=25 Chunk=0 Start=897110608087 End=897110749139 Duration=141052
Task=25 Chunk=1 Start=897110749167 End=897110775394 Duration=26227
Task=26 Chunk=0 Start=897110749151 End=897110898780 Duration=149629
Task=26 Chunk=1 Start=897110898816 End=897110935780 Duration=36964
Task=27 Chunk=0 Start=897110898791 End=897111049461 Duration=150670
Task=27 Chunk=1 Start=897111049481 End=897111076390 Duration=26909
Task=28 Chunk=0 Start=897111049472 End=897111194872 Duration=145400
Task=28 Chunk=1 Start=897111194911 End=897111222960 Duration=28049
Task=29 Chunk=0 Start=897111194887 End=897111339717 Duration=144830
Task=29 Chunk=1 Start=897111339742 End=897111366350 Duration=26608
Task=30 Chunk=0 Start=897111339730 End=897111483333 Duration=143603
Task=30 Chunk=1 Start=897111483374 End=897111510308 Duration=26934
Task=31 Chunk=0 Start=897111483345 End=897111626131 Duration=142786
Task=31 Chunk=1 Start=897111626157 End=897111652606 Duration=26449
Task=32 Chunk=0 Start=897111626150 End=897111770289 Duration=144139
Task=32 Chunk=1 Start=897111770325 End=897111796705 Duration=26380
Task=33 Chunk=0 Start=897111770292 End=897111902599 Duration=132307
Task=33 Chunk=1 Start=897111902616 End=897111930444 Duration=27828
Task=34 Chunk=0 Start=897111902608 End=897112034386 Duration=131778
Task=34 Chunk=1 Start=897112034413 End=897112070947 Duration=36534
Task=35 Chunk=0 Start=897112034399 End=897112167615 Duration=133216
Task=35 Chunk=1 Start=897112167645 End=897112194015 Duration=26370
Task=36 Chunk=0 Start=897112167627 End=897112296606 Duration=128979
Task=36 Chunk=1 Start=897112296628 End=897112324321 Duration=27693
Task=37 Chunk=0 Start=897112296621 End=897112423386 Duration=126765
Task=37 Chunk=1 Start=897112423405 End=897112449854 Duration=26449
Task=38 Chunk=0 Start=897112423400 End=897112549725 Duration=126325
Task=38 Chunk=1 Start=897112549751 End=897112575898 Duration=26147
Task=39 Chunk=0 Start=897112549742 End=897112676360 Duration=126618
Task=39 Chunk=1 Start=897112676398 End=897112703499 Duration=27101
Task=40 Chunk=0 Start=897112676382 End=897112811163 Duration=134781
Task=40 Chunk=1 Start=897112811187 End=897112837291 Duration=26104
Task=41 Chunk=0 Start=897112811172 End=897112950359 Duration=139187
Task=41 Chunk=1 Start=897112950380 End=897112976519 Duration=26139
Task=42 Chunk=0 Start=897112950368 End=897113086979 Duration=136611
Task=42 Chunk=1 Start=897113087016 End=897113113552 Duration=26536
Task=43 Chunk=0 Start=897113086992 End=897113229848 Duration=142856
Task=43 Chunk=1 Start=897113229872 End=897113256642 Duration=26770
Task=44 Chunk=0 Start=897113229863 End=897113372964 Duration=143101
Task=44 Chunk=1 Start=897113372981 End=897113401031 Duration=28050
Task=45 Chunk=0 Start=897113372978 End=897113520753 Duration=147775
Task=45 Chunk=1 Start=897113520774 End=897113547387 Duration=26613
Task=46 Chunk=0 Start=897113520767 End=897113669232 Duration=148465
Task=46 Chunk=1 Start=897113669270 End=897113697370 Duration=28100
Task=47 Chunk=0 Start=897113669246 End=897113820249 Duration=151003
Task=47 Chunk=1 Start=897113820279 End=897113847281 Duration=27002
Task=48 Chunk=0 Start=897113820267 End=897113969178 Duration=148911
Task=48 Chunk=1 Start=897113969207 End=897113996747 Duration=27540
Task=49 Chunk=0 Start=897113969194 End=897114118981 Duration=149787
Task=49 Chunk=1 Start=897114119009 End=897114145857 Duration=26848
Task=50 Chunk=0 Start=897114118998 End=897114267318 Duration=148320
Task=50 Chunk=1 Start=897114267349 End=897114295859 Duration=28510
Task=51 Chunk=0 Start=897114267329 End=897114424283 Duration=156954
Task=51 Chunk=1 Start=897114424317 End=897114452259 Duration=27942
Task=52 Chunk=0 Start=897114424299 End=897114580309 Duration=156010
Task=52 Chunk=1 Start=897114580336 End=897114613076 Duration=32740
Task=53 Chunk=0 Start=897114580323 End=897114741332 Duration=161009
Task=53 Chunk=1 Start=897114741368 End=897114770777 Duration=29409
Task=54 Chunk=0 Start=897114741348 End=897114904193 Duration=162845
Task=54 Chunk=1 Start=897114904220 End=897114931770 Duration=27550
Task=55 Chunk=0 Start=897114904208 End=897115063482 Duration=159274
Task=55 Chunk=1 Start=897115063517 End=897115091792 Duration=28275
Task=56 Chunk=0 Start=897115063495 End=897115222413 Duration=158918
Task=56 Chunk=1 Start=897115222447 End=897115251392 Duration=28945
Task=57 Chunk=0 Start=897115222426 End=897115357324 Duration=134898
Task=57 Chunk=1 Start=897115357354 End=897115384946 Duration=27592
Task=58 Chunk=0 Start=897115357328 End=897115543755 Duration=186427
Task=58 Chunk=1 Start=897115544119 End=897115570997 Duration=26878
Task=59 Chunk=0 Start=897115543762 End=897115661251 Duration=117489
Task=59 Chunk=1 Start=897115661277 End=897115687875 Duration=26598
Task=60 Chunk=0 Start=897115661256 End=897115788868 Duration=127612
Task=60 Chunk=1 Start=897115788892 End=897115814935 Duration=26043
Task=61 Chunk=0 Start=897115788872 End=897115920592 Duration=131720
Task=61 Chunk=1 Start=897115920600 End=897115948044 Duration=27444
Task=62 Chunk=0 Start=897115920593 End=897116051889 Duration=131296
Task=62 Chunk=1 Start=897116051913 End=897116078388 Duration=26475
Task=63 Chunk=0 Start=897116051898 End=897116191834 Duration=139936
Task=63 Chunk=1 Start=897116191865 End=897116218187 Duration=26322
Task=64 Chunk=0 Start=897116191842 End=897116331853 Duration=140011
Task=64 Chunk=1 Start=897116331870 End=897116358381 Duration=26511
Task=65 Chunk=0 Start=897116331862 End=897116472583 Duration=140721
Task=65 Chunk=1 Start=897116472599 End=897116499027 Duration=26428
Task=66 Chunk=0 Start=897116472592 End=897116614938 Duration=142346
Task=66 Chunk=1 Start=897116614955 End=897116642805 Duration=27850
Task=67 Chunk=0 Start=897116614947 End=897116759331 Duration=144384
Task=67 Chunk=1 Start=897116759364 End=897116786519 Duration=27155
Task=68 Chunk=0 Start=897116759343 End=897116904218 Duration=144875
Task=68 Chunk=1 Start=897116904256 End=897116932241 Duration=27985
Task=69 Chunk=0 Start=897116904234 End=897117051141 Duration=146907
Task=69 Chunk=1 Start=897117051169 End=897117077686 Duration=26517
Task=70 Chunk=0 Start=897117051150 End=897117366844 Duration=315694
Task=70 Chunk=1 Start=897117366869 End=897117395337 Duration=28468
Task=71 Chunk=0 Start=897117366858 End=897117525334 Duration=158476
Task=71 Chunk=1 Start=897117525348 End=897117552791 Duration=27443
Task=72 Chunk=0 Start=897117525346 End=897117683520 Duration=158174
Task=72 Chunk=1 Start=897117683552 End=897117712538 Duration=28986
Task=73 Chunk=0 Start=897117683532 End=897117838444 Duration=154912
Task=73 Chunk=1 Start=897117838472 End=897117865804 Duration=27332
Task=74 Chunk=0 Start=897117838452 End=897118010060 Duration=171608
Task=74 Chunk=1 Start=897118010103 End=897118051728 Duration=41625
Task=75 Chunk=0 Start=897118010075 End=897118168757 Duration=158682
Task=75 Chunk=1 Start=897118168767 End=897118199562 Duration=30795
Task=76 Chunk=0 Start=897118168763 End=897118348403 Duration=179640
Task=76 Chunk=1 Start=897118348416 End=897118381860 Duration=33444
Task=77 Chunk=0 Start=897118348405 End=897118481973 Duration=133568
Task=77 Chunk=1 Start=897118481991 End=897118509061 Duration=27070
Task=78 Chunk=0 Start=897118481978 End=897118767642 Duration=285664
Task=78 Chunk=1 Start=897118767654 End=897118796110 Duration=28456
Task=79 Chunk=0 Start=897118767649 End=897118909840 Duration=142191
Task=79 Chunk=1 Start=897118909865 End=897118936584 Duration=26719
Task=80 Chunk=0 Start=897118909855 End=897119051755 Duration=141900
Task=80 Chunk=1 Start=897119051779 End=897119078910 Duration=27131
Task=81 Chunk=0 Start=897119051762 End=897119297534 Duration=245772
Task=81 Chunk=1 Start=897119297563 End=897119324135 Duration=26572
Task=82 Chunk=0 Start=897119297548 End=897119443777 Duration=146229
Task=82 Chunk=1 Start=897119443796 End=897119470227 Duration=26431
Task=83 Chunk=0 Start=897119443789 End=897119581114 Duration=137325
Task=83 Chunk=1 Start=897119581148 End=897119635967 Duration=54819
Task=84 Chunk=0 Start=897119581127 End=897119727306 Duration=146179
Task=84 Chunk=1 Start=897119727319 End=897119754055 Duration=26736
Task=85 Chunk=0 Start=897119727316 End=897119864186 Duration=136870
Task=85 Chunk=1 Start=897119864211 End=897119891967 Duration=27756
Task=86 Chunk=0 Start=897119864198 End=897120001489 Duration=137291
Task=86 Chunk=1 Start=897120001513 End=897120028251 Duration=26738
Task=87 Chunk=0 Start=897120001506 End=897120145141 Duration=143635
Task=87 Chunk=1 Start=897120145175 End=897120173496 Duration=28321
Task=88 Chunk=0 Start=897120145160 End=897120314442 Duration=169282
Task=88 Chunk=1 Start=897120314466 End=897120341209 Duration=26743
Task=89 Chunk=0 Start=897120314451 End=897120473416 Duration=158965
Task=89 Chunk=1 Start=897120473454 End=897120508100 Duration=34646
Task=90 Chunk=0 Start=897120473426 End=897120648057 Duration=174631
Task=90 Chunk=1 Start=897120648086 End=897120676755 Duration=28669
Task=91 Chunk=0 Start=897120648076 End=897120805470 Duration=157394
Task=91 Chunk=1 Start=897120805503 End=897120833042 Duration=27539
Task=92 Chunk=0 Start=897120805484 End=897120956401 Duration=150917
Task=92 Chunk=1 Start=897120956434 End=897120984773 Duration=28339
Task=93 Chunk=0 Start=897120956413 End=897121111599 Duration=155186
Task=93 Chunk=1 Start=897121111648 End=897121138913 Duration=27265
Task=94 Chunk=0 Start=897121111621 End=897121265608 Duration=153987
Task=94 Chunk=1 Start=897121265653 End=897121293104 Duration=27451
Task=95 Chunk=0 Start=897121265624 End=897121459675 Duration=194051
Task=95 Chunk=1 Start=897121459705 End=897121486815 Duration=27110
Task=96 Chunk=0 Start=897121459683 End=897121640296 Duration=180613
Task=96 Chunk=1 Start=897121640340 End=897121668138 Duration=27798
Task=97 Chunk=0 Start=897121640316 End=897121812763 Duration=172447
Task=97 Chunk=1 Start=897121812790 End=897121843324 Duration=30534
Task=98 Chunk=0 Start=897121812781 End=897121987426 Duration=174645
Task=98 Chunk=1 Start=897121987465 End=897122018708 Duration=31243
Task=99 Chunk=0 Start=897121987437 End=897122153221 Duration=165784
Task=99 Chunk=1 Start=897122156897 End=897122190745 Duration=33848
# Frequency=24576000 Hz
# 1 cycle = 0.0406901 us
# 1 cycle = 4.06901e-05 ms
Schedule 4:
  Chunk 0 [Vulkan    ]: 1, 2, 3, 4, 5, 6, 7
  Chunk 1 [OMP/Little]: 8, 9
### Python End ###
### Python Begin ###
Task=0 Chunk=0 Start=897131636444 End=897131889884 Duration=253440
Task=0 Chunk=1 Start=897131889900 End=897131945403 Duration=55503
Task=1 Chunk=0 Start=897131889896 End=897132034005 Duration=144109
Task=1 Chunk=1 Start=897132034070 End=897132059716 Duration=25646
Task=2 Chunk=0 Start=897132034013 End=897132163560 Duration=129547
Task=2 Chunk=1 Start=897132163636 End=897132188681 Duration=25045
Task=3 Chunk=0 Start=897132163568 End=897132304885 Duration=141317
Task=3 Chunk=1 Start=897132304942 End=897132329205 Duration=24263
Task=4 Chunk=0 Start=897132304890 End=897132432305 Duration=127415
Task=4 Chunk=1 Start=897132432393 End=897132457686 Duration=25293
Task=5 Chunk=0 Start=897132432311 End=897132569358 Duration=137047
Task=5 Chunk=1 Start=897132569418 End=897132593824 Duration=24406
Task=6 Chunk=0 Start=897132569364 End=897132690888 Duration=121524
Task=6 Chunk=1 Start=897132690895 End=897132714845 Duration=23950
Task=7 Chunk=0 Start=897132690894 End=897132822094 Duration=131200
Task=7 Chunk=1 Start=897132822147 End=897132847138 Duration=24991
Task=8 Chunk=0 Start=897132822128 End=897132980262 Duration=158134
Task=8 Chunk=1 Start=897132980287 End=897133003651 Duration=23364
Task=9 Chunk=0 Start=897132980267 End=897133111646 Duration=131379
Task=9 Chunk=1 Start=897133111711 End=897133134902 Duration=23191
Task=10 Chunk=0 Start=897133111661 End=897133236262 Duration=124601
Task=10 Chunk=1 Start=897133236277 End=897133259476 Duration=23199
Task=11 Chunk=0 Start=897133236271 End=897133358937 Duration=122666
Task=11 Chunk=1 Start=897133359019 End=897133381742 Duration=22723
Task=12 Chunk=0 Start=897133358945 End=897133490113 Duration=131168
Task=12 Chunk=1 Start=897133490152 End=897133513590 Duration=23438
Task=13 Chunk=0 Start=897133490119 End=897133620490 Duration=130371
Task=13 Chunk=1 Start=897133620566 End=897133646380 Duration=25814
Task=14 Chunk=0 Start=897133620496 End=897133744355 Duration=123859
Task=14 Chunk=1 Start=897133744364 End=897133760614 Duration=16250
Task=15 Chunk=0 Start=897133744360 End=897133879155 Duration=134795
Task=15 Chunk=1 Start=897133879166 End=897133891007 Duration=11841
Task=16 Chunk=0 Start=897133879162 End=897134013314 Duration=134152
Task=16 Chunk=1 Start=897134013324 End=897134026062 Duration=12738
Task=17 Chunk=0 Start=897134013322 End=897134228369 Duration=215047
Task=17 Chunk=1 Start=897134228376 End=897134240615 Duration=12239
Task=18 Chunk=0 Start=897134228375 End=897134361089 Duration=132714
Task=18 Chunk=1 Start=897134362180 End=897134374588 Duration=12408
Task=19 Chunk=0 Start=897134361090 End=897134490882 Duration=129792
Task=19 Chunk=1 Start=897134491449 End=897134504791 Duration=13342
Task=20 Chunk=0 Start=897134490882 End=897134617098 Duration=126216
Task=20 Chunk=1 Start=897134617683 End=897134630903 Duration=13220
Task=21 Chunk=0 Start=897134617099 End=897134742913 Duration=125814
Task=21 Chunk=1 Start=897134743498 End=897134756133 Duration=12635
Task=22 Chunk=0 Start=897134742914 End=897134876949 Duration=134035
Task=22 Chunk=1 Start=897134876957 End=897134889106 Duration=12149
Task=23 Chunk=0 Start=897134876954 End=897135021298 Duration=144344
Task=23 Chunk=1 Start=897135021305 End=897135033215 Duration=11910
Task=24 Chunk=0 Start=897135021313 End=897135152657 Duration=131344
Task=24 Chunk=1 Start=897135152664 End=897135165106 Duration=12442
Task=25 Chunk=0 Start=897135152663 End=897135297380 Duration=144717
Task=25 Chunk=1 Start=897135297386 End=897135309947 Duration=12561
Task=26 Chunk=0 Start=897135297385 End=897135445112 Duration=147727
Task=26 Chunk=1 Start=897135445154 End=897135457504 Duration=12350
Task=27 Chunk=0 Start=897135445149 End=897135581231 Duration=136082
Task=27 Chunk=1 Start=897135581237 End=897135593352 Duration=12115
Task=28 Chunk=0 Start=897135581236 End=897135717502 Duration=136266
Task=28 Chunk=1 Start=897135717506 End=897135729780 Duration=12274
Task=29 Chunk=0 Start=897135717506 End=897135851493 Duration=133987
Task=29 Chunk=1 Start=897135851504 End=897135863790 Duration=12286
Task=30 Chunk=0 Start=897135851498 End=897135980197 Duration=128699
Task=30 Chunk=1 Start=897135980207 End=897135992532 Duration=12325
Task=31 Chunk=0 Start=897135980204 End=897136106774 Duration=126570
Task=31 Chunk=1 Start=897136106786 End=897136118577 Duration=11791
Task=32 Chunk=0 Start=897136106785 End=897136261023 Duration=154238
Task=32 Chunk=1 Start=897136261041 End=897136273648 Duration=12607
Task=33 Chunk=0 Start=897136261039 End=897136391988 Duration=130949
Task=33 Chunk=1 Start=897136392000 End=897136404225 Duration=12225
Task=34 Chunk=0 Start=897136391995 End=897136566195 Duration=174200
Task=34 Chunk=1 Start=897136566201 End=897136579259 Duration=13058
Task=35 Chunk=0 Start=897136566201 End=897136711873 Duration=145672
Task=35 Chunk=1 Start=897136711878 End=897136724928 Duration=13050
Task=36 Chunk=0 Start=897136711878 End=897136852590 Duration=140712
Task=36 Chunk=1 Start=897136852604 End=897136865733 Duration=13129
Task=37 Chunk=0 Start=897136852599 End=897136999234 Duration=146635
Task=37 Chunk=1 Start=897136999242 End=897137012318 Duration=13076
Task=38 Chunk=0 Start=897136999238 End=897137140531 Duration=141293
Task=38 Chunk=1 Start=897137140535 End=897137153600 Duration=13065
Task=39 Chunk=0 Start=897137140536 End=897137282931 Duration=142395
Task=39 Chunk=1 Start=897137282940 End=897137296003 Duration=13063
Task=40 Chunk=0 Start=897137282939 End=897137424661 Duration=141722
Task=40 Chunk=1 Start=897137424676 End=897137437637 Duration=12961
Task=41 Chunk=0 Start=897137424670 End=897137597246 Duration=172576
Task=41 Chunk=1 Start=897137597282 End=897137611799 Duration=14517
Task=42 Chunk=0 Start=897137597278 End=897137747700 Duration=150422
Task=42 Chunk=1 Start=897137747706 End=897137762987 Duration=15281
Task=43 Chunk=0 Start=897137747705 End=897137897894 Duration=150189
Task=43 Chunk=1 Start=897137897901 End=897137912529 Duration=14628
Task=44 Chunk=0 Start=897137897899 End=897138048141 Duration=150242
Task=44 Chunk=1 Start=897138048150 End=897138063267 Duration=15117
Task=45 Chunk=0 Start=897138048146 End=897138193399 Duration=145253
Task=45 Chunk=1 Start=897138193408 End=897138205662 Duration=12254
Task=46 Chunk=0 Start=897138193404 End=897138324019 Duration=130615
Task=46 Chunk=1 Start=897138324030 End=897138336308 Duration=12278
Task=47 Chunk=0 Start=897138324024 End=897138456937 Duration=132913
Task=47 Chunk=1 Start=897138456948 End=897138470026 Duration=13078
Task=48 Chunk=0 Start=897138456945 End=897138595264 Duration=138319
Task=48 Chunk=1 Start=897138595279 End=897138608376 Duration=13097
Task=49 Chunk=0 Start=897138595275 End=897138733858 Duration=138583
Task=49 Chunk=1 Start=897138733866 End=897138747185 Duration=13319
Task=50 Chunk=0 Start=897138733865 End=897138865470 Duration=131605
Task=50 Chunk=1 Start=897138865488 End=897138878078 Duration=12590
Task=51 Chunk=0 Start=897138865483 End=897138992087 Duration=126604
Task=51 Chunk=1 Start=897138992098 End=897139004557 Duration=12459
Task=52 Chunk=0 Start=897138992094 End=897139121351 Duration=129257
Task=52 Chunk=1 Start=897139121361 End=897139134279 Duration=12918
Task=53 Chunk=0 Start=897139121356 End=897139262482 Duration=141126
Task=53 Chunk=1 Start=897139262488 End=897139275554 Duration=13066
Task=54 Chunk=0 Start=897139262489 End=897139401502 Duration=139013
Task=54 Chunk=1 Start=897139401514 End=897139414570 Duration=13056
Task=55 Chunk=0 Start=897139401508 End=897139553097 Duration=151589
Task=55 Chunk=1 Start=897139553102 End=897139568035 Duration=14933
Task=56 Chunk=0 Start=897139553103 End=897139701936 Duration=148833
Task=56 Chunk=1 Start=897139701947 End=897139716805 Duration=14858
Task=57 Chunk=0 Start=897139701943 End=897139862819 Duration=160876
Task=57 Chunk=1 Start=897139862828 End=897139877850 Duration=15022
Task=58 Chunk=0 Start=897139862828 End=897140007305 Duration=144477
Task=58 Chunk=1 Start=897140007314 End=897140022281 Duration=14967
Task=59 Chunk=0 Start=897140007312 End=897140158154 Duration=150842
Task=59 Chunk=1 Start=897140158160 End=897140173111 Duration=14951
Task=60 Chunk=0 Start=897140158160 End=897140309664 Duration=151504
Task=60 Chunk=1 Start=897140309671 End=897140325030 Duration=15359
Task=61 Chunk=0 Start=897140309669 End=897140461597 Duration=151928
Task=61 Chunk=1 Start=897140461607 End=897140476732 Duration=15125
Task=62 Chunk=0 Start=897140461602 End=897140609966 Duration=148364
Task=62 Chunk=1 Start=897140609978 End=897140627731 Duration=17753
Task=63 Chunk=0 Start=897140609971 End=897140772771 Duration=162800
Task=63 Chunk=1 Start=897140772778 End=897140789930 Duration=17152
Task=64 Chunk=0 Start=897140772777 End=897140934958 Duration=162181
Task=64 Chunk=1 Start=897140934965 End=897140951996 Duration=17031
Task=65 Chunk=0 Start=897140934965 End=897141111462 Duration=176497
Task=65 Chunk=1 Start=897141111475 End=897141128386 Duration=16911
Task=66 Chunk=0 Start=897141111474 End=897141275174 Duration=163700
Task=66 Chunk=1 Start=897141275183 End=897141292114 Duration=16931
Task=67 Chunk=0 Start=897141275181 End=897141438218 Duration=163037
Task=67 Chunk=1 Start=897141438227 End=897141455080 Duration=16853
Task=68 Chunk=0 Start=897141438224 End=897141597493 Duration=159269
Task=68 Chunk=1 Start=897141597502 End=897141614562 Duration=17060
Task=69 Chunk=0 Start=897141597501 End=897141742857 Duration=145356
Task=69 Chunk=1 Start=897141742866 End=897141759640 Duration=16774
Task=70 Chunk=0 Start=897141742863 End=897141881240 Duration=138377
Task=70 Chunk=1 Start=897141881248 End=897141893916 Duration=12668
Task=71 Chunk=0 Start=897141881246 End=897142028131 Duration=146885
Task=71 Chunk=1 Start=897142028140 End=897142040495 Duration=12355
Task=72 Chunk=0 Start=897142028137 End=897142157611 Duration=129474
Task=72 Chunk=1 Start=897142157621 End=897142170689 Duration=13068
Task=73 Chunk=0 Start=897142157618 End=897142297840 Duration=140222
Task=73 Chunk=1 Start=897142297852 End=897142310881 Duration=13029
Task=74 Chunk=0 Start=897142297845 End=897142437224 Duration=139379
Task=74 Chunk=1 Start=897142437234 End=897142450293 Duration=13059
Task=75 Chunk=0 Start=897142437230 End=897142577280 Duration=140050
Task=75 Chunk=1 Start=897142577289 End=897142590338 Duration=13049
Task=76 Chunk=0 Start=897142577287 End=897142716908 Duration=139621
Task=76 Chunk=1 Start=897142716918 End=897142730148 Duration=13230
Task=77 Chunk=0 Start=897142716914 End=897142859274 Duration=142360
Task=77 Chunk=1 Start=897142859285 End=897142872851 Duration=13566
Task=78 Chunk=0 Start=897142859283 End=897143014680 Duration=155397
Task=78 Chunk=1 Start=897143014686 End=897143027935 Duration=13249
Task=79 Chunk=0 Start=897143014687 End=897143155525 Duration=140838
Task=79 Chunk=1 Start=897143155541 End=897143169052 Duration=13511
Task=80 Chunk=0 Start=897143155536 End=897143297789 Duration=142253
Task=80 Chunk=1 Start=897143297795 End=897143312716 Duration=14921
Task=81 Chunk=0 Start=897143297793 End=897143442143 Duration=144350
Task=81 Chunk=1 Start=897143442152 End=897143457143 Duration=14991
Task=82 Chunk=0 Start=897143442147 End=897143590865 Duration=148718
Task=82 Chunk=1 Start=897143590871 End=897143605669 Duration=14798
Task=83 Chunk=0 Start=897143590871 End=897143741240 Duration=150369
Task=83 Chunk=1 Start=897143741270 End=897143756737 Duration=15467
Task=84 Chunk=0 Start=897143741266 End=897143885161 Duration=143895
Task=84 Chunk=1 Start=897143885171 End=897143899325 Duration=14154
Task=85 Chunk=0 Start=897143885165 End=897144016444 Duration=131279
Task=85 Chunk=1 Start=897144016453 End=897144028892 Duration=12439
Task=86 Chunk=0 Start=897144016448 End=897144155430 Duration=138982
Task=86 Chunk=1 Start=897144155440 End=897144168621 Duration=13181
Task=87 Chunk=0 Start=897144155438 End=897144298238 Duration=142800
Task=87 Chunk=1 Start=897144298250 End=897144313062 Duration=14812
Task=88 Chunk=0 Start=897144298246 End=897144447301 Duration=149055
Task=88 Chunk=1 Start=897144447307 End=897144462439 Duration=15132
Task=89 Chunk=0 Start=897144447305 End=897144597572 Duration=150267
Task=89 Chunk=1 Start=897144597580 End=897144612505 Duration=14925
Task=90 Chunk=0 Start=897144597577 End=897144745762 Duration=148185
Task=90 Chunk=1 Start=897144745777 End=897144760591 Duration=14814
Task=91 Chunk=0 Start=897144745770 End=897144894688 Duration=148918
Task=91 Chunk=1 Start=897144894699 End=897144909750 Duration=15051
Task=92 Chunk=0 Start=897144894692 End=897145043565 Duration=148873
Task=92 Chunk=1 Start=897145043570 End=897145058654 Duration=15084
Task=93 Chunk=0 Start=897145043570 End=897145193385 Duration=149815
Task=93 Chunk=1 Start=897145193396 End=897145208423 Duration=15027
Task=94 Chunk=0 Start=897145193390 End=897145341646 Duration=148256
Task=94 Chunk=1 Start=897145341657 End=897145356204 Duration=14547
Task=95 Chunk=0 Start=897145341651 End=897145500238 Duration=158587
Task=95 Chunk=1 Start=897145500243 End=897145517231 Duration=16988
Task=96 Chunk=0 Start=897145500242 End=897145673865 Duration=173623
Task=96 Chunk=1 Start=897145673880 End=897145690781 Duration=16901
Task=97 Chunk=0 Start=897145673876 End=897145834760 Duration=160884
Task=97 Chunk=1 Start=897145834771 End=897145852338 Duration=17567
Task=98 Chunk=0 Start=897145834764 End=897145993592 Duration=158828
Task=98 Chunk=1 Start=897145993603 End=897146010745 Duration=17142
Task=99 Chunk=0 Start=897145993599 End=897146154487 Duration=160888
Task=99 Chunk=1 Start=897146154492 End=897146171165 Duration=16673
# Frequency=24576000 Hz
# 1 cycle = 0.0406901 us
# 1 cycle = 4.06901e-05 ms
Schedule 5:
  Chunk 0 [Vulkan    ]: 1, 2, 3, 4, 5, 6, 7
  Chunk 1 [OMP/Big   ]: 8, 9
### Python End ###
### Python Begin ###
Task=0 Chunk=0 Start=897153590840 End=897153837349 Duration=246509
Task=0 Chunk=1 Start=897153837362 End=897153922360 Duration=84998
Task=1 Chunk=0 Start=897153837352 End=897153962032 Duration=124680
Task=1 Chunk=1 Start=897153962158 End=897153997034 Duration=34876
Task=2 Chunk=0 Start=897153962034 End=897154084713 Duration=122679
Task=2 Chunk=1 Start=897154084729 End=897154135826 Duration=51097
Task=3 Chunk=0 Start=897154084714 End=897154202842 Duration=118128
Task=3 Chunk=1 Start=897154202864 End=897154254164 Duration=51300
Task=4 Chunk=0 Start=897154202843 End=897154320707 Duration=117864
Task=4 Chunk=1 Start=897154320733 End=897154366412 Duration=45679
Task=5 Chunk=0 Start=897154320716 End=897154438306 Duration=117590
Task=5 Chunk=1 Start=897154438359 End=897154480104 Duration=41745
Task=6 Chunk=0 Start=897154438313 End=897154554804 Duration=116491
Task=6 Chunk=1 Start=897154566371 End=897154604415 Duration=38044
Task=7 Chunk=0 Start=897154554810 End=897154705746 Duration=150936
Task=7 Chunk=1 Start=897154705767 End=897154741649 Duration=35882
Task=8 Chunk=0 Start=897154705750 End=897154882161 Duration=176411
Task=8 Chunk=1 Start=897154882244 End=897154915614 Duration=33370
Task=9 Chunk=0 Start=897154882164 End=897154999478 Duration=117314
Task=9 Chunk=1 Start=897154999532 End=897155033181 Duration=33649
Task=10 Chunk=0 Start=897154999479 End=897155114082 Duration=114603
Task=10 Chunk=1 Start=897155114093 End=897155145715 Duration=31622
Task=11 Chunk=0 Start=897155114083 End=897155227576 Duration=113493
Task=11 Chunk=1 Start=897155227686 End=897155256982 Duration=29296
Task=12 Chunk=0 Start=897155227577 End=897155341323 Duration=113746
Task=12 Chunk=1 Start=897155341407 End=897155370118 Duration=28711
Task=13 Chunk=0 Start=897155341324 End=897155456805 Duration=115481
Task=13 Chunk=1 Start=897155456900 End=897155485042 Duration=28142
Task=14 Chunk=0 Start=897155456806 End=897155575117 Duration=118311
Task=14 Chunk=1 Start=897155575123 End=897155603179 Duration=28056
Task=15 Chunk=0 Start=897155575118 End=897155693947 Duration=118829
Task=15 Chunk=1 Start=897155694079 End=897155722984 Duration=28905
Task=16 Chunk=0 Start=897155693947 End=897155813685 Duration=119738
Task=16 Chunk=1 Start=897155813696 End=897155843298 Duration=29602
Task=17 Chunk=0 Start=897155813686 End=897155933537 Duration=119851
Task=17 Chunk=1 Start=897155933550 End=897155968588 Duration=35038
Task=18 Chunk=0 Start=897155933538 End=897156063388 Duration=129850
Task=18 Chunk=1 Start=897156063399 End=897156077714 Duration=14315
Task=19 Chunk=0 Start=897156063389 End=897156190961 Duration=127572
Task=19 Chunk=1 Start=897156190973 End=897156205514 Duration=14541
Task=20 Chunk=0 Start=897156190962 End=897156323448 Duration=132486
Task=20 Chunk=1 Start=897156323461 End=897156338985 Duration=15524
Task=21 Chunk=0 Start=897156323450 End=897156460553 Duration=137103
Task=21 Chunk=1 Start=897156460562 End=897156475145 Duration=14583
Task=22 Chunk=0 Start=897156460554 End=897156597739 Duration=137185
Task=22 Chunk=1 Start=897156597747 End=897156612328 Duration=14581
Task=23 Chunk=0 Start=897156597740 End=897156734668 Duration=136928
Task=23 Chunk=1 Start=897156734683 End=897156749102 Duration=14419
Task=24 Chunk=0 Start=897156734669 End=897156866263 Duration=131594
Task=24 Chunk=1 Start=897156866276 End=897156881236 Duration=14960
Task=25 Chunk=0 Start=897156866265 End=897156999655 Duration=133390
Task=25 Chunk=1 Start=897156999668 End=897157014461 Duration=14793
Task=26 Chunk=0 Start=897156999656 End=897157133237 Duration=133581
Task=26 Chunk=1 Start=897157133251 End=897157148183 Duration=14932
Task=27 Chunk=0 Start=897157133238 End=897157267914 Duration=134676
Task=27 Chunk=1 Start=897157267923 End=897157282744 Duration=14821
Task=28 Chunk=0 Start=897157267916 End=897157408424 Duration=140508
Task=28 Chunk=1 Start=897157408436 End=897157424841 Duration=16405
Task=29 Chunk=0 Start=897157408425 End=897157555886 Duration=147461
Task=29 Chunk=1 Start=897157555922 End=897157571940 Duration=16018
Task=30 Chunk=0 Start=897157555918 End=897157693622 Duration=137704
Task=30 Chunk=1 Start=897157693637 End=897157709275 Duration=15638
Task=31 Chunk=0 Start=897157693633 End=897157833807 Duration=140174
Task=31 Chunk=1 Start=897157833817 End=897157849344 Duration=15527
Task=32 Chunk=0 Start=897157833842 End=897157973202 Duration=139360
Task=32 Chunk=1 Start=897157973213 End=897157989908 Duration=16695
Task=33 Chunk=0 Start=897157973213 End=897158123402 Duration=150189
Task=33 Chunk=1 Start=897158123410 End=897158140125 Duration=16715
Task=34 Chunk=0 Start=897158123413 End=897158262355 Duration=138942
Task=34 Chunk=1 Start=897158262362 End=897158278152 Duration=15790
Task=35 Chunk=0 Start=897158262362 End=897158399540 Duration=137178
Task=35 Chunk=1 Start=897158399553 End=897158414765 Duration=15212
Task=36 Chunk=0 Start=897158399547 End=897158525420 Duration=125873
Task=36 Chunk=1 Start=897158525427 End=897158540271 Duration=14844
Task=37 Chunk=0 Start=897158525427 End=897158658805 Duration=133378
Task=37 Chunk=1 Start=897158658816 End=897158673657 Duration=14841
Task=38 Chunk=0 Start=897158658816 End=897158787282 Duration=128466
Task=38 Chunk=1 Start=897158787293 End=897158801706 Duration=14413
Task=39 Chunk=0 Start=897158787294 End=897158914119 Duration=126825
Task=39 Chunk=1 Start=897158914129 End=897158928069 Duration=13940
Task=40 Chunk=0 Start=897158914127 End=897159040823 Duration=126696
Task=40 Chunk=1 Start=897159040835 End=897159054746 Duration=13911
Task=41 Chunk=0 Start=897159040828 End=897159166341 Duration=125513
Task=41 Chunk=1 Start=897159166355 End=897159180285 Duration=13930
Task=42 Chunk=0 Start=897159166348 End=897159307228 Duration=140880
Task=42 Chunk=1 Start=897159307241 End=897159321717 Duration=14476
Task=43 Chunk=0 Start=897159307235 End=897159454002 Duration=146767
Task=43 Chunk=1 Start=897159454011 End=897159468112 Duration=14101
Task=44 Chunk=0 Start=897159454012 End=897159587131 Duration=133119
Task=44 Chunk=1 Start=897159587146 End=897159602675 Duration=15529
Task=45 Chunk=0 Start=897159587141 End=897159726505 Duration=139364
Task=45 Chunk=1 Start=897159726512 End=897159741989 Duration=15477
Task=46 Chunk=0 Start=897159726524 End=897159867161 Duration=140637
Task=46 Chunk=1 Start=897159867180 End=897159883206 Duration=16026
Task=47 Chunk=0 Start=897159867173 End=897160006183 Duration=139010
Task=47 Chunk=1 Start=897160006193 End=897160021674 Duration=15481
Task=48 Chunk=0 Start=897160006190 End=897160144377 Duration=138187
Task=48 Chunk=1 Start=897160144384 End=897160160002 Duration=15618
Task=49 Chunk=0 Start=897160144383 End=897160283119 Duration=138736
Task=49 Chunk=1 Start=897160283135 End=897160298568 Duration=15433
Task=50 Chunk=0 Start=897160283130 End=897160420085 Duration=136955
Task=50 Chunk=1 Start=897160420094 End=897160435631 Duration=15537
Task=51 Chunk=0 Start=897160420093 End=897160558071 Duration=137978
Task=51 Chunk=1 Start=897160558083 End=897160574164 Duration=16081
Task=52 Chunk=0 Start=897160558078 End=897160696944 Duration=138866
Task=52 Chunk=1 Start=897160696954 End=897160712649 Duration=15695
Task=53 Chunk=0 Start=897160696952 End=897160835074 Duration=138122
Task=53 Chunk=1 Start=897160835080 End=897160850777 Duration=15697
Task=54 Chunk=0 Start=897160835081 End=897160978879 Duration=143798
Task=54 Chunk=1 Start=897160978892 End=897160996503 Duration=17611
Task=55 Chunk=0 Start=897160978887 End=897161125441 Duration=146554
Task=55 Chunk=1 Start=897161125458 End=897161143269 Duration=17811
Task=56 Chunk=0 Start=897161125454 End=897161272900 Duration=147446
Task=56 Chunk=1 Start=897161272906 End=897161290485 Duration=17579
Task=57 Chunk=0 Start=897161272907 End=897161422135 Duration=149228
Task=57 Chunk=1 Start=897161422161 End=897161440017 Duration=17856
Task=58 Chunk=0 Start=897161422155 End=897161570710 Duration=148555
Task=58 Chunk=1 Start=897161570724 End=897161588389 Duration=17665
Task=59 Chunk=0 Start=897161570717 End=897161715435 Duration=144718
Task=59 Chunk=1 Start=897161715446 End=897161732299 Duration=16853
Task=60 Chunk=0 Start=897161715443 End=897161846688 Duration=131245
Task=60 Chunk=1 Start=897161846705 End=897161861880 Duration=15175
Task=61 Chunk=0 Start=897161846701 End=897161973564 Duration=126863
Task=61 Chunk=1 Start=897161973581 End=897161988805 Duration=15224
Task=62 Chunk=0 Start=897161973575 End=897162098932 Duration=125357
Task=62 Chunk=1 Start=897162098939 End=897162113005 Duration=14066
Task=63 Chunk=0 Start=897162098939 End=897162219844 Duration=120905
Task=63 Chunk=1 Start=897162219855 End=897162233881 Duration=14026
Task=64 Chunk=0 Start=897162219851 End=897162344159 Duration=124308
Task=64 Chunk=1 Start=897162344176 End=897162359372 Duration=15196
Task=65 Chunk=0 Start=897162344172 End=897162481932 Duration=137760
Task=65 Chunk=1 Start=897162481944 End=897162497463 Duration=15519
Task=66 Chunk=0 Start=897162481939 End=897162620054 Duration=138115
Task=66 Chunk=1 Start=897162620064 End=897162636002 Duration=15938
Task=67 Chunk=0 Start=897162620060 End=897162756959 Duration=136899
Task=67 Chunk=1 Start=897162756966 End=897162772528 Duration=15562
Task=68 Chunk=0 Start=897162756966 End=897162894815 Duration=137849
Task=68 Chunk=1 Start=897162894837 End=897162910477 Duration=15640
Task=69 Chunk=0 Start=897162894836 End=897163033723 Duration=138887
Task=69 Chunk=1 Start=897163033729 End=897163049323 Duration=15594
Task=70 Chunk=0 Start=897163033728 End=897163171360 Duration=137632
Task=70 Chunk=1 Start=897163171379 End=897163186849 Duration=15470
Task=71 Chunk=0 Start=897163171372 End=897163309816 Duration=138444
Task=71 Chunk=1 Start=897163309838 End=897163325767 Duration=15929
Task=72 Chunk=0 Start=897163309837 End=897163456581 Duration=146744
Task=72 Chunk=1 Start=897163456595 End=897163473965 Duration=17370
Task=73 Chunk=0 Start=897163456587 End=897163616347 Duration=159760
Task=73 Chunk=1 Start=897163616354 End=897163633670 Duration=17316
Task=74 Chunk=0 Start=897163616354 End=897163767350 Duration=150996
Task=74 Chunk=1 Start=897163767365 End=897163784758 Duration=17393
Task=75 Chunk=0 Start=897163767359 End=897163916099 Duration=148740
Task=75 Chunk=1 Start=897163916112 End=897163933531 Duration=17419
Task=76 Chunk=0 Start=897163916106 End=897164064745 Duration=148639
Task=76 Chunk=1 Start=897164064753 End=897164082331 Duration=17578
Task=77 Chunk=0 Start=897164064751 End=897164212917 Duration=148166
Task=77 Chunk=1 Start=897164212927 End=897164230541 Duration=17614
Task=78 Chunk=0 Start=897164212924 End=897164362473 Duration=149549
Task=78 Chunk=1 Start=897164362489 End=897164379921 Duration=17432
Task=79 Chunk=0 Start=897164362481 End=897164510781 Duration=148300
Task=79 Chunk=1 Start=897164510791 End=897164531167 Duration=20376
Task=80 Chunk=0 Start=897164510786 End=897164670299 Duration=159513
Task=80 Chunk=1 Start=897164670309 End=897164690330 Duration=20021
Task=81 Chunk=0 Start=897164670305 End=897164820797 Duration=150492
Task=81 Chunk=1 Start=897164820810 End=897164840338 Duration=19528
Task=82 Chunk=0 Start=897164820809 End=897164963618 Duration=142809
Task=82 Chunk=1 Start=897164963627 End=897164983126 Duration=19499
Task=83 Chunk=0 Start=897164963626 End=897165098476 Duration=134850
Task=83 Chunk=1 Start=897165098482 End=897165112612 Duration=14130
Task=84 Chunk=0 Start=897165098484 End=897165228756 Duration=130272
Task=84 Chunk=1 Start=897165228772 End=897165243435 Duration=14663
Task=85 Chunk=0 Start=897165228765 End=897165358791 Duration=130026
Task=85 Chunk=1 Start=897165358798 End=897165374270 Duration=15472
Task=86 Chunk=0 Start=897165358798 End=897165495727 Duration=136929
Task=86 Chunk=1 Start=897165495735 End=897165511361 Duration=15626
Task=87 Chunk=0 Start=897165495736 End=897165632828 Duration=137092
Task=87 Chunk=1 Start=897165632833 End=897165648301 Duration=15468
Task=88 Chunk=0 Start=897165632835 End=897165770290 Duration=137455
Task=88 Chunk=1 Start=897165770299 End=897165786446 Duration=16147
Task=89 Chunk=0 Start=897165770299 End=897165907391 Duration=137092
Task=89 Chunk=1 Start=897165907406 End=897165922799 Duration=15393
Task=90 Chunk=0 Start=897165907400 End=897166036044 Duration=128644
Task=90 Chunk=1 Start=897166036055 End=897166051530 Duration=15475
Task=91 Chunk=0 Start=897166036061 End=897166174457 Duration=138396
Task=91 Chunk=1 Start=897166174470 End=897166189983 Duration=15513
Task=92 Chunk=0 Start=897166174464 End=897166312282 Duration=137818
Task=92 Chunk=1 Start=897166312294 End=897166327729 Duration=15435
Task=93 Chunk=0 Start=897166312289 End=897166454845 Duration=142556
Task=93 Chunk=1 Start=897166454860 End=897166472712 Duration=17852
Task=94 Chunk=0 Start=897166454853 End=897166606052 Duration=151199
Task=94 Chunk=1 Start=897166606065 End=897166623394 Duration=17329
Task=95 Chunk=0 Start=897166606060 End=897166754793 Duration=148733
Task=95 Chunk=1 Start=897166754808 End=897166772576 Duration=17768
Task=96 Chunk=0 Start=897166754801 End=897166904495 Duration=149694
Task=96 Chunk=1 Start=897166904501 End=897166921722 Duration=17221
Task=97 Chunk=0 Start=897166904501 End=897167053290 Duration=148789
Task=97 Chunk=1 Start=897167053302 End=897167071089 Duration=17787
Task=98 Chunk=0 Start=897167053297 End=897167203697 Duration=150400
Task=98 Chunk=1 Start=897167203711 End=897167220828 Duration=17117
Task=99 Chunk=0 Start=897167203704 End=897167352318 Duration=148614
Task=99 Chunk=1 Start=897167352336 End=897167369137 Duration=16801
# Frequency=24576000 Hz
# 1 cycle = 0.0406901 us
# 1 cycle = 4.06901e-05 ms
Schedule 6:
  Chunk 0 [Vulkan    ]: 1, 2, 3, 4, 5, 6, 7
  Chunk 1 [OMP/Medium]: 8, 9
### Python End ###
### Python Begin ###
Task=0 Chunk=0 Start=897175363111 End=897175605437 Duration=242326
Task=0 Chunk=1 Start=897175605481 End=897175682353 Duration=76872
Task=1 Chunk=0 Start=897175605465 End=897175807023 Duration=201558
Task=1 Chunk=1 Start=897175807053 End=897175808044 Duration=991
Task=2 Chunk=0 Start=897175807038 End=897175949337 Duration=142299
Task=2 Chunk=1 Start=897175949355 End=897175950231 Duration=876
Task=3 Chunk=0 Start=897175949348 End=897176090855 Duration=141507
Task=3 Chunk=1 Start=897176090871 End=897176091702 Duration=831
Task=4 Chunk=0 Start=897176090868 End=897176257772 Duration=166904
Task=4 Chunk=1 Start=897176257793 End=897176258002 Duration=209
Task=5 Chunk=0 Start=897176257784 End=897176407286 Duration=149502
Task=5 Chunk=1 Start=897176407305 End=897176407478 Duration=173
Task=6 Chunk=0 Start=897176407290 End=897176538535 Duration=131245
Task=6 Chunk=1 Start=897176538557 End=897176539186 Duration=629
Task=7 Chunk=0 Start=897176538540 End=897176667993 Duration=129453
Task=7 Chunk=1 Start=897176668013 End=897176668357 Duration=344
Task=8 Chunk=0 Start=897176667998 End=897176823078 Duration=155080
Task=8 Chunk=1 Start=897176823085 End=897176823388 Duration=303
Task=9 Chunk=0 Start=897176823079 End=897176945213 Duration=122134
Task=9 Chunk=1 Start=897176945227 End=897176945395 Duration=168
Task=10 Chunk=0 Start=897176945215 End=897177065594 Duration=120379
Task=10 Chunk=1 Start=897177065600 End=897177065752 Duration=152
Task=11 Chunk=0 Start=897177065597 End=897177186999 Duration=121402
Task=11 Chunk=1 Start=897177187012 End=897177187179 Duration=167
Task=12 Chunk=0 Start=897177187002 End=897177308683 Duration=121681
Task=12 Chunk=1 Start=897177308690 End=897177309742 Duration=1052
Task=13 Chunk=0 Start=897177308685 End=897177441253 Duration=132568
Task=13 Chunk=1 Start=897177441275 End=897177441463 Duration=188
Task=14 Chunk=0 Start=897177441255 End=897177580646 Duration=139391
Task=14 Chunk=1 Start=897177580664 End=897177580830 Duration=166
Task=15 Chunk=0 Start=897177580650 End=897177714629 Duration=133979
Task=15 Chunk=1 Start=897177714646 End=897177714785 Duration=139
Task=16 Chunk=0 Start=897177714633 End=897177854083 Duration=139450
Task=16 Chunk=1 Start=897177854113 End=897177854260 Duration=147
Task=17 Chunk=0 Start=897177854090 End=897177989320 Duration=135230
Task=17 Chunk=1 Start=897177989333 End=897177989493 Duration=160
Task=18 Chunk=0 Start=897177989328 End=897178131217 Duration=141889
Task=18 Chunk=1 Start=897178131237 End=897178131392 Duration=155
Task=19 Chunk=0 Start=897178131221 End=897178279004 Duration=147783
Task=19 Chunk=1 Start=897178279033 End=897178279175 Duration=142
Task=20 Chunk=0 Start=897178279013 End=897178427692 Duration=148679
Task=20 Chunk=1 Start=897178427712 End=897178427856 Duration=144
Task=21 Chunk=0 Start=897178427702 End=897178579498 Duration=151796
Task=21 Chunk=1 Start=897178579532 End=897178579954 Duration=422
Task=22 Chunk=0 Start=897178579500 End=897178732044 Duration=152544
Task=22 Chunk=1 Start=897178732074 End=897178732251 Duration=177
Task=23 Chunk=0 Start=897178732051 End=897178888217 Duration=156166
Task=23 Chunk=1 Start=897178888255 End=897178888408 Duration=153
Task=24 Chunk=0 Start=897178888233 End=897179057213 Duration=168980
Task=24 Chunk=1 Start=897179057255 End=897179057416 Duration=161
Task=25 Chunk=0 Start=897179057229 End=897179227441 Duration=170212
Task=25 Chunk=1 Start=897179227478 End=897179227617 Duration=139
Task=26 Chunk=0 Start=897179227452 End=897179403954 Duration=176502
Task=26 Chunk=1 Start=897179403966 End=897179404121 Duration=155
Task=27 Chunk=0 Start=897179403959 End=897179576384 Duration=172425
Task=27 Chunk=1 Start=897179576415 End=897179576579 Duration=164
Task=28 Chunk=0 Start=897179576398 End=897179749893 Duration=173495
Task=28 Chunk=1 Start=897179749913 End=897179750068 Duration=155
Task=29 Chunk=0 Start=897179749907 End=897179907382 Duration=157475
Task=29 Chunk=1 Start=897179907414 End=897179907741 Duration=327
Task=30 Chunk=0 Start=897179907401 End=897180053783 Duration=146382
Task=30 Chunk=1 Start=897180053805 End=897180054008 Duration=203
Task=31 Chunk=0 Start=897180053800 End=897180192622 Duration=138822
Task=31 Chunk=1 Start=897180192655 End=897180192818 Duration=163
Task=32 Chunk=0 Start=897180192630 End=897180334805 Duration=142175
Task=32 Chunk=1 Start=897180334826 End=897180334985 Duration=159
Task=33 Chunk=0 Start=897180334818 End=897180481022 Duration=146204
Task=33 Chunk=1 Start=897180481053 End=897180481236 Duration=183
Task=34 Chunk=0 Start=897180481037 End=897180625804 Duration=144767
Task=34 Chunk=1 Start=897180625849 End=897180626014 Duration=165
Task=35 Chunk=0 Start=897180625818 End=897180778558 Duration=152740
Task=35 Chunk=1 Start=897180778596 End=897180778735 Duration=139
Task=36 Chunk=0 Start=897180778570 End=897180928665 Duration=150095
Task=36 Chunk=1 Start=897180928690 End=897180928831 Duration=141
Task=37 Chunk=0 Start=897180928680 End=897181081161 Duration=152481
Task=37 Chunk=1 Start=897181081192 End=897181081361 Duration=169
Task=38 Chunk=0 Start=897181081180 End=897181238160 Duration=156980
Task=38 Chunk=1 Start=897181238180 End=897181238331 Duration=151
Task=39 Chunk=0 Start=897181238170 End=897181390370 Duration=152200
Task=39 Chunk=1 Start=897181390399 End=897181390559 Duration=160
Task=40 Chunk=0 Start=897181390389 End=897181542565 Duration=152176
Task=40 Chunk=1 Start=897181542597 End=897181542733 Duration=136
Task=41 Chunk=0 Start=897181542574 End=897181696393 Duration=153819
Task=41 Chunk=1 Start=897181696425 End=897181696556 Duration=131
Task=42 Chunk=0 Start=897181696406 End=897181861323 Duration=164917
Task=42 Chunk=1 Start=897181861343 End=897181861488 Duration=145
Task=43 Chunk=0 Start=897181861336 End=897182029098 Duration=167762
Task=43 Chunk=1 Start=897182029126 End=897182029296 Duration=170
Task=44 Chunk=0 Start=897182029108 End=897182274736 Duration=245628
Task=44 Chunk=1 Start=897182274767 End=897182275112 Duration=345
Task=45 Chunk=0 Start=897182274753 End=897182449424 Duration=174671
Task=45 Chunk=1 Start=897182449458 End=897182449810 Duration=352
Task=46 Chunk=0 Start=897182449435 End=897182618450 Duration=169015
Task=46 Chunk=1 Start=897182618470 End=897182618739 Duration=269
Task=47 Chunk=0 Start=897182618462 End=897182788147 Duration=169685
Task=47 Chunk=1 Start=897182788169 End=897182788321 Duration=152
Task=48 Chunk=0 Start=897182788151 End=897182941637 Duration=153486
Task=48 Chunk=1 Start=897182941673 End=897182941920 Duration=247
Task=49 Chunk=0 Start=897182941653 End=897183088947 Duration=147294
Task=49 Chunk=1 Start=897183088979 End=897183089163 Duration=184
Task=50 Chunk=0 Start=897183088958 End=897183234077 Duration=145119
Task=50 Chunk=1 Start=897183234106 End=897183234253 Duration=147
Task=51 Chunk=0 Start=897183234092 End=897183383737 Duration=149645
Task=51 Chunk=1 Start=897183383776 End=897183383946 Duration=170
Task=52 Chunk=0 Start=897183383756 End=897183534589 Duration=150833
Task=52 Chunk=1 Start=897183534609 End=897183534779 Duration=170
Task=53 Chunk=0 Start=897183534599 End=897183704428 Duration=169829
Task=53 Chunk=1 Start=897183704452 End=897183704630 Duration=178
Task=54 Chunk=0 Start=897183704445 End=897183872396 Duration=167951
Task=54 Chunk=1 Start=897183872424 End=897183872575 Duration=151
Task=55 Chunk=0 Start=897183872408 End=897184219699 Duration=347291
Task=55 Chunk=1 Start=897184219719 End=897184219879 Duration=160
Task=56 Chunk=0 Start=897184219712 End=897184377287 Duration=157575
Task=56 Chunk=1 Start=897184377315 End=897184377467 Duration=152
Task=57 Chunk=0 Start=897184377300 End=897184536897 Duration=159597
Task=57 Chunk=1 Start=897184536908 End=897184537048 Duration=140
Task=58 Chunk=0 Start=897184536902 End=897184701870 Duration=164968
Task=58 Chunk=1 Start=897184701894 End=897184702049 Duration=155
Task=59 Chunk=0 Start=897184701885 End=897184869056 Duration=167171
Task=59 Chunk=1 Start=897184869076 End=897184869294 Duration=218
Task=60 Chunk=0 Start=897184869070 End=897185038783 Duration=169713
Task=60 Chunk=1 Start=897185038810 End=897185038959 Duration=149
Task=61 Chunk=0 Start=897185038804 End=897185203893 Duration=165089
Task=61 Chunk=1 Start=897185203920 End=897185204067 Duration=147
Task=62 Chunk=0 Start=897185203908 End=897185369552 Duration=165644
Task=62 Chunk=1 Start=897185369581 End=897185369740 Duration=159
Task=63 Chunk=0 Start=897185369563 End=897185538092 Duration=168529
Task=63 Chunk=1 Start=897185538121 End=897185538267 Duration=146
Task=64 Chunk=0 Start=897185538104 End=897185690226 Duration=152122
Task=64 Chunk=1 Start=897185690254 End=897185690503 Duration=249
Task=65 Chunk=0 Start=897185690235 End=897185839517 Duration=149282
Task=65 Chunk=1 Start=897185839560 End=897185839717 Duration=157
Task=66 Chunk=0 Start=897185839533 End=897185996644 Duration=157111
Task=66 Chunk=1 Start=897185996667 End=897185996812 Duration=145
Task=67 Chunk=0 Start=897185996663 End=897186164494 Duration=167831
Task=67 Chunk=1 Start=897186164520 End=897186164701 Duration=181
Task=68 Chunk=0 Start=897186164509 End=897186337327 Duration=172818
Task=68 Chunk=1 Start=897186337345 End=897186337499 Duration=154
Task=69 Chunk=0 Start=897186337338 End=897186508563 Duration=171225
Task=69 Chunk=1 Start=897186508587 End=897186508759 Duration=172
Task=70 Chunk=0 Start=897186508586 End=897186681749 Duration=173163
Task=70 Chunk=1 Start=897186681773 End=897186681911 Duration=138
Task=71 Chunk=0 Start=897186681757 End=897186852381 Duration=170624
Task=71 Chunk=1 Start=897186852407 End=897186852550 Duration=143
Task=72 Chunk=0 Start=897186852386 End=897187014219 Duration=161833
Task=72 Chunk=1 Start=897187014249 End=897187014422 Duration=173
Task=73 Chunk=0 Start=897187014237 End=897187184973 Duration=170736
Task=73 Chunk=1 Start=897187185000 End=897187185144 Duration=144
Task=74 Chunk=0 Start=897187184985 End=897187354324 Duration=169339
Task=74 Chunk=1 Start=897187354356 End=897187354527 Duration=171
Task=75 Chunk=0 Start=897187354329 End=897187527729 Duration=173400
Task=75 Chunk=1 Start=897187527762 End=897187527905 Duration=143
Task=76 Chunk=0 Start=897187527735 End=897187713391 Duration=185656
Task=76 Chunk=1 Start=897187713424 End=897187881999 Duration=168575
Task=77 Chunk=0 Start=897187713405 End=897187877726 Duration=164321
Task=77 Chunk=1 Start=897187882009 End=897187882172 Duration=163
Task=78 Chunk=0 Start=897187877743 End=897188060693 Duration=182950
Task=78 Chunk=1 Start=897188060735 End=897188060880 Duration=145
Task=79 Chunk=0 Start=897188060708 End=897188244138 Duration=183430
Task=79 Chunk=1 Start=897188244168 End=897188244369 Duration=201
Task=80 Chunk=0 Start=897188244151 End=897188428440 Duration=184289
Task=80 Chunk=1 Start=897188428460 End=897188428633 Duration=173
Task=81 Chunk=0 Start=897188428450 End=897188611320 Duration=182870
Task=81 Chunk=1 Start=897188611345 End=897188611528 Duration=183
Task=82 Chunk=0 Start=897188611342 End=897188796628 Duration=185286
Task=82 Chunk=1 Start=897188796646 End=897188796807 Duration=161
Task=83 Chunk=0 Start=897188796640 End=897188975097 Duration=178457
Task=83 Chunk=1 Start=897188975117 End=897188975250 Duration=133
Task=84 Chunk=0 Start=897188975110 End=897189155023 Duration=179913
Task=84 Chunk=1 Start=897189155069 End=897189155218 Duration=149
Task=85 Chunk=0 Start=897189155036 End=897189351923 Duration=196887
Task=85 Chunk=1 Start=897189351950 End=897189352129 Duration=179
Task=86 Chunk=0 Start=897189351939 End=897189529915 Duration=177976
Task=86 Chunk=1 Start=897189529946 End=897189530107 Duration=161
Task=87 Chunk=0 Start=897189529929 End=897189704921 Duration=174992
Task=87 Chunk=1 Start=897189704937 End=897189705221 Duration=284
Task=88 Chunk=0 Start=897189704935 End=897189886209 Duration=181274
Task=88 Chunk=1 Start=897189886249 End=897189886484 Duration=235
Task=89 Chunk=0 Start=897189886224 End=897190072674 Duration=186450
Task=89 Chunk=1 Start=897190072696 End=897190072859 Duration=163
Task=90 Chunk=0 Start=897190072687 End=897190257925 Duration=185238
Task=90 Chunk=1 Start=897190257945 End=897190258132 Duration=187
Task=91 Chunk=0 Start=897190257939 End=897190435655 Duration=177716
Task=91 Chunk=1 Start=897190435671 End=897190435817 Duration=146
Task=92 Chunk=0 Start=897190435659 End=897190615028 Duration=179369
Task=92 Chunk=1 Start=897190615049 End=897190615241 Duration=192
Task=93 Chunk=0 Start=897190615046 End=897190793284 Duration=178238
Task=93 Chunk=1 Start=897190793306 End=897190793513 Duration=207
Task=94 Chunk=0 Start=897190793298 End=897190969945 Duration=176647
Task=94 Chunk=1 Start=897190969973 End=897190970120 Duration=147
Task=95 Chunk=0 Start=897190969959 End=897191154063 Duration=184104
Task=95 Chunk=1 Start=897191154077 End=897191154296 Duration=219
Task=96 Chunk=0 Start=897191154070 End=897191341294 Duration=187224
Task=96 Chunk=1 Start=897191341328 End=897191341483 Duration=155
Task=97 Chunk=0 Start=897191341299 End=897191525906 Duration=184607
Task=97 Chunk=1 Start=897191525920 End=897191526051 Duration=131
Task=98 Chunk=0 Start=897191525912 End=897191708560 Duration=182648
Task=98 Chunk=1 Start=897191708588 End=897191708735 Duration=147
Task=99 Chunk=0 Start=897191708565 End=897191893798 Duration=185233
Task=99 Chunk=1 Start=897191893833 End=897191893977 Duration=144
# Frequency=24576000 Hz
# 1 cycle = 0.0406901 us
# 1 cycle = 4.06901e-05 ms
Schedule 7:
  Chunk 0 [Vulkan    ]: 1, 2, 3, 4, 5, 6, 7, 8
  Chunk 1 [OMP/Little]: 9
### Python End ###
### Python Begin ###
Task=0 Chunk=0 Start=897201158315 End=897201417995 Duration=259680
Task=0 Chunk=1 Start=897201418100 End=897201489601 Duration=71501
Task=0 Chunk=2 Start=897201489630 End=897201520075 Duration=30445
Task=1 Chunk=0 Start=897201418020 End=897201567898 Duration=149878
Task=1 Chunk=1 Start=897201567916 End=897201568099 Duration=183
Task=1 Chunk=2 Start=897201568119 End=897201570003 Duration=1884
Task=2 Chunk=0 Start=897201567906 End=897201703516 Duration=135610
Task=2 Chunk=1 Start=897201703531 End=897201703598 Duration=67
Task=2 Chunk=2 Start=897201703616 End=897201705535 Duration=1919
Task=3 Chunk=0 Start=897201703523 End=897201883502 Duration=179979
Task=3 Chunk=1 Start=897201883516 End=897201883574 Duration=58
Task=3 Chunk=2 Start=897201883601 End=897201883774 Duration=173
Task=4 Chunk=0 Start=897201883514 End=897202023322 Duration=139808
Task=4 Chunk=1 Start=897202023336 End=897202023376 Duration=40
Task=4 Chunk=2 Start=897202023385 End=897202023561 Duration=176
Task=5 Chunk=0 Start=897202023333 End=897202175606 Duration=152273
Task=5 Chunk=1 Start=897202175624 End=897202175666 Duration=42
Task=5 Chunk=2 Start=897202175688 End=897202175842 Duration=154
Task=6 Chunk=0 Start=897202175618 End=897202334362 Duration=158744
Task=6 Chunk=1 Start=897202334387 End=897202334431 Duration=44
Task=6 Chunk=2 Start=897202334456 End=897202334604 Duration=148
Task=7 Chunk=0 Start=897202334383 End=897202505051 Duration=170668
Task=7 Chunk=1 Start=897202505070 End=897202505151 Duration=81
Task=7 Chunk=2 Start=897202505162 End=897202505347 Duration=185
Task=8 Chunk=0 Start=897202505063 End=897202667126 Duration=162063
Task=8 Chunk=1 Start=897202667145 End=897202667189 Duration=44
Task=8 Chunk=2 Start=897202667212 End=897202667359 Duration=147
Task=9 Chunk=0 Start=897202667139 End=897202830960 Duration=163821
Task=9 Chunk=1 Start=897202830978 End=897202831021 Duration=43
Task=9 Chunk=2 Start=897202831043 End=897202831195 Duration=152
Task=10 Chunk=0 Start=897202830973 End=897202991654 Duration=160681
Task=10 Chunk=1 Start=897202991669 End=897202991704 Duration=35
Task=10 Chunk=2 Start=897202991731 End=897202991906 Duration=175
Task=11 Chunk=0 Start=897202991664 End=897203153295 Duration=161631
Task=11 Chunk=1 Start=897203153320 End=897203153354 Duration=34
Task=11 Chunk=2 Start=897203153357 End=897203153507 Duration=150
Task=12 Chunk=0 Start=897203153318 End=897203314913 Duration=161595
Task=12 Chunk=1 Start=897203314933 End=897203314972 Duration=39
Task=12 Chunk=2 Start=897203314996 End=897203315128 Duration=132
Task=13 Chunk=0 Start=897203314926 End=897203487761 Duration=172835
Task=13 Chunk=1 Start=897203487785 End=897203487815 Duration=30
Task=13 Chunk=2 Start=897203487825 End=897203487972 Duration=147
Task=14 Chunk=0 Start=897203487785 End=897203630864 Duration=143079
Task=14 Chunk=1 Start=897203630872 End=897203630922 Duration=50
Task=14 Chunk=2 Start=897203630946 End=897203631227 Duration=281
Task=15 Chunk=0 Start=897203630871 End=897203770639 Duration=139768
Task=15 Chunk=1 Start=897203770646 End=897203770675 Duration=29
Task=15 Chunk=2 Start=897203770686 End=897203770846 Duration=160
Task=16 Chunk=0 Start=897203770643 End=897203889563 Duration=118920
Task=16 Chunk=1 Start=897203889576 End=897203889606 Duration=30
Task=16 Chunk=2 Start=897203889632 End=897203889777 Duration=145
Task=17 Chunk=0 Start=897203889568 End=897204008954 Duration=119386
Task=17 Chunk=1 Start=897204008962 End=897204008991 Duration=29
Task=17 Chunk=2 Start=897204009012 End=897204009225 Duration=213
Task=18 Chunk=0 Start=897204008958 End=897204193142 Duration=184184
Task=18 Chunk=1 Start=897204193154 End=897204193187 Duration=33
Task=18 Chunk=2 Start=897204193204 End=897204193370 Duration=166
Task=19 Chunk=0 Start=897204193148 End=897204310139 Duration=116991
Task=19 Chunk=1 Start=897204310146 End=897204310181 Duration=35
Task=19 Chunk=2 Start=897204310203 End=897204310352 Duration=149
Task=20 Chunk=0 Start=897204310143 End=897204426334 Duration=116191
Task=20 Chunk=1 Start=897204426345 End=897204426381 Duration=36
Task=20 Chunk=2 Start=897204426402 End=897204426547 Duration=145
Task=21 Chunk=0 Start=897204426338 End=897204542390 Duration=116052
Task=21 Chunk=1 Start=897204542401 End=897204542431 Duration=30
Task=21 Chunk=2 Start=897204542454 End=897204542589 Duration=135
Task=22 Chunk=0 Start=897204542394 End=897204659350 Duration=116956
Task=22 Chunk=1 Start=897204659358 End=897204659389 Duration=31
Task=22 Chunk=2 Start=897204659402 End=897204659541 Duration=139
Task=23 Chunk=0 Start=897204659354 End=897204787557 Duration=128203
Task=23 Chunk=1 Start=897204787568 End=897204787595 Duration=27
Task=23 Chunk=2 Start=897204787602 End=897204787741 Duration=139
Task=24 Chunk=0 Start=897204787561 End=897204914471 Duration=126910
Task=24 Chunk=1 Start=897204914484 End=897204914511 Duration=27
Task=24 Chunk=2 Start=897204914515 End=897204914653 Duration=138
Task=25 Chunk=0 Start=897204914475 End=897205045328 Duration=130853
Task=25 Chunk=1 Start=897205045336 End=897205045368 Duration=32
Task=25 Chunk=2 Start=897205045388 End=897205045530 Duration=142
Task=26 Chunk=0 Start=897205045332 End=897205176521 Duration=131189
Task=26 Chunk=1 Start=897205176531 End=897205176560 Duration=29
Task=26 Chunk=2 Start=897205176576 End=897205176783 Duration=207
Task=27 Chunk=0 Start=897205176529 End=897205296415 Duration=119886
Task=27 Chunk=1 Start=897205296423 End=897205296462 Duration=39
Task=27 Chunk=2 Start=897205296478 End=897205296658 Duration=180
Task=28 Chunk=0 Start=897205296421 End=897205415312 Duration=118891
Task=28 Chunk=1 Start=897205415327 End=897205415360 Duration=33
Task=28 Chunk=2 Start=897205415366 End=897205415516 Duration=150
Task=29 Chunk=0 Start=897205415320 End=897205536193 Duration=120873
Task=29 Chunk=1 Start=897205536203 End=897205536233 Duration=30
Task=29 Chunk=2 Start=897205536237 End=897205536380 Duration=143
Task=30 Chunk=0 Start=897205536200 End=897205657009 Duration=120809
Task=30 Chunk=1 Start=897205657021 End=897205657050 Duration=29
Task=30 Chunk=2 Start=897205657079 End=897205657219 Duration=140
Task=31 Chunk=0 Start=897205657016 End=897205781915 Duration=124899
Task=31 Chunk=1 Start=897205781929 End=897205781960 Duration=31
Task=31 Chunk=2 Start=897205781989 End=897205782126 Duration=137
Task=32 Chunk=0 Start=897205781922 End=897205905566 Duration=123644
Task=32 Chunk=1 Start=897205905579 End=897205905611 Duration=32
Task=32 Chunk=2 Start=897205905618 End=897205905757 Duration=139
Task=33 Chunk=0 Start=897205905575 End=897206030067 Duration=124492
Task=33 Chunk=1 Start=897206030080 End=897206030112 Duration=32
Task=33 Chunk=2 Start=897206030122 End=897206030258 Duration=136
Task=34 Chunk=0 Start=897206030076 End=897206159526 Duration=129450
Task=34 Chunk=1 Start=897206159541 End=897206159573 Duration=32
Task=34 Chunk=2 Start=897206159603 End=897206159739 Duration=136
Task=35 Chunk=0 Start=897206159537 End=897206290038 Duration=130501
Task=35 Chunk=1 Start=897206290055 End=897206290092 Duration=37
Task=35 Chunk=2 Start=897206290119 End=897206290263 Duration=144
Task=36 Chunk=0 Start=897206290048 End=897206429820 Duration=139772
Task=36 Chunk=1 Start=897206429842 End=897206429879 Duration=37
Task=36 Chunk=2 Start=897206429896 End=897206430113 Duration=217
Task=37 Chunk=0 Start=897206429838 End=897206575633 Duration=145795
Task=37 Chunk=1 Start=897206575656 End=897206575688 Duration=32
Task=37 Chunk=2 Start=897206575698 End=897206575860 Duration=162
Task=38 Chunk=0 Start=897206575652 End=897206719211 Duration=143559
Task=38 Chunk=1 Start=897206719226 End=897206719260 Duration=34
Task=38 Chunk=2 Start=897206719289 End=897206719437 Duration=148
Task=39 Chunk=0 Start=897206719222 End=897206861570 Duration=142348
Task=39 Chunk=1 Start=897206861584 End=897206861619 Duration=35
Task=39 Chunk=2 Start=897206861639 End=897206861771 Duration=132
Task=40 Chunk=0 Start=897206861582 End=897207004563 Duration=142981
Task=40 Chunk=1 Start=897207004577 End=897207004614 Duration=37
Task=40 Chunk=2 Start=897207004640 End=897207004784 Duration=144
Task=41 Chunk=0 Start=897207004574 End=897207146840 Duration=142266
Task=41 Chunk=1 Start=897207146854 End=897207146892 Duration=38
Task=41 Chunk=2 Start=897207146909 End=897207147190 Duration=281
Task=42 Chunk=0 Start=897207146850 End=897207261907 Duration=115057
Task=42 Chunk=1 Start=897207261917 End=897207261956 Duration=39
Task=42 Chunk=2 Start=897207261982 End=897207262235 Duration=253
Task=43 Chunk=0 Start=897207261912 End=897207373916 Duration=112004
Task=43 Chunk=1 Start=897207373929 End=897207373962 Duration=33
Task=43 Chunk=2 Start=897207373969 End=897207374122 Duration=153
Task=44 Chunk=0 Start=897207373922 End=897207494936 Duration=121014
Task=44 Chunk=1 Start=897207494945 End=897207494978 Duration=33
Task=44 Chunk=2 Start=897207494992 End=897207495135 Duration=143
Task=45 Chunk=0 Start=897207494941 End=897207611702 Duration=116761
Task=45 Chunk=1 Start=897207611708 End=897207611740 Duration=32
Task=45 Chunk=2 Start=897207611761 End=897207611898 Duration=137
Task=46 Chunk=0 Start=897207611706 End=897207712873 Duration=101167
Task=46 Chunk=1 Start=897207712881 End=897207712910 Duration=29
Task=46 Chunk=2 Start=897207712913 End=897207713134 Duration=221
Task=47 Chunk=0 Start=897207712878 End=897207822538 Duration=109660
Task=47 Chunk=1 Start=897207822550 End=897207822587 Duration=37
Task=47 Chunk=2 Start=897207822594 End=897207822748 Duration=154
Task=48 Chunk=0 Start=897207822545 End=897207929561 Duration=107016
Task=48 Chunk=1 Start=897207929574 End=897207929605 Duration=31
Task=48 Chunk=2 Start=897207929612 End=897207929747 Duration=135
Task=49 Chunk=0 Start=897207929566 End=897208036646 Duration=107080
Task=49 Chunk=1 Start=897208036657 End=897208036691 Duration=34
Task=49 Chunk=2 Start=897208036709 End=897208036849 Duration=140
Task=50 Chunk=0 Start=897208036651 End=897208147967 Duration=111316
Task=50 Chunk=1 Start=897208147983 End=897208148015 Duration=32
Task=50 Chunk=2 Start=897208148032 End=897208148176 Duration=144
Task=51 Chunk=0 Start=897208147977 End=897208269194 Duration=121217
Task=51 Chunk=1 Start=897208269210 End=897208269242 Duration=32
Task=51 Chunk=2 Start=897208269250 End=897208269393 Duration=143
Task=52 Chunk=0 Start=897208269205 End=897208394511 Duration=125306
Task=52 Chunk=1 Start=897208394526 End=897208394558 Duration=32
Task=52 Chunk=2 Start=897208394573 End=897208394793 Duration=220
Task=53 Chunk=0 Start=897208394523 End=897208525599 Duration=131076
Task=53 Chunk=1 Start=897208525614 End=897208525646 Duration=32
Task=53 Chunk=2 Start=897208525671 End=897208525897 Duration=226
Task=54 Chunk=0 Start=897208525608 End=897208650359 Duration=124751
Task=54 Chunk=1 Start=897208650374 End=897208650407 Duration=33
Task=54 Chunk=2 Start=897208650415 End=897208650582 Duration=167
Task=55 Chunk=0 Start=897208650369 End=897208773799 Duration=123430
Task=55 Chunk=1 Start=897208773813 End=897208773845 Duration=32
Task=55 Chunk=2 Start=897208773864 End=897208774007 Duration=143
Task=56 Chunk=0 Start=897208773808 End=897208902212 Duration=128404
Task=56 Chunk=1 Start=897208902230 End=897208902264 Duration=34
Task=56 Chunk=2 Start=897208902277 End=897208902496 Duration=219
Task=57 Chunk=0 Start=897208902229 End=897209034175 Duration=131946
Task=57 Chunk=1 Start=897209034207 End=897209034239 Duration=32
Task=57 Chunk=2 Start=897209034249 End=897209034411 Duration=162
Task=58 Chunk=0 Start=897209034192 End=897209206273 Duration=172081
Task=58 Chunk=1 Start=897209206292 End=897209206325 Duration=33
Task=58 Chunk=2 Start=897209206330 End=897209206485 Duration=155
Task=59 Chunk=0 Start=897209206287 End=897209347149 Duration=140862
Task=59 Chunk=1 Start=897209347172 End=897209347202 Duration=30
Task=59 Chunk=2 Start=897209347212 End=897209347353 Duration=141
Task=60 Chunk=0 Start=897209347166 End=897209488934 Duration=141768
Task=60 Chunk=1 Start=897209488953 End=897209488984 Duration=31
Task=60 Chunk=2 Start=897209488996 End=897209489137 Duration=141
Task=61 Chunk=0 Start=897209488946 End=897209629955 Duration=141009
Task=61 Chunk=1 Start=897209629974 End=897209630007 Duration=33
Task=61 Chunk=2 Start=897209630023 End=897209630158 Duration=135
Task=62 Chunk=0 Start=897209629965 End=897209771359 Duration=141394
Task=62 Chunk=1 Start=897209771374 End=897209771408 Duration=34
Task=62 Chunk=2 Start=897209771419 End=897209771556 Duration=137
Task=63 Chunk=0 Start=897209771369 End=897209911553 Duration=140184
Task=63 Chunk=1 Start=897209911570 End=897209911610 Duration=40
Task=63 Chunk=2 Start=897209911618 End=897209911753 Duration=135
Task=64 Chunk=0 Start=897209911566 End=897210055467 Duration=143901
Task=64 Chunk=1 Start=897210055485 End=897210055518 Duration=33
Task=64 Chunk=2 Start=897210055545 End=897210055690 Duration=145
Task=65 Chunk=0 Start=897210055478 End=897210205168 Duration=149690
Task=65 Chunk=1 Start=897210205194 End=897210205233 Duration=39
Task=65 Chunk=2 Start=897210205251 End=897210205481 Duration=230
Task=66 Chunk=0 Start=897210205186 End=897210336204 Duration=131018
Task=66 Chunk=1 Start=897210336216 End=897210336254 Duration=38
Task=66 Chunk=2 Start=897210336281 End=897210336548 Duration=267
Task=67 Chunk=0 Start=897210336214 End=897210458261 Duration=122047
Task=67 Chunk=1 Start=897210458273 End=897210458313 Duration=40
Task=67 Chunk=2 Start=897210458328 End=897210458486 Duration=158
Task=68 Chunk=0 Start=897210458268 End=897210574750 Duration=116482
Task=68 Chunk=1 Start=897210574760 End=897210574794 Duration=34
Task=68 Chunk=2 Start=897210574823 End=897210574968 Duration=145
Task=69 Chunk=0 Start=897210574758 End=897210707448 Duration=132690
Task=69 Chunk=1 Start=897210707457 End=897210707489 Duration=32
Task=69 Chunk=2 Start=897210707495 End=897210707636 Duration=141
Task=70 Chunk=0 Start=897210707454 End=897210840257 Duration=132803
Task=70 Chunk=1 Start=897210840271 End=897210840303 Duration=32
Task=70 Chunk=2 Start=897210840329 End=897210840467 Duration=138
Task=71 Chunk=0 Start=897210840264 End=897210979257 Duration=138993
Task=71 Chunk=1 Start=897210979274 End=897210979310 Duration=36
Task=71 Chunk=2 Start=897210979321 End=897210979462 Duration=141
Task=72 Chunk=0 Start=897210979268 End=897211130438 Duration=151170
Task=72 Chunk=1 Start=897211130455 End=897211130490 Duration=35
Task=72 Chunk=2 Start=897211130517 End=897211130655 Duration=138
Task=73 Chunk=0 Start=897211130452 End=897211284235 Duration=153783
Task=73 Chunk=1 Start=897211284250 End=897211284283 Duration=33
Task=73 Chunk=2 Start=897211284295 End=897211286255 Duration=1960
Task=74 Chunk=0 Start=897211284245 End=897211425911 Duration=141666
Task=74 Chunk=1 Start=897211425924 End=897211425954 Duration=30
Task=74 Chunk=2 Start=897211425984 End=897211426206 Duration=222
Task=75 Chunk=0 Start=897211425920 End=897211570937 Duration=145017
Task=75 Chunk=1 Start=897211570945 End=897211570976 Duration=31
Task=75 Chunk=2 Start=897211570991 End=897211571146 Duration=155
Task=76 Chunk=0 Start=897211570945 End=897211711757 Duration=140812
Task=76 Chunk=1 Start=897211711766 End=897211711797 Duration=31
Task=76 Chunk=2 Start=897211711820 End=897211711966 Duration=146
Task=77 Chunk=0 Start=897211711763 End=897211857259 Duration=145496
Task=77 Chunk=1 Start=897211857271 End=897211857301 Duration=30
Task=77 Chunk=2 Start=897211857325 End=897211857467 Duration=142
Task=78 Chunk=0 Start=897211857267 End=897212004017 Duration=146750
Task=78 Chunk=1 Start=897212004033 End=897212004064 Duration=31
Task=78 Chunk=2 Start=897212004091 End=897212004225 Duration=134
Task=79 Chunk=0 Start=897212004026 End=897212150590 Duration=146564
Task=79 Chunk=1 Start=897212150611 End=897212150646 Duration=35
Task=79 Chunk=2 Start=897212150668 End=897212150806 Duration=138
Task=80 Chunk=0 Start=897212150605 End=897212302295 Duration=151690
Task=80 Chunk=1 Start=897212302313 End=897212302347 Duration=34
Task=80 Chunk=2 Start=897212302362 End=897212302504 Duration=142
Task=81 Chunk=0 Start=897212302307 End=897212452487 Duration=150180
Task=81 Chunk=1 Start=897212452508 End=897212452540 Duration=32
Task=81 Chunk=2 Start=897212452556 End=897212452694 Duration=138
Task=82 Chunk=0 Start=897212452501 End=897212604231 Duration=151730
Task=82 Chunk=1 Start=897212604251 End=897212604285 Duration=34
Task=82 Chunk=2 Start=897212604309 End=897212605745 Duration=1436
Task=83 Chunk=0 Start=897212604247 End=897212762481 Duration=158234
Task=83 Chunk=1 Start=897212762502 End=897212762534 Duration=32
Task=83 Chunk=2 Start=897212762552 End=897212762759 Duration=207
Task=84 Chunk=0 Start=897212762494 End=897212916492 Duration=153998
Task=84 Chunk=1 Start=897212916514 End=897212916546 Duration=32
Task=84 Chunk=2 Start=897212916567 End=897212916725 Duration=158
Task=85 Chunk=0 Start=897212916507 End=897213068831 Duration=152324
Task=85 Chunk=1 Start=897213068849 End=897213068882 Duration=33
Task=85 Chunk=2 Start=897213068909 End=897213069055 Duration=146
Task=86 Chunk=0 Start=897213068842 End=897213218100 Duration=149258
Task=86 Chunk=1 Start=897213218118 End=897213218156 Duration=38
Task=86 Chunk=2 Start=897213218173 End=897213218317 Duration=144
Task=87 Chunk=0 Start=897213218111 End=897213372830 Duration=154719
Task=87 Chunk=1 Start=897213372853 End=897213372885 Duration=32
Task=87 Chunk=2 Start=897213372895 End=897213373041 Duration=146
Task=88 Chunk=0 Start=897213372845 End=897213520784 Duration=147939
Task=88 Chunk=1 Start=897213520799 End=897213520833 Duration=34
Task=88 Chunk=2 Start=897213520860 End=897213678045 Duration=157185
Task=89 Chunk=0 Start=897213520794 End=897213659568 Duration=138774
Task=89 Chunk=1 Start=897213659590 End=897213659622 Duration=32
Task=89 Chunk=2 Start=897213678050 End=897213678191 Duration=141
Task=90 Chunk=0 Start=897213659585 End=897213808906 Duration=149321
Task=90 Chunk=1 Start=897213808920 End=897213808952 Duration=32
Task=90 Chunk=2 Start=897213808968 End=897213809106 Duration=138
Task=91 Chunk=0 Start=897213808916 End=897213964053 Duration=155137
Task=91 Chunk=1 Start=897213964079 End=897213964110 Duration=31
Task=91 Chunk=2 Start=897213964122 End=897213964323 Duration=201
Task=92 Chunk=0 Start=897213964076 End=897214110970 Duration=146894
Task=92 Chunk=1 Start=897214110987 End=897214111020 Duration=33
Task=92 Chunk=2 Start=897214111025 End=897214111178 Duration=153
Task=93 Chunk=0 Start=897214110983 End=897214258563 Duration=147580
Task=93 Chunk=1 Start=897214258583 End=897214258615 Duration=32
Task=93 Chunk=2 Start=897214258620 End=897214258766 Duration=146
Task=94 Chunk=0 Start=897214258575 End=897214403766 Duration=145191
Task=94 Chunk=1 Start=897214403784 End=897214403818 Duration=34
Task=94 Chunk=2 Start=897214403841 End=897214403984 Duration=143
Task=95 Chunk=0 Start=897214403769 End=897214550334 Duration=146565
Task=95 Chunk=1 Start=897214550352 End=897214550383 Duration=31
Task=95 Chunk=2 Start=897214550395 End=897214550536 Duration=141
Task=96 Chunk=0 Start=897214550337 End=897214696781 Duration=146444
Task=96 Chunk=1 Start=897214696804 End=897214696837 Duration=33
Task=96 Chunk=2 Start=897214696864 End=897214696997 Duration=133
Task=97 Chunk=0 Start=897214696784 End=897214843297 Duration=146513
Task=97 Chunk=1 Start=897214843315 End=897214843350 Duration=35
Task=97 Chunk=2 Start=897214843356 End=897214843541 Duration=185
Task=98 Chunk=0 Start=897214843301 End=897214989082 Duration=145781
Task=98 Chunk=1 Start=897214989102 End=897214989136 Duration=34
Task=98 Chunk=2 Start=897214989149 End=897214989296 Duration=147
Task=99 Chunk=0 Start=897214989085 End=897215138083 Duration=148998
Task=99 Chunk=1 Start=897215138110 End=897215138140 Duration=30
Task=99 Chunk=2 Start=897215138158 End=897215139213 Duration=1055
# Frequency=24576000 Hz
# 1 cycle = 0.0406901 us
# 1 cycle = 4.06901e-05 ms
Schedule 8:
  Chunk 0 [Vulkan    ]: 1, 2, 3, 4, 5, 6, 7
  Chunk 1 [OMP/Big   ]: 8
  Chunk 2 [OMP/Little]: 9
### Python End ###
### Python Begin ###
Task=0 Chunk=0 Start=897223702830 End=897223949541 Duration=246711
Task=0 Chunk=1 Start=897223949571 End=897224001430 Duration=51859
Task=0 Chunk=2 Start=897224001463 End=897224029499 Duration=28036
Task=1 Chunk=0 Start=897223949553 End=897224081034 Duration=131481
Task=1 Chunk=1 Start=897224083351 End=897224083892 Duration=541
Task=1 Chunk=2 Start=897224083913 End=897224084890 Duration=977
Task=2 Chunk=0 Start=897224081036 End=897224208530 Duration=127494
Task=2 Chunk=1 Start=897224210164 End=897224210664 Duration=500
Task=2 Chunk=2 Start=897224210684 End=897224211564 Duration=880
Task=3 Chunk=0 Start=897224208531 End=897224338281 Duration=129750
Task=3 Chunk=1 Start=897224339764 End=897224340260 Duration=496
Task=3 Chunk=2 Start=897224340281 End=897224341135 Duration=854
Task=4 Chunk=0 Start=897224338281 End=897224463135 Duration=124854
Task=4 Chunk=1 Start=897224465702 End=897225314879 Duration=849177
Task=4 Chunk=2 Start=897225314890 End=897225316268 Duration=1378
Task=5 Chunk=0 Start=897224463136 End=897224588546 Duration=125410
Task=5 Chunk=1 Start=897225314887 End=897225319822 Duration=4935
Task=5 Chunk=2 Start=897225319838 End=897225322168 Duration=2330
Task=6 Chunk=0 Start=897224588547 End=897224717380 Duration=128833
Task=6 Chunk=1 Start=897225319824 End=897225319928 Duration=104
Task=6 Chunk=2 Start=897225322171 End=897225322293 Duration=122
Task=7 Chunk=0 Start=897224717382 End=897224839396 Duration=122014
Task=7 Chunk=1 Start=897225319928 End=897225319981 Duration=53
Task=7 Chunk=2 Start=897225322294 End=897225322416 Duration=122
Task=8 Chunk=0 Start=897224839399 End=897224957794 Duration=118395
Task=8 Chunk=1 Start=897225319982 End=897225320032 Duration=50
Task=8 Chunk=2 Start=897225322418 End=897225322534 Duration=116
Task=9 Chunk=0 Start=897224957798 End=897225080645 Duration=122847
Task=9 Chunk=1 Start=897225320033 End=897225320078 Duration=45
Task=9 Chunk=2 Start=897225322535 End=897225322647 Duration=112
Task=10 Chunk=0 Start=897225080650 End=897225197774 Duration=117124
Task=10 Chunk=1 Start=897225320078 End=897225320117 Duration=39
Task=10 Chunk=2 Start=897225322648 End=897225322760 Duration=112
Task=11 Chunk=0 Start=897225197778 End=897225316854 Duration=119076
Task=11 Chunk=1 Start=897225320117 End=897225320155 Duration=38
Task=11 Chunk=2 Start=897225322761 End=897225322856 Duration=95
Task=12 Chunk=0 Start=897225316855 End=897225460254 Duration=143399
Task=12 Chunk=1 Start=897225460273 End=897225460432 Duration=159
Task=12 Chunk=2 Start=897225460452 End=897225460655 Duration=203
Task=13 Chunk=0 Start=897225460265 End=897225587334 Duration=127069
Task=13 Chunk=1 Start=897225588230 End=897225588355 Duration=125
Task=13 Chunk=2 Start=897225588382 End=897225588567 Duration=185
Task=14 Chunk=0 Start=897225587335 End=897225715206 Duration=127871
Task=14 Chunk=1 Start=897225716067 End=897225716190 Duration=123
Task=14 Chunk=2 Start=897225716195 End=897225716374 Duration=179
Task=15 Chunk=0 Start=897225715207 End=897225905677 Duration=190470
Task=15 Chunk=1 Start=897225905687 End=897225905813 Duration=126
Task=15 Chunk=2 Start=897225905825 End=897225906009 Duration=184
Task=16 Chunk=0 Start=897225905679 End=897226041472 Duration=135793
Task=16 Chunk=1 Start=897226041479 End=897226041536 Duration=57
Task=16 Chunk=2 Start=897226041562 End=897226041732 Duration=170
Task=17 Chunk=0 Start=897226041472 End=897226173584 Duration=132112
Task=17 Chunk=1 Start=897226173593 End=897226173639 Duration=46
Task=17 Chunk=2 Start=897226173651 End=897226173815 Duration=164
Task=18 Chunk=0 Start=897226173586 End=897226310605 Duration=137019
Task=18 Chunk=1 Start=897226310616 End=897226310658 Duration=42
Task=18 Chunk=2 Start=897226310675 End=897226310843 Duration=168
Task=19 Chunk=0 Start=897226310607 End=897226448365 Duration=137758
Task=19 Chunk=1 Start=897226448372 End=897226448414 Duration=42
Task=19 Chunk=2 Start=897226448441 End=897226448624 Duration=183
Task=20 Chunk=0 Start=897226448372 End=897226587881 Duration=139509
Task=20 Chunk=1 Start=897226587892 End=897226587945 Duration=53
Task=20 Chunk=2 Start=897226587963 End=897226588191 Duration=228
Task=21 Chunk=0 Start=897226587882 End=897226729077 Duration=141195
Task=21 Chunk=1 Start=897226729084 End=897226729131 Duration=47
Task=21 Chunk=2 Start=897226729138 End=897226729314 Duration=176
Task=22 Chunk=0 Start=897226729080 End=897226867718 Duration=138638
Task=22 Chunk=1 Start=897226867726 End=897226867763 Duration=37
Task=22 Chunk=2 Start=897226867786 End=897226867953 Duration=167
Task=23 Chunk=0 Start=897226867722 End=897227007754 Duration=140032
Task=23 Chunk=1 Start=897227007763 End=897227007802 Duration=39
Task=23 Chunk=2 Start=897227007819 End=897227007975 Duration=156
Task=24 Chunk=0 Start=897227007762 End=897227143078 Duration=135316
Task=24 Chunk=1 Start=897227143090 End=897227143138 Duration=48
Task=24 Chunk=2 Start=897227143156 End=897227143321 Duration=165
Task=25 Chunk=0 Start=897227143079 End=897227281756 Duration=138677
Task=25 Chunk=1 Start=897227281765 End=897227281802 Duration=37
Task=25 Chunk=2 Start=897227281827 End=897227281992 Duration=165
Task=26 Chunk=0 Start=897227281758 End=897227424239 Duration=142481
Task=26 Chunk=1 Start=897227424250 End=897227424287 Duration=37
Task=26 Chunk=2 Start=897227424291 End=897227424458 Duration=167
Task=27 Chunk=0 Start=897227424241 End=897227566055 Duration=141814
Task=27 Chunk=1 Start=897227566068 End=897227566106 Duration=38
Task=27 Chunk=2 Start=897227566110 End=897227566288 Duration=178
Task=28 Chunk=0 Start=897227566056 End=897227707165 Duration=141109
Task=28 Chunk=1 Start=897227707177 End=897227707211 Duration=34
Task=28 Chunk=2 Start=897227707238 End=897227707394 Duration=156
Task=29 Chunk=0 Start=897227707167 End=897227839521 Duration=132354
Task=29 Chunk=1 Start=897227839526 End=897227839592 Duration=66
Task=29 Chunk=2 Start=897227839609 End=897227839907 Duration=298
Task=30 Chunk=0 Start=897227839524 End=897227958266 Duration=118742
Task=30 Chunk=1 Start=897227958271 End=897227958311 Duration=40
Task=30 Chunk=2 Start=897227958334 End=897227958518 Duration=184
Task=31 Chunk=0 Start=897227958267 End=897228077091 Duration=118824
Task=31 Chunk=1 Start=897228077095 End=897228077131 Duration=36
Task=31 Chunk=2 Start=897228077139 End=897228077314 Duration=175
Task=32 Chunk=0 Start=897228077092 End=897228194982 Duration=117890
Task=32 Chunk=1 Start=897228194993 End=897228195029 Duration=36
Task=32 Chunk=2 Start=897228195045 End=897228195233 Duration=188
Task=33 Chunk=0 Start=897228194982 End=897228318115 Duration=123133
Task=33 Chunk=1 Start=897228318120 End=897228318162 Duration=42
Task=33 Chunk=2 Start=897228318181 End=897228318366 Duration=185
Task=34 Chunk=0 Start=897228318119 End=897228445000 Duration=126881
Task=34 Chunk=1 Start=897228445006 End=897228445046 Duration=40
Task=34 Chunk=2 Start=897228445048 End=897228445212 Duration=164
Task=35 Chunk=0 Start=897228445001 End=897228576381 Duration=131380
Task=35 Chunk=1 Start=897228576391 End=897228576423 Duration=32
Task=35 Chunk=2 Start=897228576444 End=897228576610 Duration=166
Task=36 Chunk=0 Start=897228576382 End=897228699945 Duration=123563
Task=36 Chunk=1 Start=897228699956 End=897228700001 Duration=45
Task=36 Chunk=2 Start=897228700022 End=897228700184 Duration=162
Task=37 Chunk=0 Start=897228699946 End=897228819601 Duration=119655
Task=37 Chunk=1 Start=897228819630 End=897228819667 Duration=37
Task=37 Chunk=2 Start=897228819681 End=897228819849 Duration=168
Task=38 Chunk=0 Start=897228819623 End=897228934119 Duration=114496
Task=38 Chunk=1 Start=897228934125 End=897228934161 Duration=36
Task=38 Chunk=2 Start=897228934166 End=897228934322 Duration=156
Task=39 Chunk=0 Start=897228934124 End=897229050858 Duration=116734
Task=39 Chunk=1 Start=897229050865 End=897229050901 Duration=36
Task=39 Chunk=2 Start=897229050918 End=897229051078 Duration=160
Task=40 Chunk=0 Start=897229050860 End=897229169216 Duration=118356
Task=40 Chunk=1 Start=897229169229 End=897229169264 Duration=35
Task=40 Chunk=2 Start=897229169283 End=897229169442 Duration=159
Task=41 Chunk=0 Start=897229169223 End=897229288512 Duration=119289
Task=41 Chunk=1 Start=897229288521 End=897229288560 Duration=39
Task=41 Chunk=2 Start=897229288585 End=897229288754 Duration=169
Task=42 Chunk=0 Start=897229288513 End=897229410139 Duration=121626
Task=42 Chunk=1 Start=897229410151 End=897229410187 Duration=36
Task=42 Chunk=2 Start=897229410211 End=897229410369 Duration=158
Task=43 Chunk=0 Start=897229410140 End=897229534123 Duration=123983
Task=43 Chunk=1 Start=897229534133 End=897229534169 Duration=36
Task=43 Chunk=2 Start=897229534188 End=897229534397 Duration=209
Task=44 Chunk=0 Start=897229534124 End=897229655688 Duration=121564
Task=44 Chunk=1 Start=897229655700 End=897229655735 Duration=35
Task=44 Chunk=2 Start=897229655764 End=897229655935 Duration=171
Task=45 Chunk=0 Start=897229655696 End=897229776285 Duration=120589
Task=45 Chunk=1 Start=897229776296 End=897229776334 Duration=38
Task=45 Chunk=2 Start=897229776349 End=897229776522 Duration=173
Task=46 Chunk=0 Start=897229776288 End=897229897578 Duration=121290
Task=46 Chunk=1 Start=897229897590 End=897229897626 Duration=36
Task=46 Chunk=2 Start=897229897645 End=897229897808 Duration=163
Task=47 Chunk=0 Start=897229897581 End=897230018843 Duration=121262
Task=47 Chunk=1 Start=897230018856 End=897230018892 Duration=36
Task=47 Chunk=2 Start=897230018903 End=897230019064 Duration=161
Task=48 Chunk=0 Start=897230018847 End=897230139922 Duration=121075
Task=48 Chunk=1 Start=897230139930 End=897230139967 Duration=37
Task=48 Chunk=2 Start=897230139988 End=897230140146 Duration=158
Task=49 Chunk=0 Start=897230139926 End=897230260473 Duration=120547
Task=49 Chunk=1 Start=897230260486 End=897230260524 Duration=38
Task=49 Chunk=2 Start=897230260533 End=897230260690 Duration=157
Task=50 Chunk=0 Start=897230260476 End=897230378917 Duration=118441
Task=50 Chunk=1 Start=897230378930 End=897230378966 Duration=36
Task=50 Chunk=2 Start=897230378989 End=897230379148 Duration=159
Task=51 Chunk=0 Start=897230378919 End=897230498904 Duration=119985
Task=51 Chunk=1 Start=897230498918 End=897230498956 Duration=38
Task=51 Chunk=2 Start=897230498971 End=897230499142 Duration=171
Task=52 Chunk=0 Start=897230498906 End=897230620057 Duration=121151
Task=52 Chunk=1 Start=897230620065 End=897230620102 Duration=37
Task=52 Chunk=2 Start=897230620121 End=897230620272 Duration=151
Task=53 Chunk=0 Start=897230620059 End=897230737935 Duration=117876
Task=53 Chunk=1 Start=897230737947 End=897230738005 Duration=58
Task=53 Chunk=2 Start=897230738022 End=897230738319 Duration=297
Task=54 Chunk=0 Start=897230737941 End=897230841159 Duration=103218
Task=54 Chunk=1 Start=897230841165 End=897230841206 Duration=41
Task=54 Chunk=2 Start=897230841215 End=897230841398 Duration=183
Task=55 Chunk=0 Start=897230841160 End=897230943700 Duration=102540
Task=55 Chunk=1 Start=897230943712 End=897230943756 Duration=44
Task=55 Chunk=2 Start=897230943777 End=897230943940 Duration=163
Task=56 Chunk=0 Start=897230943701 End=897231052077 Duration=108376
Task=56 Chunk=1 Start=897231052091 End=897231052137 Duration=46
Task=56 Chunk=2 Start=897231052155 End=897231052317 Duration=162
Task=57 Chunk=0 Start=897231052086 End=897231166073 Duration=113987
Task=57 Chunk=1 Start=897231166088 End=897231166123 Duration=35
Task=57 Chunk=2 Start=897231166147 End=897231166310 Duration=163
Task=58 Chunk=0 Start=897231166081 End=897231283836 Duration=117755
Task=58 Chunk=1 Start=897231283851 End=897231283899 Duration=48
Task=58 Chunk=2 Start=897231283915 End=897231284083 Duration=168
Task=59 Chunk=0 Start=897231283840 End=897231404071 Duration=120231
Task=59 Chunk=1 Start=897231404084 End=897231404122 Duration=38
Task=59 Chunk=2 Start=897231404136 End=897231404310 Duration=174
Task=60 Chunk=0 Start=897231404074 End=897231524752 Duration=120678
Task=60 Chunk=1 Start=897231524761 End=897231524795 Duration=34
Task=60 Chunk=2 Start=897231524813 End=897231524968 Duration=155
Task=61 Chunk=0 Start=897231524755 End=897231644856 Duration=120101
Task=61 Chunk=1 Start=897231644864 End=897231644911 Duration=47
Task=61 Chunk=2 Start=897231644939 End=897231645158 Duration=219
Task=62 Chunk=0 Start=897231644865 End=897231767071 Duration=122206
Task=62 Chunk=1 Start=897231767080 End=897231767118 Duration=38
Task=62 Chunk=2 Start=897231767125 End=897231767296 Duration=171
Task=63 Chunk=0 Start=897231767075 End=897231887841 Duration=120766
Task=63 Chunk=1 Start=897231887851 End=897231887895 Duration=44
Task=63 Chunk=2 Start=897231887918 End=897231888080 Duration=162
Task=64 Chunk=0 Start=897231887845 End=897232010518 Duration=122673
Task=64 Chunk=1 Start=897232010530 End=897232010575 Duration=45
Task=64 Chunk=2 Start=897232010589 End=897232010821 Duration=232
Task=65 Chunk=0 Start=897232010526 End=897232132512 Duration=121986
Task=65 Chunk=1 Start=897232132522 End=897232132561 Duration=39
Task=65 Chunk=2 Start=897232132579 End=897232132852 Duration=273
Task=66 Chunk=0 Start=897232132514 End=897232253205 Duration=120691
Task=66 Chunk=1 Start=897232253213 End=897232253253 Duration=40
Task=66 Chunk=2 Start=897232253278 End=897232253456 Duration=178
Task=67 Chunk=0 Start=897232253207 End=897232373415 Duration=120208
Task=67 Chunk=1 Start=897232373427 End=897232373473 Duration=46
Task=67 Chunk=2 Start=897232373493 End=897232373668 Duration=175
Task=68 Chunk=0 Start=897232373416 End=897232493515 Duration=120099
Task=68 Chunk=1 Start=897232493534 End=897232493577 Duration=43
Task=68 Chunk=2 Start=897232493581 End=897232493744 Duration=163
Task=69 Chunk=0 Start=897232493517 End=897232614022 Duration=120505
Task=69 Chunk=1 Start=897232614030 End=897232614066 Duration=36
Task=69 Chunk=2 Start=897232614090 End=897232614259 Duration=169
Task=70 Chunk=0 Start=897232614024 End=897232735569 Duration=121545
Task=70 Chunk=1 Start=897232735577 End=897232735618 Duration=41
Task=70 Chunk=2 Start=897232735626 End=897232735802 Duration=176
Task=71 Chunk=0 Start=897232735571 End=897232856543 Duration=120972
Task=71 Chunk=1 Start=897232856563 End=897232856599 Duration=36
Task=71 Chunk=2 Start=897232856628 End=897232856788 Duration=160
Task=72 Chunk=0 Start=897232856544 End=897232974987 Duration=118443
Task=72 Chunk=1 Start=897232974994 End=897232975035 Duration=41
Task=72 Chunk=2 Start=897232975043 End=897232975205 Duration=162
Task=73 Chunk=0 Start=897232974988 End=897233093536 Duration=118548
Task=73 Chunk=1 Start=897233093550 End=897233093585 Duration=35
Task=73 Chunk=2 Start=897233093595 End=897233094340 Duration=745
Task=74 Chunk=0 Start=897233093538 End=897233219564 Duration=126026
Task=74 Chunk=1 Start=897233219578 End=897233219616 Duration=38
Task=74 Chunk=2 Start=897233220692 End=897233220951 Duration=259
Task=75 Chunk=0 Start=897233219576 End=897233338910 Duration=119334
Task=75 Chunk=1 Start=897233338925 End=897233338962 Duration=37
Task=75 Chunk=2 Start=897233338990 End=897233339191 Duration=201
Task=76 Chunk=0 Start=897233338912 End=897233454507 Duration=115595
Task=76 Chunk=1 Start=897233454519 End=897233454575 Duration=56
Task=76 Chunk=2 Start=897233454594 End=897233454843 Duration=249
Task=77 Chunk=0 Start=897233454513 End=897233557998 Duration=103485
Task=77 Chunk=1 Start=897233558002 End=897233558042 Duration=40
Task=77 Chunk=2 Start=897233558056 End=897233558226 Duration=170
Task=78 Chunk=0 Start=897233557999 End=897233668517 Duration=110518
Task=78 Chunk=1 Start=897233668531 End=897233668570 Duration=39
Task=78 Chunk=2 Start=897233668584 End=897233668747 Duration=163
Task=79 Chunk=0 Start=897233668517 End=897233788040 Duration=119523
Task=79 Chunk=1 Start=897233788048 End=897233788085 Duration=37
Task=79 Chunk=2 Start=897233788103 End=897233788264 Duration=161
Task=80 Chunk=0 Start=897233788041 End=897233908030 Duration=119989
Task=80 Chunk=1 Start=897233908040 End=897233908077 Duration=37
Task=80 Chunk=2 Start=897233908102 End=897233908262 Duration=160
Task=81 Chunk=0 Start=897233908031 End=897234028363 Duration=120332
Task=81 Chunk=1 Start=897234028372 End=897234028407 Duration=35
Task=81 Chunk=2 Start=897234028423 End=897234028579 Duration=156
Task=82 Chunk=0 Start=897234028365 End=897234149507 Duration=121142
Task=82 Chunk=1 Start=897234149516 End=897234149551 Duration=35
Task=82 Chunk=2 Start=897234149565 End=897234149739 Duration=174
Task=83 Chunk=0 Start=897234149508 End=897234270437 Duration=120929
Task=83 Chunk=1 Start=897234270445 End=897234270492 Duration=47
Task=83 Chunk=2 Start=897234270515 End=897234270673 Duration=158
Task=84 Chunk=0 Start=897234270438 End=897234389192 Duration=118754
Task=84 Chunk=1 Start=897234389204 End=897234389283 Duration=79
Task=84 Chunk=2 Start=897234389312 End=897234389542 Duration=230
Task=85 Chunk=0 Start=897234389193 End=897234509287 Duration=120094
Task=85 Chunk=1 Start=897234509305 End=897234509349 Duration=44
Task=85 Chunk=2 Start=897234509361 End=897234509611 Duration=250
Task=86 Chunk=0 Start=897234509288 End=897234632617 Duration=123329
Task=86 Chunk=1 Start=897234632636 End=897234632673 Duration=37
Task=86 Chunk=2 Start=897234632678 End=897234632860 Duration=182
Task=87 Chunk=0 Start=897234632619 End=897234753682 Duration=121063
Task=87 Chunk=1 Start=897234753693 End=897234753733 Duration=40
Task=87 Chunk=2 Start=897234753744 End=897234753912 Duration=168
Task=88 Chunk=0 Start=897234753684 End=897234872292 Duration=118608
Task=88 Chunk=1 Start=897234872306 End=897234872345 Duration=39
Task=88 Chunk=2 Start=897234872374 End=897234872538 Duration=164
Task=89 Chunk=0 Start=897234872294 End=897234991959 Duration=119665
Task=89 Chunk=1 Start=897234991973 End=897234992013 Duration=40
Task=89 Chunk=2 Start=897234992042 End=897234992208 Duration=166
Task=90 Chunk=0 Start=897234991968 End=897235109827 Duration=117859
Task=90 Chunk=1 Start=897235109839 End=897235109877 Duration=38
Task=90 Chunk=2 Start=897235109889 End=897235110052 Duration=163
Task=91 Chunk=0 Start=897235109829 End=897235227095 Duration=117266
Task=91 Chunk=1 Start=897235227109 End=897235227144 Duration=35
Task=91 Chunk=2 Start=897235227154 End=897235227316 Duration=162
Task=92 Chunk=0 Start=897235227096 End=897235343889 Duration=116793
Task=92 Chunk=1 Start=897235343900 End=897235343935 Duration=35
Task=92 Chunk=2 Start=897235343938 End=897235344098 Duration=160
Task=93 Chunk=0 Start=897235343890 End=897235460423 Duration=116533
Task=93 Chunk=1 Start=897235460436 End=897235460472 Duration=36
Task=93 Chunk=2 Start=897235460492 End=897235460654 Duration=162
Task=94 Chunk=0 Start=897235460425 End=897235580286 Duration=119861
Task=94 Chunk=1 Start=897235580294 End=897235580365 Duration=71
Task=94 Chunk=2 Start=897235580390 End=897235580554 Duration=164
Task=95 Chunk=0 Start=897235580288 End=897235702318 Duration=122030
Task=95 Chunk=1 Start=897235702331 End=897235702368 Duration=37
Task=95 Chunk=2 Start=897235702387 End=897235702609 Duration=222
Task=96 Chunk=0 Start=897235702320 End=897235825104 Duration=122784
Task=96 Chunk=1 Start=897235825115 End=897235825153 Duration=38
Task=96 Chunk=2 Start=897235825170 End=897235825404 Duration=234
Task=97 Chunk=0 Start=897235825106 End=897235945125 Duration=120019
Task=97 Chunk=1 Start=897235945139 End=897235945176 Duration=37
Task=97 Chunk=2 Start=897235945201 End=897235945374 Duration=173
Task=98 Chunk=0 Start=897235945127 End=897236068692 Duration=123565
Task=98 Chunk=1 Start=897236068700 End=897236068737 Duration=37
Task=98 Chunk=2 Start=897236147983 End=897236148181 Duration=198
Task=99 Chunk=0 Start=897236068700 End=897236181886 Duration=113186
Task=99 Chunk=1 Start=897236181896 End=897236181932 Duration=36
Task=99 Chunk=2 Start=897236181939 End=897236182444 Duration=505
# Frequency=24576000 Hz
# 1 cycle = 0.0406901 us
# 1 cycle = 4.06901e-05 ms
Schedule 9:
  Chunk 0 [Vulkan    ]: 1, 2, 3, 4, 5, 6, 7
  Chunk 1 [OMP/Medium]: 8
  Chunk 2 [OMP/Little]: 9
### Python End ###

[2/2] Processing device: 9b034f1b
Deploying and running 'bm-gen-logs-cifar-dense-vk' on device: 9b034f1b
build/android/arm64-v8a/release/bm-gen-logs-cifar-dense-vk: 1 file pushed, 0 skipped. 487.6 MB/s (6906832 bytes in 0.014s)
[2025-04-17 11:41:37.633] [info] Little cores: 0 1 2 
[2025-04-17 11:41:37.634] [info] Medium cores: 3 4 
[2025-04-17 11:41:37.634] [info] Big cores: 5 6 7 
