
[1/2] Processing device: 3A021JEHN02756
Deploying and running 'bm-gen-logs-cifar-sparse-vk' on device: 3A021JEHN02756
build/android/arm64-v8a/release/bm-gen-logs-cifar-sparse-vk: 1 file pushed, 0 skipped. 489.7 MB/s (6906832 bytes in 0.013s)
[2025-04-17 12:31:23.807] [info] Little cores: 0 1 2 3 
[2025-04-17 12:31:23.808] [info] Medium cores: 4 5 
[2025-04-17 12:31:23.808] [info] Big cores: 6 7 
--------------------------------
Schedule 0 [UID: SCH-B9-G000-8f9d]:
  Chunk 0 [OMP/Big   ]: 1, 2, 3, 4, 5, 6, 7, 8, 9
--------------------------------
Schedule 1 [UID: SCH-G9-G000-2dd3]:
  Chunk 0 [Vulkan    ]: 1, 2, 3, 4, 5, 6, 7, 8, 9
--------------------------------
Schedule 2 [UID: SCH-M9-G000-5126]:
  Chunk 0 [OMP/Medium]: 1, 2, 3, 4, 5, 6, 7, 8, 9
--------------------------------
Schedule 3 [UID: SCH-L9-G000-7238]:
  Chunk 0 [OMP/Little]: 1, 2, 3, 4, 5, 6, 7, 8, 9
--------------------------------
Schedule 4 [UID: SCH-G4B5-G008-be3e]:
  Chunk 0 [Vulkan    ]: 1, 2, 3, 4
  Chunk 1 [OMP/Big   ]: 5, 6, 7, 8, 9
--------------------------------
Schedule 5 [UID: SCH-G3M2B4-G022-de62]:
  Chunk 0 [Vulkan    ]: 1, 2, 3
  Chunk 1 [OMP/Medium]: 4, 5
  Chunk 2 [OMP/Big   ]: 6, 7, 8, 9
--------------------------------
Schedule 6 [UID: SCH-B5L4-G072-7763]:
  Chunk 0 [OMP/Big   ]: 1, 2, 3, 4, 5
  Chunk 1 [OMP/Little]: 6, 7, 8, 9
--------------------------------
Schedule 7 [UID: SCH-B2M7-G111-4e57]:
  Chunk 0 [OMP/Big   ]: 1, 2
  Chunk 1 [OMP/Medium]: 3, 4, 5, 6, 7, 8, 9
--------------------------------
Schedule 8 [UID: SCH-G4M5-G116-b2c6]:
  Chunk 0 [Vulkan    ]: 1, 2, 3, 4
  Chunk 1 [OMP/Medium]: 5, 6, 7, 8, 9
--------------------------------
Schedule 9 [UID: SCH-M5L4-G126-e71e]:
  Chunk 0 [OMP/Medium]: 1, 2, 3, 4, 5
  Chunk 1 [OMP/Little]: 6, 7, 8, 9
--------------------------------
Schedule 10 [UID: SCH-G3B2M4-G139-f686]:
  Chunk 0 [Vulkan    ]: 1, 2, 3
  Chunk 1 [OMP/Big   ]: 4, 5
  Chunk 2 [OMP/Medium]: 6, 7, 8, 9
--------------------------------
Schedule 11 [UID: SCH-M2B7-G166-da61]:
  Chunk 0 [OMP/Medium]: 1, 2
  Chunk 1 [OMP/Big   ]: 3, 4, 5, 6, 7, 8, 9
--------------------------------
Schedule 12 [UID: SCH-G3B1L1M4-G167-274f]:
  Chunk 0 [Vulkan    ]: 1, 2, 3
  Chunk 1 [OMP/Big   ]: 4
  Chunk 2 [OMP/Little]: 5
  Chunk 3 [OMP/Medium]: 6, 7, 8, 9
--------------------------------
Schedule 13 [UID: SCH-G3M1L1B4-G190-ba67]:
  Chunk 0 [Vulkan    ]: 1, 2, 3
  Chunk 1 [OMP/Medium]: 4
  Chunk 2 [OMP/Little]: 5
  Chunk 3 [OMP/Big   ]: 6, 7, 8, 9
--------------------------------
Schedule 14 [UID: SCH-M1G4L1B3-G202-436e]:
  Chunk 0 [OMP/Medium]: 1
  Chunk 1 [Vulkan    ]: 2, 3, 4, 5
  Chunk 2 [OMP/Little]: 6
  Chunk 3 [OMP/Big   ]: 7, 8, 9
--------------------------------
Schedule 15 [UID: SCH-G3M2L1B3-G202-1dd6]:
  Chunk 0 [Vulkan    ]: 1, 2, 3
  Chunk 1 [OMP/Medium]: 4, 5
  Chunk 2 [OMP/Little]: 6
  Chunk 3 [OMP/Big   ]: 7, 8, 9
--------------------------------
Schedule 16 [UID: SCH-G3B1M5-G215-5fca]:
  Chunk 0 [Vulkan    ]: 1, 2, 3
  Chunk 1 [OMP/Big   ]: 4
  Chunk 2 [OMP/Medium]: 5, 6, 7, 8, 9
--------------------------------
Schedule 17 [UID: SCH-B1G3L1M4-G245-0c18]:
  Chunk 0 [OMP/Big   ]: 1
  Chunk 1 [Vulkan    ]: 2, 3, 4
  Chunk 2 [OMP/Little]: 5
  Chunk 3 [OMP/Medium]: 6, 7, 8, 9
--------------------------------
Schedule 18 [UID: SCH-M1G3L1B4-G259-6449]:
  Chunk 0 [OMP/Medium]: 1
  Chunk 1 [Vulkan    ]: 2, 3, 4
  Chunk 2 [OMP/Little]: 5
  Chunk 3 [OMP/Big   ]: 6, 7, 8, 9
--------------------------------
Schedule 19 [UID: SCH-M1G4B4-G259-6dd5]:
  Chunk 0 [OMP/Medium]: 1
  Chunk 1 [Vulkan    ]: 2, 3, 4, 5
  Chunk 2 [OMP/Big   ]: 6, 7, 8, 9
--------------------------------
Schedule 20 [UID: SCH-B1G4L1M3-G295-64b2]:
  Chunk 0 [OMP/Big   ]: 1
  Chunk 1 [Vulkan    ]: 2, 3, 4, 5
  Chunk 2 [OMP/Little]: 6
  Chunk 3 [OMP/Medium]: 7, 8, 9
--------------------------------
Schedule 21 [UID: SCH-B1G4M4-G295-64a6]:
  Chunk 0 [OMP/Big   ]: 1
  Chunk 1 [Vulkan    ]: 2, 3, 4, 5
  Chunk 2 [OMP/Medium]: 6, 7, 8, 9
--------------------------------
Schedule 22 [UID: SCH-G3B2L1M3-G311-160e]:
  Chunk 0 [Vulkan    ]: 1, 2, 3
  Chunk 1 [OMP/Big   ]: 4, 5
  Chunk 2 [OMP/Little]: 6
  Chunk 3 [OMP/Medium]: 7, 8, 9
--------------------------------
Schedule 23 [UID: SCH-G3M4L2-G331-11d2]:
  Chunk 0 [Vulkan    ]: 1, 2, 3
  Chunk 1 [OMP/Medium]: 4, 5, 6, 7
  Chunk 2 [OMP/Little]: 8, 9
--------------------------------
Schedule 24 [UID: SCH-G2M2L1B4-G333-2343]:
  Chunk 0 [Vulkan    ]: 1, 2
  Chunk 1 [OMP/Medium]: 3, 4
  Chunk 2 [OMP/Little]: 5
  Chunk 3 [OMP/Big   ]: 6, 7, 8, 9
--------------------------------
Schedule 25 [UID: SCH-G4L1B4-G334-f1e7]:
  Chunk 0 [Vulkan    ]: 1, 2, 3, 4
  Chunk 1 [OMP/Little]: 5
  Chunk 2 [OMP/Big   ]: 6, 7, 8, 9
--------------------------------
Schedule 26 [UID: SCH-G4L1M4-G334-0191]:
  Chunk 0 [Vulkan    ]: 1, 2, 3, 4
  Chunk 1 [OMP/Little]: 5
  Chunk 2 [OMP/Medium]: 6, 7, 8, 9
--------------------------------
Schedule 27 [UID: SCH-G5B4-G351-09b5]:
  Chunk 0 [Vulkan    ]: 1, 2, 3, 4, 5
  Chunk 1 [OMP/Big   ]: 6, 7, 8, 9
--------------------------------
Schedule 28 [UID: SCH-G3M3B3-G353-3018]:
  Chunk 0 [Vulkan    ]: 1, 2, 3
  Chunk 1 [OMP/Medium]: 4, 5, 6
  Chunk 2 [OMP/Big   ]: 7, 8, 9
--------------------------------
Schedule 29 [UID: SCH-G2B2L1M4-G365-4b06]:
  Chunk 0 [Vulkan    ]: 1, 2
  Chunk 1 [OMP/Big   ]: 3, 4
  Chunk 2 [OMP/Little]: 5
  Chunk 3 [OMP/Medium]: 6, 7, 8, 9

--------------------------------
Running schedule 2 [UID: SCH-M9-G000-5126]
### Python Begin ###
Task=0 Chunk=0 Start=959537344721 End=959538298773 Duration=954052
Task=1 Chunk=0 Start=959538298796 End=959539044813 Duration=746017
Task=2 Chunk=0 Start=959539044817 End=959539789748 Duration=744931
Task=3 Chunk=0 Start=959539789749 End=959540534099 Duration=744350
Task=4 Chunk=0 Start=959540534100 End=959541280288 Duration=746188
Task=5 Chunk=0 Start=959541280288 End=959542025831 Duration=745543
Task=6 Chunk=0 Start=959542025835 End=959542770844 Duration=745009
Task=7 Chunk=0 Start=959542770844 End=959543516829 Duration=745985
Task=8 Chunk=0 Start=959543516829 End=959544263124 Duration=746295
Task=9 Chunk=0 Start=959544263124 End=959545009130 Duration=746006
Task=10 Chunk=0 Start=959545009134 End=959545755949 Duration=746815
Task=11 Chunk=0 Start=959545755949 End=959546502934 Duration=746985
Task=12 Chunk=0 Start=959546502934 End=959547248601 Duration=745667
Task=13 Chunk=0 Start=959547248609 End=959547994245 Duration=745636
Task=14 Chunk=0 Start=959547994245 End=959548740926 Duration=746681
Task=15 Chunk=0 Start=959548740927 End=959549486695 Duration=745768
Task=16 Chunk=0 Start=959549486699 End=959550234328 Duration=747629
Task=17 Chunk=0 Start=959550234329 End=959550982031 Duration=747702
Task=18 Chunk=0 Start=959550982031 End=959551730881 Duration=748850
Task=19 Chunk=0 Start=959551730888 End=959552476883 Duration=745995
Task=20 Chunk=0 Start=959552476883 End=959553223290 Duration=746407
Task=21 Chunk=0 Start=959553223291 End=959553969845 Duration=746554
Task=22 Chunk=0 Start=959553969846 End=959554717257 Duration=747411
Task=23 Chunk=0 Start=959554717258 End=959555463422 Duration=746164
Task=24 Chunk=0 Start=959555463422 End=959556210941 Duration=747519
Task=25 Chunk=0 Start=959556210942 End=959556955596 Duration=744654
Task=26 Chunk=0 Start=959556955597 End=959557704435 Duration=748838
Task=27 Chunk=0 Start=959557704439 End=959558451951 Duration=747512
Task=28 Chunk=0 Start=959558451956 End=959559198302 Duration=746346
Task=29 Chunk=0 Start=959559198306 End=959559945303 Duration=746997
Task=30 Chunk=0 Start=959559945309 End=959560690759 Duration=745450
Task=31 Chunk=0 Start=959560690759 End=959561438792 Duration=748033
Task=32 Chunk=0 Start=959561438796 End=959562183565 Duration=744769
Task=33 Chunk=0 Start=959562183596 End=959562932238 Duration=748642
Task=34 Chunk=0 Start=959562932242 End=959563679353 Duration=747111
Task=35 Chunk=0 Start=959563679354 End=959564427186 Duration=747832
Task=36 Chunk=0 Start=959564427191 End=959565180194 Duration=753003
Task=37 Chunk=0 Start=959565180198 End=959565932603 Duration=752405
Task=38 Chunk=0 Start=959565932607 End=959566681668 Duration=749061
Task=39 Chunk=0 Start=959566681672 End=959567434930 Duration=753258
Task=40 Chunk=0 Start=959567434935 End=959568185095 Duration=750160
Task=41 Chunk=0 Start=959568185100 End=959568934187 Duration=749087
Task=42 Chunk=0 Start=959568934192 End=959569689261 Duration=755069
Task=43 Chunk=0 Start=959569689267 End=959570440187 Duration=750920
Task=44 Chunk=0 Start=959570440191 End=959571193465 Duration=753274
Task=45 Chunk=0 Start=959571193469 End=959571945935 Duration=752466
Task=46 Chunk=0 Start=959571945940 End=959572697865 Duration=751925
Task=47 Chunk=0 Start=959572697865 End=959573449002 Duration=751137
Task=48 Chunk=0 Start=959573449007 End=959574202398 Duration=753391
Task=49 Chunk=0 Start=959574202402 End=959574953916 Duration=751514
Task=50 Chunk=0 Start=959574953916 End=959575731090 Duration=777174
Task=51 Chunk=0 Start=959575731095 End=959576485160 Duration=754065
Task=52 Chunk=0 Start=959576485161 End=959577240919 Duration=755758
Task=53 Chunk=0 Start=959577240924 End=959578017232 Duration=776308
Task=54 Chunk=0 Start=959578017236 End=959578766942 Duration=749706
Task=55 Chunk=0 Start=959578766943 End=959579520997 Duration=754054
Task=56 Chunk=0 Start=959579520997 End=959580270728 Duration=749731
Task=57 Chunk=0 Start=959580270729 End=959581022164 Duration=751435
Task=58 Chunk=0 Start=959581022169 End=959581773474 Duration=751305
Task=59 Chunk=0 Start=959581773479 End=959582524123 Duration=750644
Task=60 Chunk=0 Start=959582524127 End=959583276692 Duration=752565
Task=61 Chunk=0 Start=959583276697 End=959584029099 Duration=752402
Task=62 Chunk=0 Start=959584029103 End=959584778094 Duration=748991
Task=63 Chunk=0 Start=959584778096 End=959585530130 Duration=752034
Task=64 Chunk=0 Start=959585530135 End=959586284093 Duration=753958
Task=65 Chunk=0 Start=959586284100 End=959587035108 Duration=751008
Task=66 Chunk=0 Start=959587035112 End=959587789378 Duration=754266
Task=67 Chunk=0 Start=959587789382 End=959588541156 Duration=751774
Task=68 Chunk=0 Start=959588541160 End=959589294823 Duration=753663
Task=69 Chunk=0 Start=959589294832 End=959590047390 Duration=752558
Task=70 Chunk=0 Start=959590047395 End=959590799687 Duration=752292
Task=71 Chunk=0 Start=959590799688 End=959591551952 Duration=752264
Task=72 Chunk=0 Start=959591551952 End=959592303646 Duration=751694
Task=73 Chunk=0 Start=959592303647 End=959593064262 Duration=760615
Task=74 Chunk=0 Start=959593064266 End=959593819813 Duration=755547
Task=75 Chunk=0 Start=959593819817 End=959594574364 Duration=754547
Task=76 Chunk=0 Start=959594574365 End=959595326713 Duration=752348
Task=77 Chunk=0 Start=959595326717 End=959596077072 Duration=750355
Task=78 Chunk=0 Start=959596077076 End=959596830641 Duration=753565
Task=79 Chunk=0 Start=959596830645 End=959597582691 Duration=752046
Task=80 Chunk=0 Start=959597582695 End=959598333029 Duration=750334
Task=81 Chunk=0 Start=959598333033 End=959599085191 Duration=752158
Task=82 Chunk=0 Start=959599085195 End=959599837278 Duration=752083
Task=83 Chunk=0 Start=959599837285 End=959600589378 Duration=752093
Task=84 Chunk=0 Start=959600589383 End=959601341216 Duration=751833
Task=85 Chunk=0 Start=959601341220 End=959602091244 Duration=750024
Task=86 Chunk=0 Start=959602091248 End=959602840508 Duration=749260
Task=87 Chunk=0 Start=959602840512 End=959603592226 Duration=751714
Task=88 Chunk=0 Start=959603592230 End=959604343237 Duration=751007
Task=89 Chunk=0 Start=959604343241 End=959605095598 Duration=752357
Task=90 Chunk=0 Start=959605095599 End=959605849249 Duration=753650
Task=91 Chunk=0 Start=959605849250 End=959606601408 Duration=752158
Task=92 Chunk=0 Start=959606601412 End=959607352525 Duration=751113
Task=93 Chunk=0 Start=959607352526 End=959608104592 Duration=752066
Task=94 Chunk=0 Start=959608104595 End=959608854707 Duration=750112
Task=95 Chunk=0 Start=959608854711 End=959609607461 Duration=752750
Task=96 Chunk=0 Start=959609607465 End=959610357094 Duration=749629
Task=97 Chunk=0 Start=959610357098 End=959611106307 Duration=749209
Task=98 Chunk=0 Start=959611106312 End=959611861235 Duration=754923
Task=99 Chunk=0 Start=959611861239 End=959612613525 Duration=752286
# Frequency=24576000 Hz
# 1 cycle = 0.0406901 us
# 1 cycle = 4.06901e-05 ms
Schedule 2 [UID: SCH-M9-G000-5126]:
  Chunk 0 [OMP/Medium]: 1, 2, 3, 4, 5, 6, 7, 8, 9
Schedule_UID: SCH-M9-G000-5126
### Python End ###

--------------------------------
Running schedule 4 [UID: SCH-G4B5-G008-be3e]
### Python Begin ###
Task=0 Chunk=0 Start=959638319873 End=959638710229 Duration=390356
Task=0 Chunk=1 Start=959638710249 End=959639184804 Duration=474555
Task=1 Chunk=0 Start=959638710243 End=959639000305 Duration=290062
Task=1 Chunk=1 Start=959639184811 End=959639491854 Duration=307043
Task=2 Chunk=0 Start=959639000329 End=959639298077 Duration=297748
Task=2 Chunk=1 Start=959639491859 End=959639781981 Duration=290122
Task=3 Chunk=0 Start=959639298100 End=959639603114 Duration=305014
Task=3 Chunk=1 Start=959639781985 End=959640056503 Duration=274518
Task=4 Chunk=0 Start=959639603147 End=959639908193 Duration=305046
Task=4 Chunk=1 Start=959640056508 End=959640314015 Duration=257507
Task=5 Chunk=0 Start=959639908209 End=959640214278 Duration=306069
Task=5 Chunk=1 Start=959640314016 End=959640539384 Duration=225368
Task=6 Chunk=0 Start=959640214292 End=959640516045 Duration=301753
Task=6 Chunk=1 Start=959640539388 End=959640716883 Duration=177495
Task=7 Chunk=0 Start=959640516057 End=959640804848 Duration=288791
Task=7 Chunk=1 Start=959640804856 End=959640963543 Duration=158687
Task=8 Chunk=0 Start=959640804850 End=959641100798 Duration=295948
Task=8 Chunk=1 Start=959641100816 End=959641243285 Duration=142469
Task=9 Chunk=0 Start=959641100807 End=959641379898 Duration=279091
Task=9 Chunk=1 Start=959641379904 End=959641516758 Duration=136854
Task=10 Chunk=0 Start=959641379901 End=959641608158 Duration=228257
Task=10 Chunk=1 Start=959641608164 End=959641742115 Duration=133951
Task=11 Chunk=0 Start=959641608159 End=959641853687 Duration=245528
Task=11 Chunk=1 Start=959641853703 End=959641984510 Duration=130807
Task=12 Chunk=0 Start=959641853697 End=959642100794 Duration=247097
Task=12 Chunk=1 Start=959642100808 End=959642232770 Duration=131962
Task=13 Chunk=0 Start=959642100805 End=959642352260 Duration=251455
Task=13 Chunk=1 Start=959642352275 End=959642483908 Duration=131633
Task=14 Chunk=0 Start=959642352271 End=959642605526 Duration=253255
Task=14 Chunk=1 Start=959642605538 End=959642738539 Duration=133001
Task=15 Chunk=0 Start=959642605536 End=959642872380 Duration=266844
Task=15 Chunk=1 Start=959642872393 End=959643006268 Duration=133875
Task=16 Chunk=0 Start=959642872394 End=959643134927 Duration=262533
Task=16 Chunk=1 Start=959643134939 End=959643268376 Duration=133437
Task=17 Chunk=0 Start=959643134939 End=959643386825 Duration=251886
Task=17 Chunk=1 Start=959643386841 End=959643520789 Duration=133948
Task=18 Chunk=0 Start=959643386837 End=959643632125 Duration=245288
Task=18 Chunk=1 Start=959643632142 End=959643763328 Duration=131186
Task=19 Chunk=0 Start=959643632141 End=959643883360 Duration=251219
Task=19 Chunk=1 Start=959643883372 End=959644018025 Duration=134653
Task=20 Chunk=0 Start=959643883373 End=959644128562 Duration=245189
Task=20 Chunk=1 Start=959644128580 End=959644267995 Duration=139415
Task=21 Chunk=0 Start=959644128574 End=959644379066 Duration=250492
Task=21 Chunk=1 Start=959644379086 End=959644515785 Duration=136699
Task=22 Chunk=0 Start=959644379080 End=959644637257 Duration=258177
Task=22 Chunk=1 Start=959644637280 End=959644775264 Duration=137984
Task=23 Chunk=0 Start=959644637275 End=959644894728 Duration=257453
Task=23 Chunk=1 Start=959644894741 End=959645032236 Duration=137495
Task=24 Chunk=0 Start=959644894739 End=959645146164 Duration=251425
Task=24 Chunk=1 Start=959645146181 End=959645284117 Duration=137936
Task=25 Chunk=0 Start=959645146175 End=959645405975 Duration=259800
Task=25 Chunk=1 Start=959645405989 End=959645541802 Duration=135813
Task=26 Chunk=0 Start=959645405988 End=959645652375 Duration=246387
Task=26 Chunk=1 Start=959645652388 End=959645785518 Duration=133130
Task=27 Chunk=0 Start=959645652387 End=959645905981 Duration=253594
Task=27 Chunk=1 Start=959645905996 End=959646039607 Duration=133611
Task=28 Chunk=0 Start=959645905991 End=959646167953 Duration=261962
Task=28 Chunk=1 Start=959646167969 End=959646300907 Duration=132938
Task=29 Chunk=0 Start=959646167967 End=959646425084 Duration=257117
Task=29 Chunk=1 Start=959646425093 End=959646557902 Duration=132809
Task=30 Chunk=0 Start=959646425094 End=959646679860 Duration=254766
Task=30 Chunk=1 Start=959646679874 End=959646812266 Duration=132392
Task=31 Chunk=0 Start=959646679871 End=959646935725 Duration=255854
Task=31 Chunk=1 Start=959646935734 End=959647073247 Duration=137513
Task=32 Chunk=0 Start=959646935739 End=959647194529 Duration=258790
Task=32 Chunk=1 Start=959647194546 End=959647333070 Duration=138524
Task=33 Chunk=0 Start=959647194548 End=959647449491 Duration=254943
Task=33 Chunk=1 Start=959647449500 End=959647587256 Duration=137756
Task=34 Chunk=0 Start=959647449511 End=959647704294 Duration=254783
Task=34 Chunk=1 Start=959647704308 End=959647841773 Duration=137465
Task=35 Chunk=0 Start=959647704307 End=959647959716 Duration=255409
Task=35 Chunk=1 Start=959647959725 End=959648096635 Duration=136910
Task=36 Chunk=0 Start=959647959730 End=959648216440 Duration=256710
Task=36 Chunk=1 Start=959648216449 End=959648353172 Duration=136723
Task=37 Chunk=0 Start=959648216448 End=959648472044 Duration=255596
Task=37 Chunk=1 Start=959648472057 End=959648605434 Duration=133377
Task=38 Chunk=0 Start=959648472053 End=959648731049 Duration=258996
Task=38 Chunk=1 Start=959648731064 End=959648864713 Duration=133649
Task=39 Chunk=0 Start=959648731057 End=959648985971 Duration=254914
Task=39 Chunk=1 Start=959648985979 End=959649118631 Duration=132652
Task=40 Chunk=0 Start=959648985984 End=959649239906 Duration=253922
Task=40 Chunk=1 Start=959649239919 End=959649372888 Duration=132969
Task=41 Chunk=0 Start=959649239917 End=959649496826 Duration=256909
Task=41 Chunk=1 Start=959649496834 End=959649631284 Duration=134450
Task=42 Chunk=0 Start=959649496834 End=959649749839 Duration=253005
Task=42 Chunk=1 Start=959649749847 End=959649886920 Duration=137073
Task=43 Chunk=0 Start=959649749850 End=959650010036 Duration=260186
Task=43 Chunk=1 Start=959650010051 End=959650147719 Duration=137668
Task=44 Chunk=0 Start=959650010047 End=959650261233 Duration=251186
Task=44 Chunk=1 Start=959650261244 End=959650398944 Duration=137700
Task=45 Chunk=0 Start=959650261242 End=959650513671 Duration=252429
Task=45 Chunk=1 Start=959650513684 End=959650652910 Duration=139226
Task=46 Chunk=0 Start=959650513682 End=959650766413 Duration=252731
Task=46 Chunk=1 Start=959650766424 End=959650904608 Duration=138184
Task=47 Chunk=0 Start=959650766422 End=959651016608 Duration=250186
Task=47 Chunk=1 Start=959651016618 End=959651152564 Duration=135946
Task=48 Chunk=0 Start=959651016618 End=959651272522 Duration=255904
Task=48 Chunk=1 Start=959651272536 End=959651405497 Duration=132961
Task=49 Chunk=0 Start=959651272530 End=959651521972 Duration=249442
Task=49 Chunk=1 Start=959651521982 End=959651654980 Duration=132998
Task=50 Chunk=0 Start=959651521982 End=959651767945 Duration=245963
Task=50 Chunk=1 Start=959651767955 End=959651902031 Duration=134076
Task=51 Chunk=0 Start=959651767953 End=959652018892 Duration=250939
Task=51 Chunk=1 Start=959652018911 End=959652151667 Duration=132756
Task=52 Chunk=0 Start=959652018905 End=959652267927 Duration=249022
Task=52 Chunk=1 Start=959652267932 End=959652404334 Duration=136402
Task=53 Chunk=0 Start=959652267933 End=959652513493 Duration=245560
Task=53 Chunk=1 Start=959652513512 End=959652651701 Duration=138189
Task=54 Chunk=0 Start=959652513510 End=959652762059 Duration=248549
Task=54 Chunk=1 Start=959652762072 End=959652900916 Duration=138844
Task=55 Chunk=0 Start=959652762071 End=959653006462 Duration=244391
Task=55 Chunk=1 Start=959653006483 End=959653143979 Duration=137496
Task=56 Chunk=0 Start=959653006476 End=959653261292 Duration=254816
Task=56 Chunk=1 Start=959653261309 End=959653398283 Duration=136974
Task=57 Chunk=0 Start=959653261302 End=959653507576 Duration=246274
Task=57 Chunk=1 Start=959653507587 End=959653645544 Duration=137957
Task=58 Chunk=0 Start=959653507584 End=959653744361 Duration=236777
Task=58 Chunk=1 Start=959653744376 End=959653881337 Duration=136961
Task=59 Chunk=0 Start=959653744373 End=959653990026 Duration=245653
Task=59 Chunk=1 Start=959653990041 End=959654127909 Duration=137868
Task=60 Chunk=0 Start=959653990036 End=959654243050 Duration=253014
Task=60 Chunk=1 Start=959654243065 End=959654380925 Duration=137860
Task=61 Chunk=0 Start=959654243061 End=959654492604 Duration=249543
Task=61 Chunk=1 Start=959654492615 End=959654630687 Duration=138072
Task=62 Chunk=0 Start=959654492615 End=959654744687 Duration=252072
Task=62 Chunk=1 Start=959654744703 End=959654882213 Duration=137510
Task=63 Chunk=0 Start=959654744697 End=959655024446 Duration=279749
Task=63 Chunk=1 Start=959655024460 End=959655161690 Duration=137230
Task=64 Chunk=0 Start=959655024457 End=959655261666 Duration=237209
Task=64 Chunk=1 Start=959655261682 End=959655399618 Duration=137936
Task=65 Chunk=0 Start=959655261678 End=959655498693 Duration=237015
Task=65 Chunk=1 Start=959655498704 End=959655636496 Duration=137792
Task=66 Chunk=0 Start=959655498705 End=959655741716 Duration=243011
Task=66 Chunk=1 Start=959655741733 End=959655879041 Duration=137308
Task=67 Chunk=0 Start=959655741731 End=959655996134 Duration=254403
Task=67 Chunk=1 Start=959655996146 End=959656133545 Duration=137399
Task=68 Chunk=0 Start=959655996143 End=959656311808 Duration=315665
Task=68 Chunk=1 Start=959656311820 End=959656450259 Duration=138439
Task=69 Chunk=0 Start=959656311817 End=959656560459 Duration=248642
Task=69 Chunk=1 Start=959656560471 End=959656698380 Duration=137909
Task=70 Chunk=0 Start=959656560468 End=959656804819 Duration=244351
Task=70 Chunk=1 Start=959656804833 End=959656941790 Duration=136957
Task=71 Chunk=0 Start=959656804832 End=959657051691 Duration=246859
Task=71 Chunk=1 Start=959657051708 End=959657188848 Duration=137140
Task=72 Chunk=0 Start=959657051703 End=959657301324 Duration=249621
Task=72 Chunk=1 Start=959657301336 End=959657438778 Duration=137442
Task=73 Chunk=0 Start=959657301337 End=959657547944 Duration=246607
Task=73 Chunk=1 Start=959657547956 End=959657685082 Duration=137126
Task=74 Chunk=0 Start=959657547954 End=959657798977 Duration=251023
Task=74 Chunk=1 Start=959657798986 End=959657936800 Duration=137814
Task=75 Chunk=0 Start=959657798988 End=959658044844 Duration=245856
Task=75 Chunk=1 Start=959658044861 End=959658180896 Duration=136035
Task=76 Chunk=0 Start=959658044852 End=959658296730 Duration=251878
Task=76 Chunk=1 Start=959658296746 End=959658434572 Duration=137826
Task=77 Chunk=0 Start=959658296739 End=959658548767 Duration=252028
Task=77 Chunk=1 Start=959658548777 End=959658685600 Duration=136823
Task=78 Chunk=0 Start=959658548776 End=959658792546 Duration=243770
Task=78 Chunk=1 Start=959658792560 End=959658930353 Duration=137793
Task=79 Chunk=0 Start=959658792559 End=959659033895 Duration=241336
Task=79 Chunk=1 Start=959659033905 End=959659170947 Duration=137042
Task=80 Chunk=0 Start=959659033901 End=959659276510 Duration=242609
Task=80 Chunk=1 Start=959659276519 End=959659411331 Duration=134812
Task=81 Chunk=0 Start=959659276519 End=959659521341 Duration=244822
Task=81 Chunk=1 Start=959659521361 End=959659654680 Duration=133319
Task=82 Chunk=0 Start=959659521359 End=959659780264 Duration=258905
Task=82 Chunk=1 Start=959659780287 End=959659913366 Duration=133079
Task=83 Chunk=0 Start=959659780285 End=959660041789 Duration=261504
Task=83 Chunk=1 Start=959660041803 End=959660174101 Duration=132298
Task=84 Chunk=0 Start=959660041803 End=959660297963 Duration=256160
Task=84 Chunk=1 Start=959660297980 End=959660431745 Duration=133765
Task=85 Chunk=0 Start=959660297975 End=959660550735 Duration=252760
Task=85 Chunk=1 Start=959660550746 End=959660688910 Duration=138164
Task=86 Chunk=0 Start=959660550744 End=959660808059 Duration=257315
Task=86 Chunk=1 Start=959660808073 End=959660946184 Duration=138111
Task=87 Chunk=0 Start=959660808069 End=959661066673 Duration=258604
Task=87 Chunk=1 Start=959661066686 End=959661204516 Duration=137830
