
[1/2] Processing device: 3A021JEHN02756
Deploying and running 'bm-gen-logs-cifar-sparse-vk' on device: 3A021JEHN02756
build/android/arm64-v8a/release/bm-gen-logs-cifar-sparse-vk: 1 file pushed, 0 skipped. 512.6 MB/s (6906832 bytes in 0.013s)
[2025-04-17 12:31:05.192] [info] Little cores: 0 1 2 3 
[2025-04-17 12:31:05.199] [info] Medium cores: 4 5 
[2025-04-17 12:31:05.199] [info] Big cores: 6 7 

[2/2] Processing device: 9b034f1b
Deploying and running 'bm-gen-logs-cifar-sparse-vk' on device: 9b034f1b
build/android/arm64-v8a/release/bm-gen-logs-cifar-sparse-vk: 1 file pushed, 0 skipped. 501.4 MB/s (6906832 bytes in 0.013s)
[2025-04-17 12:23:28.498] [info] Little cores: 0 1 2 
[2025-04-17 12:23:28.498] [info] Medium cores: 3 4 
[2025-04-17 12:23:28.498] [info] Big cores: 5 6 7 
--------------------------------
Schedule 0 [UID: SCH-M9-G000-fefa]:
  Chunk 0 [OMP/Medium]: 1, 2, 3, 4, 5, 6, 7, 8, 9
--------------------------------
Schedule 1 [UID: SCH-G9-G000-b4e9]:
  Chunk 0 [Vulkan    ]: 1, 2, 3, 4, 5, 6, 7, 8, 9
--------------------------------
Schedule 2 [UID: SCH-L9-G000-83e7]:
  Chunk 0 [OMP/Little]: 1, 2, 3, 4, 5, 6, 7, 8, 9
--------------------------------
Schedule 3 [UID: SCH-B9-G000-2de3]:
  Chunk 0 [OMP/Big   ]: 1, 2, 3, 4, 5, 6, 7, 8, 9
--------------------------------
Schedule 4 [UID: SCH-L1M8-G039-172f]:
  Chunk 0 [OMP/Little]: 1
  Chunk 1 [OMP/Medium]: 2, 3, 4, 5, 6, 7, 8, 9
--------------------------------
Schedule 5 [UID: SCH-G3M1B5-G080-183b]:
  Chunk 0 [Vulkan    ]: 1, 2, 3
  Chunk 1 [OMP/Medium]: 4
  Chunk 2 [OMP/Big   ]: 5, 6, 7, 8, 9
--------------------------------
Schedule 6 [UID: SCH-M1G3B5-G085-b769]:
  Chunk 0 [OMP/Medium]: 1
  Chunk 1 [Vulkan    ]: 2, 3, 4
  Chunk 2 [OMP/Big   ]: 5, 6, 7, 8, 9
--------------------------------
Schedule 7 [UID: SCH-B3M6-G085-05c3]:
  Chunk 0 [OMP/Big   ]: 1, 2, 3
  Chunk 1 [OMP/Medium]: 4, 5, 6, 7, 8, 9
--------------------------------
Schedule 8 [UID: SCH-G4M5-G095-583d]:
  Chunk 0 [Vulkan    ]: 1, 2, 3, 4
  Chunk 1 [OMP/Medium]: 5, 6, 7, 8, 9
--------------------------------
Schedule 9 [UID: SCH-G3B2M4-G157-74ca]:
  Chunk 0 [Vulkan    ]: 1, 2, 3
  Chunk 1 [OMP/Big   ]: 4, 5
  Chunk 2 [OMP/Medium]: 6, 7, 8, 9
--------------------------------
Schedule 10 [UID: SCH-G3B4L2-G175-c0be]:
  Chunk 0 [Vulkan    ]: 1, 2, 3
  Chunk 1 [OMP/Big   ]: 4, 5, 6, 7
  Chunk 2 [OMP/Little]: 8, 9
--------------------------------
Schedule 11 [UID: SCH-G3B3M3-G182-ef75]:
  Chunk 0 [Vulkan    ]: 1, 2, 3
  Chunk 1 [OMP/Big   ]: 4, 5, 6
  Chunk 2 [OMP/Medium]: 7, 8, 9
--------------------------------
Schedule 12 [UID: SCH-M1G4B4-G192-a01f]:
  Chunk 0 [OMP/Medium]: 1
  Chunk 1 [Vulkan    ]: 2, 3, 4, 5
  Chunk 2 [OMP/Big   ]: 6, 7, 8, 9
--------------------------------
Schedule 13 [UID: SCH-G4B5-G208-21b7]:
  Chunk 0 [Vulkan    ]: 1, 2, 3, 4
  Chunk 1 [OMP/Big   ]: 5, 6, 7, 8, 9
--------------------------------
Schedule 14 [UID: SCH-G4L1M4-G232-22bc]:
  Chunk 0 [Vulkan    ]: 1, 2, 3, 4
  Chunk 1 [OMP/Little]: 5
  Chunk 2 [OMP/Medium]: 6, 7, 8, 9
--------------------------------
Schedule 15 [UID: SCH-G5M4-G237-769d]:
  Chunk 0 [Vulkan    ]: 1, 2, 3, 4, 5
  Chunk 1 [OMP/Medium]: 6, 7, 8, 9
--------------------------------
Schedule 16 [UID: SCH-G4M3L2-G321-1072]:
  Chunk 0 [Vulkan    ]: 1, 2, 3, 4
  Chunk 1 [OMP/Medium]: 5, 6, 7
  Chunk 2 [OMP/Little]: 8, 9
--------------------------------
Schedule 17 [UID: SCH-B1G4M4-G339-4c03]:
  Chunk 0 [OMP/Big   ]: 1
  Chunk 1 [Vulkan    ]: 2, 3, 4, 5
  Chunk 2 [OMP/Medium]: 6, 7, 8, 9
--------------------------------
Schedule 18 [UID: SCH-G2B2M3L2-G346-1bd3]:
  Chunk 0 [Vulkan    ]: 1, 2
  Chunk 1 [OMP/Big   ]: 3, 4
  Chunk 2 [OMP/Medium]: 5, 6, 7
  Chunk 3 [OMP/Little]: 8, 9
--------------------------------
Schedule 19 [UID: SCH-G3B1M3L2-G358-94dc]:
  Chunk 0 [Vulkan    ]: 1, 2, 3
  Chunk 1 [OMP/Big   ]: 4
  Chunk 2 [OMP/Medium]: 5, 6, 7
  Chunk 3 [OMP/Little]: 8, 9
--------------------------------
Schedule 20 [UID: SCH-M1B1G7-G363-bf2c]:
  Chunk 0 [OMP/Medium]: 1
  Chunk 1 [OMP/Big   ]: 2
  Chunk 2 [Vulkan    ]: 3, 4, 5, 6, 7, 8, 9
--------------------------------
Schedule 21 [UID: SCH-M1B1G5L2-G363-fc57]:
  Chunk 0 [OMP/Medium]: 1
  Chunk 1 [OMP/Big   ]: 2
  Chunk 2 [Vulkan    ]: 3, 4, 5, 6, 7
  Chunk 3 [OMP/Little]: 8, 9
--------------------------------
Schedule 22 [UID: SCH-B2L1M6-G374-8f9a]:
  Chunk 0 [OMP/Big   ]: 1, 2
  Chunk 1 [OMP/Little]: 3
  Chunk 2 [OMP/Medium]: 4, 5, 6, 7, 8, 9
--------------------------------
Schedule 23 [UID: SCH-G2B3M4-G378-3fd5]:
  Chunk 0 [Vulkan    ]: 1, 2
  Chunk 1 [OMP/Big   ]: 3, 4, 5
  Chunk 2 [OMP/Medium]: 6, 7, 8, 9
--------------------------------
Schedule 24 [UID: SCH-B1G3M3L2-G397-8ac6]:
  Chunk 0 [OMP/Big   ]: 1
  Chunk 1 [Vulkan    ]: 2, 3, 4
  Chunk 2 [OMP/Medium]: 5, 6, 7
  Chunk 3 [OMP/Little]: 8, 9
--------------------------------
Schedule 25 [UID: SCH-M1G6L2-G402-70bc]:
  Chunk 0 [OMP/Medium]: 1
  Chunk 1 [Vulkan    ]: 2, 3, 4, 5, 6, 7
  Chunk 2 [OMP/Little]: 8, 9
--------------------------------
Schedule 26 [UID: SCH-B1G5M3-G418-0638]:
  Chunk 0 [OMP/Big   ]: 1
  Chunk 1 [Vulkan    ]: 2, 3, 4, 5, 6
  Chunk 2 [OMP/Medium]: 7, 8, 9
--------------------------------
Schedule 27 [UID: SCH-G3B2L1M3-G419-592d]:
  Chunk 0 [Vulkan    ]: 1, 2, 3
  Chunk 1 [OMP/Big   ]: 4, 5
  Chunk 2 [OMP/Little]: 6
  Chunk 3 [OMP/Medium]: 7, 8, 9
--------------------------------
Schedule 28 [UID: SCH-G3M2B4-G419-a54a]:
  Chunk 0 [Vulkan    ]: 1, 2, 3
  Chunk 1 [OMP/Medium]: 4, 5
  Chunk 2 [OMP/Big   ]: 6, 7, 8, 9
--------------------------------
Schedule 29 [UID: SCH-G5L1M3-G434-6038]:
  Chunk 0 [Vulkan    ]: 1, 2, 3, 4, 5
  Chunk 1 [OMP/Little]: 6
  Chunk 2 [OMP/Medium]: 7, 8, 9
