
[1/2] Processing device: 3A021JEHN02756
Deploying and running 'bm-gen-logs-cifar-dense-vk' on device: 3A021JEHN02756
build/android/arm64-v8a/release/bm-gen-logs-cifar-dense-vk: 1 file pushed, 0 skipped. 507.8 MB/s (6906832 bytes in 0.013s)
[2025-04-17 12:19:39.290] [info] Little cores: 0 1 2 3 
[2025-04-17 12:19:39.294] [info] Medium cores: 4 5 
[2025-04-17 12:19:39.294] [info] Big cores: 6 7 

[2/2] Processing device: 9b034f1b
Deploying and running 'bm-gen-logs-cifar-dense-vk' on device: 9b034f1b
build/android/arm64-v8a/release/bm-gen-logs-cifar-dense-vk: 1 file pushed, 0 skipped. 476.6 MB/s (6906832 bytes in 0.014s)
[2025-04-17 12:12:02.613] [info] Little cores: 0 1 2 
[2025-04-17 12:12:02.614] [info] Medium cores: 3 4 
[2025-04-17 12:12:02.614] [info] Big cores: 5 6 7 
--------------------------------
Schedule 0 [UID: SCH-M9-G000-b936]:
  Chunk 0 [OMP/Medium]: 1, 2, 3, 4, 5, 6, 7, 8, 9
--------------------------------
Schedule 1 [UID: SCH-L9-G000-ade5]:
  Chunk 0 [OMP/Little]: 1, 2, 3, 4, 5, 6, 7, 8, 9
--------------------------------
Schedule 2 [UID: SCH-B9-G000-0bff]:
  Chunk 0 [OMP/Big   ]: 1, 2, 3, 4, 5, 6, 7, 8, 9
--------------------------------
Schedule 3 [UID: SCH-G9-G000-75a5]:
  Chunk 0 [Vulkan    ]: 1, 2, 3, 4, 5, 6, 7, 8, 9
--------------------------------
Schedule 4 [UID: SCH-G7L2-G053-2617]:
  Chunk 0 [Vulkan    ]: 1, 2, 3, 4, 5, 6, 7
  Chunk 1 [OMP/Little]: 8, 9
--------------------------------
Schedule 5 [UID: SCH-G7M2-G305-3b37]:
  Chunk 0 [Vulkan    ]: 1, 2, 3, 4, 5, 6, 7
  Chunk 1 [OMP/Medium]: 8, 9
--------------------------------
Schedule 6 [UID: SCH-G7B2-G366-dd06]:
  Chunk 0 [Vulkan    ]: 1, 2, 3, 4, 5, 6, 7
  Chunk 1 [OMP/Big   ]: 8, 9
--------------------------------
Schedule 7 [UID: SCH-G7M1L1-G379-461d]:
  Chunk 0 [Vulkan    ]: 1, 2, 3, 4, 5, 6, 7
  Chunk 1 [OMP/Medium]: 8
  Chunk 2 [OMP/Little]: 9
--------------------------------
Schedule 8 [UID: SCH-G8L1-G383-f131]:
  Chunk 0 [Vulkan    ]: 1, 2, 3, 4, 5, 6, 7, 8
  Chunk 1 [OMP/Little]: 9
--------------------------------
Schedule 9 [UID: SCH-G7L1M1-G402-12d3]:
  Chunk 0 [Vulkan    ]: 1, 2, 3, 4, 5, 6, 7
  Chunk 1 [OMP/Little]: 8
  Chunk 2 [OMP/Medium]: 9
--------------------------------
Schedule 10 [UID: SCH-G7B1M1-G412-473a]:
  Chunk 0 [Vulkan    ]: 1, 2, 3, 4, 5, 6, 7
  Chunk 1 [OMP/Big   ]: 8
  Chunk 2 [OMP/Medium]: 9
--------------------------------
Schedule 11 [UID: SCH-G7B1L1-G412-9731]:
  Chunk 0 [Vulkan    ]: 1, 2, 3, 4, 5, 6, 7
  Chunk 1 [OMP/Big   ]: 8
  Chunk 2 [OMP/Little]: 9
--------------------------------
Schedule 12 [UID: SCH-G7L1B1-G429-d9d4]:
  Chunk 0 [Vulkan    ]: 1, 2, 3, 4, 5, 6, 7
  Chunk 1 [OMP/Little]: 8
  Chunk 2 [OMP/Big   ]: 9
--------------------------------
Schedule 13 [UID: SCH-G7M1B1-G429-37f8]:
  Chunk 0 [Vulkan    ]: 1, 2, 3, 4, 5, 6, 7
  Chunk 1 [OMP/Medium]: 8
  Chunk 2 [OMP/Big   ]: 9
--------------------------------
Schedule 14 [UID: SCH-G8M1-G430-c40a]:
  Chunk 0 [Vulkan    ]: 1, 2, 3, 4, 5, 6, 7, 8
  Chunk 1 [OMP/Medium]: 9
--------------------------------
Schedule 15 [UID: SCH-G8B1-G457-2d87]:
  Chunk 0 [Vulkan    ]: 1, 2, 3, 4, 5, 6, 7, 8
  Chunk 1 [OMP/Big   ]: 9
--------------------------------
Schedule 16 [UID: SCH-M5B4-G3570-0864]:
  Chunk 0 [OMP/Medium]: 1, 2, 3, 4, 5
  Chunk 1 [OMP/Big   ]: 6, 7, 8, 9
--------------------------------
Schedule 17 [UID: SCH-B1G8-G4120-91d1]:
  Chunk 0 [OMP/Big   ]: 1
  Chunk 1 [Vulkan    ]: 2, 3, 4, 5, 6, 7, 8, 9
--------------------------------
Schedule 18 [UID: SCH-B1L1G7-G4159-b419]:
  Chunk 0 [OMP/Big   ]: 1
  Chunk 1 [OMP/Little]: 2
  Chunk 2 [Vulkan    ]: 3, 4, 5, 6, 7, 8, 9
--------------------------------
Schedule 19 [UID: SCH-L4B5-G4255-0779]:
  Chunk 0 [OMP/Little]: 1, 2, 3, 4
  Chunk 1 [OMP/Big   ]: 5, 6, 7, 8, 9
