[2025-04-01 08:51:13.964] [info] Little cores: 8 9 10 11 12 13 14 15 16 17 18 19 20 21 22 23 
[2025-04-01 08:51:13.964] [info] Medium cores: 
[2025-04-01 08:51:13.964] [info] Big cores: 0 1 2 3 4 5 6 7 
[2025-04-01 08:51:14.066] [trace] CudaManagedResource::do_allocate: 0x7fadb8000000, 1.50 MB
[2025-04-01 08:51:14.067] [trace] CudaManagedResource::do_allocate: 0x7fadb8200000, 8.00 MB
[2025-04-01 08:51:14.068] [trace] CudaManagedResource::do_allocate: 0x7fadb8a00000, 2.00 MB
[2025-04-01 08:51:14.068] [trace] CudaManagedResource::do_allocate: 0x7fadb8c00000, 4.00 MB
[2025-04-01 08:51:14.069] [trace] CudaManagedResource::do_allocate: 0x7fadb9000000, 1.00 MB
[2025-04-01 08:51:14.069] [trace] CudaManagedResource::do_allocate: 0x7fadb9200000, 2.00 MB
[2025-04-01 08:51:14.070] [trace] CudaManagedResource::do_allocate: 0x7fadb9400000, 2.00 MB
[2025-04-01 08:51:14.070] [trace] CudaManagedResource::do_allocate: 0x7fadb9600000, 2.00 MB
[2025-04-01 08:51:14.070] [trace] CudaManagedResource::do_allocate: 0x7fadb8180000, 512.00 KB
[2025-04-01 08:51:14.070] [trace] CudaManagedResource::do_allocate: 0x7fadb9100000, 5.00 KB
Batched input: (128 × 3 × 32 × 32) = 393216 elements

conv1_out before: : (128 × 16 × 32 × 32) = 2097152 elements
Array contents : [0, 0, 0, 0, 0, 0, 0, 0, 0, 0, ...0, 0, 0, 0, 0, 0, 0, 0, 0, 0]

conv1_w: (16 × 3 × 3 × 3) = 432 elements
Array contents : [0.0357321, -0.0559654, 0.212035, -0.125494, -0.0628063, 0.073702, 0.0773236, -0.0872187, -0.00959553, -0.00548635, ...0.0773187, 0.0198307, -0.0136845, -0.0135534, -0.0434641, -0.0511574, 0.137474, -0.0849675, 0.182095, 0.0823106]
conv1_b: (16) = 16 elements
[0.000696902, 0.019408, -0.00179185, -0.0286886, 0.126372, -0.0647738, 0.161531, -0.131626, -0.0175087, 0.00552479, -0.0715255, -0.0967488, 0.0720699, -0.0188133, 0.158002, -0.00708657]

[2025-04-01 08:51:14.095] [error] CUDA error in play/ndarray/cuda/dispatchers.cu at line 100: an illegal memory access was encountered
[0m[1;38;2;255;0;0;1merror: [0mexecv(/home/doremy/Desktop/better-together/build/linux/x86_64/release/play-ndarray-cu --device pc -l trace) failed(1)[0m
