
Running only on specified device: 9b034f1b
Deploying and running 'bm-fully-cifar-sparse-vk' on device: 9b034f1b
build/android/arm64-v8a/release/bm-fully-cifar-sparse-vk: 1 file pushed, 0 skipped. 476.2 MB/s (2717648 bytes in 0.005s)
[2025-04-24 13:49:17.203] [info] Pinable Lit cores: 0 1 2 
[2025-04-24 13:49:17.203] [info] Pinable Med cores: 3 4 
[2025-04-24 13:49:17.203] [info] Pinable Big cores: 5 6 7 
Stage: 1 by Little
	Count 	30
	Average 	33.6667 ms
Stage: 1 by Medium
	Count 	140
	Average 	7.1786 ms
Stage: 1 by Big
	Count 	129
	Average 	7.7907 ms
Stage: 1 by Vulkan
	Count 	172
	Average 	5.8314 ms
Stage: 2 by Little
	Count 	37
	Average 	27.2973 ms
Stage: 2 by Medium
	Count 	62
	Average 	16.2258 ms
Stage: 2 by Big
	Count 	53
	Average 	19.2075 ms
Stage: 2 by Vulkan
	Count 	271
	Average 	3.7011 ms
Stage: 3 by Little
	Count 	57
	Average 	17.6140 ms
Stage: 3 by Medium
	Count 	262
	Average 	3.8206 ms
Stage: 3 by Big
	Count 	242
	Average 	4.1364 ms
Stage: 3 by Vulkan
	Count 	301
	Average 	3.3289 ms
Stage: 4 by Little
	Count 	72
	Average 	14.0694 ms
Stage: 4 by Medium
	Count 	120
	Average 	8.3917 ms
Stage: 4 by Big
	Count 	99
	Average 	10.1616 ms
Stage: 4 by Vulkan
	Count 	442
	Average 	2.2647 ms
Stage: 5 by Little
	Count 	107
	Average 	9.4393 ms
Stage: 5 by Medium
	Count 	446
	Average 	2.2489 ms
Stage: 5 by Big
	Count 	427
	Average 	2.3419 ms
Stage: 5 by Vulkan
	Count 	462
	Average 	2.1710 ms
Stage: 6 by Little
	Count 	104
	Average 	9.6538 ms
Stage: 6 by Medium
	Count 	446
	Average 	2.2489 ms
Stage: 6 by Big
	Count 	424
	Average 	2.3585 ms
Stage: 6 by Vulkan
	Count 	461
	Average 	2.1757 ms
Stage: 7 by Little
	Count 	106
	Average 	9.4811 ms
Stage: 7 by Medium
	Count 	446
	Average 	2.2489 ms
Stage: 7 by Big
	Count 	594
	Average 	1.6852 ms
Stage: 7 by Vulkan
	Count 	459
	Average 	2.1852 ms
Stage: 8 by Little
	Count 	138
	Average 	7.2754 ms
Stage: 8 by Medium
	Count 	227
	Average 	4.4229 ms
Stage: 8 by Big
	Count 	185
	Average 	5.4324 ms
Stage: 8 by Vulkan
	Count 	438
	Average 	2.2922 ms
Stage: 9 by Little
	Count 	30026
	Average 	0.0333 ms
Stage: 9 by Medium
	Count 	59131
	Average 	0.0169 ms
Stage: 9 by Big
	Count 	21666
	Average 	0.0462 ms
Stage: 9 by Vulkan
	Count 	1166
	Average 	0.8602 ms
Stage: 1
	Little 	37.8148 ms 	(27)
	Medium 	6.8067 ms 	(150)
	Big    	4.7269 ms 	(216)
	Vulkan 	4.9563 ms 	(206)
Stage: 2
	Little 	31.6250 ms 	(32)
	Medium 	15.3333 ms 	(66)
	Big    	9.9216 ms 	(102)
	Vulkan 	3.0209 ms 	(335)
Stage: 3
	Little 	18.7222 ms 	(54)
	Medium 	3.5979 ms 	(281)
	Big    	2.4719 ms 	(409)
	Vulkan 	2.4539 ms 	(412)
Stage: 4
	Little 	15.9683 ms 	(63)
	Medium 	7.8594 ms 	(128)
	Big    	5.0553 ms 	(199)
	Vulkan 	1.4948 ms 	(673)
Stage: 5
	Little 	9.9208 ms 	(101)
	Medium 	2.0745 ms 	(483)
	Big    	1.4173 ms 	(707)
	Vulkan 	1.3486 ms 	(743)
Stage: 6
	Little 	11.4432 ms 	(88)
	Medium 	2.1335 ms 	(472)
	Big    	1.4324 ms 	(703)
	Vulkan 	1.4637 ms 	(688)
Stage: 7
	Little 	10.0900 ms 	(100)
	Medium 	2.0977 ms 	(481)
	Big    	1.4312 ms 	(705)
	Vulkan 	1.3562 ms 	(744)
Stage: 8
	Little 	9.3148 ms 	(108)
	Medium 	4.1570 ms 	(242)
	Big    	2.7337 ms 	(368)
	Vulkan 	0.9446 ms 	(1065)
Stage: 9
	Little 	0.0928 ms 	(10789)
	Medium 	0.0168 ms 	(59463)
	Big    	0.0148 ms 	(67637)
	Vulkan 	0.2894 ms 	(3459)

Normal Benchmark Results Table (ms per task):
Stage | Little Core | Medium Core | Big Core | Vulkan | CUDA
------|------------|-------------|----------|--------|-------
    1 |     33.6667 |      7.1786 |   7.7907 | 5.8314 | 0.0000
    2 |     27.2973 |     16.2258 |  19.2075 | 3.7011 | 0.0000
    3 |     17.6140 |      3.8206 |   4.1364 | 3.3289 | 0.0000
    4 |     14.0694 |      8.3917 |  10.1616 | 2.2647 | 0.0000
    5 |      9.4393 |      2.2489 |   2.3419 | 2.1710 | 0.0000
    6 |      9.6538 |      2.2489 |   2.3585 | 2.1757 | 0.0000
    7 |      9.4811 |      2.2489 |   1.6852 | 2.1852 | 0.0000
    8 |      7.2754 |      4.4229 |   5.4324 | 2.2922 | 0.0000
    9 |      0.0333 |      0.0169 |   0.0462 | 0.8602 | 0.0000

Normal Benchmark - Sum of stages 1-9:
Little Core: 128.5304 ms
Medium Core: 46.8031 ms
Big Core: 53.1604 ms
Vulkan: 24.8104 ms
CUDA: 0.0000 ms

Fully Benchmark Results Table (ms per task):
Stage | Little Core | Medium Core | Big Core | Vulkan | CUDA
------|-------------|-------------|----------|--------|-------
    1 |     37.8148 |      6.8067 |   4.7269 | 4.9563 | 0.0000
    2 |     31.6250 |     15.3333 |   9.9216 | 3.0209 | 0.0000
    3 |     18.7222 |      3.5979 |   2.4719 | 2.4539 | 0.0000
    4 |     15.9683 |      7.8594 |   5.0553 | 1.4948 | 0.0000
    5 |      9.9208 |      2.0745 |   1.4173 | 1.3486 | 0.0000
    6 |     11.4432 |      2.1335 |   1.4324 | 1.4637 | 0.0000
    7 |     10.0900 |      2.0977 |   1.4312 | 1.3562 | 0.0000
    8 |      9.3148 |      4.1570 |   2.7337 | 0.9446 | 0.0000
    9 |      0.0928 |      0.0168 |   0.0148 | 0.2894 | 0.0000

Fully Benchmark - Sum of stages 1-9:
Little Core: 144.9919 ms
Medium Core: 44.0768 ms
Big Core: 29.2050 ms
Vulkan: 17.3283 ms
CUDA: 0.0000 ms

Performance Comparison (Fully vs Normal):
Processor  | Normal (ms) | Fully (ms) | Ratio
-----------|-------------|------------|-------
Little Core|      128.53 |     144.99 |  1.13x
Medium Core|       46.80 |      44.08 |  0.94x
Big Core   |       53.16 |      29.20 |  0.55x
Vulkan     |       24.81 |      17.33 |  0.70x

### PYTHON_DATA_START ###
# NORMAL_BENCHMARK_DATA
stage,little,medium,big,vulkan,cuda
1,33.6667,7.1786,7.7907,5.8314,0.0000
2,27.2973,16.2258,19.2075,3.7011,0.0000
3,17.6140,3.8206,4.1364,3.3289,0.0000
4,14.0694,8.3917,10.1616,2.2647,0.0000
5,9.4393,2.2489,2.3419,2.1710,0.0000
6,9.6538,2.2489,2.3585,2.1757,0.0000
7,9.4811,2.2489,1.6852,2.1852,0.0000
8,7.2754,4.4229,5.4324,2.2922,0.0000
9,0.0333,0.0169,0.0462,0.8602,0.0000
# FULLY_BENCHMARK_DATA
stage,little,medium,big,vulkan,cuda
1,37.8148,6.8067,4.7269,4.9563,0.0000
2,31.6250,15.3333,9.9216,3.0209,0.0000
3,18.7222,3.5979,2.4719,2.4539,0.0000
4,15.9683,7.8594,5.0553,1.4948,0.0000
5,9.9208,2.0745,1.4173,1.3486,0.0000
6,11.4432,2.1335,1.4324,1.4637,0.0000
7,10.0900,2.0977,1.4312,1.3562,0.0000
8,9.3148,4.1570,2.7337,0.9446,0.0000
9,0.0928,0.0168,0.0148,0.2894,0.0000
### PYTHON_DATA_END ###
