
Running only on specified device: 3A021JEHN02756
Deploying and running 'bm-fully-cifar-sparse-vk' on device: 3A021JEHN02756
build/android/arm64-v8a/release/bm-fully-cifar-sparse-vk: 1 file pushed, 0 skipped. 508.9 MB/s (2717648 bytes in 0.005s)
[2025-04-22 19:33:44.068] [info] Pinable Lit cores: 0 1 2 3 
[2025-04-22 19:33:44.069] [info] Pinable Med cores: 4 5 
[2025-04-22 19:33:44.069] [info] Pinable Big cores: 6 7 
Stage: 1 by Little
	Count 	50
	Average 	20.3800 ms
Stage: 1 by Medium
	Count 	169
	Average 	6.2485 ms
Stage: 1 by Big
	Count 	205
	Average 	5.0098 ms
Stage: 1 by Vulkan
	Count 	131
	Average 	7.9466 ms
Stage: 2 by Little
	Count 	44
	Average 	23.5227 ms
Stage: 2 by Medium
	Count 	75
	Average 	14.2533 ms
Stage: 2 by Big
	Count 	86
	Average 	11.9186 ms
Stage: 2 by Vulkan
	Count 	132
	Average 	8.0758 ms
Stage: 3 by Little
	Count 	98
	Average 	10.5612 ms
Stage: 3 by Medium
	Count 	329
	Average 	3.2158 ms
Stage: 3 by Big
	Count 	394
	Average 	2.5787 ms
Stage: 3 by Vulkan
	Count 	182
	Average 	5.8022 ms
Stage: 4 by Little
	Count 	81
	Average 	12.9012 ms
Stage: 4 by Medium
	Count 	149
	Average 	7.1678 ms
Stage: 4 by Big
	Count 	159
	Average 	6.4088 ms
Stage: 4 by Vulkan
	Count 	241
	Average 	4.4440 ms
Stage: 5 by Little
	Count 	176
	Average 	5.7955 ms
Stage: 5 by Medium
	Count 	580
	Average 	1.8362 ms
Stage: 5 by Big
	Count 	681
	Average 	1.4949 ms
Stage: 5 by Vulkan
	Count 	326
	Average 	3.2147 ms
Stage: 6 by Little
	Count 	176
	Average 	5.8693 ms
Stage: 6 by Medium
	Count 	598
	Average 	1.7692 ms
Stage: 6 by Big
	Count 	612
	Average 	1.6732 ms
Stage: 6 by Vulkan
	Count 	334
	Average 	3.0000 ms
Stage: 7 by Little
	Count 	173
	Average 	6.0173 ms
Stage: 7 by Medium
	Count 	580
	Average 	1.8086 ms
Stage: 7 by Big
	Count 	690
	Average 	1.5043 ms
Stage: 7 by Vulkan
	Count 	352
	Average 	2.8494 ms
Stage: 8 by Little
	Count 	152
	Average 	6.9013 ms
Stage: 8 by Medium
	Count 	278
	Average 	3.7662 ms
Stage: 8 by Big
	Count 	325
	Average 	3.2154 ms
Stage: 8 by Vulkan
	Count 	402
	Average 	2.6269 ms
Stage: 9 by Little
	Count 	41324
	Average 	0.0252 ms
Stage: 9 by Medium
	Count 	79895
	Average 	0.0132 ms
Stage: 9 by Big
	Count 	93018
	Average 	0.0112 ms
Stage: 9 by Vulkan
	Count 	2287
	Average 	0.4604 ms
Stage: 1
	Little 	23.6222 ms 	(45)
	Medium 	6.3653 ms 	(167)
	Big    	5.6845 ms 	(187)
	Vulkan 	4.8761 ms 	(218)
Stage: 2
	Little 	27.2432 ms 	(37)
	Medium 	13.2632 ms 	(76)
	Big    	13.2632 ms 	(76)
	Vulkan 	2.5913 ms 	(389)
Stage: 3
	Little 	14.2603 ms 	(73)
	Medium 	3.2329 ms 	(322)
	Big    	3.5169 ms 	(296)
	Vulkan 	2.8288 ms 	(368)
Stage: 4
	Little 	14.6232 ms 	(69)
	Medium 	6.9110 ms 	(146)
	Big    	7.3650 ms 	(137)
	Vulkan 	2.1840 ms 	(462)
Stage: 5
	Little 	7.9762 ms 	(126)
	Medium 	1.7632 ms 	(570)
	Big    	2.0851 ms 	(482)
	Vulkan 	1.9940 ms 	(504)
Stage: 6
	Little 	8.0465 ms 	(129)
	Medium 	1.9438 ms 	(534)
	Big    	2.2132 ms 	(469)
	Vulkan 	2.0313 ms 	(511)
Stage: 7
	Little 	8.9397 ms 	(116)
	Medium 	1.8161 ms 	(571)
	Big    	2.2446 ms 	(462)
	Vulkan 	2.0214 ms 	(513)
Stage: 8
	Little 	8.1210 ms 	(124)
	Medium 	3.8731 ms 	(260)
	Big    	4.1270 ms 	(244)
	Vulkan 	1.4468 ms 	(696)
Stage: 9
	Little 	0.0504 ms 	(19910)
	Medium 	0.0152 ms 	(65903)
	Big    	0.0146 ms 	(68594)
	Vulkan 	0.3091 ms 	(3245)

Normal Benchmark Results Table (ms per task):
Stage | Little Core | Medium Core | Big Core | Vulkan | CUDA
------|------------|-------------|----------|--------|-------
    1 |     20.3800 |      6.2485 |   5.0098 | 7.9466 | 0.0000
    2 |     23.5227 |     14.2533 |  11.9186 | 8.0758 | 0.0000
    3 |     10.5612 |      3.2158 |   2.5787 | 5.8022 | 0.0000
    4 |     12.9012 |      7.1678 |   6.4088 | 4.4440 | 0.0000
    5 |      5.7955 |      1.8362 |   1.4949 | 3.2147 | 0.0000
    6 |      5.8693 |      1.7692 |   1.6732 | 3.0000 | 0.0000
    7 |      6.0173 |      1.8086 |   1.5043 | 2.8494 | 0.0000
    8 |      6.9013 |      3.7662 |   3.2154 | 2.6269 | 0.0000
    9 |      0.0252 |      0.0132 |   0.0112 | 0.4604 | 0.0000

Normal Benchmark - Sum of stages 1-9:
Little Core: 91.9738 ms
Medium Core: 40.0789 ms
Big Core: 33.8148 ms
Vulkan: 38.4200 ms
CUDA: 0.0000 ms

Fully Benchmark Results Table (ms per task):
Stage | Little Core | Medium Core | Big Core | Vulkan | CUDA
------|-------------|-------------|----------|--------|-------
    1 |     23.6222 |      6.3653 |   5.6845 | 4.8761 | 0.0000
    2 |     27.2432 |     13.2632 |  13.2632 | 2.5913 | 0.0000
    3 |     14.2603 |      3.2329 |   3.5169 | 2.8288 | 0.0000
    4 |     14.6232 |      6.9110 |   7.3650 | 2.1840 | 0.0000
    5 |      7.9762 |      1.7632 |   2.0851 | 1.9940 | 0.0000
    6 |      8.0465 |      1.9438 |   2.2132 | 2.0313 | 0.0000
    7 |      8.9397 |      1.8161 |   2.2446 | 2.0214 | 0.0000
    8 |      8.1210 |      3.8731 |   4.1270 | 1.4468 | 0.0000
    9 |      0.0504 |      0.0152 |   0.0146 | 0.3091 | 0.0000

Fully Benchmark - Sum of stages 1-9:
Little Core: 112.8826 ms
Medium Core: 39.1837 ms
Big Core: 40.5140 ms
Vulkan: 20.2829 ms
CUDA: 0.0000 ms

Performance Comparison (Fully vs Normal):
Processor  | Normal (ms) | Fully (ms) | Ratio
-----------|-------------|------------|-------
Little Core|       91.97 |     112.88 |  1.23x
Medium Core|       40.08 |      39.18 |  0.98x
Big Core   |       33.81 |      40.51 |  1.20x
Vulkan     |       38.42 |      20.28 |  0.53x

### PYTHON_DATA_START ###
# NORMAL_BENCHMARK_DATA
stage,little,medium,big,vulkan,cuda
1,20.3800,6.2485,5.0098,7.9466,0.0000
2,23.5227,14.2533,11.9186,8.0758,0.0000
3,10.5612,3.2158,2.5787,5.8022,0.0000
4,12.9012,7.1678,6.4088,4.4440,0.0000
5,5.7955,1.8362,1.4949,3.2147,0.0000
6,5.8693,1.7692,1.6732,3.0000,0.0000
7,6.0173,1.8086,1.5043,2.8494,0.0000
8,6.9013,3.7662,3.2154,2.6269,0.0000
9,0.0252,0.0132,0.0112,0.4604,0.0000
# FULLY_BENCHMARK_DATA
stage,little,medium,big,vulkan,cuda
1,23.6222,6.3653,5.6845,4.8761,0.0000
2,27.2432,13.2632,13.2632,2.5913,0.0000
3,14.2603,3.2329,3.5169,2.8288,0.0000
4,14.6232,6.9110,7.3650,2.1840,0.0000
5,7.9762,1.7632,2.0851,1.9940,0.0000
6,8.0465,1.9438,2.2132,2.0313,0.0000
7,8.9397,1.8161,2.2446,2.0214,0.0000
8,8.1210,3.8731,4.1270,1.4468,0.0000
9,0.0504,0.0152,0.0146,0.3091,0.0000
### PYTHON_DATA_END ###
