
Running only on specified device: 3A021JEHN02756
Deploying and running 'bm-fully-cifar-dense-vk' on device: 3A021JEHN02756
build/android/arm64-v8a/release/bm-fully-cifar-dense-vk: 1 file pushed, 0 skipped. 476.1 MB/s (2716112 bytes in 0.005s)
[2025-04-23 12:23:56.633] [info] Pinable Lit cores: 0 1 2 3 
[2025-04-23 12:23:56.633] [info] Pinable Med cores: 4 5 
[2025-04-23 12:23:56.633] [info] Pinable Big cores: 6 7 
Stage: 1 by Little
	Count 	9
	Average 	556.3333 ms
Stage: 1 by Medium
	Count 	66
	Average 	77.1667 ms
Stage: 1 by Big
	Count 	81
	Average 	62.4691 ms
Stage: 1 by Vulkan
	Count 	4282
	Average 	1.1761 ms
Stage: 2 by Little
	Count 	650
	Average 	7.7338 ms
Stage: 2 by Medium
	Count 	1387
	Average 	3.6309 ms
Stage: 2 by Big
	Count 	1404
	Average 	3.5890 ms
Stage: 2 by Vulkan
	Count 	6603
	Average 	0.7647 ms
Stage: 3 by Little
	Count 	15
	Average 	348.0000 ms
Stage: 3 by Medium
	Count 	37
	Average 	136.5405 ms
Stage: 3 by Big
	Count 	34
	Average 	149.5588 ms
Stage: 3 by Vulkan
	Count 	4852
	Average 	1.0311 ms
Stage: 4 by Little
	Count 	1313
	Average 	3.8126 ms
Stage: 4 by Medium
	Count 	3210
	Average 	1.5583 ms
Stage: 4 by Big
	Count 	3089
	Average 	1.6196 ms
Stage: 4 by Vulkan
	Count 	7381
	Average 	0.6778 ms
Stage: 5 by Little
	Count 	16
	Average 	329.5625 ms
Stage: 5 by Medium
	Count 	41
	Average 	123.9512 ms
Stage: 5 by Big
	Count 	41
	Average 	122.9756 ms
Stage: 5 by Vulkan
	Count 	3409
	Average 	1.4676 ms
Stage: 6 by Little
	Count 	8
	Average 	648.8750 ms
Stage: 6 by Medium
	Count 	21
	Average 	246.3333 ms
Stage: 6 by Big
	Count 	20
	Average 	261.7000 ms
Stage: 6 by Vulkan
	Count 	2239
	Average 	2.2358 ms
Stage: 7 by Little
	Count 	8
	Average 	649.0000 ms
Stage: 7 by Medium
	Count 	21
	Average 	244.2381 ms
Stage: 7 by Big
	Count 	21
	Average 	250.2381 ms
Stage: 7 by Vulkan
	Count 	2171
	Average 	2.3054 ms
Stage: 8 by Little
	Count 	2694
	Average 	1.8578 ms
Stage: 8 by Medium
	Count 	6519
	Average 	0.7673 ms
Stage: 8 by Big
	Count 	6800
	Average 	0.7356 ms
Stage: 8 by Vulkan
	Count 	7958
	Average 	0.6287 ms
Stage: 9 by Little
	Count 	4455
	Average 	1.1237 ms
Stage: 9 by Medium
	Count 	8667
	Average 	0.5770 ms
Stage: 9 by Big
	Count 	9978
	Average 	0.5013 ms
Stage: 9 by Vulkan
	Count 	3731
	Average 	1.3409 ms
Stage: 1
	Little 	186.3704 ms 	(27)
	Medium 	60.6265 ms 	(83)
	Big    	65.3506 ms 	(77)
	Vulkan 	0.6762 ms 	(7442)
Stage: 2
	Little 	11.8042 ms 	(424)
	Medium 	3.2670 ms 	(1532)
	Big    	4.1918 ms 	(1194)
	Vulkan 	0.3375 ms 	(14828)
Stage: 3
	Little 	471.5455 ms 	(11)
	Medium 	144.0833 ms 	(36)
	Big    	199.5000 ms 	(26)
	Vulkan 	0.6795 ms 	(7634)
Stage: 4
	Little 	6.7700 ms 	(739)
	Medium 	1.8029 ms 	(2775)
	Big    	2.2176 ms 	(2256)
	Vulkan 	0.2832 ms 	(17664)
Stage: 5
	Little 	409.0769 ms 	(13)
	Medium 	151.9429 ms 	(35)
	Big    	196.9630 ms 	(27)
	Vulkan 	0.9340 ms 	(5694)
Stage: 6
	Little 	857.8333 ms 	(6)
	Medium 	302.7647 ms 	(17)
	Big    	343.1333 ms 	(15)
	Vulkan 	1.3024 ms 	(3952)
Stage: 7
	Little 	1052.0000 ms 	(5)
	Medium 	328.7500 ms 	(16)
	Big    	328.7500 ms 	(16)
	Vulkan 	1.1408 ms 	(4611)
Stage: 8
	Little 	3.0998 ms 	(1614)
	Medium 	1.4089 ms 	(3551)
	Big    	0.9915 ms 	(5046)
	Vulkan 	0.2473 ms 	(20227)
Stage: 9
	Little 	1.8219 ms 	(2746)
	Medium 	0.9182 ms 	(5449)
	Big    	0.6629 ms 	(7547)
	Vulkan 	0.8059 ms 	(6208)

Normal Benchmark Results Table (ms per task):
Stage | Little Core | Medium Core | Big Core | Vulkan | CUDA
------|------------|-------------|----------|--------|-------
    1 |    556.3333 |     77.1667 |  62.4691 | 1.1761 | 0.0000
    2 |      7.7338 |      3.6309 |   3.5890 | 0.7647 | 0.0000
    3 |    348.0000 |    136.5405 | 149.5588 | 1.0311 | 0.0000
    4 |      3.8126 |      1.5583 |   1.6196 | 0.6778 | 0.0000
    5 |    329.5625 |    123.9512 | 122.9756 | 1.4676 | 0.0000
    6 |    648.8750 |    246.3333 | 261.7000 | 2.2358 | 0.0000
    7 |    649.0000 |    244.2381 | 250.2381 | 2.3054 | 0.0000
    8 |      1.8578 |      0.7673 |   0.7356 | 0.6287 | 0.0000
    9 |      1.1237 |      0.5770 |   0.5013 | 1.3409 | 0.0000

Normal Benchmark - Sum of stages 1-9:
Little Core: 2546.2988 ms
Medium Core: 834.7633 ms
Big Core: 853.3872 ms
Vulkan: 11.6281 ms
CUDA: 0.0000 ms

Fully Benchmark Results Table (ms per task):
Stage | Little Core | Medium Core | Big Core | Vulkan | CUDA
------|-------------|-------------|----------|--------|-------
    1 |    186.3704 |     60.6265 |  65.3506 | 0.6762 | 0.0000
    2 |     11.8042 |      3.2670 |   4.1918 | 0.3375 | 0.0000
    3 |    471.5455 |    144.0833 | 199.5000 | 0.6795 | 0.0000
    4 |      6.7700 |      1.8029 |   2.2176 | 0.2832 | 0.0000
    5 |    409.0769 |    151.9429 | 196.9630 | 0.9340 | 0.0000
    6 |    857.8333 |    302.7647 | 343.1333 | 1.3024 | 0.0000
    7 |   1052.0000 |    328.7500 | 328.7500 | 1.1408 | 0.0000
    8 |      3.0998 |      1.4089 |   0.9915 | 0.2473 | 0.0000
    9 |      1.8219 |      0.9182 |   0.6629 | 0.8059 | 0.0000

Fully Benchmark - Sum of stages 1-9:
Little Core: 3000.3220 ms
Medium Core: 995.5643 ms
Big Core: 1141.7608 ms
Vulkan: 6.4067 ms
CUDA: 0.0000 ms

Performance Comparison (Fully vs Normal):
Processor  | Normal (ms) | Fully (ms) | Ratio
-----------|-------------|------------|-------
Little Core|     2546.30 |    3000.32 |  1.18x
Medium Core|      834.76 |     995.56 |  1.19x
Big Core   |      853.39 |    1141.76 |  1.34x
Vulkan     |       11.63 |       6.41 |  0.55x

### PYTHON_DATA_START ###
# NORMAL_BENCHMARK_DATA
stage,little,medium,big,vulkan,cuda
1,556.3333,77.1667,62.4691,1.1761,0.0000
2,7.7338,3.6309,3.5890,0.7647,0.0000
3,348.0000,136.5405,149.5588,1.0311,0.0000
4,3.8126,1.5583,1.6196,0.6778,0.0000
5,329.5625,123.9512,122.9756,1.4676,0.0000
6,648.8750,246.3333,261.7000,2.2358,0.0000
7,649.0000,244.2381,250.2381,2.3054,0.0000
8,1.8578,0.7673,0.7356,0.6287,0.0000
9,1.1237,0.5770,0.5013,1.3409,0.0000
# FULLY_BENCHMARK_DATA
stage,little,medium,big,vulkan,cuda
1,186.3704,60.6265,65.3506,0.6762,0.0000
2,11.8042,3.2670,4.1918,0.3375,0.0000
3,471.5455,144.0833,199.5000,0.6795,0.0000
4,6.7700,1.8029,2.2176,0.2832,0.0000
5,409.0769,151.9429,196.9630,0.9340,0.0000
6,857.8333,302.7647,343.1333,1.3024,0.0000
7,1052.0000,328.7500,328.7500,1.1408,0.0000
8,3.0998,1.4089,0.9915,0.2473,0.0000
9,1.8219,0.9182,0.6629,0.8059,0.0000
### PYTHON_DATA_END ###
