
Running only on specified device: 3A021JEHN02756
Deploying and running 'bm-fully-tree-vk' on device: 3A021JEHN02756
build/android/arm64-v8a/release/bm-fully-tree-vk: 1 file pushed, 0 skipped. 503.7 MB/s (2821584 bytes in 0.005s)
[2025-04-22 19:32:52.684] [info] Pinable Lit cores: 0 1 2 3 
[2025-04-22 19:32:52.685] [info] Pinable Med cores: 4 5 
[2025-04-22 19:32:52.685] [info] Pinable Big cores: 6 7 
Stage: 1 by Little
	Count 	492
	Average 	2.0386 ms
Stage: 1 by Medium
	Count 	1299
	Average 	0.7706 ms
Stage: 1 by Big
	Count 	1551
	Average 	0.6454 ms
Stage: 1 by Vulkan
	Count 	655
	Average 	1.5328 ms
Stage: 2 by Little
	Count 	431
	Average 	2.3248 ms
Stage: 2 by Medium
	Count 	1362
	Average 	0.7349 ms
Stage: 2 by Big
	Count 	1456
	Average 	0.6875 ms
Stage: 2 by Vulkan
	Count 	41
	Average 	24.8049 ms
Stage: 3 by Little
	Count 	629
	Average 	1.5962 ms
Stage: 3 by Medium
	Count 	4268
	Average 	0.2345 ms
Stage: 3 by Big
	Count 	4033
	Average 	0.2482 ms
Stage: 3 by Vulkan
	Count 	4210
	Average 	0.2375 ms
Stage: 4 by Little
	Count 	93
	Average 	10.8172 ms
Stage: 4 by Medium
	Count 	196
	Average 	5.1224 ms
Stage: 4 by Big
	Count 	210
	Average 	4.7762 ms
Stage: 4 by Vulkan
	Count 	242
	Average 	4.1570 ms
Stage: 5 by Little
	Count 	1150
	Average 	0.8713 ms
Stage: 5 by Medium
	Count 	4868
	Average 	0.2056 ms
Stage: 5 by Big
	Count 	5331
	Average 	0.1878 ms
Stage: 5 by Vulkan
	Count 	1266
	Average 	0.7907 ms
Stage: 6 by Little
	Count 	1546
	Average 	0.6488 ms
Stage: 6 by Medium
	Count 	4469
	Average 	0.2240 ms
Stage: 6 by Big
	Count 	4330
	Average 	0.2312 ms
Stage: 6 by Vulkan
	Count 	4612
	Average 	0.2170 ms
Stage: 7 by Little
	Count 	241
	Average 	4.1660 ms
Stage: 7 by Medium
	Count 	596
	Average 	1.6812 ms
Stage: 7 by Big
	Count 	616
	Average 	1.6266 ms
Stage: 7 by Vulkan
	Count 	546
	Average 	1.8370 ms
Stage: 1
	Little 	3.2323 ms 	(310)
	Medium 	0.8392 ms 	(1194)
	Big    	0.7767 ms 	(1290)
	Vulkan 	0.8315 ms 	(1205)
Stage: 2
	Little 	4.0640 ms 	(250)
	Medium 	2.2528 ms 	(451)
	Big    	2.6118 ms 	(389)
	Vulkan 	22.0870 ms 	(46)
Stage: 3
	Little 	4.6389 ms 	(216)
	Medium 	0.4387 ms 	(2284)
	Big    	0.4577 ms 	(2189)
	Vulkan 	2.0617 ms 	(486)
Stage: 4
	Little 	11.4886 ms 	(88)
	Medium 	5.4946 ms 	(184)
	Big    	6.6513 ms 	(152)
	Vulkan 	1.1037 ms 	(916)
Stage: 5
	Little 	2.6667 ms 	(384)
	Medium 	0.3163 ms 	(3237)
	Big    	0.3303 ms 	(3100)
	Vulkan 	0.6282 ms 	(1630)
Stage: 6
	Little 	1.3378 ms 	(749)
	Medium 	1.3396 ms 	(748)
	Big    	0.7017 ms 	(1428)
	Vulkan 	0.7027 ms 	(1426)
Stage: 7
	Little 	8.2903 ms 	(124)
	Medium 	2.0643 ms 	(498)
	Big    	2.8320 ms 	(363)
	Vulkan 	1.3799 ms 	(745)

Normal Benchmark Results Table (ms per task):
Stage | Little Core | Medium Core | Big Core | Vulkan | CUDA
------|------------|-------------|----------|--------|-------
    1 |      2.0386 |      0.7706 |   0.6454 | 1.5328 | 0.0000
    2 |      2.3248 |      0.7349 |   0.6875 | 24.8049 | 0.0000
    3 |      1.5962 |      0.2345 |   0.2482 | 0.2375 | 0.0000
    4 |     10.8172 |      5.1224 |   4.7762 | 4.1570 | 0.0000
    5 |      0.8713 |      0.2056 |   0.1878 | 0.7907 | 0.0000
    6 |      0.6488 |      0.2240 |   0.2312 | 0.2170 | 0.0000
    7 |      4.1660 |      1.6812 |   1.6266 | 1.8370 | 0.0000

Normal Benchmark - Sum of stages 1-7:
Little Core: 22.4629 ms
Medium Core: 8.9734 ms
Big Core: 8.4029 ms
Vulkan: 33.5770 ms
CUDA: 0.0000 ms

Fully Benchmark Results Table (ms per task):
Stage | Little Core | Medium Core | Big Core | Vulkan | CUDA
------|-------------|-------------|----------|--------|-------
    1 |      3.2323 |      0.8392 |   0.7767 | 0.8315 | 0.0000
    2 |      4.0640 |      2.2528 |   2.6118 | 22.0870 | 0.0000
    3 |      4.6389 |      0.4387 |   0.4577 | 2.0617 | 0.0000
    4 |     11.4886 |      5.4946 |   6.6513 | 1.1037 | 0.0000
    5 |      2.6667 |      0.3163 |   0.3303 | 0.6282 | 0.0000
    6 |      1.3378 |      1.3396 |   0.7017 | 0.7027 | 0.0000
    7 |      8.2903 |      2.0643 |   2.8320 | 1.3799 | 0.0000

Fully Benchmark - Sum of stages 1-7:
Little Core: 35.7186 ms
Medium Core: 12.7454 ms
Big Core: 14.3616 ms
Vulkan: 28.7947 ms
CUDA: 0.0000 ms

Performance Comparison (Fully vs Normal):
Processor  | Normal (ms) | Fully (ms) | Ratio
-----------|-------------|------------|-------
Little Core|       22.46 |      35.72 |  1.59x
Medium Core|        8.97 |      12.75 |  1.42x
Big Core   |        8.40 |      14.36 |  1.71x
Vulkan     |       33.58 |      28.79 |  0.86x

### PYTHON_DATA_START ###
# NORMAL_BENCHMARK_DATA
stage,little,medium,big,vulkan,cuda
1,2.0386,0.7706,0.6454,1.5328,0.0000
2,2.3248,0.7349,0.6875,24.8049,0.0000
3,1.5962,0.2345,0.2482,0.2375,0.0000
4,10.8172,5.1224,4.7762,4.1570,0.0000
5,0.8713,0.2056,0.1878,0.7907,0.0000
6,0.6488,0.2240,0.2312,0.2170,0.0000
7,4.1660,1.6812,1.6266,1.8370,0.0000
# FULLY_BENCHMARK_DATA
stage,little,medium,big,vulkan,cuda
1,3.2323,0.8392,0.7767,0.8315,0.0000
2,4.0640,2.2528,2.6118,22.0870,0.0000
3,4.6389,0.4387,0.4577,2.0617,0.0000
4,11.4886,5.4946,6.6513,1.1037,0.0000
5,2.6667,0.3163,0.3303,0.6282,0.0000
6,1.3378,1.3396,0.7017,0.7027,0.0000
7,8.2903,2.0643,2.8320,1.3799,0.0000
### PYTHON_DATA_END ###
