
Running only on specified device: 3A021JEHN02756
Deploying and running 'bm-fully-cifar-sparse-vk' on device: 3A021JEHN02756
build/android/arm64-v8a/release/bm-fully-cifar-sparse-vk: 1 file pushed, 0 skipped. 507.8 MB/s (2717648 bytes in 0.005s)
[2025-04-22 22:25:40.042] [info] Pinable Lit cores: 0 1 2 3 
[2025-04-22 22:25:40.043] [info] Pinable Med cores: 4 5 
[2025-04-22 22:25:40.043] [info] Pinable Big cores: 6 7 
Stage: 1 by Little
	Count 	89
	Average 	56.2584 ms
Stage: 1 by Medium
	Count 	583
	Average 	8.5849 ms
Stage: 1 by Big
	Count 	604
	Average 	8.2947 ms
Stage: 1 by Vulkan
	Count 	560
	Average 	8.9482 ms
Stage: 2 by Little
	Count 	171
	Average 	29.2924 ms
Stage: 2 by Medium
	Count 	341
	Average 	14.6950 ms
Stage: 2 by Big
	Count 	263
	Average 	19.0760 ms
Stage: 2 by Vulkan
	Count 	506
	Average 	9.9012 ms
Stage: 3 by Little
	Count 	495
	Average 	10.1172 ms
Stage: 3 by Medium
	Count 	1669
	Average 	2.9982 ms
Stage: 3 by Big
	Count 	1804
	Average 	2.7733 ms
Stage: 3 by Vulkan
	Count 	865
	Average 	5.7838 ms
Stage: 4 by Little
	Count 	398
	Average 	12.5879 ms
Stage: 4 by Medium
	Count 	785
	Average 	6.3707 ms
Stage: 4 by Big
	Count 	707
	Average 	7.0778 ms
Stage: 4 by Vulkan
	Count 	952
	Average 	5.2574 ms
Stage: 5 by Little
	Count 	879
	Average 	5.6940 ms
Stage: 5 by Medium
	Count 	2962
	Average 	1.6894 ms
Stage: 5 by Big
	Count 	3163
	Average 	1.5814 ms
Stage: 5 by Vulkan
	Count 	1962
	Average 	2.5499 ms
Stage: 6 by Little
	Count 	879
	Average 	5.6940 ms
Stage: 6 by Medium
	Count 	3047
	Average 	1.6416 ms
Stage: 6 by Big
	Count 	3216
	Average 	1.5557 ms
Stage: 6 by Vulkan
	Count 	1529
	Average 	3.2727 ms
Stage: 7 by Little
	Count 	879
	Average 	5.6917 ms
Stage: 7 by Medium
	Count 	3018
	Average 	1.6581 ms
Stage: 7 by Big
	Count 	3211
	Average 	1.5578 ms
Stage: 7 by Vulkan
	Count 	1539
	Average 	3.2515 ms
Stage: 8 by Little
	Count 	740
	Average 	6.7676 ms
Stage: 8 by Medium
	Count 	1449
	Average 	3.4534 ms
Stage: 8 by Big
	Count 	1415
	Average 	3.5343 ms
Stage: 8 by Vulkan
	Count 	1483
	Average 	3.3763 ms
Stage: 9 by Little
	Count 	207382
	Average 	0.0241 ms
Stage: 9 by Medium
	Count 	424223
	Average 	0.0118 ms
Stage: 9 by Big
	Count 	411387
	Average 	0.0122 ms
Stage: 9 by Vulkan
	Count 	7793
	Average 	0.6421 ms
Stage: 1
	Little 	25.9124 ms 	(194)
	Medium 	5.6293 ms 	(893)
	Big    	6.6058 ms 	(761)
	Vulkan 	3.9273 ms 	(1280)
Stage: 2
	Little 	35.7872 ms 	(141)
	Medium 	13.3492 ms 	(378)
	Big    	19.8661 ms 	(254)
	Vulkan 	2.2397 ms 	(2253)
Stage: 3
	Little 	14.8083 ms 	(339)
	Medium 	3.7158 ms 	(1351)
	Big    	4.7403 ms 	(1059)
	Vulkan 	2.2653 ms 	(2216)
Stage: 4
	Little 	16.6844 ms 	(301)
	Medium 	7.5292 ms 	(667)
	Big    	10.1455 ms 	(495)
	Vulkan 	1.8202 ms 	(2759)
Stage: 5
	Little 	8.1680 ms 	(613)
	Medium 	2.1807 ms 	(2296)
	Big    	2.7941 ms 	(1792)
	Vulkan 	1.9620 ms 	(2552)
Stage: 6
	Little 	8.2049 ms 	(610)
	Medium 	2.1371 ms 	(2342)
	Big    	2.7621 ms 	(1812)
	Vulkan 	1.9228 ms 	(2603)
Stage: 7
	Little 	9.0270 ms 	(555)
	Medium 	2.3710 ms 	(2113)
	Big    	2.6907 ms 	(1862)
	Vulkan 	1.9240 ms 	(2604)
Stage: 8
	Little 	10.9194 ms 	(459)
	Medium 	5.4656 ms 	(917)
	Big    	8.0709 ms 	(621)
	Vulkan 	1.2403 ms 	(4041)
Stage: 9
	Little 	0.0989 ms 	(50614)
	Medium 	0.0222 ms 	(225431)
	Big    	0.0331 ms 	(151243)
	Vulkan 	0.4292 ms 	(11661)

Normal Benchmark Results Table (ms per task):
Stage | Little Core | Medium Core | Big Core | Vulkan | CUDA
------|------------|-------------|----------|--------|-------
    1 |     56.2584 |      8.5849 |   8.2947 | 8.9482 | 0.0000
    2 |     29.2924 |     14.6950 |  19.0760 | 9.9012 | 0.0000
    3 |     10.1172 |      2.9982 |   2.7733 | 5.7838 | 0.0000
    4 |     12.5879 |      6.3707 |   7.0778 | 5.2574 | 0.0000
    5 |      5.6940 |      1.6894 |   1.5814 | 2.5499 | 0.0000
    6 |      5.6940 |      1.6416 |   1.5557 | 3.2727 | 0.0000
    7 |      5.6917 |      1.6581 |   1.5578 | 3.2515 | 0.0000
    8 |      6.7676 |      3.4534 |   3.5343 | 3.3763 | 0.0000
    9 |      0.0241 |      0.0118 |   0.0122 | 0.6421 | 0.0000

Normal Benchmark - Sum of stages 1-9:
Little Core: 132.1273 ms
Medium Core: 41.1031 ms
Big Core: 45.4631 ms
Vulkan: 42.9831 ms
CUDA: 0.0000 ms

Fully Benchmark Results Table (ms per task):
Stage | Little Core | Medium Core | Big Core | Vulkan | CUDA
------|-------------|-------------|----------|--------|-------
    1 |     25.9124 |      5.6293 |   6.6058 | 3.9273 | 0.0000
    2 |     35.7872 |     13.3492 |  19.8661 | 2.2397 | 0.0000
    3 |     14.8083 |      3.7158 |   4.7403 | 2.2653 | 0.0000
    4 |     16.6844 |      7.5292 |  10.1455 | 1.8202 | 0.0000
    5 |      8.1680 |      2.1807 |   2.7941 | 1.9620 | 0.0000
    6 |      8.2049 |      2.1371 |   2.7621 | 1.9228 | 0.0000
    7 |      9.0270 |      2.3710 |   2.6907 | 1.9240 | 0.0000
    8 |     10.9194 |      5.4656 |   8.0709 | 1.2403 | 0.0000
    9 |      0.0989 |      0.0222 |   0.0331 | 0.4292 | 0.0000

Fully Benchmark - Sum of stages 1-9:
Little Core: 129.6105 ms
Medium Core: 42.4002 ms
Big Core: 57.7085 ms
Vulkan: 17.7308 ms
CUDA: 0.0000 ms

Performance Comparison (Fully vs Normal):
Processor  | Normal (ms) | Fully (ms) | Ratio
-----------|-------------|------------|-------
Little Core|      132.13 |     129.61 |  0.98x
Medium Core|       41.10 |      42.40 |  1.03x
Big Core   |       45.46 |      57.71 |  1.27x
Vulkan     |       42.98 |      17.73 |  0.41x

### PYTHON_DATA_START ###
# NORMAL_BENCHMARK_DATA
stage,little,medium,big,vulkan,cuda
1,56.2584,8.5849,8.2947,8.9482,0.0000
2,29.2924,14.6950,19.0760,9.9012,0.0000
3,10.1172,2.9982,2.7733,5.7838,0.0000
4,12.5879,6.3707,7.0778,5.2574,0.0000
5,5.6940,1.6894,1.5814,2.5499,0.0000
6,5.6940,1.6416,1.5557,3.2727,0.0000
7,5.6917,1.6581,1.5578,3.2515,0.0000
8,6.7676,3.4534,3.5343,3.3763,0.0000
9,0.0241,0.0118,0.0122,0.6421,0.0000
# FULLY_BENCHMARK_DATA
stage,little,medium,big,vulkan,cuda
1,25.9124,5.6293,6.6058,3.9273,0.0000
2,35.7872,13.3492,19.8661,2.2397,0.0000
3,14.8083,3.7158,4.7403,2.2653,0.0000
4,16.6844,7.5292,10.1455,1.8202,0.0000
5,8.1680,2.1807,2.7941,1.9620,0.0000
6,8.2049,2.1371,2.7621,1.9228,0.0000
7,9.0270,2.3710,2.6907,1.9240,0.0000
8,10.9194,5.4656,8.0709,1.2403,0.0000
9,0.0989,0.0222,0.0331,0.4292,0.0000
### PYTHON_DATA_END ###
