
Running only on specified device: 3A021JEHN02756
Deploying and running 'bm-fully-cifar-sparse-vk' on device: 3A021JEHN02756
build/android/arm64-v8a/release/bm-fully-cifar-sparse-vk: 1 file pushed, 0 skipped. 477.9 MB/s (2717648 bytes in 0.005s)
[2025-04-23 12:07:03.186] [info] Pinable Lit cores: 0 1 2 3 
[2025-04-23 12:07:03.187] [info] Pinable Med cores: 4 5 
[2025-04-23 12:07:03.187] [info] Pinable Big cores: 6 7 
Stage: 1 by Little
	Count 	260
	Average 	19.2923 ms
Stage: 1 by Medium
	Count 	911
	Average 	5.5148 ms
Stage: 1 by Big
	Count 	1248
	Average 	4.0329 ms
Stage: 1 by Vulkan
	Count 	640
	Average 	7.8719 ms
Stage: 2 by Little
	Count 	219
	Average 	23.0457 ms
Stage: 2 by Medium
	Count 	409
	Average 	12.2689 ms
Stage: 2 by Big
	Count 	466
	Average 	10.7876 ms
Stage: 2 by Vulkan
	Count 	578
	Average 	8.7422 ms
Stage: 3 by Little
	Count 	497
	Average 	10.1207 ms
Stage: 3 by Medium
	Count 	1733
	Average 	2.9111 ms
Stage: 3 by Big
	Count 	2258
	Average 	2.2334 ms
Stage: 3 by Vulkan
	Count 	940
	Average 	5.3745 ms
Stage: 4 by Little
	Count 	398
	Average 	12.6985 ms
Stage: 4 by Medium
	Count 	775
	Average 	6.5071 ms
Stage: 4 by Big
	Count 	873
	Average 	5.7342 ms
Stage: 4 by Vulkan
	Count 	860
	Average 	5.8651 ms
Stage: 5 by Little
	Count 	884
	Average 	5.7059 ms
Stage: 5 by Medium
	Count 	3015
	Average 	1.6590 ms
Stage: 5 by Big
	Count 	3821
	Average 	1.3125 ms
Stage: 5 by Vulkan
	Count 	1766
	Average 	2.8556 ms
Stage: 6 by Little
	Count 	885
	Average 	5.7051 ms
Stage: 6 by Medium
	Count 	3007
	Average 	1.6638 ms
Stage: 6 by Big
	Count 	3780
	Average 	1.3341 ms
Stage: 6 by Vulkan
	Count 	1594
	Average 	3.1688 ms
Stage: 7 by Little
	Count 	882
	Average 	5.7109 ms
Stage: 7 by Medium
	Count 	2983
	Average 	1.6909 ms
Stage: 7 by Big
	Count 	3765
	Average 	1.3400 ms
Stage: 7 by Vulkan
	Count 	1568
	Average 	3.2111 ms
Stage: 8 by Little
	Count 	757
	Average 	6.6750 ms
Stage: 8 by Medium
	Count 	1456
	Average 	3.4602 ms
Stage: 8 by Big
	Count 	1675
	Average 	3.0119 ms
Stage: 8 by Vulkan
	Count 	1463
	Average 	3.4511 ms
Stage: 9 by Little
	Count 	133371
	Average 	0.0378 ms
Stage: 9 by Medium
	Count 	425611
	Average 	0.0118 ms
Stage: 9 by Big
	Count 	504371
	Average 	0.0100 ms
Stage: 9 by Vulkan
	Count 	8726
	Average 	0.5768 ms
Stage: 1
	Little 	21.2050 ms 	(239)
	Medium 	5.6437 ms 	(898)
	Big    	5.2518 ms 	(965)
	Vulkan 	3.6993 ms 	(1370)
Stage: 2
	Little 	26.9679 ms 	(187)
	Medium 	12.4827 ms 	(404)
	Big    	13.4480 ms 	(375)
	Vulkan 	2.4014 ms 	(2100)
Stage: 3
	Little 	13.2152 ms 	(381)
	Medium 	2.9479 ms 	(1708)
	Big    	3.6433 ms 	(1382)
	Vulkan 	2.5914 ms 	(1943)
Stage: 4
	Little 	14.0336 ms 	(357)
	Medium 	6.5576 ms 	(764)
	Big    	8.0806 ms 	(620)
	Vulkan 	1.8009 ms 	(2782)
Stage: 5
	Little 	8.0466 ms 	(622)
	Medium 	1.8088 ms 	(2767)
	Big    	2.4498 ms 	(2043)
	Vulkan 	1.9081 ms 	(2623)
Stage: 6
	Little 	7.8529 ms 	(639)
	Medium 	2.2009 ms 	(2280)
	Big    	2.6300 ms 	(1908)
	Vulkan 	1.6114 ms 	(3114)
Stage: 7
	Little 	7.4731 ms 	(670)
	Medium 	2.0880 ms 	(2398)
	Big    	2.6201 ms 	(1911)
	Vulkan 	1.9206 ms 	(2607)
Stage: 8
	Little 	7.8866 ms 	(635)
	Medium 	3.8434 ms 	(1303)
	Big    	5.0843 ms 	(985)
	Vulkan 	1.2650 ms 	(3959)
Stage: 9
	Little 	0.0456 ms 	(109585)
	Medium 	0.0163 ms 	(307099)
	Big    	0.0149 ms 	(334666)
	Vulkan 	0.3356 ms 	(14905)

Normal Benchmark Results Table (ms per task):
Stage | Little Core | Medium Core | Big Core | Vulkan | CUDA
------|------------|-------------|----------|--------|-------
    1 |     19.2923 |      5.5148 |   4.0329 | 7.8719 | 0.0000
    2 |     23.0457 |     12.2689 |  10.7876 | 8.7422 | 0.0000
    3 |     10.1207 |      2.9111 |   2.2334 | 5.3745 | 0.0000
    4 |     12.6985 |      6.5071 |   5.7342 | 5.8651 | 0.0000
    5 |      5.7059 |      1.6590 |   1.3125 | 2.8556 | 0.0000
    6 |      5.7051 |      1.6638 |   1.3341 | 3.1688 | 0.0000
    7 |      5.7109 |      1.6909 |   1.3400 | 3.2111 | 0.0000
    8 |      6.6750 |      3.4602 |   3.0119 | 3.4511 | 0.0000
    9 |      0.0378 |      0.0118 |   0.0100 | 0.5768 | 0.0000

Normal Benchmark - Sum of stages 1-9:
Little Core: 88.9919 ms
Medium Core: 35.6877 ms
Big Core: 29.7966 ms
Vulkan: 41.1170 ms
CUDA: 0.0000 ms

Fully Benchmark Results Table (ms per task):
Stage | Little Core | Medium Core | Big Core | Vulkan | CUDA
------|-------------|-------------|----------|--------|-------
    1 |     21.2050 |      5.6437 |   5.2518 | 3.6993 | 0.0000
    2 |     26.9679 |     12.4827 |  13.4480 | 2.4014 | 0.0000
    3 |     13.2152 |      2.9479 |   3.6433 | 2.5914 | 0.0000
    4 |     14.0336 |      6.5576 |   8.0806 | 1.8009 | 0.0000
    5 |      8.0466 |      1.8088 |   2.4498 | 1.9081 | 0.0000
    6 |      7.8529 |      2.2009 |   2.6300 | 1.6114 | 0.0000
    7 |      7.4731 |      2.0880 |   2.6201 | 1.9206 | 0.0000
    8 |      7.8866 |      3.8434 |   5.0843 | 1.2650 | 0.0000
    9 |      0.0456 |      0.0163 |   0.0149 | 0.3356 | 0.0000

Fully Benchmark - Sum of stages 1-9:
Little Core: 106.7267 ms
Medium Core: 37.5892 ms
Big Core: 43.2228 ms
Vulkan: 17.5336 ms
CUDA: 0.0000 ms

Performance Comparison (Fully vs Normal):
Processor  | Normal (ms) | Fully (ms) | Ratio
-----------|-------------|------------|-------
Little Core|       88.99 |     106.73 |  1.20x
Medium Core|       35.69 |      37.59 |  1.05x
Big Core   |       29.80 |      43.22 |  1.45x
Vulkan     |       41.12 |      17.53 |  0.43x

### PYTHON_DATA_START ###
# NORMAL_BENCHMARK_DATA
stage,little,medium,big,vulkan,cuda
1,19.2923,5.5148,4.0329,7.8719,0.0000
2,23.0457,12.2689,10.7876,8.7422,0.0000
3,10.1207,2.9111,2.2334,5.3745,0.0000
4,12.6985,6.5071,5.7342,5.8651,0.0000
5,5.7059,1.6590,1.3125,2.8556,0.0000
6,5.7051,1.6638,1.3341,3.1688,0.0000
7,5.7109,1.6909,1.3400,3.2111,0.0000
8,6.6750,3.4602,3.0119,3.4511,0.0000
9,0.0378,0.0118,0.0100,0.5768,0.0000
# FULLY_BENCHMARK_DATA
stage,little,medium,big,vulkan,cuda
1,21.2050,5.6437,5.2518,3.6993,0.0000
2,26.9679,12.4827,13.4480,2.4014,0.0000
3,13.2152,2.9479,3.6433,2.5914,0.0000
4,14.0336,6.5576,8.0806,1.8009,0.0000
5,8.0466,1.8088,2.4498,1.9081,0.0000
6,7.8529,2.2009,2.6300,1.6114,0.0000
7,7.4731,2.0880,2.6201,1.9206,0.0000
8,7.8866,3.8434,5.0843,1.2650,0.0000
9,0.0456,0.0163,0.0149,0.3356,0.0000
### PYTHON_DATA_END ###
