
Running only on specified device: 9b034f1b
Deploying and running 'bm-fully-cifar-dense-vk' on device: 9b034f1b
build/android/arm64-v8a/release/bm-fully-cifar-dense-vk: 1 file pushed, 0 skipped. 454.5 MB/s (2716112 bytes in 0.006s)
[2025-04-22 19:41:35.715] [info] Pinable Lit cores: 0 1 2 
[2025-04-22 19:41:35.716] [info] Pinable Med cores: 3 4 
[2025-04-22 19:41:35.716] [info] Pinable Big cores: 5 6 7 
Stage: 1 by Little
	Count 	7
	Average 	150.1429 ms
Stage: 1 by Medium
	Count 	14
	Average 	72.9286 ms
Stage: 1 by Big
	Count 	13
	Average 	77.1538 ms
Stage: 1 by Vulkan
	Count 	645
	Average 	1.5535 ms
Stage: 2 by Little
	Count 	111
	Average 	9.0811 ms
Stage: 2 by Medium
	Count 	237
	Average 	4.2236 ms
Stage: 2 by Big
	Count 	238
	Average 	4.2101 ms
Stage: 2 by Vulkan
	Count 	958
	Average 	1.0470 ms
Stage: 3 by Little
	Count 	3
	Average 	347.6667 ms
Stage: 3 by Medium
	Count 	6
	Average 	190.1667 ms
Stage: 3 by Big
	Count 	6
	Average 	186.5000 ms
Stage: 3 by Vulkan
	Count 	810
	Average 	1.2383 ms
Stage: 4 by Little
	Count 	223
	Average 	4.5067 ms
Stage: 4 by Medium
	Count 	474
	Average 	2.1139 ms
Stage: 4 by Big
	Count 	486
	Average 	2.0597 ms
Stage: 4 by Vulkan
	Count 	1045
	Average 	0.9598 ms
Stage: 5 by Little
	Count 	4
	Average 	326.0000 ms
Stage: 5 by Medium
	Count 	6
	Average 	189.3333 ms
Stage: 5 by Big
	Count 	5
	Average 	202.0000 ms
Stage: 5 by Vulkan
	Count 	807
	Average 	1.2429 ms
Stage: 6 by Little
	Count 	2
	Average 	636.5000 ms
Stage: 6 by Medium
	Count 	3
	Average 	380.6667 ms
Stage: 6 by Big
	Count 	3
	Average 	363.0000 ms
Stage: 6 by Vulkan
	Count 	653
	Average 	1.5360 ms
Stage: 7 by Little
	Count 	2
	Average 	639.5000 ms
Stage: 7 by Medium
	Count 	3
	Average 	375.0000 ms
Stage: 7 by Big
	Count 	3
	Average 	360.0000 ms
Stage: 7 by Vulkan
	Count 	647
	Average 	1.5502 ms
Stage: 8 by Little
	Count 	444
	Average 	2.2590 ms
Stage: 8 by Medium
	Count 	942
	Average 	1.0626 ms
Stage: 8 by Big
	Count 	1429
	Average 	0.6998 ms
Stage: 8 by Vulkan
	Count 	1200
	Average 	0.8358 ms
Stage: 9 by Little
	Count 	969
	Average 	1.0351 ms
Stage: 9 by Medium
	Count 	1270
	Average 	0.7882 ms
Stage: 9 by Big
	Count 	1055
	Average 	0.9488 ms
Stage: 9 by Vulkan
	Count 	444
	Average 	2.2568 ms
Stage: 1
	Little 	160.4286 ms 	(7)
	Medium 	74.8667 ms 	(15)
	Big    	48.8261 ms 	(23)
	Vulkan 	0.9212 ms 	(1219)
Stage: 2
	Little 	14.6087 ms 	(69)
	Medium 	3.9529 ms 	(255)
	Big    	2.4950 ms 	(404)
	Vulkan 	0.4423 ms 	(2279)
Stage: 3
	Little 	400.6667 ms 	(3)
	Medium 	200.3333 ms 	(6)
	Big    	120.2000 ms 	(10)
	Vulkan 	0.6554 ms 	(1834)
Stage: 4
	Little 	8.3667 ms 	(120)
	Medium 	1.9725 ms 	(509)
	Big    	1.2410 ms 	(809)
	Vulkan 	0.3659 ms 	(2744)
Stage: 5
	Little 	384.0000 ms 	(3)
	Medium 	192.0000 ms 	(6)
	Big    	115.2000 ms 	(10)
	Vulkan 	0.6264 ms 	(1839)
Stage: 6
	Little 	734.0000 ms 	(2)
	Medium 	489.3333 ms 	(3)
	Big    	293.6000 ms 	(5)
	Vulkan 	1.3107 ms 	(1120)
Stage: 7
	Little 	731.5000 ms 	(2)
	Medium 	487.6667 ms 	(3)
	Big    	292.6000 ms 	(5)
	Vulkan 	1.2856 ms 	(1138)
Stage: 8
	Little 	3.7212 ms 	(269)
	Medium 	0.9823 ms 	(1019)
	Big    	0.6372 ms 	(1571)
	Vulkan 	0.2690 ms 	(3721)
Stage: 9
	Little 	1.2131 ms 	(826)
	Medium 	0.7506 ms 	(1335)
	Big    	0.4615 ms 	(2171)
	Vulkan 	1.4397 ms 	(696)

Normal Benchmark Results Table (ms per task):
Stage | Little Core | Medium Core | Big Core | Vulkan | CUDA
------|------------|-------------|----------|--------|-------
    1 |    150.1429 |     72.9286 |  77.1538 | 1.5535 | 0.0000
    2 |      9.0811 |      4.2236 |   4.2101 | 1.0470 | 0.0000
    3 |    347.6667 |    190.1667 | 186.5000 | 1.2383 | 0.0000
    4 |      4.5067 |      2.1139 |   2.0597 | 0.9598 | 0.0000
    5 |    326.0000 |    189.3333 | 202.0000 | 1.2429 | 0.0000
    6 |    636.5000 |    380.6667 | 363.0000 | 1.5360 | 0.0000
    7 |    639.5000 |    375.0000 | 360.0000 | 1.5502 | 0.0000
    8 |      2.2590 |      1.0626 |   0.6998 | 0.8358 | 0.0000
    9 |      1.0351 |      0.7882 |   0.9488 | 2.2568 | 0.0000

Normal Benchmark - Sum of stages 1-9:
Little Core: 2116.6914 ms
Medium Core: 1216.2836 ms
Big Core: 1196.5722 ms
Vulkan: 12.2202 ms
CUDA: 0.0000 ms

Fully Benchmark Results Table (ms per task):
Stage | Little Core | Medium Core | Big Core | Vulkan | CUDA
------|-------------|-------------|----------|--------|-------
    1 |    160.4286 |     74.8667 |  48.8261 | 0.9212 | 0.0000
    2 |     14.6087 |      3.9529 |   2.4950 | 0.4423 | 0.0000
    3 |    400.6667 |    200.3333 | 120.2000 | 0.6554 | 0.0000
    4 |      8.3667 |      1.9725 |   1.2410 | 0.3659 | 0.0000
    5 |    384.0000 |    192.0000 | 115.2000 | 0.6264 | 0.0000
    6 |    734.0000 |    489.3333 | 293.6000 | 1.3107 | 0.0000
    7 |    731.5000 |    487.6667 | 292.6000 | 1.2856 | 0.0000
    8 |      3.7212 |      0.9823 |   0.6372 | 0.2690 | 0.0000
    9 |      1.2131 |      0.7506 |   0.4615 | 1.4397 | 0.0000

Fully Benchmark - Sum of stages 1-9:
Little Core: 2438.5049 ms
Medium Core: 1451.8583 ms
Big Core: 875.2609 ms
Vulkan: 7.3162 ms
CUDA: 0.0000 ms

Performance Comparison (Fully vs Normal):
Processor  | Normal (ms) | Fully (ms) | Ratio
-----------|-------------|------------|-------
Little Core|     2116.69 |    2438.50 |  1.15x
Medium Core|     1216.28 |    1451.86 |  1.19x
Big Core   |     1196.57 |     875.26 |  0.73x
Vulkan     |       12.22 |       7.32 |  0.60x

### PYTHON_DATA_START ###
# NORMAL_BENCHMARK_DATA
stage,little,medium,big,vulkan,cuda
1,150.1429,72.9286,77.1538,1.5535,0.0000
2,9.0811,4.2236,4.2101,1.0470,0.0000
3,347.6667,190.1667,186.5000,1.2383,0.0000
4,4.5067,2.1139,2.0597,0.9598,0.0000
5,326.0000,189.3333,202.0000,1.2429,0.0000
6,636.5000,380.6667,363.0000,1.5360,0.0000
7,639.5000,375.0000,360.0000,1.5502,0.0000
8,2.2590,1.0626,0.6998,0.8358,0.0000
9,1.0351,0.7882,0.9488,2.2568,0.0000
# FULLY_BENCHMARK_DATA
stage,little,medium,big,vulkan,cuda
1,160.4286,74.8667,48.8261,0.9212,0.0000
2,14.6087,3.9529,2.4950,0.4423,0.0000
3,400.6667,200.3333,120.2000,0.6554,0.0000
4,8.3667,1.9725,1.2410,0.3659,0.0000
5,384.0000,192.0000,115.2000,0.6264,0.0000
6,734.0000,489.3333,293.6000,1.3107,0.0000
7,731.5000,487.6667,292.6000,1.2856,0.0000
8,3.7212,0.9823,0.6372,0.2690,0.0000
9,1.2131,0.7506,0.4615,1.4397,0.0000
### PYTHON_DATA_END ###
