
Running only on specified device: 9b034f1b
Deploying and running 'bm-fully-cifar-sparse-vk' on device: 9b034f1b
build/android/arm64-v8a/release/bm-fully-cifar-sparse-vk: 1 file pushed, 0 skipped. 498.0 MB/s (2717648 bytes in 0.005s)
[2025-04-23 12:31:46.573] [info] Pinable Lit cores: 0 1 2 
[2025-04-23 12:31:46.574] [info] Pinable Med cores: 3 4 
[2025-04-23 12:31:46.574] [info] Pinable Big cores: 5 6 7 
Stage: 1 by Little
	Count 	151
	Average 	33.3179 ms
Stage: 1 by Medium
	Count 	699
	Average 	7.1602 ms
Stage: 1 by Big
	Count 	740
	Average 	6.7581 ms
Stage: 1 by Vulkan
	Count 	931
	Average 	5.3738 ms
Stage: 2 by Little
	Count 	185
	Average 	27.0703 ms
Stage: 2 by Medium
	Count 	310
	Average 	16.1742 ms
Stage: 2 by Big
	Count 	263
	Average 	19.0418 ms
Stage: 2 by Vulkan
	Count 	1374
	Average 	3.6405 ms
Stage: 3 by Little
	Count 	289
	Average 	17.3391 ms
Stage: 3 by Medium
	Count 	1319
	Average 	3.7915 ms
Stage: 3 by Big
	Count 	1076
	Average 	4.6496 ms
Stage: 3 by Vulkan
	Count 	1539
	Average 	3.2508 ms
Stage: 4 by Little
	Count 	351
	Average 	14.2536 ms
Stage: 4 by Medium
	Count 	599
	Average 	8.3606 ms
Stage: 4 by Big
	Count 	987
	Average 	5.0709 ms
Stage: 4 by Vulkan
	Count 	2223
	Average 	2.2501 ms
Stage: 5 by Little
	Count 	538
	Average 	9.3123 ms
Stage: 5 by Medium
	Count 	2241
	Average 	2.2320 ms
Stage: 5 by Big
	Count 	2682
	Average 	1.8647 ms
Stage: 5 by Vulkan
	Count 	2336
	Average 	2.1421 ms
Stage: 6 by Little
	Count 	536
	Average 	9.3451 ms
Stage: 6 by Medium
	Count 	2239
	Average 	2.2340 ms
Stage: 6 by Big
	Count 	1886
	Average 	2.6516 ms
Stage: 6 by Vulkan
	Count 	2353
	Average 	2.1266 ms
Stage: 7 by Little
	Count 	537
	Average 	9.3203 ms
Stage: 7 by Medium
	Count 	2240
	Average 	2.2330 ms
Stage: 7 by Big
	Count 	2823
	Average 	1.7719 ms
Stage: 7 by Vulkan
	Count 	2337
	Average 	2.1412 ms
Stage: 8 by Little
	Count 	683
	Average 	7.3250 ms
Stage: 8 by Medium
	Count 	1134
	Average 	4.4118 ms
Stage: 8 by Big
	Count 	1062
	Average 	4.7090 ms
Stage: 8 by Vulkan
	Count 	2153
	Average 	2.3247 ms
Stage: 9 by Little
	Count 	152423
	Average 	0.0328 ms
Stage: 9 by Medium
	Count 	297088
	Average 	0.0168 ms
Stage: 9 by Big
	Count 	158371
	Average 	0.0316 ms
Stage: 9 by Vulkan
	Count 	5848
	Average 	0.8553 ms
Stage: 1
	Little 	35.5390 ms 	(141)
	Medium 	6.7082 ms 	(747)
	Big    	4.6657 ms 	(1074)
	Vulkan 	2.6304 ms 	(1905)
Stage: 2
	Little 	29.0000 ms 	(173)
	Medium 	15.2492 ms 	(329)
	Big    	9.9347 ms 	(505)
	Vulkan 	2.4654 ms 	(2035)
Stage: 3
	Little 	18.3971 ms 	(272)
	Medium 	3.5116 ms 	(1425)
	Big    	2.4374 ms 	(2053)
	Vulkan 	2.4081 ms 	(2078)
Stage: 4
	Little 	15.3119 ms 	(327)
	Medium 	7.7748 ms 	(644)
	Big    	5.0322 ms 	(995)
	Vulkan 	1.4718 ms 	(3402)
Stage: 5
	Little 	10.3175 ms 	(485)
	Medium 	2.0712 ms 	(2416)
	Big    	1.4144 ms 	(3538)
	Vulkan 	1.3380 ms 	(3740)
Stage: 6
	Little 	10.2082 ms 	(490)
	Medium 	2.0678 ms 	(2419)
	Big    	1.4432 ms 	(3466)
	Vulkan 	1.3364 ms 	(3743)
Stage: 7
	Little 	10.2500 ms 	(488)
	Medium 	2.0712 ms 	(2415)
	Big    	1.4142 ms 	(3537)
	Vulkan 	1.3392 ms 	(3735)
Stage: 8
	Little 	8.4544 ms 	(592)
	Medium 	4.1025 ms 	(1220)
	Big    	2.7500 ms 	(1820)
	Vulkan 	0.8662 ms 	(5778)
Stage: 9
	Little 	0.0824 ms 	(60666)
	Medium 	0.0166 ms 	(300669)
	Big    	0.0147 ms 	(339172)
	Vulkan 	0.2867 ms 	(17445)

Normal Benchmark Results Table (ms per task):
Stage | Little Core | Medium Core | Big Core | Vulkan | CUDA
------|------------|-------------|----------|--------|-------
    1 |     33.3179 |      7.1602 |   6.7581 | 5.3738 | 0.0000
    2 |     27.0703 |     16.1742 |  19.0418 | 3.6405 | 0.0000
    3 |     17.3391 |      3.7915 |   4.6496 | 3.2508 | 0.0000
    4 |     14.2536 |      8.3606 |   5.0709 | 2.2501 | 0.0000
    5 |      9.3123 |      2.2320 |   1.8647 | 2.1421 | 0.0000
    6 |      9.3451 |      2.2340 |   2.6516 | 2.1266 | 0.0000
    7 |      9.3203 |      2.2330 |   1.7719 | 2.1412 | 0.0000
    8 |      7.3250 |      4.4118 |   4.7090 | 2.3247 | 0.0000
    9 |      0.0328 |      0.0168 |   0.0316 | 0.8553 | 0.0000

Normal Benchmark - Sum of stages 1-9:
Little Core: 127.3164 ms
Medium Core: 46.6143 ms
Big Core: 46.5493 ms
Vulkan: 24.1052 ms
CUDA: 0.0000 ms

Fully Benchmark Results Table (ms per task):
Stage | Little Core | Medium Core | Big Core | Vulkan | CUDA
------|-------------|-------------|----------|--------|-------
    1 |     35.5390 |      6.7082 |   4.6657 | 2.6304 | 0.0000
    2 |     29.0000 |     15.2492 |   9.9347 | 2.4654 | 0.0000
    3 |     18.3971 |      3.5116 |   2.4374 | 2.4081 | 0.0000
    4 |     15.3119 |      7.7748 |   5.0322 | 1.4718 | 0.0000
    5 |     10.3175 |      2.0712 |   1.4144 | 1.3380 | 0.0000
    6 |     10.2082 |      2.0678 |   1.4432 | 1.3364 | 0.0000
    7 |     10.2500 |      2.0712 |   1.4142 | 1.3392 | 0.0000
    8 |      8.4544 |      4.1025 |   2.7500 | 0.8662 | 0.0000
    9 |      0.0824 |      0.0166 |   0.0147 | 0.2867 | 0.0000

Fully Benchmark - Sum of stages 1-9:
Little Core: 137.5605 ms
Medium Core: 43.5731 ms
Big Core: 29.1064 ms
Vulkan: 14.1421 ms
CUDA: 0.0000 ms

Performance Comparison (Fully vs Normal):
Processor  | Normal (ms) | Fully (ms) | Ratio
-----------|-------------|------------|-------
Little Core|      127.32 |     137.56 |  1.08x
Medium Core|       46.61 |      43.57 |  0.93x
Big Core   |       46.55 |      29.11 |  0.63x
Vulkan     |       24.11 |      14.14 |  0.59x

### PYTHON_DATA_START ###
# NORMAL_BENCHMARK_DATA
stage,little,medium,big,vulkan,cuda
1,33.3179,7.1602,6.7581,5.3738,0.0000
2,27.0703,16.1742,19.0418,3.6405,0.0000
3,17.3391,3.7915,4.6496,3.2508,0.0000
4,14.2536,8.3606,5.0709,2.2501,0.0000
5,9.3123,2.2320,1.8647,2.1421,0.0000
6,9.3451,2.2340,2.6516,2.1266,0.0000
7,9.3203,2.2330,1.7719,2.1412,0.0000
8,7.3250,4.4118,4.7090,2.3247,0.0000
9,0.0328,0.0168,0.0316,0.8553,0.0000
# FULLY_BENCHMARK_DATA
stage,little,medium,big,vulkan,cuda
1,35.5390,6.7082,4.6657,2.6304,0.0000
2,29.0000,15.2492,9.9347,2.4654,0.0000
3,18.3971,3.5116,2.4374,2.4081,0.0000
4,15.3119,7.7748,5.0322,1.4718,0.0000
5,10.3175,2.0712,1.4144,1.3380,0.0000
6,10.2082,2.0678,1.4432,1.3364,0.0000
7,10.2500,2.0712,1.4142,1.3392,0.0000
8,8.4544,4.1025,2.7500,0.8662,0.0000
9,0.0824,0.0166,0.0147,0.2867,0.0000
### PYTHON_DATA_END ###
