
Running only on specified device: 9b034f1b
Deploying and running 'bm-fully-cifar-dense-vk' on device: 9b034f1b
build/android/arm64-v8a/release/bm-fully-cifar-dense-vk: 1 file pushed, 0 skipped. 485.3 MB/s (2716112 bytes in 0.005s)
[2025-04-22 19:40:35.114] [info] Pinable Lit cores: 0 1 2 
[2025-04-22 19:40:35.115] [info] Pinable Med cores: 3 4 
[2025-04-22 19:40:35.115] [info] Pinable Big cores: 5 6 7 
Stage: 1 by Little
	Count 	7
	Average 	147.7143 ms
Stage: 1 by Medium
	Count 	14
	Average 	73.2143 ms
Stage: 1 by Big
	Count 	13
	Average 	78.5385 ms
Stage: 1 by Vulkan
	Count 	643
	Average 	1.5583 ms
Stage: 2 by Little
	Count 	111
	Average 	9.0631 ms
Stage: 2 by Medium
	Count 	236
	Average 	4.2415 ms
Stage: 2 by Big
	Count 	221
	Average 	4.5339 ms
Stage: 2 by Vulkan
	Count 	921
	Average 	1.0879 ms
Stage: 3 by Little
	Count 	3
	Average 	346.0000 ms
Stage: 3 by Medium
	Count 	6
	Average 	192.1667 ms
Stage: 3 by Big
	Count 	5
	Average 	214.8000 ms
Stage: 3 by Vulkan
	Count 	804
	Average 	1.2475 ms
Stage: 4 by Little
	Count 	223
	Average 	4.5067 ms
Stage: 4 by Medium
	Count 	473
	Average 	2.1184 ms
Stage: 4 by Big
	Count 	401
	Average 	2.4988 ms
Stage: 4 by Vulkan
	Count 	1041
	Average 	0.9625 ms
Stage: 5 by Little
	Count 	4
	Average 	326.2500 ms
Stage: 5 by Medium
	Count 	6
	Average 	190.5000 ms
Stage: 5 by Big
	Count 	5
	Average 	205.0000 ms
Stage: 5 by Vulkan
	Count 	744
	Average 	1.3468 ms
Stage: 6 by Little
	Count 	2
	Average 	640.0000 ms
Stage: 6 by Medium
	Count 	3
	Average 	377.0000 ms
Stage: 6 by Big
	Count 	3
	Average 	354.6667 ms
Stage: 6 by Vulkan
	Count 	651
	Average 	1.5376 ms
Stage: 7 by Little
	Count 	2
	Average 	644.0000 ms
Stage: 7 by Medium
	Count 	3
	Average 	376.3333 ms
Stage: 7 by Big
	Count 	3
	Average 	366.0000 ms
Stage: 7 by Vulkan
	Count 	649
	Average 	1.5455 ms
Stage: 8 by Little
	Count 	448
	Average 	2.2411 ms
Stage: 8 by Medium
	Count 	942
	Average 	1.0637 ms
Stage: 8 by Big
	Count 	785
	Average 	1.2752 ms
Stage: 8 by Vulkan
	Count 	1123
	Average 	0.8931 ms
Stage: 9 by Little
	Count 	967
	Average 	1.0372 ms
Stage: 9 by Medium
	Count 	1272
	Average 	0.7869 ms
Stage: 9 by Big
	Count 	1072
	Average 	0.9338 ms
Stage: 9 by Vulkan
	Count 	443
	Average 	2.2664 ms
Stage: 1
	Little 	160.1429 ms 	(7)
	Medium 	74.7333 ms 	(15)
	Big    	48.7391 ms 	(23)
	Vulkan 	0.9287 ms 	(1207)
Stage: 2
	Little 	11.6860 ms 	(86)
	Medium 	3.9881 ms 	(252)
	Big    	2.4938 ms 	(403)
	Vulkan 	0.3795 ms 	(2648)
Stage: 3
	Little 	435.0000 ms 	(3)
	Medium 	217.5000 ms 	(6)
	Big    	130.5000 ms 	(10)
	Vulkan 	0.7948 ms 	(1642)
Stage: 4
	Little 	5.8882 ms 	(170)
	Medium 	1.9627 ms 	(510)
	Big    	1.2687 ms 	(789)
	Vulkan 	0.2992 ms 	(3346)
Stage: 5
	Little 	399.3333 ms 	(3)
	Medium 	199.6667 ms 	(6)
	Big    	119.8000 ms 	(10)
	Vulkan 	0.6514 ms 	(1839)
Stage: 6
	Little 	703.0000 ms 	(2)
	Medium 	468.6667 ms 	(3)
	Big    	281.2000 ms 	(5)
	Vulkan 	1.2431 ms 	(1131)
Stage: 7
	Little 	692.0000 ms 	(2)
	Medium 	461.3333 ms 	(3)
	Big    	276.8000 ms 	(5)
	Vulkan 	1.1880 ms 	(1165)
Stage: 8
	Little 	4.3565 ms 	(230)
	Medium 	0.9776 ms 	(1025)
	Big    	0.6302 ms 	(1590)
	Vulkan 	0.3181 ms 	(3150)
Stage: 9
	Little 	1.2192 ms 	(821)
	Medium 	0.7328 ms 	(1366)
	Big    	0.4609 ms 	(2172)
	Vulkan 	1.4852 ms 	(674)

Normal Benchmark Results Table (ms per task):
Stage | Little Core | Medium Core | Big Core | Vulkan | CUDA
------|------------|-------------|----------|--------|-------
    1 |    147.7143 |     73.2143 |  78.5385 | 1.5583 | 0.0000
    2 |      9.0631 |      4.2415 |   4.5339 | 1.0879 | 0.0000
    3 |    346.0000 |    192.1667 | 214.8000 | 1.2475 | 0.0000
    4 |      4.5067 |      2.1184 |   2.4988 | 0.9625 | 0.0000
    5 |    326.2500 |    190.5000 | 205.0000 | 1.3468 | 0.0000
    6 |    640.0000 |    377.0000 | 354.6667 | 1.5376 | 0.0000
    7 |    644.0000 |    376.3333 | 366.0000 | 1.5455 | 0.0000
    8 |      2.2411 |      1.0637 |   1.2752 | 0.8931 | 0.0000
    9 |      1.0372 |      0.7869 |   0.9338 | 2.2664 | 0.0000

Normal Benchmark - Sum of stages 1-9:
Little Core: 2120.8124 ms
Medium Core: 1217.4248 ms
Big Core: 1228.2467 ms
Vulkan: 12.4457 ms
CUDA: 0.0000 ms

Fully Benchmark Results Table (ms per task):
Stage | Little Core | Medium Core | Big Core | Vulkan | CUDA
------|-------------|-------------|----------|--------|-------
    1 |    160.1429 |     74.7333 |  48.7391 | 0.9287 | 0.0000
    2 |     11.6860 |      3.9881 |   2.4938 | 0.3795 | 0.0000
    3 |    435.0000 |    217.5000 | 130.5000 | 0.7948 | 0.0000
    4 |      5.8882 |      1.9627 |   1.2687 | 0.2992 | 0.0000
    5 |    399.3333 |    199.6667 | 119.8000 | 0.6514 | 0.0000
    6 |    703.0000 |    468.6667 | 281.2000 | 1.2431 | 0.0000
    7 |    692.0000 |    461.3333 | 276.8000 | 1.1880 | 0.0000
    8 |      4.3565 |      0.9776 |   0.6302 | 0.3181 | 0.0000
    9 |      1.2192 |      0.7328 |   0.4609 | 1.4852 | 0.0000

Fully Benchmark - Sum of stages 1-9:
Little Core: 2412.6262 ms
Medium Core: 1429.5612 ms
Big Core: 861.8927 ms
Vulkan: 7.2880 ms
CUDA: 0.0000 ms

Performance Comparison (Fully vs Normal):
Processor  | Normal (ms) | Fully (ms) | Ratio
-----------|-------------|------------|-------
Little Core|     2120.81 |    2412.63 |  1.14x
Medium Core|     1217.42 |    1429.56 |  1.17x
Big Core   |     1228.25 |     861.89 |  0.70x
Vulkan     |       12.45 |       7.29 |  0.59x

### PYTHON_DATA_START ###
# NORMAL_BENCHMARK_DATA
stage,little,medium,big,vulkan,cuda
1,147.7143,73.2143,78.5385,1.5583,0.0000
2,9.0631,4.2415,4.5339,1.0879,0.0000
3,346.0000,192.1667,214.8000,1.2475,0.0000
4,4.5067,2.1184,2.4988,0.9625,0.0000
5,326.2500,190.5000,205.0000,1.3468,0.0000
6,640.0000,377.0000,354.6667,1.5376,0.0000
7,644.0000,376.3333,366.0000,1.5455,0.0000
8,2.2411,1.0637,1.2752,0.8931,0.0000
9,1.0372,0.7869,0.9338,2.2664,0.0000
# FULLY_BENCHMARK_DATA
stage,little,medium,big,vulkan,cuda
1,160.1429,74.7333,48.7391,0.9287,0.0000
2,11.6860,3.9881,2.4938,0.3795,0.0000
3,435.0000,217.5000,130.5000,0.7948,0.0000
4,5.8882,1.9627,1.2687,0.2992,0.0000
5,399.3333,199.6667,119.8000,0.6514,0.0000
6,703.0000,468.6667,281.2000,1.2431,0.0000
7,692.0000,461.3333,276.8000,1.1880,0.0000
8,4.3565,0.9776,0.6302,0.3181,0.0000
9,1.2192,0.7328,0.4609,1.4852,0.0000
### PYTHON_DATA_END ###
