
Running only on specified device: 9b034f1b
Deploying and running 'bm-fully-tree-vk' on device: 9b034f1b
build/android/arm64-v8a/release/bm-fully-tree-vk: 1 file pushed, 0 skipped. 484.2 MB/s (2821584 bytes in 0.006s)
[2025-04-22 19:32:57.982] [info] Pinable Lit cores: 0 1 2 
[2025-04-22 19:32:57.982] [info] Pinable Med cores: 3 4 
[2025-04-22 19:32:57.982] [info] Pinable Big cores: 5 6 7 
Stage: 1 by Little
	Count 	377
	Average 	2.6552 ms
Stage: 1 by Medium
	Count 	1075
	Average 	0.9312 ms
Stage: 1 by Big
	Count 	878
	Average 	1.1401 ms
Stage: 1 by Vulkan
	Count 	597
	Average 	1.6784 ms
Stage: 2 by Little
	Count 	632
	Average 	1.5854 ms
Stage: 2 by Medium
	Count 	1159
	Average 	0.8637 ms
Stage: 2 by Big
	Count 	473
	Average 	2.1163 ms
Stage: 2 by Vulkan
	Count 	24
	Average 	43.3750 ms
Stage: 3 by Little
	Count 	1444
	Average 	0.6932 ms
Stage: 3 by Medium
	Count 	2737
	Average 	0.3654 ms
Stage: 3 by Big
	Count 	1440
	Average 	0.6951 ms
Stage: 3 by Vulkan
	Count 	4545
	Average 	0.2200 ms
Stage: 4 by Little
	Count 	120
	Average 	8.3667 ms
Stage: 4 by Medium
	Count 	146
	Average 	6.8836 ms
Stage: 4 by Big
	Count 	134
	Average 	7.4851 ms
Stage: 4 by Vulkan
	Count 	392
	Average 	2.5612 ms
Stage: 5 by Little
	Count 	1403
	Average 	0.7142 ms
Stage: 5 by Medium
	Count 	3107
	Average 	0.3219 ms
Stage: 5 by Big
	Count 	3155
	Average 	0.3170 ms
Stage: 5 by Vulkan
	Count 	884
	Average 	1.1335 ms
Stage: 6 by Little
	Count 	2828
	Average 	0.3540 ms
Stage: 6 by Medium
	Count 	2969
	Average 	0.3368 ms
Stage: 6 by Big
	Count 	1884
	Average 	0.5308 ms
Stage: 6 by Vulkan
	Count 	5295
	Average 	0.1889 ms
Stage: 7 by Little
	Count 	245
	Average 	4.1020 ms
Stage: 7 by Medium
	Count 	468
	Average 	2.1389 ms
Stage: 7 by Big
	Count 	380
	Average 	2.6342 ms
Stage: 7 by Vulkan
	Count 	463
	Average 	2.1663 ms
Stage: 1
	Little 	3.9762 ms 	(252)
	Medium 	0.8962 ms 	(1118)
	Big    	0.6231 ms 	(1608)
	Vulkan 	0.5271 ms 	(1901)
Stage: 2
	Little 	2.5888 ms 	(394)
	Medium 	1.6860 ms 	(605)
	Big    	2.1384 ms 	(477)
	Vulkan 	30.9091 ms 	(33)
Stage: 3
	Little 	0.6725 ms 	(1487)
	Medium 	0.6770 ms 	(1477)
	Big    	0.3457 ms 	(2893)
	Vulkan 	0.4505 ms 	(2220)
Stage: 4
	Little 	9.3832 ms 	(107)
	Medium 	6.3949 ms 	(157)
	Big    	4.2906 ms 	(234)
	Vulkan 	1.5422 ms 	(651)
Stage: 5
	Little 	1.0964 ms 	(913)
	Medium 	0.2402 ms 	(4168)
	Big    	0.1887 ms 	(5306)
	Vulkan 	0.3789 ms 	(2642)
Stage: 6
	Little 	0.3514 ms 	(2849)
	Medium 	0.2486 ms 	(4027)
	Big    	0.5364 ms 	(1866)
	Vulkan 	0.2847 ms 	(3516)
Stage: 7
	Little 	5.7529 ms 	(174)
	Medium 	1.9551 ms 	(512)
	Big    	1.3731 ms 	(729)
	Vulkan 	1.2192 ms 	(821)

Normal Benchmark Results Table (ms per task):
Stage | Little Core | Medium Core | Big Core | Vulkan | CUDA
------|------------|-------------|----------|--------|-------
    1 |      2.6552 |      0.9312 |   1.1401 | 1.6784 | 0.0000
    2 |      1.5854 |      0.8637 |   2.1163 | 43.3750 | 0.0000
    3 |      0.6932 |      0.3654 |   0.6951 | 0.2200 | 0.0000
    4 |      8.3667 |      6.8836 |   7.4851 | 2.5612 | 0.0000
    5 |      0.7142 |      0.3219 |   0.3170 | 1.1335 | 0.0000
    6 |      0.3540 |      0.3368 |   0.5308 | 0.1889 | 0.0000
    7 |      4.1020 |      2.1389 |   2.6342 | 2.1663 | 0.0000

Normal Benchmark - Sum of stages 1-7:
Little Core: 18.4707 ms
Medium Core: 11.8413 ms
Big Core: 14.9185 ms
Vulkan: 51.3233 ms
CUDA: 0.0000 ms

Fully Benchmark Results Table (ms per task):
Stage | Little Core | Medium Core | Big Core | Vulkan | CUDA
------|-------------|-------------|----------|--------|-------
    1 |      3.9762 |      0.8962 |   0.6231 | 0.5271 | 0.0000
    2 |      2.5888 |      1.6860 |   2.1384 | 30.9091 | 0.0000
    3 |      0.6725 |      0.6770 |   0.3457 | 0.4505 | 0.0000
    4 |      9.3832 |      6.3949 |   4.2906 | 1.5422 | 0.0000
    5 |      1.0964 |      0.2402 |   0.1887 | 0.3789 | 0.0000
    6 |      0.3514 |      0.2486 |   0.5364 | 0.2847 | 0.0000
    7 |      5.7529 |      1.9551 |   1.3731 | 1.2192 | 0.0000

Fully Benchmark - Sum of stages 1-7:
Little Core: 23.8213 ms
Medium Core: 12.0980 ms
Big Core: 9.4960 ms
Vulkan: 35.3117 ms
CUDA: 0.0000 ms

Performance Comparison (Fully vs Normal):
Processor  | Normal (ms) | Fully (ms) | Ratio
-----------|-------------|------------|-------
Little Core|       18.47 |      23.82 |  1.29x
Medium Core|       11.84 |      12.10 |  1.02x
Big Core   |       14.92 |       9.50 |  0.64x
Vulkan     |       51.32 |      35.31 |  0.69x

### PYTHON_DATA_START ###
# NORMAL_BENCHMARK_DATA
stage,little,medium,big,vulkan,cuda
1,2.6552,0.9312,1.1401,1.6784,0.0000
2,1.5854,0.8637,2.1163,43.3750,0.0000
3,0.6932,0.3654,0.6951,0.2200,0.0000
4,8.3667,6.8836,7.4851,2.5612,0.0000
5,0.7142,0.3219,0.3170,1.1335,0.0000
6,0.3540,0.3368,0.5308,0.1889,0.0000
7,4.1020,2.1389,2.6342,2.1663,0.0000
# FULLY_BENCHMARK_DATA
stage,little,medium,big,vulkan,cuda
1,3.9762,0.8962,0.6231,0.5271,0.0000
2,2.5888,1.6860,2.1384,30.9091,0.0000
3,0.6725,0.6770,0.3457,0.4505,0.0000
4,9.3832,6.3949,4.2906,1.5422,0.0000
5,1.0964,0.2402,0.1887,0.3789,0.0000
6,0.3514,0.2486,0.5364,0.2847,0.0000
7,5.7529,1.9551,1.3731,1.2192,0.0000
### PYTHON_DATA_END ###
