[2025-04-22 19:35:11.155] [info] Pinable Lit cores: 0 1 2 3 4 5 
[2025-04-22 19:35:11.155] [info] Pinable Med cores: 
[2025-04-22 19:35:11.155] [info] Pinable Big cores: 
Stage: 1 by Little
	Count 	31
	Average 	32.3097 ms
Stage: 1 by CUDA
	Count 	503
	Average 	1.9910 ms
Stage: 2 by Little
	Count 	562
	Average 	1.7805 ms
Stage: 2 by CUDA
	Count 	1553
	Average 	0.6441 ms
Stage: 3 by Little
	Count 	14
	Average 	76.9103 ms
Stage: 3 by CUDA
	Count 	240
	Average 	4.1769 ms
Stage: 4 by Little
	Count 	1117
	Average 	0.8958 ms
Stage: 4 by CUDA
	Count 	2239
	Average 	0.4465 ms
Stage: 5 by Little
	Count 	14
	Average 	72.8777 ms
Stage: 5 by CUDA
	Count 	210
	Average 	4.7787 ms
Stage: 6 by Little
	Count 	7
	Average 	144.9207 ms
Stage: 6 by CUDA
	Count 	111
	Average 	9.0725 ms
Stage: 7 by Little
	Count 	8
	Average 	142.1581 ms
Stage: 7 by CUDA
	Count 	109
	Average 	9.2360 ms
Stage: 8 by Little
	Count 	2199
	Average 	0.4551 ms
Stage: 8 by CUDA
	Count 	4076
	Average 	0.2453 ms
Stage: 9 by Little
	Count 	2879
	Average 	0.3475 ms
Stage: 9 by CUDA
	Count 	1754
	Average 	0.5703 ms
Stage: 1
	Little 	34.9616 ms 	(29)
	Medium 	inf ms 	(0)
	Big    	inf ms 	(0)
	CUDA   	1.8203 ms 	(557)
Stage: 2
	Little 	2.6921 ms 	(372)
	Medium 	inf ms 	(0)
	Big    	inf ms 	(0)
	CUDA   	0.4936 ms 	(2029)
Stage: 3
	Little 	78.9663 ms 	(13)
	Medium 	inf ms 	(0)
	Big    	inf ms 	(0)
	CUDA   	4.0576 ms 	(253)
Stage: 4
	Little 	1.9102 ms 	(524)
	Medium 	inf ms 	(0)
	Big    	inf ms 	(0)
	CUDA   	0.3393 ms 	(2950)
Stage: 5
	Little 	74.4663 ms 	(14)
	Medium 	inf ms 	(0)
	Big    	inf ms 	(0)
	CUDA   	4.7822 ms 	(218)
Stage: 6
	Little 	154.1382 ms 	(7)
	Medium 	inf ms 	(0)
	Big    	inf ms 	(0)
	CUDA   	9.7204 ms 	(111)
Stage: 7
	Little 	143.8069 ms 	(7)
	Medium 	inf ms 	(0)
	Big    	inf ms 	(0)
	CUDA   	9.0689 ms 	(111)
Stage: 8
	Little 	0.9210 ms 	(1086)
	Medium 	inf ms 	(0)
	Big    	inf ms 	(0)
	CUDA   	0.2614 ms 	(3827)
Stage: 9
	Little 	0.5570 ms 	(1795)
	Medium 	inf ms 	(0)
	Big    	inf ms 	(0)
	CUDA   	0.5281 ms 	(1893)

Normal Benchmark Results Table (ms per task):
Stage | Little Core | Medium Core | Big Core | Vulkan | CUDA
------|------------|-------------|----------|--------|-------
    1 |     32.3097 |      0.0000 |   0.0000 | 0.0000 | 1.9910
    2 |      1.7805 |      0.0000 |   0.0000 | 0.0000 | 0.6441
    3 |     76.9103 |      0.0000 |   0.0000 | 0.0000 | 4.1769
    4 |      0.8958 |      0.0000 |   0.0000 | 0.0000 | 0.4465
    5 |     72.8777 |      0.0000 |   0.0000 | 0.0000 | 4.7787
    6 |    144.9207 |      0.0000 |   0.0000 | 0.0000 | 9.0725
    7 |    142.1581 |      0.0000 |   0.0000 | 0.0000 | 9.2360
    8 |      0.4551 |      0.0000 |   0.0000 | 0.0000 | 0.2453
    9 |      0.3475 |      0.0000 |   0.0000 | 0.0000 | 0.5703

Normal Benchmark - Sum of stages 1-9:
Little Core: 472.6553 ms
Medium Core: 0.0000 ms
Big Core: 0.0000 ms
Vulkan: 0.0000 ms
CUDA: 31.1614 ms

Fully Benchmark Results Table (ms per task):
Stage | Little Core | Medium Core | Big Core | Vulkan | CUDA
------|-------------|-------------|----------|--------|-------
    1 |     34.9616 |      0.0000 |   0.0000 | 0.0000 | 1.8203
    2 |      2.6921 |      0.0000 |   0.0000 | 0.0000 | 0.4936
    3 |     78.9663 |      0.0000 |   0.0000 | 0.0000 | 4.0576
    4 |      1.9102 |      0.0000 |   0.0000 | 0.0000 | 0.3393
    5 |     74.4663 |      0.0000 |   0.0000 | 0.0000 | 4.7822
    6 |    154.1382 |      0.0000 |   0.0000 | 0.0000 | 9.7204
    7 |    143.8069 |      0.0000 |   0.0000 | 0.0000 | 9.0689
    8 |      0.9210 |      0.0000 |   0.0000 | 0.0000 | 0.2614
    9 |      0.5570 |      0.0000 |   0.0000 | 0.0000 | 0.5281

Fully Benchmark - Sum of stages 1-9:
Little Core: 492.4196 ms
Medium Core: 0.0000 ms
Big Core: 0.0000 ms
Vulkan: 0.0000 ms
CUDA: 31.0718 ms

Performance Comparison (Fully vs Normal):
Processor  | Normal (ms) | Fully (ms) | Ratio
-----------|-------------|------------|-------
Little Core|      472.66 |     492.42 |  1.04x
CUDA       |       31.16 |      31.07 |  1.00x

### PYTHON_DATA_START ###
# NORMAL_BENCHMARK_DATA
stage,little,medium,big,vulkan,cuda
1,32.3097,0.0000,0.0000,0.0000,1.9910
2,1.7805,0.0000,0.0000,0.0000,0.6441
3,76.9103,0.0000,0.0000,0.0000,4.1769
4,0.8958,0.0000,0.0000,0.0000,0.4465
5,72.8777,0.0000,0.0000,0.0000,4.7787
6,144.9207,0.0000,0.0000,0.0000,9.0725
7,142.1581,0.0000,0.0000,0.0000,9.2360
8,0.4551,0.0000,0.0000,0.0000,0.2453
9,0.3475,0.0000,0.0000,0.0000,0.5703
# FULLY_BENCHMARK_DATA
stage,little,medium,big,vulkan,cuda
1,34.9616,0.0000,0.0000,0.0000,1.8203
2,2.6921,0.0000,0.0000,0.0000,0.4936
3,78.9663,0.0000,0.0000,0.0000,4.0576
4,1.9102,0.0000,0.0000,0.0000,0.3393
5,74.4663,0.0000,0.0000,0.0000,4.7822
6,154.1382,0.0000,0.0000,0.0000,9.7204
7,143.8069,0.0000,0.0000,0.0000,9.0689
8,0.9210,0.0000,0.0000,0.0000,0.2614
9,0.5570,0.0000,0.0000,0.0000,0.5281
### PYTHON_DATA_END ###
