
Running only on specified device: R9TR30814KJ
Deploying and running 'bm-fully-cifar-dense-vk' on device: R9TR30814KJ
build/android/arm64-v8a/release/bm-fully-cifar-dense-vk: 1 file pushed, 0 skipped. 462.2 MB/s (2716112 bytes in 0.006s)
[2025-04-22 19:53:50.000] [info] Pinable Lit cores: 0 1 2 3 
[2025-04-22 19:53:50.002] [info] Pinable Med cores: 
[2025-04-22 19:53:50.002] [info] Pinable Big cores: 4 5 6 7 
Stage: 1 by Little
	Count 	1
	Average 	5481.0000 ms
Stage: 1 by Big
	Count 	1
	Average 	1339.0000 ms
Stage: 1 by Vulkan
	Count 	89
	Average 	11.3483 ms
Stage: 2 by Little
	Count 	10
	Average 	109.2000 ms
Stage: 2 by Big
	Count 	44
	Average 	23.0909 ms
Stage: 2 by Vulkan
	Count 	260
	Average 	3.8538 ms
Stage: 3 by Little
	Count 	1
	Average 	13743.0000 ms
Stage: 3 by Big
	Count 	1
	Average 	3422.0000 ms
Stage: 3 by Vulkan
	Count 	154
	Average 	6.5260 ms
Stage: 4 by Little
	Count 	19
	Average 	54.8947 ms
Stage: 4 by Big
	Count 	86
	Average 	11.6628 ms
Stage: 4 by Vulkan
	Count 	350
	Average 	2.8686 ms
Stage: 5 by Little
	Count 	1
	Average 	13081.0000 ms
Stage: 5 by Big
	Count 	1
	Average 	3596.0000 ms
Stage: 5 by Vulkan
	Count 	239
	Average 	4.1967 ms
Stage: 6 by Little
	Count 	1
	Average 	25576.0000 ms
Stage: 6 by Big
	Count 	1
	Average 	6770.0000 ms
Stage: 6 by Vulkan
	Count 	211
	Average 	4.7630 ms
Stage: 7 by Little
	Count 	1
	Average 	25625.0000 ms
Stage: 7 by Big
	Count 	1
	Average 	7150.0000 ms
Stage: 7 by Vulkan
	Count 	223
	Average 	4.5112 ms
Stage: 8 by Little
	Count 	37
	Average 	27.6757 ms
Stage: 8 by Big
	Count 	172
	Average 	5.8314 ms
Stage: 8 by Vulkan
	Count 	467
	Average 	2.1478 ms
Stage: 9 by Little
	Count 	57
	Average 	17.8070 ms
Stage: 9 by Big
	Count 	100
	Average 	10.0900 ms
Stage: 9 by Vulkan
	Count 	134
	Average 	7.5149 ms
Stage: 1
	Little 	5842.0000 ms 	(1)
	Medium 	inf ms 	(0)
	Big    	5842.0000 ms 	(1)
	Vulkan 	23.5565 ms 	(248)
Stage: 2
	Little 	158.7143 ms 	(7)
	Medium 	inf ms 	(0)
	Big    	50.5000 ms 	(22)
	Vulkan 	3.0861 ms 	(360)
Stage: 3
	Little 	14825.0000 ms 	(1)
	Medium 	inf ms 	(0)
	Big    	14825.0000 ms 	(1)
	Vulkan 	57.4612 ms 	(258)
Stage: 4
	Little 	102.5000 ms 	(10)
	Medium 	inf ms 	(0)
	Big    	17.9825 ms 	(57)
	Vulkan 	1.6776 ms 	(611)
Stage: 5
	Little 	13830.0000 ms 	(1)
	Medium 	inf ms 	(0)
	Big    	13830.0000 ms 	(1)
	Vulkan 	40.7965 ms 	(339)
Stage: 6
	Little 	27055.0000 ms 	(1)
	Medium 	inf ms 	(0)
	Big    	27055.0000 ms 	(1)
	Vulkan 	85.3470 ms 	(317)
Stage: 7
	Little 	27186.0000 ms 	(1)
	Medium 	inf ms 	(0)
	Big    	27186.0000 ms 	(1)
	Vulkan 	87.4148 ms 	(311)
Stage: 8
	Little 	68.0667 ms 	(15)
	Medium 	inf ms 	(0)
	Big    	23.7442 ms 	(43)
	Vulkan 	1.0261 ms 	(995)
Stage: 9
	Little 	22.5556 ms 	(45)
	Medium 	inf ms 	(0)
	Big    	19.5192 ms 	(52)
	Vulkan 	4.0438 ms 	(251)

Normal Benchmark Results Table (ms per task):
Stage | Little Core | Medium Core | Big Core | Vulkan | CUDA
------|------------|-------------|----------|--------|-------
    1 |   5481.0000 |      0.0000 | 1339.0000 | 11.3483 | 0.0000
    2 |    109.2000 |      0.0000 |  23.0909 | 3.8538 | 0.0000
    3 |  13743.0000 |      0.0000 | 3422.0000 | 6.5260 | 0.0000
    4 |     54.8947 |      0.0000 |  11.6628 | 2.8686 | 0.0000
    5 |  13081.0000 |      0.0000 | 3596.0000 | 4.1967 | 0.0000
    6 |  25576.0000 |      0.0000 | 6770.0000 | 4.7630 | 0.0000
    7 |  25625.0000 |      0.0000 | 7150.0000 | 4.5112 | 0.0000
    8 |     27.6757 |      0.0000 |   5.8314 | 2.1478 | 0.0000
    9 |     17.8070 |      0.0000 |  10.0900 | 7.5149 | 0.0000

Normal Benchmark - Sum of stages 1-9:
Little Core: 83715.5774 ms
Medium Core: 0.0000 ms
Big Core: 22327.6751 ms
Vulkan: 47.7303 ms
CUDA: 0.0000 ms

Fully Benchmark Results Table (ms per task):
Stage | Little Core | Medium Core | Big Core | Vulkan | CUDA
------|-------------|-------------|----------|--------|-------
    1 |   5842.0000 |      0.0000 | 5842.0000 | 23.5565 | 0.0000
    2 |    158.7143 |      0.0000 |  50.5000 | 3.0861 | 0.0000
    3 |  14825.0000 |      0.0000 | 14825.0000 | 57.4612 | 0.0000
    4 |    102.5000 |      0.0000 |  17.9825 | 1.6776 | 0.0000
    5 |  13830.0000 |      0.0000 | 13830.0000 | 40.7965 | 0.0000
    6 |  27055.0000 |      0.0000 | 27055.0000 | 85.3470 | 0.0000
    7 |  27186.0000 |      0.0000 | 27186.0000 | 87.4148 | 0.0000
    8 |     68.0667 |      0.0000 |  23.7442 | 1.0261 | 0.0000
    9 |     22.5556 |      0.0000 |  19.5192 | 4.0438 | 0.0000

Fully Benchmark - Sum of stages 1-9:
Little Core: 89089.8365 ms
Medium Core: 0.0000 ms
Big Core: 88849.7459 ms
Vulkan: 304.4096 ms
CUDA: 0.0000 ms

Performance Comparison (Fully vs Normal):
Processor  | Normal (ms) | Fully (ms) | Ratio
-----------|-------------|------------|-------
Little Core|    83715.58 |   89089.84 |  1.06x
Big Core   |    22327.68 |   88849.75 |  3.98x
Vulkan     |       47.73 |     304.41 |  6.38x

### PYTHON_DATA_START ###
# NORMAL_BENCHMARK_DATA
stage,little,medium,big,vulkan,cuda
1,5481.0000,0.0000,1339.0000,11.3483,0.0000
2,109.2000,0.0000,23.0909,3.8538,0.0000
3,13743.0000,0.0000,3422.0000,6.5260,0.0000
4,54.8947,0.0000,11.6628,2.8686,0.0000
5,13081.0000,0.0000,3596.0000,4.1967,0.0000
6,25576.0000,0.0000,6770.0000,4.7630,0.0000
7,25625.0000,0.0000,7150.0000,4.5112,0.0000
8,27.6757,0.0000,5.8314,2.1478,0.0000
9,17.8070,0.0000,10.0900,7.5149,0.0000
# FULLY_BENCHMARK_DATA
stage,little,medium,big,vulkan,cuda
1,5842.0000,0.0000,5842.0000,23.5565,0.0000
2,158.7143,0.0000,50.5000,3.0861,0.0000
3,14825.0000,0.0000,14825.0000,57.4612,0.0000
4,102.5000,0.0000,17.9825,1.6776,0.0000
5,13830.0000,0.0000,13830.0000,40.7965,0.0000
6,27055.0000,0.0000,27055.0000,85.3470,0.0000
7,27186.0000,0.0000,27186.0000,87.4148,0.0000
8,68.0667,0.0000,23.7442,1.0261,0.0000
9,22.5556,0.0000,19.5192,4.0438,0.0000
### PYTHON_DATA_END ###
