
Running only on specified device: R9TR30814KJ
Deploying and running 'bm-fully-cifar-sparse-vk' on device: R9TR30814KJ
build/android/arm64-v8a/release/bm-fully-cifar-sparse-vk: 1 file pushed, 0 skipped. 492.8 MB/s (2717648 bytes in 0.005s)
[2025-04-22 19:48:21.331] [info] Pinable Lit cores: 0 1 2 3 
[2025-04-22 19:48:21.338] [info] Pinable Med cores: 
[2025-04-22 19:48:21.338] [info] Pinable Big cores: 4 5 6 7 
Stage: 1 by Little
	Count 	3
	Average 	437.3333 ms
Stage: 1 by Big
	Count 	4
	Average 	317.7500 ms
Stage: 1 by Vulkan
	Count 	30
	Average 	33.7333 ms
Stage: 2 by Little
	Count 	3
	Average 	427.0000 ms
Stage: 2 by Big
	Count 	4
	Average 	285.5000 ms
Stage: 2 by Vulkan
	Count 	44
	Average 	23.0909 ms
Stage: 3 by Little
	Count 	5
	Average 	216.4000 ms
Stage: 3 by Big
	Count 	7
	Average 	160.8571 ms
Stage: 3 by Vulkan
	Count 	43
	Average 	23.3488 ms
Stage: 4 by Little
	Count 	5
	Average 	216.4000 ms
Stage: 4 by Big
	Count 	7
	Average 	146.8571 ms
Stage: 4 by Vulkan
	Count 	58
	Average 	17.4655 ms
Stage: 5 by Little
	Count 	10
	Average 	110.5000 ms
Stage: 5 by Big
	Count 	13
	Average 	79.9231 ms
Stage: 5 by Vulkan
	Count 	79
	Average 	12.7342 ms
Stage: 6 by Little
	Count 	9
	Average 	113.0000 ms
Stage: 6 by Big
	Count 	13
	Average 	82.3846 ms
Stage: 6 by Vulkan
	Count 	64
	Average 	15.7188 ms
Stage: 7 by Little
	Count 	10
	Average 	110.3000 ms
Stage: 7 by Big
	Count 	13
	Average 	80.3077 ms
Stage: 7 by Vulkan
	Count 	71
	Average 	14.2394 ms
Stage: 8 by Little
	Count 	10
	Average 	109.8000 ms
Stage: 8 by Big
	Count 	14
	Average 	73.2857 ms
Stage: 8 by Vulkan
	Count 	72
	Average 	14.0278 ms
Stage: 9 by Little
	Count 	1287
	Average 	0.7793 ms
Stage: 9 by Big
	Count 	2626
	Average 	0.3816 ms
Stage: 9 by Vulkan
	Count 	1420
	Average 	0.7056 ms
Stage: 1
	Little 	380.2500 ms 	(4)
	Medium 	inf ms 	(0)
	Big    	507.0000 ms 	(3)
	Vulkan 	49.0645 ms 	(31)
Stage: 2
	Little 	399.0000 ms 	(3)
	Medium 	inf ms 	(0)
	Big    	399.0000 ms 	(3)
	Vulkan 	22.5849 ms 	(53)
Stage: 3
	Little 	203.6667 ms 	(6)
	Medium 	inf ms 	(0)
	Big    	203.6667 ms 	(6)
	Vulkan 	23.5000 ms 	(52)
Stage: 4
	Little 	285.2500 ms 	(4)
	Medium 	inf ms 	(0)
	Big    	228.2000 ms 	(5)
	Vulkan 	11.0777 ms 	(103)
Stage: 5
	Little 	115.4444 ms 	(9)
	Medium 	inf ms 	(0)
	Big    	115.4444 ms 	(9)
	Vulkan 	9.6204 ms 	(108)
Stage: 6
	Little 	116.2222 ms 	(9)
	Medium 	inf ms 	(0)
	Big    	104.6000 ms 	(10)
	Vulkan 	9.4234 ms 	(111)
Stage: 7
	Little 	91.5833 ms 	(12)
	Medium 	inf ms 	(0)
	Big    	91.5833 ms 	(12)
	Vulkan 	10.4667 ms 	(105)
Stage: 8
	Little 	117.7778 ms 	(9)
	Medium 	inf ms 	(0)
	Big    	117.7778 ms 	(9)
	Vulkan 	5.1961 ms 	(204)
Stage: 9
	Little 	3.6473 ms 	(275)
	Medium 	inf ms 	(0)
	Big    	4.4978 ms 	(223)
	Vulkan 	0.6805 ms 	(1474)

Normal Benchmark Results Table (ms per task):
Stage | Little Core | Medium Core | Big Core | Vulkan | CUDA
------|------------|-------------|----------|--------|-------
    1 |    437.3333 |      0.0000 | 317.7500 | 33.7333 | 0.0000
    2 |    427.0000 |      0.0000 | 285.5000 | 23.0909 | 0.0000
    3 |    216.4000 |      0.0000 | 160.8571 | 23.3488 | 0.0000
    4 |    216.4000 |      0.0000 | 146.8571 | 17.4655 | 0.0000
    5 |    110.5000 |      0.0000 |  79.9231 | 12.7342 | 0.0000
    6 |    113.0000 |      0.0000 |  82.3846 | 15.7188 | 0.0000
    7 |    110.3000 |      0.0000 |  80.3077 | 14.2394 | 0.0000
    8 |    109.8000 |      0.0000 |  73.2857 | 14.0278 | 0.0000
    9 |      0.7793 |      0.0000 |   0.3816 | 0.7056 | 0.0000

Normal Benchmark - Sum of stages 1-9:
Little Core: 1741.5127 ms
Medium Core: 0.0000 ms
Big Core: 1227.2470 ms
Vulkan: 155.0644 ms
CUDA: 0.0000 ms

Fully Benchmark Results Table (ms per task):
Stage | Little Core | Medium Core | Big Core | Vulkan | CUDA
------|-------------|-------------|----------|--------|-------
    1 |    380.2500 |      0.0000 | 507.0000 | 49.0645 | 0.0000
    2 |    399.0000 |      0.0000 | 399.0000 | 22.5849 | 0.0000
    3 |    203.6667 |      0.0000 | 203.6667 | 23.5000 | 0.0000
    4 |    285.2500 |      0.0000 | 228.2000 | 11.0777 | 0.0000
    5 |    115.4444 |      0.0000 | 115.4444 | 9.6204 | 0.0000
    6 |    116.2222 |      0.0000 | 104.6000 | 9.4234 | 0.0000
    7 |     91.5833 |      0.0000 |  91.5833 | 10.4667 | 0.0000
    8 |    117.7778 |      0.0000 | 117.7778 | 5.1961 | 0.0000
    9 |      3.6473 |      0.0000 |   4.4978 | 0.6805 | 0.0000

Fully Benchmark - Sum of stages 1-9:
Little Core: 1712.8417 ms
Medium Core: 0.0000 ms
Big Core: 1771.7700 ms
Vulkan: 141.6141 ms
CUDA: 0.0000 ms

Performance Comparison (Fully vs Normal):
Processor  | Normal (ms) | Fully (ms) | Ratio
-----------|-------------|------------|-------
Little Core|     1741.51 |    1712.84 |  0.98x
Big Core   |     1227.25 |    1771.77 |  1.44x
Vulkan     |      155.06 |     141.61 |  0.91x

### PYTHON_DATA_START ###
# NORMAL_BENCHMARK_DATA
stage,little,medium,big,vulkan,cuda
1,437.3333,0.0000,317.7500,33.7333,0.0000
2,427.0000,0.0000,285.5000,23.0909,0.0000
3,216.4000,0.0000,160.8571,23.3488,0.0000
4,216.4000,0.0000,146.8571,17.4655,0.0000
5,110.5000,0.0000,79.9231,12.7342,0.0000
6,113.0000,0.0000,82.3846,15.7188,0.0000
7,110.3000,0.0000,80.3077,14.2394,0.0000
8,109.8000,0.0000,73.2857,14.0278,0.0000
9,0.7793,0.0000,0.3816,0.7056,0.0000
# FULLY_BENCHMARK_DATA
stage,little,medium,big,vulkan,cuda
1,380.2500,0.0000,507.0000,49.0645,0.0000
2,399.0000,0.0000,399.0000,22.5849,0.0000
3,203.6667,0.0000,203.6667,23.5000,0.0000
4,285.2500,0.0000,228.2000,11.0777,0.0000
5,115.4444,0.0000,115.4444,9.6204,0.0000
6,116.2222,0.0000,104.6000,9.4234,0.0000
7,91.5833,0.0000,91.5833,10.4667,0.0000
8,117.7778,0.0000,117.7778,5.1961,0.0000
9,3.6473,0.0000,4.4978,0.6805,0.0000
### PYTHON_DATA_END ###
