
Running only on specified device: R9TR30814KJ
Deploying and running 'bm-fully-tree-vk' on device: R9TR30814KJ
build/android/arm64-v8a/release/bm-fully-tree-vk: 1 file pushed, 0 skipped. 488.9 MB/s (2821584 bytes in 0.006s)
[2025-04-22 19:42:36.371] [info] Pinable Lit cores: 0 1 2 3 
[2025-04-22 19:42:36.373] [info] Pinable Med cores: 
[2025-04-22 19:42:36.373] [info] Pinable Big cores: 4 5 6 7 
Stage: 1 by Little
	Count 	33
	Average 	31.3333 ms
Stage: 1 by Big
	Count 	72
	Average 	14.0694 ms
Stage: 1 by Vulkan
	Count 	185
	Average 	5.4378 ms
Stage: 2 by Little
	Count 	6
	Average 	187.6667 ms
Stage: 2 by Big
	Count 	14
	Average 	75.7857 ms
Stage: 2 by Vulkan
	Count 	17
	Average 	61.2353 ms
Stage: 3 by Little
	Count 	9
	Average 	119.5556 ms
Stage: 3 by Big
	Count 	20
	Average 	50.3500 ms
Stage: 3 by Vulkan
	Count 	24
	Average 	42.2083 ms
Stage: 4 by Little
	Count 	6
	Average 	186.1667 ms
Stage: 4 by Big
	Count 	9
	Average 	121.4444 ms
Stage: 4 by Vulkan
	Count 	55
	Average 	18.2364 ms
Stage: 5 by Little
	Count 	22
	Average 	47.4091 ms
Stage: 5 by Big
	Count 	40
	Average 	25.2000 ms
Stage: 5 by Vulkan
	Count 	300
	Average 	3.3400 ms
Stage: 6 by Little
	Count 	17
	Average 	59.2353 ms
Stage: 6 by Big
	Count 	21
	Average 	48.7619 ms
Stage: 6 by Vulkan
	Count 	26
	Average 	39.7308 ms
Stage: 7 by Little
	Count 	8
	Average 	138.7500 ms
Stage: 7 by Big
	Count 	15
	Average 	69.6667 ms
Stage: 7 by Vulkan
	Count 	56
	Average 	17.8929 ms
Stage: 1
	Little 	58.2105 ms 	(19)
	Medium 	inf ms 	(0)
	Big    	36.8667 ms 	(30)
	Vulkan 	2.9651 ms 	(373)
Stage: 2
	Little 	426.3333 ms 	(3)
	Medium 	inf ms 	(0)
	Big    	319.7500 ms 	(4)
	Vulkan 	75.2353 ms 	(17)
Stage: 3
	Little 	250.6000 ms 	(5)
	Medium 	inf ms 	(0)
	Big    	78.3125 ms 	(16)
	Vulkan 	139.2222 ms 	(9)
Stage: 4
	Little 	215.6000 ms 	(5)
	Medium 	inf ms 	(0)
	Big    	179.6667 ms 	(6)
	Vulkan 	11.4681 ms 	(94)
Stage: 5
	Little 	76.4667 ms 	(15)
	Medium 	inf ms 	(0)
	Big    	47.7917 ms 	(24)
	Vulkan 	2.3360 ms 	(491)
Stage: 6
	Little 	116.0000 ms 	(9)
	Medium 	inf ms 	(0)
	Big    	61.4118 ms 	(17)
	Vulkan 	54.9474 ms 	(19)
Stage: 7
	Little 	193.0000 ms 	(6)
	Medium 	inf ms 	(0)
	Big    	128.6667 ms 	(9)
	Vulkan 	11.3529 ms 	(102)

Normal Benchmark Results Table (ms per task):
Stage | Little Core | Medium Core | Big Core | Vulkan | CUDA
------|------------|-------------|----------|--------|-------
    1 |     31.3333 |      0.0000 |  14.0694 | 5.4378 | 0.0000
    2 |    187.6667 |      0.0000 |  75.7857 | 61.2353 | 0.0000
    3 |    119.5556 |      0.0000 |  50.3500 | 42.2083 | 0.0000
    4 |    186.1667 |      0.0000 | 121.4444 | 18.2364 | 0.0000
    5 |     47.4091 |      0.0000 |  25.2000 | 3.3400 | 0.0000
    6 |     59.2353 |      0.0000 |  48.7619 | 39.7308 | 0.0000
    7 |    138.7500 |      0.0000 |  69.6667 | 17.8929 | 0.0000

Normal Benchmark - Sum of stages 1-7:
Little Core: 770.1166 ms
Medium Core: 0.0000 ms
Big Core: 405.2782 ms
Vulkan: 188.0815 ms
CUDA: 0.0000 ms

Fully Benchmark Results Table (ms per task):
Stage | Little Core | Medium Core | Big Core | Vulkan | CUDA
------|-------------|-------------|----------|--------|-------
    1 |     58.2105 |      0.0000 |  36.8667 | 2.9651 | 0.0000
    2 |    426.3333 |      0.0000 | 319.7500 | 75.2353 | 0.0000
    3 |    250.6000 |      0.0000 |  78.3125 | 139.2222 | 0.0000
    4 |    215.6000 |      0.0000 | 179.6667 | 11.4681 | 0.0000
    5 |     76.4667 |      0.0000 |  47.7917 | 2.3360 | 0.0000
    6 |    116.0000 |      0.0000 |  61.4118 | 54.9474 | 0.0000
    7 |    193.0000 |      0.0000 | 128.6667 | 11.3529 | 0.0000

Fully Benchmark - Sum of stages 1-7:
Little Core: 1336.2105 ms
Medium Core: 0.0000 ms
Big Core: 852.4659 ms
Vulkan: 297.5271 ms
CUDA: 0.0000 ms

Performance Comparison (Fully vs Normal):
Processor  | Normal (ms) | Fully (ms) | Ratio
-----------|-------------|------------|-------
Little Core|      770.12 |    1336.21 |  1.74x
Big Core   |      405.28 |     852.47 |  2.10x
Vulkan     |      188.08 |     297.53 |  1.58x

### PYTHON_DATA_START ###
# NORMAL_BENCHMARK_DATA
stage,little,medium,big,vulkan,cuda
1,31.3333,0.0000,14.0694,5.4378,0.0000
2,187.6667,0.0000,75.7857,61.2353,0.0000
3,119.5556,0.0000,50.3500,42.2083,0.0000
4,186.1667,0.0000,121.4444,18.2364,0.0000
5,47.4091,0.0000,25.2000,3.3400,0.0000
6,59.2353,0.0000,48.7619,39.7308,0.0000
7,138.7500,0.0000,69.6667,17.8929,0.0000
# FULLY_BENCHMARK_DATA
stage,little,medium,big,vulkan,cuda
1,58.2105,0.0000,36.8667,2.9651,0.0000
2,426.3333,0.0000,319.7500,75.2353,0.0000
3,250.6000,0.0000,78.3125,139.2222,0.0000
4,215.6000,0.0000,179.6667,11.4681,0.0000
5,76.4667,0.0000,47.7917,2.3360,0.0000
6,116.0000,0.0000,61.4118,54.9474,0.0000
7,193.0000,0.0000,128.6667,11.3529,0.0000
### PYTHON_DATA_END ###
