
Running only on specified device: 3A021JEHN02756
Deploying and running 'bm-fully-cifar-dense-vk' on device: 3A021JEHN02756
build/android/arm64-v8a/release/bm-fully-cifar-dense-vk: 1 file pushed, 0 skipped. 471.4 MB/s (2716112 bytes in 0.005s)
[2025-04-22 22:34:06.801] [info] Pinable Lit cores: 0 1 2 3 
[2025-04-22 22:34:06.801] [info] Pinable Med cores: 4 5 
[2025-04-22 22:34:06.801] [info] Pinable Big cores: 6 7 
Stage: 1 by Little
	Count 	22
	Average 	233.8636 ms
Stage: 1 by Medium
	Count 	59
	Average 	85.7966 ms
Stage: 1 by Big
	Count 	50
	Average 	100.9400 ms
Stage: 1 by Vulkan
	Count 	4221
	Average 	1.1853 ms
Stage: 2 by Little
	Count 	674
	Average 	7.4407 ms
Stage: 2 by Medium
	Count 	1310
	Average 	3.8443 ms
Stage: 2 by Big
	Count 	1086
	Average 	4.6317 ms
Stage: 2 by Vulkan
	Count 	6551
	Average 	0.7683 ms
Stage: 3 by Little
	Count 	15
	Average 	348.4667 ms
Stage: 3 by Medium
	Count 	38
	Average 	134.8421 ms
Stage: 3 by Big
	Count 	29
	Average 	172.8276 ms
Stage: 3 by Vulkan
	Count 	4986
	Average 	1.0034 ms
Stage: 4 by Little
	Count 	1484
	Average 	3.3747 ms
Stage: 4 by Medium
	Count 	3280
	Average 	1.5247 ms
Stage: 4 by Big
	Count 	3003
	Average 	1.6660 ms
Stage: 4 by Vulkan
	Count 	7252
	Average 	0.6899 ms
Stage: 5 by Little
	Count 	16
	Average 	330.0625 ms
Stage: 5 by Medium
	Count 	41
	Average 	124.0000 ms
Stage: 5 by Big
	Count 	38
	Average 	133.5263 ms
Stage: 5 by Vulkan
	Count 	3405
	Average 	1.4693 ms
Stage: 6 by Little
	Count 	8
	Average 	649.6250 ms
Stage: 6 by Medium
	Count 	21
	Average 	245.0476 ms
Stage: 6 by Big
	Count 	19
	Average 	278.2105 ms
Stage: 6 by Vulkan
	Count 	2051
	Average 	2.4393 ms
Stage: 7 by Little
	Count 	8
	Average 	651.8750 ms
Stage: 7 by Medium
	Count 	21
	Average 	244.6667 ms
Stage: 7 by Big
	Count 	20
	Average 	252.0000 ms
Stage: 7 by Vulkan
	Count 	2264
	Average 	2.2098 ms
Stage: 8 by Little
	Count 	2925
	Average 	1.7118 ms
Stage: 8 by Medium
	Count 	6441
	Average 	0.7766 ms
Stage: 8 by Big
	Count 	6546
	Average 	0.7641 ms
Stage: 8 by Vulkan
	Count 	7851
	Average 	0.6372 ms
Stage: 9 by Little
	Count 	4394
	Average 	1.1393 ms
Stage: 9 by Medium
	Count 	8672
	Average 	0.5768 ms
Stage: 9 by Big
	Count 	9705
	Average 	0.5154 ms
Stage: 9 by Vulkan
	Count 	3697
	Average 	1.3535 ms
Stage: 1
	Little 	197.0000 ms 	(26)
	Medium 	59.5581 ms 	(86)
	Big    	70.1644 ms 	(73)
	Vulkan 	0.7046 ms 	(7269)
Stage: 2
	Little 	9.8718 ms 	(507)
	Medium 	3.2971 ms 	(1518)
	Big    	4.9117 ms 	(1019)
	Vulkan 	0.3278 ms 	(15269)
Stage: 3
	Little 	469.7273 ms 	(11)
	Medium 	147.6286 ms 	(35)
	Big    	224.6522 ms 	(23)
	Vulkan 	0.6774 ms 	(7628)
Stage: 4
	Little 	6.9404 ms 	(721)
	Medium 	1.8575 ms 	(2694)
	Big    	2.3829 ms 	(2100)
	Vulkan 	0.2854 ms 	(17532)
Stage: 5
	Little 	491.2727 ms 	(11)
	Medium 	158.9412 ms 	(34)
	Big    	207.8462 ms 	(26)
	Vulkan 	0.9443 ms 	(5723)
Stage: 6
	Little 	957.5000 ms 	(6)
	Medium 	359.0625 ms 	(16)
	Big    	359.0625 ms 	(16)
	Vulkan 	1.4648 ms 	(3922)
Stage: 7
	Little 	1040.4000 ms 	(5)
	Medium 	346.8000 ms 	(15)
	Big    	346.8000 ms 	(15)
	Vulkan 	1.5386 ms 	(3381)
Stage: 8
	Little 	3.5344 ms 	(1426)
	Medium 	1.3823 ms 	(3646)
	Big    	1.2591 ms 	(4003)
	Vulkan 	0.2666 ms 	(18903)
Stage: 9
	Little 	2.0092 ms 	(2497)
	Medium 	0.9350 ms 	(5366)
	Big    	0.9584 ms 	(5235)
	Vulkan 	0.8284 ms 	(6056)

Normal Benchmark Results Table (ms per task):
Stage | Little Core | Medium Core | Big Core | Vulkan | CUDA
------|------------|-------------|----------|--------|-------
    1 |    233.8636 |     85.7966 | 100.9400 | 1.1853 | 0.0000
    2 |      7.4407 |      3.8443 |   4.6317 | 0.7683 | 0.0000
    3 |    348.4667 |    134.8421 | 172.8276 | 1.0034 | 0.0000
    4 |      3.3747 |      1.5247 |   1.6660 | 0.6899 | 0.0000
    5 |    330.0625 |    124.0000 | 133.5263 | 1.4693 | 0.0000
    6 |    649.6250 |    245.0476 | 278.2105 | 2.4393 | 0.0000
    7 |    651.8750 |    244.6667 | 252.0000 | 2.2098 | 0.0000
    8 |      1.7118 |      0.7766 |   0.7641 | 0.6372 | 0.0000
    9 |      1.1393 |      0.5768 |   0.5154 | 1.3535 | 0.0000

Normal Benchmark - Sum of stages 1-9:
Little Core: 2227.5592 ms
Medium Core: 841.0754 ms
Big Core: 945.0816 ms
Vulkan: 11.7560 ms
CUDA: 0.0000 ms

Fully Benchmark Results Table (ms per task):
Stage | Little Core | Medium Core | Big Core | Vulkan | CUDA
------|-------------|-------------|----------|--------|-------
    1 |    197.0000 |     59.5581 |  70.1644 | 0.7046 | 0.0000
    2 |      9.8718 |      3.2971 |   4.9117 | 0.3278 | 0.0000
    3 |    469.7273 |    147.6286 | 224.6522 | 0.6774 | 0.0000
    4 |      6.9404 |      1.8575 |   2.3829 | 0.2854 | 0.0000
    5 |    491.2727 |    158.9412 | 207.8462 | 0.9443 | 0.0000
    6 |    957.5000 |    359.0625 | 359.0625 | 1.4648 | 0.0000
    7 |   1040.4000 |    346.8000 | 346.8000 | 1.5386 | 0.0000
    8 |      3.5344 |      1.3823 |   1.2591 | 0.2666 | 0.0000
    9 |      2.0092 |      0.9350 |   0.9584 | 0.8284 | 0.0000

Fully Benchmark - Sum of stages 1-9:
Little Core: 3178.2557 ms
Medium Core: 1079.4622 ms
Big Core: 1218.0372 ms
Vulkan: 7.0379 ms
CUDA: 0.0000 ms

Performance Comparison (Fully vs Normal):
Processor  | Normal (ms) | Fully (ms) | Ratio
-----------|-------------|------------|-------
Little Core|     2227.56 |    3178.26 |  1.43x
Medium Core|      841.08 |    1079.46 |  1.28x
Big Core   |      945.08 |    1218.04 |  1.29x
Vulkan     |       11.76 |       7.04 |  0.60x

### PYTHON_DATA_START ###
# NORMAL_BENCHMARK_DATA
stage,little,medium,big,vulkan,cuda
1,233.8636,85.7966,100.9400,1.1853,0.0000
2,7.4407,3.8443,4.6317,0.7683,0.0000
3,348.4667,134.8421,172.8276,1.0034,0.0000
4,3.3747,1.5247,1.6660,0.6899,0.0000
5,330.0625,124.0000,133.5263,1.4693,0.0000
6,649.6250,245.0476,278.2105,2.4393,0.0000
7,651.8750,244.6667,252.0000,2.2098,0.0000
8,1.7118,0.7766,0.7641,0.6372,0.0000
9,1.1393,0.5768,0.5154,1.3535,0.0000
# FULLY_BENCHMARK_DATA
stage,little,medium,big,vulkan,cuda
1,197.0000,59.5581,70.1644,0.7046,0.0000
2,9.8718,3.2971,4.9117,0.3278,0.0000
3,469.7273,147.6286,224.6522,0.6774,0.0000
4,6.9404,1.8575,2.3829,0.2854,0.0000
5,491.2727,158.9412,207.8462,0.9443,0.0000
6,957.5000,359.0625,359.0625,1.4648,0.0000
7,1040.4000,346.8000,346.8000,1.5386,0.0000
8,3.5344,1.3823,1.2591,0.2666,0.0000
9,2.0092,0.9350,0.9584,0.8284,0.0000
### PYTHON_DATA_END ###
