
Running only on specified device: 3A021JEHN02756
Deploying and running 'bm-fully-cifar-sparse-vk' on device: 3A021JEHN02756
build/android/arm64-v8a/release/bm-fully-cifar-sparse-vk: 1 file pushed, 0 skipped. 467.9 MB/s (2717648 bytes in 0.006s)
[2025-04-23 12:11:19.477] [info] Pinable Lit cores: 0 1 2 3 
[2025-04-23 12:11:19.478] [info] Pinable Med cores: 4 5 
[2025-04-23 12:11:19.478] [info] Pinable Big cores: 6 7 
Stage: 1 by Little
	Count 	240
	Average 	20.9042 ms
Stage: 1 by Medium
	Count 	876
	Average 	5.7797 ms
Stage: 1 by Big
	Count 	1041
	Average 	4.8271 ms
Stage: 1 by Vulkan
	Count 	648
	Average 	7.8071 ms
Stage: 2 by Little
	Count 	219
	Average 	22.9589 ms
Stage: 2 by Medium
	Count 	401
	Average 	12.4938 ms
Stage: 2 by Big
	Count 	434
	Average 	11.5991 ms
Stage: 2 by Vulkan
	Count 	560
	Average 	9.0589 ms
Stage: 3 by Little
	Count 	497
	Average 	10.1247 ms
Stage: 3 by Medium
	Count 	1720
	Average 	2.9093 ms
Stage: 3 by Big
	Count 	2170
	Average 	2.3207 ms
Stage: 3 by Vulkan
	Count 	867
	Average 	5.8362 ms
Stage: 4 by Little
	Count 	399
	Average 	12.6341 ms
Stage: 4 by Medium
	Count 	782
	Average 	6.4770 ms
Stage: 4 by Big
	Count 	915
	Average 	5.5027 ms
Stage: 4 by Vulkan
	Count 	928
	Average 	5.4612 ms
Stage: 5 by Little
	Count 	882
	Average 	5.7177 ms
Stage: 5 by Medium
	Count 	2999
	Average 	1.6859 ms
Stage: 5 by Big
	Count 	3682
	Average 	1.3623 ms
Stage: 5 by Vulkan
	Count 	1905
	Average 	2.6588 ms
Stage: 6 by Little
	Count 	881
	Average 	5.7117 ms
Stage: 6 by Medium
	Count 	3025
	Average 	1.6701 ms
Stage: 6 by Big
	Count 	3643
	Average 	1.3802 ms
Stage: 6 by Vulkan
	Count 	1862
	Average 	2.7213 ms
Stage: 7 by Little
	Count 	884
	Average 	5.6606 ms
Stage: 7 by Medium
	Count 	2989
	Average 	1.6942 ms
Stage: 7 by Big
	Count 	3639
	Average 	1.3820 ms
Stage: 7 by Vulkan
	Count 	2084
	Average 	2.4280 ms
Stage: 8 by Little
	Count 	735
	Average 	6.8381 ms
Stage: 8 by Medium
	Count 	1456
	Average 	3.4698 ms
Stage: 8 by Big
	Count 	1680
	Average 	2.9958 ms
Stage: 8 by Vulkan
	Count 	1435
	Average 	3.5178 ms
Stage: 9 by Little
	Count 	205665
	Average 	0.0243 ms
Stage: 9 by Medium
	Count 	419908
	Average 	0.0119 ms
Stage: 9 by Big
	Count 	496740
	Average 	0.0101 ms
Stage: 9 by Vulkan
	Count 	7617
	Average 	0.6631 ms
Stage: 1
	Little 	21.1555 ms 	(238)
	Medium 	5.7216 ms 	(880)
	Big    	5.3735 ms 	(937)
	Vulkan 	3.6886 ms 	(1365)
Stage: 2
	Little 	27.7912 ms 	(182)
	Medium 	12.5821 ms 	(402)
	Big    	14.5764 ms 	(347)
	Vulkan 	2.2928 ms 	(2206)
Stage: 3
	Little 	13.9749 ms 	(359)
	Medium 	3.0461 ms 	(1647)
	Big    	3.9597 ms 	(1267)
	Vulkan 	2.0965 ms 	(2393)
Stage: 4
	Little 	15.4938 ms 	(324)
	Medium 	7.5489 ms 	(665)
	Big    	10.3505 ms 	(485)
	Vulkan 	1.8045 ms 	(2782)
Stage: 5
	Little 	7.7686 ms 	(644)
	Medium 	2.1399 ms 	(2338)
	Big    	2.7354 ms 	(1829)
	Vulkan 	1.9228 ms 	(2602)
Stage: 6
	Little 	7.6443 ms 	(655)
	Medium 	2.1388 ms 	(2341)
	Big    	2.6534 ms 	(1887)
	Vulkan 	1.9024 ms 	(2632)
Stage: 7
	Little 	8.1163 ms 	(619)
	Medium 	2.1056 ms 	(2386)
	Big    	2.6766 ms 	(1877)
	Vulkan 	1.6128 ms 	(3115)
Stage: 8
	Little 	10.0522 ms 	(498)
	Medium 	4.2174 ms 	(1187)
	Big    	4.6266 ms 	(1082)
	Vulkan 	1.4540 ms 	(3443)
Stage: 9
	Little 	0.0765 ms 	(65430)
	Medium 	0.0172 ms 	(290990)
	Big    	0.0148 ms 	(338038)
	Vulkan 	0.3915 ms 	(12783)

Normal Benchmark Results Table (ms per task):
Stage | Little Core | Medium Core | Big Core | Vulkan | CUDA
------|------------|-------------|----------|--------|-------
    1 |     20.9042 |      5.7797 |   4.8271 | 7.8071 | 0.0000
    2 |     22.9589 |     12.4938 |  11.5991 | 9.0589 | 0.0000
    3 |     10.1247 |      2.9093 |   2.3207 | 5.8362 | 0.0000
    4 |     12.6341 |      6.4770 |   5.5027 | 5.4612 | 0.0000
    5 |      5.7177 |      1.6859 |   1.3623 | 2.6588 | 0.0000
    6 |      5.7117 |      1.6701 |   1.3802 | 2.7213 | 0.0000
    7 |      5.6606 |      1.6942 |   1.3820 | 2.4280 | 0.0000
    8 |      6.8381 |      3.4698 |   2.9958 | 3.5178 | 0.0000
    9 |      0.0243 |      0.0119 |   0.0101 | 0.6631 | 0.0000

Normal Benchmark - Sum of stages 1-9:
Little Core: 90.5743 ms
Medium Core: 36.1916 ms
Big Core: 31.3800 ms
Vulkan: 40.1524 ms
CUDA: 0.0000 ms

Fully Benchmark Results Table (ms per task):
Stage | Little Core | Medium Core | Big Core | Vulkan | CUDA
------|-------------|-------------|----------|--------|-------
    1 |     21.1555 |      5.7216 |   5.3735 | 3.6886 | 0.0000
    2 |     27.7912 |     12.5821 |  14.5764 | 2.2928 | 0.0000
    3 |     13.9749 |      3.0461 |   3.9597 | 2.0965 | 0.0000
    4 |     15.4938 |      7.5489 |  10.3505 | 1.8045 | 0.0000
    5 |      7.7686 |      2.1399 |   2.7354 | 1.9228 | 0.0000
    6 |      7.6443 |      2.1388 |   2.6534 | 1.9024 | 0.0000
    7 |      8.1163 |      2.1056 |   2.6766 | 1.6128 | 0.0000
    8 |     10.0522 |      4.2174 |   4.6266 | 1.4540 | 0.0000
    9 |      0.0765 |      0.0172 |   0.0148 | 0.3915 | 0.0000

Fully Benchmark - Sum of stages 1-9:
Little Core: 112.0733 ms
Medium Core: 39.5176 ms
Big Core: 46.9670 ms
Vulkan: 17.1658 ms
CUDA: 0.0000 ms

Performance Comparison (Fully vs Normal):
Processor  | Normal (ms) | Fully (ms) | Ratio
-----------|-------------|------------|-------
Little Core|       90.57 |     112.07 |  1.24x
Medium Core|       36.19 |      39.52 |  1.09x
Big Core   |       31.38 |      46.97 |  1.50x
Vulkan     |       40.15 |      17.17 |  0.43x

### PYTHON_DATA_START ###
# NORMAL_BENCHMARK_DATA
stage,little,medium,big,vulkan,cuda
1,20.9042,5.7797,4.8271,7.8071,0.0000
2,22.9589,12.4938,11.5991,9.0589,0.0000
3,10.1247,2.9093,2.3207,5.8362,0.0000
4,12.6341,6.4770,5.5027,5.4612,0.0000
5,5.7177,1.6859,1.3623,2.6588,0.0000
6,5.7117,1.6701,1.3802,2.7213,0.0000
7,5.6606,1.6942,1.3820,2.4280,0.0000
8,6.8381,3.4698,2.9958,3.5178,0.0000
9,0.0243,0.0119,0.0101,0.6631,0.0000
# FULLY_BENCHMARK_DATA
stage,little,medium,big,vulkan,cuda
1,21.1555,5.7216,5.3735,3.6886,0.0000
2,27.7912,12.5821,14.5764,2.2928,0.0000
3,13.9749,3.0461,3.9597,2.0965,0.0000
4,15.4938,7.5489,10.3505,1.8045,0.0000
5,7.7686,2.1399,2.7354,1.9228,0.0000
6,7.6443,2.1388,2.6534,1.9024,0.0000
7,8.1163,2.1056,2.6766,1.6128,0.0000
8,10.0522,4.2174,4.6266,1.4540,0.0000
9,0.0765,0.0172,0.0148,0.3915,0.0000
### PYTHON_DATA_END ###
