
Running only on specified device: 3A021JEHN02756
Deploying and running 'bm-fully-tree-vk' on device: 3A021JEHN02756
build/android/arm64-v8a/release/bm-fully-tree-vk: 1 file pushed, 0 skipped. 509.6 MB/s (2821584 bytes in 0.005s)
[2025-04-22 19:31:11.332] [info] Pinable Lit cores: 0 1 2 3 
[2025-04-22 19:31:11.333] [info] Pinable Med cores: 4 5 
[2025-04-22 19:31:11.333] [info] Pinable Big cores: 6 7 
Stage: 1 by Little
	Count 	488
	Average 	2.0574 ms
Stage: 1 by Medium
	Count 	1365
	Average 	0.7560 ms
Stage: 1 by Big
	Count 	1984
	Average 	0.5045 ms
Stage: 1 by Vulkan
	Count 	651
	Average 	1.5422 ms
Stage: 2 by Little
	Count 	438
	Average 	2.2854 ms
Stage: 2 by Medium
	Count 	1407
	Average 	0.7122 ms
Stage: 2 by Big
	Count 	1553
	Average 	0.6452 ms
Stage: 2 by Vulkan
	Count 	41
	Average 	24.5122 ms
Stage: 3 by Little
	Count 	640
	Average 	1.5688 ms
Stage: 3 by Medium
	Count 	4187
	Average 	0.2391 ms
Stage: 3 by Big
	Count 	4855
	Average 	0.2062 ms
Stage: 3 by Vulkan
	Count 	4819
	Average 	0.2075 ms
Stage: 4 by Little
	Count 	93
	Average 	10.8065 ms
Stage: 4 by Medium
	Count 	196
	Average 	5.1327 ms
Stage: 4 by Big
	Count 	232
	Average 	4.3276 ms
Stage: 4 by Vulkan
	Count 	242
	Average 	4.1529 ms
Stage: 5 by Little
	Count 	1186
	Average 	0.8440 ms
Stage: 5 by Medium
	Count 	4903
	Average 	0.2042 ms
Stage: 5 by Big
	Count 	6205
	Average 	0.1613 ms
Stage: 5 by Vulkan
	Count 	1370
	Average 	0.7307 ms
Stage: 6 by Little
	Count 	1538
	Average 	0.6508 ms
Stage: 6 by Medium
	Count 	4593
	Average 	0.2179 ms
Stage: 6 by Big
	Count 	4973
	Average 	0.2013 ms
Stage: 6 by Vulkan
	Count 	4840
	Average 	0.2066 ms
Stage: 7 by Little
	Count 	243
	Average 	4.1317 ms
Stage: 7 by Medium
	Count 	598
	Average 	1.6756 ms
Stage: 7 by Big
	Count 	696
	Average 	1.4382 ms
Stage: 7 by Vulkan
	Count 	543
	Average 	1.8471 ms
Stage: 1
	Little 	2.6720 ms 	(375)
	Medium 	0.8153 ms 	(1229)
	Big    	0.7137 ms 	(1404)
	Vulkan 	0.8274 ms 	(1211)
Stage: 2
	Little 	3.4169 ms 	(295)
	Medium 	1.8667 ms 	(540)
	Big    	1.8129 ms 	(556)
	Vulkan 	21.4468 ms 	(47)
Stage: 3
	Little 	3.3874 ms 	(302)
	Medium 	0.3373 ms 	(3033)
	Big    	0.3304 ms 	(3096)
	Vulkan 	1.3408 ms 	(763)
Stage: 4
	Little 	9.5619 ms 	(105)
	Medium 	5.3404 ms 	(188)
	Big    	5.5165 ms 	(182)
	Vulkan 	1.3829 ms 	(726)
Stage: 5
	Little 	1.2497 ms 	(801)
	Medium 	0.2842 ms 	(3522)
	Big    	0.2964 ms 	(3377)
	Vulkan 	0.5605 ms 	(1786)
Stage: 6
	Little 	0.8232 ms 	(1216)
	Medium 	0.6352 ms 	(1576)
	Big    	0.4538 ms 	(2206)
	Vulkan 	0.4180 ms 	(2395)
Stage: 7
	Little 	6.1914 ms 	(162)
	Medium 	1.9861 ms 	(505)
	Big    	2.2590 ms 	(444)
	Vulkan 	1.5526 ms 	(646)

Normal Benchmark Results Table (ms per task):
Stage | Little Core | Medium Core | Big Core | Vulkan | CUDA
------|------------|-------------|----------|--------|-------
    1 |      2.0574 |      0.7560 |   0.5045 | 1.5422 | 0.0000
    2 |      2.2854 |      0.7122 |   0.6452 | 24.5122 | 0.0000
    3 |      1.5688 |      0.2391 |   0.2062 | 0.2075 | 0.0000
    4 |     10.8065 |      5.1327 |   4.3276 | 4.1529 | 0.0000
    5 |      0.8440 |      0.2042 |   0.1613 | 0.7307 | 0.0000
    6 |      0.6508 |      0.2179 |   0.2013 | 0.2066 | 0.0000
    7 |      4.1317 |      1.6756 |   1.4382 | 1.8471 | 0.0000

Normal Benchmark - Sum of stages 1-7:
Little Core: 22.3445 ms
Medium Core: 8.9376 ms
Big Core: 7.4843 ms
Vulkan: 33.1993 ms
CUDA: 0.0000 ms

Fully Benchmark Results Table (ms per task):
Stage | Little Core | Medium Core | Big Core | Vulkan | CUDA
------|-------------|-------------|----------|--------|-------
    1 |      2.6720 |      0.8153 |   0.7137 | 0.8274 | 0.0000
    2 |      3.4169 |      1.8667 |   1.8129 | 21.4468 | 0.0000
    3 |      3.3874 |      0.3373 |   0.3304 | 1.3408 | 0.0000
    4 |      9.5619 |      5.3404 |   5.5165 | 1.3829 | 0.0000
    5 |      1.2497 |      0.2842 |   0.2964 | 0.5605 | 0.0000
    6 |      0.8232 |      0.6352 |   0.4538 | 0.4180 | 0.0000
    7 |      6.1914 |      1.9861 |   2.2590 | 1.5526 | 0.0000

Fully Benchmark - Sum of stages 1-7:
Little Core: 27.3025 ms
Medium Core: 11.2652 ms
Big Core: 11.3827 ms
Vulkan: 27.5290 ms
CUDA: 0.0000 ms

Performance Comparison (Fully vs Normal):
Processor  | Normal (ms) | Fully (ms) | Ratio
-----------|-------------|------------|-------
Little Core|       22.34 |      27.30 |  1.22x
Medium Core|        8.94 |      11.27 |  1.26x
Big Core   |        7.48 |      11.38 |  1.52x
Vulkan     |       33.20 |      27.53 |  0.83x

### PYTHON_DATA_START ###
# NORMAL_BENCHMARK_DATA
stage,little,medium,big,vulkan,cuda
1,2.0574,0.7560,0.5045,1.5422,0.0000
2,2.2854,0.7122,0.6452,24.5122,0.0000
3,1.5688,0.2391,0.2062,0.2075,0.0000
4,10.8065,5.1327,4.3276,4.1529,0.0000
5,0.8440,0.2042,0.1613,0.7307,0.0000
6,0.6508,0.2179,0.2013,0.2066,0.0000
7,4.1317,1.6756,1.4382,1.8471,0.0000
# FULLY_BENCHMARK_DATA
stage,little,medium,big,vulkan,cuda
1,2.6720,0.8153,0.7137,0.8274,0.0000
2,3.4169,1.8667,1.8129,21.4468,0.0000
3,3.3874,0.3373,0.3304,1.3408,0.0000
4,9.5619,5.3404,5.5165,1.3829,0.0000
5,1.2497,0.2842,0.2964,0.5605,0.0000
6,0.8232,0.6352,0.4538,0.4180,0.0000
7,6.1914,1.9861,2.2590,1.5526,0.0000
### PYTHON_DATA_END ###
