
Running only on specified device: 3A021JEHN02756
Deploying and running 'bm-fully-tree-vk' on device: 3A021JEHN02756
build/android/arm64-v8a/release/bm-fully-tree-vk: 1 file pushed, 0 skipped. 477.1 MB/s (2821584 bytes in 0.006s)
[2025-04-22 19:32:01.955] [info] Pinable Lit cores: 0 1 2 3 
[2025-04-22 19:32:01.956] [info] Pinable Med cores: 4 5 
[2025-04-22 19:32:01.956] [info] Pinable Big cores: 6 7 
Stage: 1 by Little
	Count 	487
	Average 	2.0595 ms
Stage: 1 by Medium
	Count 	1358
	Average 	0.7371 ms
Stage: 1 by Big
	Count 	1553
	Average 	0.6452 ms
Stage: 1 by Vulkan
	Count 	642
	Average 	1.5639 ms
Stage: 2 by Little
	Count 	439
	Average 	2.2802 ms
Stage: 2 by Medium
	Count 	1402
	Average 	0.7140 ms
Stage: 2 by Big
	Count 	1515
	Average 	0.6614 ms
Stage: 2 by Vulkan
	Count 	40
	Average 	25.1750 ms
Stage: 3 by Little
	Count 	642
	Average 	1.5639 ms
Stage: 3 by Medium
	Count 	4291
	Average 	0.2333 ms
Stage: 3 by Big
	Count 	4007
	Average 	0.2498 ms
Stage: 3 by Vulkan
	Count 	4292
	Average 	0.2330 ms
Stage: 4 by Little
	Count 	96
	Average 	10.5729 ms
Stage: 4 by Medium
	Count 	191
	Average 	5.2408 ms
Stage: 4 by Big
	Count 	216
	Average 	4.6574 ms
Stage: 4 by Vulkan
	Count 	269
	Average 	3.7286 ms
Stage: 5 by Little
	Count 	1195
	Average 	0.8385 ms
Stage: 5 by Medium
	Count 	4852
	Average 	0.2063 ms
Stage: 5 by Big
	Count 	5449
	Average 	0.1839 ms
Stage: 5 by Vulkan
	Count 	1275
	Average 	0.7859 ms
Stage: 6 by Little
	Count 	1525
	Average 	0.6577 ms
Stage: 6 by Medium
	Count 	4578
	Average 	0.2187 ms
Stage: 6 by Big
	Count 	4412
	Average 	0.2269 ms
Stage: 6 by Vulkan
	Count 	4464
	Average 	0.2240 ms
Stage: 7 by Little
	Count 	242
	Average 	4.1446 ms
Stage: 7 by Medium
	Count 	597
	Average 	1.6784 ms
Stage: 7 by Big
	Count 	619
	Average 	1.6171 ms
Stage: 7 by Vulkan
	Count 	559
	Average 	1.7907 ms
Stage: 1
	Little 	3.2745 ms 	(306)
	Medium 	0.8113 ms 	(1235)
	Big    	0.7755 ms 	(1292)
	Vulkan 	0.8153 ms 	(1229)
Stage: 2
	Little 	4.1143 ms 	(245)
	Medium 	2.2252 ms 	(453)
	Big    	2.9302 ms 	(344)
	Vulkan 	21.9130 ms 	(46)
Stage: 3
	Little 	5.3404 ms 	(188)
	Medium 	0.5380 ms 	(1866)
	Big    	0.5363 ms 	(1872)
	Vulkan 	2.4310 ms 	(413)
Stage: 4
	Little 	10.5670 ms 	(97)
	Medium 	5.4233 ms 	(189)
	Big    	6.6558 ms 	(154)
	Vulkan 	1.0928 ms 	(938)
Stage: 5
	Little 	2.2000 ms 	(455)
	Medium 	0.3272 ms 	(3059)
	Big    	0.3230 ms 	(3099)
	Vulkan 	0.5624 ms 	(1780)
Stage: 6
	Little 	2.4865 ms 	(407)
	Medium 	0.6487 ms 	(1560)
	Big    	0.6765 ms 	(1496)
	Vulkan 	1.1713 ms 	(864)
Stage: 7
	Little 	7.8976 ms 	(127)
	Medium 	2.0553 ms 	(488)
	Big    	2.7035 ms 	(371)
	Vulkan 	1.6177 ms 	(620)

Normal Benchmark Results Table (ms per task):
Stage | Little Core | Medium Core | Big Core | Vulkan | CUDA
------|------------|-------------|----------|--------|-------
    1 |      2.0595 |      0.7371 |   0.6452 | 1.5639 | 0.0000
    2 |      2.2802 |      0.7140 |   0.6614 | 25.1750 | 0.0000
    3 |      1.5639 |      0.2333 |   0.2498 | 0.2330 | 0.0000
    4 |     10.5729 |      5.2408 |   4.6574 | 3.7286 | 0.0000
    5 |      0.8385 |      0.2063 |   0.1839 | 0.7859 | 0.0000
    6 |      0.6577 |      0.2187 |   0.2269 | 0.2240 | 0.0000
    7 |      4.1446 |      1.6784 |   1.6171 | 1.7907 | 0.0000

Normal Benchmark - Sum of stages 1-7:
Little Core: 22.1173 ms
Medium Core: 9.0286 ms
Big Core: 8.2417 ms
Vulkan: 33.5011 ms
CUDA: 0.0000 ms

Fully Benchmark Results Table (ms per task):
Stage | Little Core | Medium Core | Big Core | Vulkan | CUDA
------|-------------|-------------|----------|--------|-------
    1 |      3.2745 |      0.8113 |   0.7755 | 0.8153 | 0.0000
    2 |      4.1143 |      2.2252 |   2.9302 | 21.9130 | 0.0000
    3 |      5.3404 |      0.5380 |   0.5363 | 2.4310 | 0.0000
    4 |     10.5670 |      5.4233 |   6.6558 | 1.0928 | 0.0000
    5 |      2.2000 |      0.3272 |   0.3230 | 0.5624 | 0.0000
    6 |      2.4865 |      0.6487 |   0.6765 | 1.1713 | 0.0000
    7 |      7.8976 |      2.0553 |   2.7035 | 1.6177 | 0.0000

Fully Benchmark - Sum of stages 1-7:
Little Core: 35.8804 ms
Medium Core: 12.0291 ms
Big Core: 14.6009 ms
Vulkan: 29.6035 ms
CUDA: 0.0000 ms

Performance Comparison (Fully vs Normal):
Processor  | Normal (ms) | Fully (ms) | Ratio
-----------|-------------|------------|-------
Little Core|       22.12 |      35.88 |  1.62x
Medium Core|        9.03 |      12.03 |  1.33x
Big Core   |        8.24 |      14.60 |  1.77x
Vulkan     |       33.50 |      29.60 |  0.88x

### PYTHON_DATA_START ###
# NORMAL_BENCHMARK_DATA
stage,little,medium,big,vulkan,cuda
1,2.0595,0.7371,0.6452,1.5639,0.0000
2,2.2802,0.7140,0.6614,25.1750,0.0000
3,1.5639,0.2333,0.2498,0.2330,0.0000
4,10.5729,5.2408,4.6574,3.7286,0.0000
5,0.8385,0.2063,0.1839,0.7859,0.0000
6,0.6577,0.2187,0.2269,0.2240,0.0000
7,4.1446,1.6784,1.6171,1.7907,0.0000
# FULLY_BENCHMARK_DATA
stage,little,medium,big,vulkan,cuda
1,3.2745,0.8113,0.7755,0.8153,0.0000
2,4.1143,2.2252,2.9302,21.9130,0.0000
3,5.3404,0.5380,0.5363,2.4310,0.0000
4,10.5670,5.4233,6.6558,1.0928,0.0000
5,2.2000,0.3272,0.3230,0.5624,0.0000
6,2.4865,0.6487,0.6765,1.1713,0.0000
7,7.8976,2.0553,2.7035,1.6177,0.0000
### PYTHON_DATA_END ###
