
Running only on specified device: 9b034f1b
Deploying and running 'bm-fully-tree-vk' on device: 9b034f1b
build/android/arm64-v8a/release/bm-fully-tree-vk: 1 file pushed, 0 skipped. 457.0 MB/s (2821584 bytes in 0.006s)
[2025-04-23 00:19:32.563] [info] Pinable Lit cores: 0 1 2 
[2025-04-23 00:19:32.563] [info] Pinable Med cores: 3 4 
[2025-04-23 00:19:32.563] [info] Pinable Big cores: 5 6 7 
Stage: 1 by Little
	Count 	1897
	Average 	2.6363 ms
Stage: 1 by Medium
	Count 	5440
	Average 	0.9193 ms
Stage: 1 by Big
	Count 	4292
	Average 	1.1650 ms
Stage: 1 by Vulkan
	Count 	2895
	Average 	1.7282 ms
Stage: 2 by Little
	Count 	3205
	Average 	1.5607 ms
Stage: 2 by Medium
	Count 	5823
	Average 	0.8588 ms
Stage: 2 by Big
	Count 	1897
	Average 	2.6363 ms
Stage: 2 by Vulkan
	Count 	124
	Average 	40.4516 ms
Stage: 3 by Little
	Count 	7392
	Average 	0.6765 ms
Stage: 3 by Medium
	Count 	13492
	Average 	0.3706 ms
Stage: 3 by Big
	Count 	7603
	Average 	0.6576 ms
Stage: 3 by Vulkan
	Count 	23054
	Average 	0.2169 ms
Stage: 4 by Little
	Count 	613
	Average 	8.1680 ms
Stage: 4 by Medium
	Count 	732
	Average 	6.8333 ms
Stage: 4 by Big
	Count 	1209
	Average 	4.1373 ms
Stage: 4 by Vulkan
	Count 	2201
	Average 	2.2735 ms
Stage: 5 by Little
	Count 	7101
	Average 	0.7044 ms
Stage: 5 by Medium
	Count 	21144
	Average 	0.2365 ms
Stage: 5 by Big
	Count 	29549
	Average 	0.1692 ms
Stage: 5 by Vulkan
	Count 	4441
	Average 	1.1263 ms
Stage: 6 by Little
	Count 	14403
	Average 	0.3472 ms
Stage: 6 by Medium
	Count 	18268
	Average 	0.2737 ms
Stage: 6 by Big
	Count 	9680
	Average 	0.5166 ms
Stage: 6 by Vulkan
	Count 	26910
	Average 	0.1858 ms
Stage: 7 by Little
	Count 	1222
	Average 	4.0933 ms
Stage: 7 by Medium
	Count 	2450
	Average 	2.0416 ms
Stage: 7 by Big
	Count 	2822
	Average 	1.7725 ms
Stage: 7 by Vulkan
	Count 	2474
	Average 	2.0218 ms
Stage: 1
	Little 	3.9409 ms 	(1269)
	Medium 	0.8980 ms 	(5569)
	Big    	0.6212 ms 	(8051)
	Vulkan 	0.5107 ms 	(9792)
Stage: 2
	Little 	1.9226 ms 	(2609)
	Medium 	1.0652 ms 	(4709)
	Big    	1.3430 ms 	(3735)
	Vulkan 	25.2060 ms 	(199)
Stage: 3
	Little 	0.6736 ms 	(7424)
	Medium 	0.3416 ms 	(14639)
	Big    	0.6257 ms 	(7993)
	Vulkan 	0.3728 ms 	(13414)
Stage: 4
	Little 	8.3123 ms 	(602)
	Medium 	6.3262 ms 	(791)
	Big    	4.2015 ms 	(1191)
	Vulkan 	1.4371 ms 	(3482)
Stage: 5
	Little 	1.5238 ms 	(3282)
	Medium 	0.2316 ms 	(21592)
	Big    	0.1714 ms 	(29181)
	Vulkan 	0.5141 ms 	(9728)
Stage: 6
	Little 	0.3482 ms 	(14363)
	Medium 	0.2877 ms 	(17382)
	Big    	0.4094 ms 	(12215)
	Vulkan 	0.3463 ms 	(14441)
Stage: 7
	Little 	6.2369 ms 	(802)
	Medium 	1.9128 ms 	(2615)
	Big    	1.3734 ms 	(3642)
	Vulkan 	1.2803 ms 	(3907)

Normal Benchmark Results Table (ms per task):
Stage | Little Core | Medium Core | Big Core | Vulkan | CUDA
------|------------|-------------|----------|--------|-------
    1 |      2.6363 |      0.9193 |   1.1650 | 1.7282 | 0.0000
    2 |      1.5607 |      0.8588 |   2.6363 | 40.4516 | 0.0000
    3 |      0.6765 |      0.3706 |   0.6576 | 0.2169 | 0.0000
    4 |      8.1680 |      6.8333 |   4.1373 | 2.2735 | 0.0000
    5 |      0.7044 |      0.2365 |   0.1692 | 1.1263 | 0.0000
    6 |      0.3472 |      0.2737 |   0.5166 | 0.1858 | 0.0000
    7 |      4.0933 |      2.0416 |   1.7725 | 2.0218 | 0.0000

Normal Benchmark - Sum of stages 1-7:
Little Core: 18.1864 ms
Medium Core: 11.5339 ms
Big Core: 11.0545 ms
Vulkan: 48.0041 ms
CUDA: 0.0000 ms

Fully Benchmark Results Table (ms per task):
Stage | Little Core | Medium Core | Big Core | Vulkan | CUDA
------|-------------|-------------|----------|--------|-------
    1 |      3.9409 |      0.8980 |   0.6212 | 0.5107 | 0.0000
    2 |      1.9226 |      1.0652 |   1.3430 | 25.2060 | 0.0000
    3 |      0.6736 |      0.3416 |   0.6257 | 0.3728 | 0.0000
    4 |      8.3123 |      6.3262 |   4.2015 | 1.4371 | 0.0000
    5 |      1.5238 |      0.2316 |   0.1714 | 0.5141 | 0.0000
    6 |      0.3482 |      0.2877 |   0.4094 | 0.3463 | 0.0000
    7 |      6.2369 |      1.9128 |   1.3734 | 1.2803 | 0.0000

Fully Benchmark - Sum of stages 1-7:
Little Core: 22.9583 ms
Medium Core: 11.0631 ms
Big Core: 8.7455 ms
Vulkan: 29.6673 ms
CUDA: 0.0000 ms

Performance Comparison (Fully vs Normal):
Processor  | Normal (ms) | Fully (ms) | Ratio
-----------|-------------|------------|-------
Little Core|       18.19 |      22.96 |  1.26x
Medium Core|       11.53 |      11.06 |  0.96x
Big Core   |       11.05 |       8.75 |  0.79x
Vulkan     |       48.00 |      29.67 |  0.62x

### PYTHON_DATA_START ###
# NORMAL_BENCHMARK_DATA
stage,little,medium,big,vulkan,cuda
1,2.6363,0.9193,1.1650,1.7282,0.0000
2,1.5607,0.8588,2.6363,40.4516,0.0000
3,0.6765,0.3706,0.6576,0.2169,0.0000
4,8.1680,6.8333,4.1373,2.2735,0.0000
5,0.7044,0.2365,0.1692,1.1263,0.0000
6,0.3472,0.2737,0.5166,0.1858,0.0000
7,4.0933,2.0416,1.7725,2.0218,0.0000
# FULLY_BENCHMARK_DATA
stage,little,medium,big,vulkan,cuda
1,3.9409,0.8980,0.6212,0.5107,0.0000
2,1.9226,1.0652,1.3430,25.2060,0.0000
3,0.6736,0.3416,0.6257,0.3728,0.0000
4,8.3123,6.3262,4.2015,1.4371,0.0000
5,1.5238,0.2316,0.1714,0.5141,0.0000
6,0.3482,0.2877,0.4094,0.3463,0.0000
7,6.2369,1.9128,1.3734,1.2803,0.0000
### PYTHON_DATA_END ###
