
Running only on specified device: 9b034f1b
Deploying and running 'bm-fully-cifar-sparse-vk' on device: 9b034f1b
build/android/arm64-v8a/release/bm-fully-cifar-sparse-vk: 1 file pushed, 0 skipped. 491.0 MB/s (2717648 bytes in 0.005s)
[2025-04-22 19:38:13.363] [info] Pinable Lit cores: 0 1 2 
[2025-04-22 19:38:13.363] [info] Pinable Med cores: 3 4 
[2025-04-22 19:38:13.363] [info] Pinable Big cores: 5 6 7 
Stage: 1 by Little
	Count 	30
	Average 	33.6333 ms
Stage: 1 by Medium
	Count 	140
	Average 	7.1929 ms
Stage: 1 by Big
	Count 	122
	Average 	8.2377 ms
Stage: 1 by Vulkan
	Count 	185
	Average 	5.4432 ms
Stage: 2 by Little
	Count 	37
	Average 	27.1351 ms
Stage: 2 by Medium
	Count 	62
	Average 	16.2419 ms
Stage: 2 by Big
	Count 	51
	Average 	19.7451 ms
Stage: 2 by Vulkan
	Count 	275
	Average 	3.6509 ms
Stage: 3 by Little
	Count 	58
	Average 	17.3448 ms
Stage: 3 by Medium
	Count 	263
	Average 	3.8137 ms
Stage: 3 by Big
	Count 	222
	Average 	4.5225 ms
Stage: 3 by Vulkan
	Count 	299
	Average 	3.3612 ms
Stage: 4 by Little
	Count 	72
	Average 	14.0278 ms
Stage: 4 by Medium
	Count 	120
	Average 	8.3750 ms
Stage: 4 by Big
	Count 	99
	Average 	10.1515 ms
Stage: 4 by Vulkan
	Count 	438
	Average 	2.2900 ms
Stage: 5 by Little
	Count 	107
	Average 	9.4112 ms
Stage: 5 by Medium
	Count 	445
	Average 	2.2494 ms
Stage: 5 by Big
	Count 	361
	Average 	2.7729 ms
Stage: 5 by Vulkan
	Count 	459
	Average 	2.1874 ms
Stage: 6 by Little
	Count 	105
	Average 	9.5619 ms
Stage: 6 by Medium
	Count 	446
	Average 	2.2444 ms
Stage: 6 by Big
	Count 	432
	Average 	2.3171 ms
Stage: 6 by Vulkan
	Count 	460
	Average 	2.1783 ms
Stage: 7 by Little
	Count 	106
	Average 	9.4528 ms
Stage: 7 by Medium
	Count 	446
	Average 	2.2489 ms
Stage: 7 by Big
	Count 	529
	Average 	1.8922 ms
Stage: 7 by Vulkan
	Count 	452
	Average 	2.2168 ms
Stage: 8 by Little
	Count 	136
	Average 	7.4044 ms
Stage: 8 by Medium
	Count 	227
	Average 	4.4273 ms
Stage: 8 by Big
	Count 	189
	Average 	5.3069 ms
Stage: 8 by Vulkan
	Count 	424
	Average 	2.3679 ms
Stage: 9 by Little
	Count 	28909
	Average 	0.0347 ms
Stage: 9 by Medium
	Count 	59139
	Average 	0.0169 ms
Stage: 9 by Big
	Count 	21900
	Average 	0.0457 ms
Stage: 9 by Vulkan
	Count 	1156
	Average 	0.8668 ms
Stage: 1
	Little 	33.9667 ms 	(30)
	Medium 	6.7933 ms 	(150)
	Big    	4.7617 ms 	(214)
	Vulkan 	2.8149 ms 	(362)
Stage: 2
	Little 	30.2059 ms 	(34)
	Medium 	15.3284 ms 	(67)
	Big    	9.7810 ms 	(105)
	Vulkan 	2.4628 ms 	(417)
Stage: 3
	Little 	18.2545 ms 	(55)
	Medium 	3.5603 ms 	(282)
	Big    	2.4851 ms 	(404)
	Vulkan 	2.4251 ms 	(414)
Stage: 4
	Little 	17.0678 ms 	(59)
	Medium 	7.8062 ms 	(129)
	Big    	5.1117 ms 	(197)
	Vulkan 	1.6010 ms 	(629)
Stage: 5
	Little 	10.3402 ms 	(97)
	Medium 	2.0896 ms 	(480)
	Big    	1.4247 ms 	(704)
	Vulkan 	1.3481 ms 	(744)
Stage: 6
	Little 	9.9901 ms 	(101)
	Medium 	2.1065 ms 	(479)
	Big    	1.4373 ms 	(702)
	Vulkan 	1.3598 ms 	(742)
Stage: 7
	Little 	11.4091 ms 	(88)
	Medium 	2.1092 ms 	(476)
	Big    	1.4241 ms 	(705)
	Vulkan 	1.4572 ms 	(689)
Stage: 8
	Little 	8.0968 ms 	(124)
	Medium 	4.1317 ms 	(243)
	Big    	2.7432 ms 	(366)
	Vulkan 	0.8700 ms 	(1154)
Stage: 9
	Little 	0.0773 ms 	(12943)
	Medium 	0.0171 ms 	(58459)
	Big    	0.0152 ms 	(66055)
	Vulkan 	0.2887 ms 	(3467)

Normal Benchmark Results Table (ms per task):
Stage | Little Core | Medium Core | Big Core | Vulkan | CUDA
------|------------|-------------|----------|--------|-------
    1 |     33.6333 |      7.1929 |   8.2377 | 5.4432 | 0.0000
    2 |     27.1351 |     16.2419 |  19.7451 | 3.6509 | 0.0000
    3 |     17.3448 |      3.8137 |   4.5225 | 3.3612 | 0.0000
    4 |     14.0278 |      8.3750 |  10.1515 | 2.2900 | 0.0000
    5 |      9.4112 |      2.2494 |   2.7729 | 2.1874 | 0.0000
    6 |      9.5619 |      2.2444 |   2.3171 | 2.1783 | 0.0000
    7 |      9.4528 |      2.2489 |   1.8922 | 2.2168 | 0.0000
    8 |      7.4044 |      4.4273 |   5.3069 | 2.3679 | 0.0000
    9 |      0.0347 |      0.0169 |   0.0457 | 0.8668 | 0.0000

Normal Benchmark - Sum of stages 1-9:
Little Core: 128.0061 ms
Medium Core: 46.8104 ms
Big Core: 54.9916 ms
Vulkan: 24.5625 ms
CUDA: 0.0000 ms

Fully Benchmark Results Table (ms per task):
Stage | Little Core | Medium Core | Big Core | Vulkan | CUDA
------|-------------|-------------|----------|--------|-------
    1 |     33.9667 |      6.7933 |   4.7617 | 2.8149 | 0.0000
    2 |     30.2059 |     15.3284 |   9.7810 | 2.4628 | 0.0000
    3 |     18.2545 |      3.5603 |   2.4851 | 2.4251 | 0.0000
    4 |     17.0678 |      7.8062 |   5.1117 | 1.6010 | 0.0000
    5 |     10.3402 |      2.0896 |   1.4247 | 1.3481 | 0.0000
    6 |      9.9901 |      2.1065 |   1.4373 | 1.3598 | 0.0000
    7 |     11.4091 |      2.1092 |   1.4241 | 1.4572 | 0.0000
    8 |      8.0968 |      4.1317 |   2.7432 | 0.8700 | 0.0000
    9 |      0.0773 |      0.0171 |   0.0152 | 0.2887 | 0.0000

Fully Benchmark - Sum of stages 1-9:
Little Core: 139.4084 ms
Medium Core: 43.9423 ms
Big Core: 29.1839 ms
Vulkan: 14.6277 ms
CUDA: 0.0000 ms

Performance Comparison (Fully vs Normal):
Processor  | Normal (ms) | Fully (ms) | Ratio
-----------|-------------|------------|-------
Little Core|      128.01 |     139.41 |  1.09x
Medium Core|       46.81 |      43.94 |  0.94x
Big Core   |       54.99 |      29.18 |  0.53x
Vulkan     |       24.56 |      14.63 |  0.60x

### PYTHON_DATA_START ###
# NORMAL_BENCHMARK_DATA
stage,little,medium,big,vulkan,cuda
1,33.6333,7.1929,8.2377,5.4432,0.0000
2,27.1351,16.2419,19.7451,3.6509,0.0000
3,17.3448,3.8137,4.5225,3.3612,0.0000
4,14.0278,8.3750,10.1515,2.2900,0.0000
5,9.4112,2.2494,2.7729,2.1874,0.0000
6,9.5619,2.2444,2.3171,2.1783,0.0000
7,9.4528,2.2489,1.8922,2.2168,0.0000
8,7.4044,4.4273,5.3069,2.3679,0.0000
9,0.0347,0.0169,0.0457,0.8668,0.0000
# FULLY_BENCHMARK_DATA
stage,little,medium,big,vulkan,cuda
1,33.9667,6.7933,4.7617,2.8149,0.0000
2,30.2059,15.3284,9.7810,2.4628,0.0000
3,18.2545,3.5603,2.4851,2.4251,0.0000
4,17.0678,7.8062,5.1117,1.6010,0.0000
5,10.3402,2.0896,1.4247,1.3481,0.0000
6,9.9901,2.1065,1.4373,1.3598,0.0000
7,11.4091,2.1092,1.4241,1.4572,0.0000
8,8.0968,4.1317,2.7432,0.8700,0.0000
9,0.0773,0.0171,0.0152,0.2887,0.0000
### PYTHON_DATA_END ###
