
Running only on specified device: 9b034f1b
Deploying and running 'bm-fully-tree-vk' on device: 9b034f1b
build/android/arm64-v8a/release/bm-fully-tree-vk: 1 file pushed, 0 skipped. 505.1 MB/s (2821584 bytes in 0.005s)
[2025-04-23 00:48:36.485] [info] Pinable Lit cores: 0 1 2 
[2025-04-23 00:48:36.485] [info] Pinable Med cores: 3 4 
[2025-04-23 00:48:36.485] [info] Pinable Big cores: 5 6 7 
Stage: 1 by Little
	Count 	1904
	Average 	2.6276 ms
Stage: 1 by Medium
	Count 	5433
	Average 	0.9205 ms
Stage: 1 by Big
	Count 	4195
	Average 	1.1919 ms
Stage: 1 by Vulkan
	Count 	2948
	Average 	1.6971 ms
Stage: 2 by Little
	Count 	3182
	Average 	1.5720 ms
Stage: 2 by Medium
	Count 	5811
	Average 	0.8606 ms
Stage: 2 by Big
	Count 	2827
	Average 	1.7690 ms
Stage: 2 by Vulkan
	Count 	124
	Average 	40.5323 ms
Stage: 3 by Little
	Count 	7277
	Average 	0.6874 ms
Stage: 3 by Medium
	Count 	13731
	Average 	0.3642 ms
Stage: 3 by Big
	Count 	7652
	Average 	0.6536 ms
Stage: 3 by Vulkan
	Count 	23005
	Average 	0.2173 ms
Stage: 4 by Little
	Count 	616
	Average 	8.1266 ms
Stage: 4 by Medium
	Count 	732
	Average 	6.8361 ms
Stage: 4 by Big
	Count 	625
	Average 	8.0048 ms
Stage: 4 by Vulkan
	Count 	2205
	Average 	2.2689 ms
Stage: 5 by Little
	Count 	7091
	Average 	0.7055 ms
Stage: 5 by Medium
	Count 	21188
	Average 	0.2360 ms
Stage: 5 by Big
	Count 	16482
	Average 	0.3034 ms
Stage: 5 by Vulkan
	Count 	4706
	Average 	1.0627 ms
Stage: 6 by Little
	Count 	14447
	Average 	0.3462 ms
Stage: 6 by Medium
	Count 	17768
	Average 	0.2814 ms
Stage: 6 by Big
	Count 	9599
	Average 	0.5209 ms
Stage: 6 by Vulkan
	Count 	26859
	Average 	0.1862 ms
Stage: 7 by Little
	Count 	1228
	Average 	4.0741 ms
Stage: 7 by Medium
	Count 	2410
	Average 	2.0755 ms
Stage: 7 by Big
	Count 	3603
	Average 	1.3880 ms
Stage: 7 by Vulkan
	Count 	2503
	Average 	1.9984 ms
Stage: 1
	Little 	3.3713 ms 	(1484)
	Medium 	0.9057 ms 	(5524)
	Big    	0.6277 ms 	(7970)
	Vulkan 	0.4703 ms 	(10637)
Stage: 2
	Little 	1.8179 ms 	(2756)
	Medium 	1.0131 ms 	(4945)
	Big    	1.5154 ms 	(3306)
	Vulkan 	25.6923 ms 	(195)
Stage: 3
	Little 	0.6833 ms 	(7317)
	Medium 	0.3897 ms 	(12829)
	Big    	0.5140 ms 	(9727)
	Vulkan 	0.4168 ms 	(11996)
Stage: 4
	Little 	8.9659 ms 	(558)
	Medium 	6.3977 ms 	(782)
	Big    	4.1381 ms 	(1209)
	Vulkan 	1.5197 ms 	(3292)
Stage: 5
	Little 	1.0804 ms 	(4629)
	Medium 	0.2370 ms 	(21099)
	Big    	0.1874 ms 	(26688)
	Vulkan 	0.3832 ms 	(13052)
Stage: 6
	Little 	0.3456 ms 	(14468)
	Medium 	0.2548 ms 	(19626)
	Big    	0.4773 ms 	(10476)
	Vulkan 	0.3021 ms 	(16553)
Stage: 7
	Little 	6.2084 ms 	(806)
	Medium 	1.9107 ms 	(2619)
	Big    	1.3732 ms 	(3644)
	Vulkan 	1.3323 ms 	(3756)

Normal Benchmark Results Table (ms per task):
Stage | Little Core | Medium Core | Big Core | Vulkan | CUDA
------|------------|-------------|----------|--------|-------
    1 |      2.6276 |      0.9205 |   1.1919 | 1.6971 | 0.0000
    2 |      1.5720 |      0.8606 |   1.7690 | 40.5323 | 0.0000
    3 |      0.6874 |      0.3642 |   0.6536 | 0.2173 | 0.0000
    4 |      8.1266 |      6.8361 |   8.0048 | 2.2689 | 0.0000
    5 |      0.7055 |      0.2360 |   0.3034 | 1.0627 | 0.0000
    6 |      0.3462 |      0.2814 |   0.5209 | 0.1862 | 0.0000
    7 |      4.0741 |      2.0755 |   1.3880 | 1.9984 | 0.0000

Normal Benchmark - Sum of stages 1-7:
Little Core: 18.1394 ms
Medium Core: 11.5743 ms
Big Core: 13.8315 ms
Vulkan: 47.9629 ms
CUDA: 0.0000 ms

Fully Benchmark Results Table (ms per task):
Stage | Little Core | Medium Core | Big Core | Vulkan | CUDA
------|-------------|-------------|----------|--------|-------
    1 |      3.3713 |      0.9057 |   0.6277 | 0.4703 | 0.0000
    2 |      1.8179 |      1.0131 |   1.5154 | 25.6923 | 0.0000
    3 |      0.6833 |      0.3897 |   0.5140 | 0.4168 | 0.0000
    4 |      8.9659 |      6.3977 |   4.1381 | 1.5197 | 0.0000
    5 |      1.0804 |      0.2370 |   0.1874 | 0.3832 | 0.0000
    6 |      0.3456 |      0.2548 |   0.4773 | 0.3021 | 0.0000
    7 |      6.2084 |      1.9107 |   1.3732 | 1.3323 | 0.0000

Fully Benchmark - Sum of stages 1-7:
Little Core: 22.4728 ms
Medium Core: 11.1087 ms
Big Core: 8.8332 ms
Vulkan: 30.1167 ms
CUDA: 0.0000 ms

Performance Comparison (Fully vs Normal):
Processor  | Normal (ms) | Fully (ms) | Ratio
-----------|-------------|------------|-------
Little Core|       18.14 |      22.47 |  1.24x
Medium Core|       11.57 |      11.11 |  0.96x
Big Core   |       13.83 |       8.83 |  0.64x
Vulkan     |       47.96 |      30.12 |  0.63x

### PYTHON_DATA_START ###
# NORMAL_BENCHMARK_DATA
stage,little,medium,big,vulkan,cuda
1,2.6276,0.9205,1.1919,1.6971,0.0000
2,1.5720,0.8606,1.7690,40.5323,0.0000
3,0.6874,0.3642,0.6536,0.2173,0.0000
4,8.1266,6.8361,8.0048,2.2689,0.0000
5,0.7055,0.2360,0.3034,1.0627,0.0000
6,0.3462,0.2814,0.5209,0.1862,0.0000
7,4.0741,2.0755,1.3880,1.9984,0.0000
# FULLY_BENCHMARK_DATA
stage,little,medium,big,vulkan,cuda
1,3.3713,0.9057,0.6277,0.4703,0.0000
2,1.8179,1.0131,1.5154,25.6923,0.0000
3,0.6833,0.3897,0.5140,0.4168,0.0000
4,8.9659,6.3977,4.1381,1.5197,0.0000
5,1.0804,0.2370,0.1874,0.3832,0.0000
6,0.3456,0.2548,0.4773,0.3021,0.0000
7,6.2084,1.9107,1.3732,1.3323,0.0000
### PYTHON_DATA_END ###
