
Running only on specified device: 9b034f1b
Deploying and running 'bm-fully-cifar-sparse-vk' on device: 9b034f1b
build/android/arm64-v8a/release/bm-fully-cifar-sparse-vk: 1 file pushed, 0 skipped. 509.2 MB/s (2717648 bytes in 0.005s)
[2025-04-23 12:36:06.921] [info] Pinable Lit cores: 0 1 2 
[2025-04-23 12:36:06.922] [info] Pinable Med cores: 3 4 
[2025-04-23 12:36:06.922] [info] Pinable Big cores: 5 6 7 
Stage: 1 by Little
	Count 	147
	Average 	34.2109 ms
Stage: 1 by Medium
	Count 	699
	Average 	7.1545 ms
Stage: 1 by Big
	Count 	557
	Average 	8.9803 ms
Stage: 1 by Vulkan
	Count 	927
	Average 	5.4002 ms
Stage: 2 by Little
	Count 	153
	Average 	32.8497 ms
Stage: 2 by Medium
	Count 	310
	Average 	16.1839 ms
Stage: 2 by Big
	Count 	242
	Average 	20.7314 ms
Stage: 2 by Vulkan
	Count 	1367
	Average 	3.6606 ms
Stage: 3 by Little
	Count 	238
	Average 	21.0588 ms
Stage: 3 by Medium
	Count 	1319
	Average 	3.7945 ms
Stage: 3 by Big
	Count 	968
	Average 	5.1663 ms
Stage: 3 by Vulkan
	Count 	1547
	Average 	3.2334 ms
Stage: 4 by Little
	Count 	298
	Average 	16.8389 ms
Stage: 4 by Medium
	Count 	596
	Average 	8.3943 ms
Stage: 4 by Big
	Count 	519
	Average 	9.6455 ms
Stage: 4 by Vulkan
	Count 	2045
	Average 	2.4469 ms
Stage: 5 by Little
	Count 	447
	Average 	11.2013 ms
Stage: 5 by Medium
	Count 	2239
	Average 	2.2336 ms
Stage: 5 by Big
	Count 	1826
	Average 	2.7388 ms
Stage: 5 by Vulkan
	Count 	2372
	Average 	2.1088 ms
Stage: 6 by Little
	Count 	536
	Average 	9.3489 ms
Stage: 6 by Medium
	Count 	2173
	Average 	2.3014 ms
Stage: 6 by Big
	Count 	1820
	Average 	2.7478 ms
Stage: 6 by Vulkan
	Count 	2317
	Average 	2.1593 ms
Stage: 7 by Little
	Count 	534
	Average 	9.3727 ms
Stage: 7 by Medium
	Count 	2237
	Average 	2.2360 ms
Stage: 7 by Big
	Count 	1828
	Average 	2.7363 ms
Stage: 7 by Vulkan
	Count 	2302
	Average 	2.1729 ms
Stage: 8 by Little
	Count 	686
	Average 	7.3003 ms
Stage: 8 by Medium
	Count 	1132
	Average 	4.4187 ms
Stage: 8 by Big
	Count 	934
	Average 	5.3555 ms
Stage: 8 by Vulkan
	Count 	2156
	Average 	2.3219 ms
Stage: 9 by Little
	Count 	162792
	Average 	0.0307 ms
Stage: 9 by Medium
	Count 	298651
	Average 	0.0167 ms
Stage: 9 by Big
	Count 	301758
	Average 	0.0166 ms
Stage: 9 by Vulkan
	Count 	5816
	Average 	0.8602 ms
Stage: 1
	Little 	35.1888 ms 	(143)
	Medium 	6.6915 ms 	(752)
	Big    	4.6679 ms 	(1078)
	Vulkan 	2.5261 ms 	(1992)
Stage: 2
	Little 	30.4182 ms 	(165)
	Medium 	15.1175 ms 	(332)
	Big    	9.7836 ms 	(513)
	Vulkan 	2.9146 ms 	(1722)
Stage: 3
	Little 	18.2774 ms 	(274)
	Medium 	3.5193 ms 	(1423)
	Big    	2.4417 ms 	(2051)
	Vulkan 	2.4170 ms 	(2072)
Stage: 4
	Little 	15.1758 ms 	(330)
	Medium 	7.8006 ms 	(642)
	Big    	5.0586 ms 	(990)
	Vulkan 	1.4755 ms 	(3394)
Stage: 5
	Little 	10.1111 ms 	(495)
	Medium 	2.0750 ms 	(2412)
	Big    	1.4138 ms 	(3540)
	Vulkan 	1.3379 ms 	(3741)
Stage: 6
	Little 	10.1071 ms 	(495)
	Medium 	2.0802 ms 	(2405)
	Big    	1.4125 ms 	(3542)
	Vulkan 	1.3363 ms 	(3744)
Stage: 7
	Little 	10.1051 ms 	(495)
	Medium 	2.0798 ms 	(2405)
	Big    	1.4122 ms 	(3542)
	Vulkan 	1.3439 ms 	(3722)
Stage: 8
	Little 	8.8151 ms 	(568)
	Medium 	4.0974 ms 	(1222)
	Big    	2.7256 ms 	(1837)
	Vulkan 	0.9117 ms 	(5492)
Stage: 9
	Little 	0.0824 ms 	(60658)
	Medium 	0.0169 ms 	(296732)
	Big    	0.0148 ms 	(337340)
	Vulkan 	0.2867 ms 	(17443)

Normal Benchmark Results Table (ms per task):
Stage | Little Core | Medium Core | Big Core | Vulkan | CUDA
------|------------|-------------|----------|--------|-------
    1 |     34.2109 |      7.1545 |   8.9803 | 5.4002 | 0.0000
    2 |     32.8497 |     16.1839 |  20.7314 | 3.6606 | 0.0000
    3 |     21.0588 |      3.7945 |   5.1663 | 3.2334 | 0.0000
    4 |     16.8389 |      8.3943 |   9.6455 | 2.4469 | 0.0000
    5 |     11.2013 |      2.2336 |   2.7388 | 2.1088 | 0.0000
    6 |      9.3489 |      2.3014 |   2.7478 | 2.1593 | 0.0000
    7 |      9.3727 |      2.2360 |   2.7363 | 2.1729 | 0.0000
    8 |      7.3003 |      4.4187 |   5.3555 | 2.3219 | 0.0000
    9 |      0.0307 |      0.0167 |   0.0166 | 0.8602 | 0.0000

Normal Benchmark - Sum of stages 1-9:
Little Core: 142.2122 ms
Medium Core: 46.7337 ms
Big Core: 58.1184 ms
Vulkan: 24.3641 ms
CUDA: 0.0000 ms

Fully Benchmark Results Table (ms per task):
Stage | Little Core | Medium Core | Big Core | Vulkan | CUDA
------|-------------|-------------|----------|--------|-------
    1 |     35.1888 |      6.6915 |   4.6679 | 2.5261 | 0.0000
    2 |     30.4182 |     15.1175 |   9.7836 | 2.9146 | 0.0000
    3 |     18.2774 |      3.5193 |   2.4417 | 2.4170 | 0.0000
    4 |     15.1758 |      7.8006 |   5.0586 | 1.4755 | 0.0000
    5 |     10.1111 |      2.0750 |   1.4138 | 1.3379 | 0.0000
    6 |     10.1071 |      2.0802 |   1.4125 | 1.3363 | 0.0000
    7 |     10.1051 |      2.0798 |   1.4122 | 1.3439 | 0.0000
    8 |      8.8151 |      4.0974 |   2.7256 | 0.9117 | 0.0000
    9 |      0.0824 |      0.0169 |   0.0148 | 0.2867 | 0.0000

Fully Benchmark - Sum of stages 1-9:
Little Core: 138.2809 ms
Medium Core: 43.4783 ms
Big Core: 28.9308 ms
Vulkan: 14.5497 ms
CUDA: 0.0000 ms

Performance Comparison (Fully vs Normal):
Processor  | Normal (ms) | Fully (ms) | Ratio
-----------|-------------|------------|-------
Little Core|      142.21 |     138.28 |  0.97x
Medium Core|       46.73 |      43.48 |  0.93x
Big Core   |       58.12 |      28.93 |  0.50x
Vulkan     |       24.36 |      14.55 |  0.60x

### PYTHON_DATA_START ###
# NORMAL_BENCHMARK_DATA
stage,little,medium,big,vulkan,cuda
1,34.2109,7.1545,8.9803,5.4002,0.0000
2,32.8497,16.1839,20.7314,3.6606,0.0000
3,21.0588,3.7945,5.1663,3.2334,0.0000
4,16.8389,8.3943,9.6455,2.4469,0.0000
5,11.2013,2.2336,2.7388,2.1088,0.0000
6,9.3489,2.3014,2.7478,2.1593,0.0000
7,9.3727,2.2360,2.7363,2.1729,0.0000
8,7.3003,4.4187,5.3555,2.3219,0.0000
9,0.0307,0.0167,0.0166,0.8602,0.0000
# FULLY_BENCHMARK_DATA
stage,little,medium,big,vulkan,cuda
1,35.1888,6.6915,4.6679,2.5261,0.0000
2,30.4182,15.1175,9.7836,2.9146,0.0000
3,18.2774,3.5193,2.4417,2.4170,0.0000
4,15.1758,7.8006,5.0586,1.4755,0.0000
5,10.1111,2.0750,1.4138,1.3379,0.0000
6,10.1071,2.0802,1.4125,1.3363,0.0000
7,10.1051,2.0798,1.4122,1.3439,0.0000
8,8.8151,4.0974,2.7256,0.9117,0.0000
9,0.0824,0.0169,0.0148,0.2867,0.0000
### PYTHON_DATA_END ###
