
Running only on specified device: 9b034f1b
Deploying and running 'bm-fully-cifar-sparse-vk' on device: 9b034f1b
build/android/arm64-v8a/release/bm-fully-cifar-sparse-vk: 1 file pushed, 0 skipped. 477.1 MB/s (2717648 bytes in 0.005s)
[2025-04-22 19:36:52.393] [info] Pinable Lit cores: 0 1 2 
[2025-04-22 19:36:52.394] [info] Pinable Med cores: 3 4 
[2025-04-22 19:36:52.394] [info] Pinable Big cores: 5 6 7 
Stage: 1 by Little
	Count 	30
	Average 	33.7667 ms
Stage: 1 by Medium
	Count 	139
	Average 	7.2014 ms
Stage: 1 by Big
	Count 	123
	Average 	8.1707 ms
Stage: 1 by Vulkan
	Count 	184
	Average 	5.4728 ms
Stage: 2 by Little
	Count 	37
	Average 	27.0811 ms
Stage: 2 by Medium
	Count 	62
	Average 	16.2419 ms
Stage: 2 by Big
	Count 	54
	Average 	18.7407 ms
Stage: 2 by Vulkan
	Count 	271
	Average 	3.6974 ms
Stage: 3 by Little
	Count 	58
	Average 	17.3966 ms
Stage: 3 by Medium
	Count 	262
	Average 	3.8244 ms
Stage: 3 by Big
	Count 	246
	Average 	4.0732 ms
Stage: 3 by Vulkan
	Count 	298
	Average 	3.3624 ms
Stage: 4 by Little
	Count 	70
	Average 	14.3286 ms
Stage: 4 by Medium
	Count 	120
	Average 	8.3917 ms
Stage: 4 by Big
	Count 	104
	Average 	9.6731 ms
Stage: 4 by Vulkan
	Count 	429
	Average 	2.3380 ms
Stage: 5 by Little
	Count 	108
	Average 	9.3519 ms
Stage: 5 by Medium
	Count 	446
	Average 	2.2444 ms
Stage: 5 by Big
	Count 	416
	Average 	2.4062 ms
Stage: 5 by Vulkan
	Count 	467
	Average 	2.1456 ms
Stage: 6 by Little
	Count 	108
	Average 	9.3241 ms
Stage: 6 by Medium
	Count 	446
	Average 	2.2489 ms
Stage: 6 by Big
	Count 	368
	Average 	2.7255 ms
Stage: 6 by Vulkan
	Count 	470
	Average 	2.1319 ms
Stage: 7 by Little
	Count 	108
	Average 	9.3519 ms
Stage: 7 by Medium
	Count 	446
	Average 	2.2489 ms
Stage: 7 by Big
	Count 	352
	Average 	2.8466 ms
Stage: 7 by Vulkan
	Count 	453
	Average 	2.2141 ms
Stage: 8 by Little
	Count 	137
	Average 	7.3139 ms
Stage: 8 by Medium
	Count 	227
	Average 	4.4185 ms
Stage: 8 by Big
	Count 	200
	Average 	5.0100 ms
Stage: 8 by Vulkan
	Count 	429
	Average 	2.3403 ms
Stage: 9 by Little
	Count 	32019
	Average 	0.0313 ms
Stage: 9 by Medium
	Count 	60026
	Average 	0.0167 ms
Stage: 9 by Big
	Count 	25487
	Average 	0.0392 ms
Stage: 9 by Vulkan
	Count 	1159
	Average 	0.8645 ms
Stage: 1
	Little 	36.0357 ms 	(28)
	Medium 	6.7267 ms 	(150)
	Big    	4.6713 ms 	(216)
	Vulkan 	4.8981 ms 	(206)
Stage: 2
	Little 	29.1429 ms 	(35)
	Medium 	15.4545 ms 	(66)
	Big    	10.0990 ms 	(101)
	Vulkan 	2.7568 ms 	(370)
Stage: 3
	Little 	17.9821 ms 	(56)
	Medium 	3.5964 ms 	(280)
	Big    	2.5050 ms 	(402)
	Vulkan 	2.4265 ms 	(415)
Stage: 4
	Little 	15.9524 ms 	(63)
	Medium 	7.7907 ms 	(129)
	Big    	5.0758 ms 	(198)
	Vulkan 	1.4933 ms 	(673)
Stage: 5
	Little 	10.9022 ms 	(92)
	Medium 	2.0852 ms 	(481)
	Big    	1.4288 ms 	(702)
	Vulkan 	1.3499 ms 	(743)
Stage: 6
	Little 	10.0400 ms 	(100)
	Medium 	2.0744 ms 	(484)
	Big    	1.4221 ms 	(706)
	Vulkan 	1.3513 ms 	(743)
Stage: 7
	Little 	10.7340 ms 	(94)
	Medium 	2.1021 ms 	(480)
	Big    	1.4312 ms 	(705)
	Vulkan 	1.4272 ms 	(707)
Stage: 8
	Little 	9.5429 ms 	(105)
	Medium 	4.1577 ms 	(241)
	Big    	2.7680 ms 	(362)
	Vulkan 	0.9507 ms 	(1054)
Stage: 9
	Little 	0.0771 ms 	(12979)
	Medium 	0.0170 ms 	(59007)
	Big    	0.0151 ms 	(66259)
	Vulkan 	0.2866 ms 	(3493)

Normal Benchmark Results Table (ms per task):
Stage | Little Core | Medium Core | Big Core | Vulkan | CUDA
------|------------|-------------|----------|--------|-------
    1 |     33.7667 |      7.2014 |   8.1707 | 5.4728 | 0.0000
    2 |     27.0811 |     16.2419 |  18.7407 | 3.6974 | 0.0000
    3 |     17.3966 |      3.8244 |   4.0732 | 3.3624 | 0.0000
    4 |     14.3286 |      8.3917 |   9.6731 | 2.3380 | 0.0000
    5 |      9.3519 |      2.2444 |   2.4062 | 2.1456 | 0.0000
    6 |      9.3241 |      2.2489 |   2.7255 | 2.1319 | 0.0000
    7 |      9.3519 |      2.2489 |   2.8466 | 2.2141 | 0.0000
    8 |      7.3139 |      4.4185 |   5.0100 | 2.3403 | 0.0000
    9 |      0.0313 |      0.0167 |   0.0392 | 0.8645 | 0.0000

Normal Benchmark - Sum of stages 1-9:
Little Core: 127.9458 ms
Medium Core: 46.8368 ms
Big Core: 53.6853 ms
Vulkan: 24.5672 ms
CUDA: 0.0000 ms

Fully Benchmark Results Table (ms per task):
Stage | Little Core | Medium Core | Big Core | Vulkan | CUDA
------|-------------|-------------|----------|--------|-------
    1 |     36.0357 |      6.7267 |   4.6713 | 4.8981 | 0.0000
    2 |     29.1429 |     15.4545 |  10.0990 | 2.7568 | 0.0000
    3 |     17.9821 |      3.5964 |   2.5050 | 2.4265 | 0.0000
    4 |     15.9524 |      7.7907 |   5.0758 | 1.4933 | 0.0000
    5 |     10.9022 |      2.0852 |   1.4288 | 1.3499 | 0.0000
    6 |     10.0400 |      2.0744 |   1.4221 | 1.3513 | 0.0000
    7 |     10.7340 |      2.1021 |   1.4312 | 1.4272 | 0.0000
    8 |      9.5429 |      4.1577 |   2.7680 | 0.9507 | 0.0000
    9 |      0.0771 |      0.0170 |   0.0151 | 0.2866 | 0.0000

Fully Benchmark - Sum of stages 1-9:
Little Core: 140.4093 ms
Medium Core: 44.0047 ms
Big Core: 29.4162 ms
Vulkan: 16.9402 ms
CUDA: 0.0000 ms

Performance Comparison (Fully vs Normal):
Processor  | Normal (ms) | Fully (ms) | Ratio
-----------|-------------|------------|-------
Little Core|      127.95 |     140.41 |  1.10x
Medium Core|       46.84 |      44.00 |  0.94x
Big Core   |       53.69 |      29.42 |  0.55x
Vulkan     |       24.57 |      16.94 |  0.69x

### PYTHON_DATA_START ###
# NORMAL_BENCHMARK_DATA
stage,little,medium,big,vulkan,cuda
1,33.7667,7.2014,8.1707,5.4728,0.0000
2,27.0811,16.2419,18.7407,3.6974,0.0000
3,17.3966,3.8244,4.0732,3.3624,0.0000
4,14.3286,8.3917,9.6731,2.3380,0.0000
5,9.3519,2.2444,2.4062,2.1456,0.0000
6,9.3241,2.2489,2.7255,2.1319,0.0000
7,9.3519,2.2489,2.8466,2.2141,0.0000
8,7.3139,4.4185,5.0100,2.3403,0.0000
9,0.0313,0.0167,0.0392,0.8645,0.0000
# FULLY_BENCHMARK_DATA
stage,little,medium,big,vulkan,cuda
1,36.0357,6.7267,4.6713,4.8981,0.0000
2,29.1429,15.4545,10.0990,2.7568,0.0000
3,17.9821,3.5964,2.5050,2.4265,0.0000
4,15.9524,7.7907,5.0758,1.4933,0.0000
5,10.9022,2.0852,1.4288,1.3499,0.0000
6,10.0400,2.0744,1.4221,1.3513,0.0000
7,10.7340,2.1021,1.4312,1.4272,0.0000
8,9.5429,4.1577,2.7680,0.9507,0.0000
9,0.0771,0.0170,0.0151,0.2866,0.0000
### PYTHON_DATA_END ###
