[2025-04-23 00:50:25.149] [info] Pinable Lit cores: 0 1 2 3 4 5 
[2025-04-23 00:50:25.149] [info] Pinable Med cores: 
[2025-04-23 00:50:25.149] [info] Pinable Big cores: 
Stage: 1 by Little
	Count 	151
	Average 	33.2576 ms
Stage: 1 by CUDA
	Count 	2749
	Average 	1.8190 ms
Stage: 2 by Little
	Count 	1661
	Average 	3.0117 ms
Stage: 2 by CUDA
	Count 	9795
	Average 	0.5104 ms
Stage: 3 by Little
	Count 	60
	Average 	83.5158 ms
Stage: 3 by CUDA
	Count 	1290
	Average 	3.8763 ms
Stage: 4 by Little
	Count 	3299
	Average 	1.5157 ms
Stage: 4 by CUDA
	Count 	12814
	Average 	0.3902 ms
Stage: 5 by Little
	Count 	62
	Average 	81.7255 ms
Stage: 5 by CUDA
	Count 	1107
	Average 	4.5202 ms
Stage: 6 by Little
	Count 	31
	Average 	162.0904 ms
Stage: 6 by CUDA
	Count 	570
	Average 	8.7812 ms
Stage: 7 by Little
	Count 	31
	Average 	162.2537 ms
Stage: 7 by CUDA
	Count 	570
	Average 	8.7783 ms
Stage: 8 by Little
	Count 	6631
	Average 	0.7541 ms
Stage: 8 by CUDA
	Count 	19587
	Average 	0.2553 ms
Stage: 9 by Little
	Count 	14602
	Average 	0.3424 ms
Stage: 9 by CUDA
	Count 	8832
	Average 	0.5662 ms
Stage: 1
	Little 	37.1331 ms 	(135)
	Medium 	inf ms 	(0)
	Big    	inf ms 	(0)
	CUDA   	1.7509 ms 	(2863)
Stage: 2
	Little 	5.3487 ms 	(935)
	Medium 	inf ms 	(0)
	Big    	inf ms 	(0)
	CUDA   	0.3705 ms 	(13498)
Stage: 3
	Little 	87.2030 ms 	(58)
	Medium 	inf ms 	(0)
	Big    	inf ms 	(0)
	CUDA   	3.8259 ms 	(1322)
Stage: 4
	Little 	2.9692 ms 	(1684)
	Medium 	inf ms 	(0)
	Big    	inf ms 	(0)
	CUDA   	0.3362 ms 	(14874)
Stage: 5
	Little 	85.2653 ms 	(59)
	Medium 	inf ms 	(0)
	Big    	inf ms 	(0)
	CUDA   	4.4876 ms 	(1121)
Stage: 6
	Little 	168.1808 ms 	(30)
	Medium 	inf ms 	(0)
	Big    	inf ms 	(0)
	CUDA   	8.7899 ms 	(574)
Stage: 7
	Little 	164.7832 ms 	(31)
	Medium 	inf ms 	(0)
	Big    	inf ms 	(0)
	CUDA   	8.8994 ms 	(574)
Stage: 8
	Little 	1.4545 ms 	(3438)
	Medium 	inf ms 	(0)
	Big    	inf ms 	(0)
	CUDA   	0.2598 ms 	(19250)
Stage: 9
	Little 	0.6485 ms 	(7710)
	Medium 	inf ms 	(0)
	Big    	inf ms 	(0)
	CUDA   	0.3931 ms 	(12720)

Normal Benchmark Results Table (ms per task):
Stage | Little Core | Medium Core | Big Core | Vulkan | CUDA
------|------------|-------------|----------|--------|-------
    1 |     33.2576 |      0.0000 |   0.0000 | 0.0000 | 1.8190
    2 |      3.0117 |      0.0000 |   0.0000 | 0.0000 | 0.5104
    3 |     83.5158 |      0.0000 |   0.0000 | 0.0000 | 3.8763
    4 |      1.5157 |      0.0000 |   0.0000 | 0.0000 | 0.3902
    5 |     81.7255 |      0.0000 |   0.0000 | 0.0000 | 4.5202
    6 |    162.0904 |      0.0000 |   0.0000 | 0.0000 | 8.7812
    7 |    162.2537 |      0.0000 |   0.0000 | 0.0000 | 8.7783
    8 |      0.7541 |      0.0000 |   0.0000 | 0.0000 | 0.2553
    9 |      0.3424 |      0.0000 |   0.0000 | 0.0000 | 0.5662

Normal Benchmark - Sum of stages 1-9:
Little Core: 528.4668 ms
Medium Core: 0.0000 ms
Big Core: 0.0000 ms
Vulkan: 0.0000 ms
CUDA: 29.4971 ms

Fully Benchmark Results Table (ms per task):
Stage | Little Core | Medium Core | Big Core | Vulkan | CUDA
------|-------------|-------------|----------|--------|-------
    1 |     37.1331 |      0.0000 |   0.0000 | 0.0000 | 1.7509
    2 |      5.3487 |      0.0000 |   0.0000 | 0.0000 | 0.3705
    3 |     87.2030 |      0.0000 |   0.0000 | 0.0000 | 3.8259
    4 |      2.9692 |      0.0000 |   0.0000 | 0.0000 | 0.3362
    5 |     85.2653 |      0.0000 |   0.0000 | 0.0000 | 4.4876
    6 |    168.1808 |      0.0000 |   0.0000 | 0.0000 | 8.7899
    7 |    164.7832 |      0.0000 |   0.0000 | 0.0000 | 8.8994
    8 |      1.4545 |      0.0000 |   0.0000 | 0.0000 | 0.2598
    9 |      0.6485 |      0.0000 |   0.0000 | 0.0000 | 0.3931

Fully Benchmark - Sum of stages 1-9:
Little Core: 552.9862 ms
Medium Core: 0.0000 ms
Big Core: 0.0000 ms
Vulkan: 0.0000 ms
CUDA: 29.1133 ms

Performance Comparison (Fully vs Normal):
Processor  | Normal (ms) | Fully (ms) | Ratio
-----------|-------------|------------|-------
Little Core|      528.47 |     552.99 |  1.05x
CUDA       |       29.50 |      29.11 |  0.99x

### PYTHON_DATA_START ###
# NORMAL_BENCHMARK_DATA
stage,little,medium,big,vulkan,cuda
1,33.2576,0.0000,0.0000,0.0000,1.8190
2,3.0117,0.0000,0.0000,0.0000,0.5104
3,83.5158,0.0000,0.0000,0.0000,3.8763
4,1.5157,0.0000,0.0000,0.0000,0.3902
5,81.7255,0.0000,0.0000,0.0000,4.5202
6,162.0904,0.0000,0.0000,0.0000,8.7812
7,162.2537,0.0000,0.0000,0.0000,8.7783
8,0.7541,0.0000,0.0000,0.0000,0.2553
9,0.3424,0.0000,0.0000,0.0000,0.5662
# FULLY_BENCHMARK_DATA
stage,little,medium,big,vulkan,cuda
1,37.1331,0.0000,0.0000,0.0000,1.7509
2,5.3487,0.0000,0.0000,0.0000,0.3705
3,87.2030,0.0000,0.0000,0.0000,3.8259
4,2.9692,0.0000,0.0000,0.0000,0.3362
5,85.2653,0.0000,0.0000,0.0000,4.4876
6,168.1808,0.0000,0.0000,0.0000,8.7899
7,164.7832,0.0000,0.0000,0.0000,8.8994
8,1.4545,0.0000,0.0000,0.0000,0.2598
9,0.6485,0.0000,0.0000,0.0000,0.3931
### PYTHON_DATA_END ###
