[2025-04-23 00:45:07.653] [info] Pinable Lit cores: 0 1 2 3 4 5 
[2025-04-23 00:45:07.653] [info] Pinable Med cores: 
[2025-04-23 00:45:07.653] [info] Pinable Big cores: 
Stage: 1 by Little
	Count 	150
	Average 	33.4355 ms
Stage: 1 by CUDA
	Count 	2788
	Average 	1.7936 ms
Stage: 2 by Little
	Count 	1672
	Average 	2.9909 ms
Stage: 2 by CUDA
	Count 	9962
	Average 	0.5019 ms
Stage: 3 by Little
	Count 	60
	Average 	83.4705 ms
Stage: 3 by CUDA
	Count 	1299
	Average 	3.8512 ms
Stage: 4 by Little
	Count 	3295
	Average 	1.5178 ms
Stage: 4 by CUDA
	Count 	11840
	Average 	0.4223 ms
Stage: 5 by Little
	Count 	62
	Average 	81.8469 ms
Stage: 5 by CUDA
	Count 	1104
	Average 	4.5296 ms
Stage: 6 by Little
	Count 	30
	Average 	166.8016 ms
Stage: 6 by CUDA
	Count 	569
	Average 	8.7990 ms
Stage: 7 by Little
	Count 	30
	Average 	166.7080 ms
Stage: 7 by CUDA
	Count 	569
	Average 	8.7904 ms
Stage: 8 by Little
	Count 	6547
	Average 	0.7638 ms
Stage: 8 by CUDA
	Count 	19283
	Average 	0.2593 ms
Stage: 9 by Little
	Count 	14612
	Average 	0.3422 ms
Stage: 9 by CUDA
	Count 	8466
	Average 	0.5906 ms
Stage: 1
	Little 	36.4432 ms 	(138)
	Medium 	inf ms 	(0)
	Big    	inf ms 	(0)
	CUDA   	1.7420 ms 	(2887)
Stage: 2
	Little 	5.2469 ms 	(953)
	Medium 	inf ms 	(0)
	Big    	inf ms 	(0)
	CUDA   	0.3590 ms 	(13927)
Stage: 3
	Little 	87.6095 ms 	(58)
	Medium 	inf ms 	(0)
	Big    	inf ms 	(0)
	CUDA   	3.8408 ms 	(1323)
Stage: 4
	Little 	2.9692 ms 	(1684)
	Medium 	inf ms 	(0)
	Big    	inf ms 	(0)
	CUDA   	0.3307 ms 	(15120)
Stage: 5
	Little 	84.7778 ms 	(59)
	Medium 	inf ms 	(0)
	Big    	inf ms 	(0)
	CUDA   	4.4540 ms 	(1123)
Stage: 6
	Little 	169.4874 ms 	(30)
	Medium 	inf ms 	(0)
	Big    	inf ms 	(0)
	CUDA   	8.8737 ms 	(573)
Stage: 7
	Little 	165.2311 ms 	(31)
	Medium 	inf ms 	(0)
	Big    	inf ms 	(0)
	CUDA   	8.9392 ms 	(573)
Stage: 8
	Little 	1.4986 ms 	(3337)
	Medium 	inf ms 	(0)
	Big    	inf ms 	(0)
	CUDA   	0.2476 ms 	(20195)
Stage: 9
	Little 	0.6571 ms 	(7609)
	Medium 	inf ms 	(0)
	Big    	inf ms 	(0)
	CUDA   	0.3914 ms 	(12775)

Normal Benchmark Results Table (ms per task):
Stage | Little Core | Medium Core | Big Core | Vulkan | CUDA
------|------------|-------------|----------|--------|-------
    1 |     33.4355 |      0.0000 |   0.0000 | 0.0000 | 1.7936
    2 |      2.9909 |      0.0000 |   0.0000 | 0.0000 | 0.5019
    3 |     83.4705 |      0.0000 |   0.0000 | 0.0000 | 3.8512
    4 |      1.5178 |      0.0000 |   0.0000 | 0.0000 | 0.4223
    5 |     81.8469 |      0.0000 |   0.0000 | 0.0000 | 4.5296
    6 |    166.8016 |      0.0000 |   0.0000 | 0.0000 | 8.7990
    7 |    166.7080 |      0.0000 |   0.0000 | 0.0000 | 8.7904
    8 |      0.7638 |      0.0000 |   0.0000 | 0.0000 | 0.2593
    9 |      0.3422 |      0.0000 |   0.0000 | 0.0000 | 0.5906

Normal Benchmark - Sum of stages 1-9:
Little Core: 537.8774 ms
Medium Core: 0.0000 ms
Big Core: 0.0000 ms
Vulkan: 0.0000 ms
CUDA: 29.5378 ms

Fully Benchmark Results Table (ms per task):
Stage | Little Core | Medium Core | Big Core | Vulkan | CUDA
------|-------------|-------------|----------|--------|-------
    1 |     36.4432 |      0.0000 |   0.0000 | 0.0000 | 1.7420
    2 |      5.2469 |      0.0000 |   0.0000 | 0.0000 | 0.3590
    3 |     87.6095 |      0.0000 |   0.0000 | 0.0000 | 3.8408
    4 |      2.9692 |      0.0000 |   0.0000 | 0.0000 | 0.3307
    5 |     84.7778 |      0.0000 |   0.0000 | 0.0000 | 4.4540
    6 |    169.4874 |      0.0000 |   0.0000 | 0.0000 | 8.8737
    7 |    165.2311 |      0.0000 |   0.0000 | 0.0000 | 8.9392
    8 |      1.4986 |      0.0000 |   0.0000 | 0.0000 | 0.2476
    9 |      0.6571 |      0.0000 |   0.0000 | 0.0000 | 0.3914

Fully Benchmark - Sum of stages 1-9:
Little Core: 553.9208 ms
Medium Core: 0.0000 ms
Big Core: 0.0000 ms
Vulkan: 0.0000 ms
CUDA: 29.1784 ms

Performance Comparison (Fully vs Normal):
Processor  | Normal (ms) | Fully (ms) | Ratio
-----------|-------------|------------|-------
Little Core|      537.88 |     553.92 |  1.03x
CUDA       |       29.54 |      29.18 |  0.99x

### PYTHON_DATA_START ###
# NORMAL_BENCHMARK_DATA
stage,little,medium,big,vulkan,cuda
1,33.4355,0.0000,0.0000,0.0000,1.7936
2,2.9909,0.0000,0.0000,0.0000,0.5019
3,83.4705,0.0000,0.0000,0.0000,3.8512
4,1.5178,0.0000,0.0000,0.0000,0.4223
5,81.8469,0.0000,0.0000,0.0000,4.5296
6,166.8016,0.0000,0.0000,0.0000,8.7990
7,166.7080,0.0000,0.0000,0.0000,8.7904
8,0.7638,0.0000,0.0000,0.0000,0.2593
9,0.3422,0.0000,0.0000,0.0000,0.5906
# FULLY_BENCHMARK_DATA
stage,little,medium,big,vulkan,cuda
1,36.4432,0.0000,0.0000,0.0000,1.7420
2,5.2469,0.0000,0.0000,0.0000,0.3590
3,87.6095,0.0000,0.0000,0.0000,3.8408
4,2.9692,0.0000,0.0000,0.0000,0.3307
5,84.7778,0.0000,0.0000,0.0000,4.4540
6,169.4874,0.0000,0.0000,0.0000,8.8737
7,165.2311,0.0000,0.0000,0.0000,8.9392
8,1.4986,0.0000,0.0000,0.0000,0.2476
9,0.6571,0.0000,0.0000,0.0000,0.3914
### PYTHON_DATA_END ###
