[2025-04-23 01:08:23.668] [info] Pinable Lit cores: 0 1 2 3 
[2025-04-23 01:08:23.668] [info] Pinable Med cores: 
[2025-04-23 01:08:23.668] [info] Pinable Big cores: 
Stage: 1 by Little
	Count 	71
	Average 	71.1266 ms
Stage: 1 by CUDA
	Count 	677
	Average 	7.3921 ms
Stage: 2 by Little
	Count 	776
	Average 	6.4468 ms
Stage: 2 by CUDA
	Count 	6202
	Average 	0.8062 ms
Stage: 3 by Little
	Count 	29
	Average 	178.4717 ms
Stage: 3 by CUDA
	Count 	315
	Average 	15.9131 ms
Stage: 4 by Little
	Count 	1540
	Average 	3.2488 ms
Stage: 4 by CUDA
	Count 	8813
	Average 	0.5674 ms
Stage: 5 by Little
	Count 	29
	Average 	172.4870 ms
Stage: 5 by CUDA
	Count 	317
	Average 	15.8099 ms
Stage: 6 by Little
	Count 	15
	Average 	342.5344 ms
Stage: 6 by CUDA
	Count 	162
	Average 	30.9139 ms
Stage: 7 by Little
	Count 	15
	Average 	342.3144 ms
Stage: 7 by CUDA
	Count 	162
	Average 	31.0070 ms
Stage: 8 by Little
	Count 	3045
	Average 	1.6426 ms
Stage: 8 by CUDA
	Count 	11876
	Average 	0.4211 ms
Stage: 9 by Little
	Count 	6272
	Average 	0.7974 ms
Stage: 9 by CUDA
	Count 	6234
	Average 	0.8021 ms
Stage: 1
	Little 	71.6120 ms 	(70)
	Medium 	inf ms 	(0)
	Big    	inf ms 	(0)
	CUDA   	7.3180 ms 	(685)
Stage: 2
	Little 	8.6563 ms 	(578)
	Medium 	inf ms 	(0)
	Big    	inf ms 	(0)
	CUDA   	0.7937 ms 	(6304)
Stage: 3
	Little 	178.0638 ms 	(29)
	Medium 	inf ms 	(0)
	Big    	inf ms 	(0)
	CUDA   	16.2897 ms 	(317)
Stage: 4
	Little 	5.5218 ms 	(906)
	Medium 	inf ms 	(0)
	Big    	inf ms 	(0)
	CUDA   	0.4687 ms 	(10673)
Stage: 5
	Little 	175.3541 ms 	(29)
	Medium 	inf ms 	(0)
	Big    	inf ms 	(0)
	CUDA   	15.9914 ms 	(318)
Stage: 6
	Little 	346.1956 ms 	(15)
	Medium 	inf ms 	(0)
	Big    	inf ms 	(0)
	CUDA   	32.0551 ms 	(162)
Stage: 7
	Little 	344.7811 ms 	(15)
	Medium 	inf ms 	(0)
	Big    	inf ms 	(0)
	CUDA   	31.9242 ms 	(162)
Stage: 8
	Little 	3.0948 ms 	(1616)
	Medium 	inf ms 	(0)
	Big    	inf ms 	(0)
	CUDA   	0.4024 ms 	(12430)
Stage: 9
	Little 	1.0129 ms 	(4937)
	Medium 	inf ms 	(0)
	Big    	inf ms 	(0)
	CUDA   	0.7596 ms 	(6583)

Normal Benchmark Results Table (ms per task):
Stage | Little Core | Medium Core | Big Core | Vulkan | CUDA
------|------------|-------------|----------|--------|-------
    1 |     71.1266 |      0.0000 |   0.0000 | 0.0000 | 7.3921
    2 |      6.4468 |      0.0000 |   0.0000 | 0.0000 | 0.8062
    3 |    178.4717 |      0.0000 |   0.0000 | 0.0000 | 15.9131
    4 |      3.2488 |      0.0000 |   0.0000 | 0.0000 | 0.5674
    5 |    172.4870 |      0.0000 |   0.0000 | 0.0000 | 15.8099
    6 |    342.5344 |      0.0000 |   0.0000 | 0.0000 | 30.9139
    7 |    342.3144 |      0.0000 |   0.0000 | 0.0000 | 31.0070
    8 |      1.6426 |      0.0000 |   0.0000 | 0.0000 | 0.4211
    9 |      0.7974 |      0.0000 |   0.0000 | 0.0000 | 0.8021

Normal Benchmark - Sum of stages 1-9:
Little Core: 1119.0696 ms
Medium Core: 0.0000 ms
Big Core: 0.0000 ms
Vulkan: 0.0000 ms
CUDA: 103.6327 ms

Fully Benchmark Results Table (ms per task):
Stage | Little Core | Medium Core | Big Core | Vulkan | CUDA
------|-------------|-------------|----------|--------|-------
    1 |     71.6120 |      0.0000 |   0.0000 | 0.0000 | 7.3180
    2 |      8.6563 |      0.0000 |   0.0000 | 0.0000 | 0.7937
    3 |    178.0638 |      0.0000 |   0.0000 | 0.0000 | 16.2897
    4 |      5.5218 |      0.0000 |   0.0000 | 0.0000 | 0.4687
    5 |    175.3541 |      0.0000 |   0.0000 | 0.0000 | 15.9914
    6 |    346.1956 |      0.0000 |   0.0000 | 0.0000 | 32.0551
    7 |    344.7811 |      0.0000 |   0.0000 | 0.0000 | 31.9242
    8 |      3.0948 |      0.0000 |   0.0000 | 0.0000 | 0.4024
    9 |      1.0129 |      0.0000 |   0.0000 | 0.0000 | 0.7596

Fully Benchmark - Sum of stages 1-9:
Little Core: 1134.2923 ms
Medium Core: 0.0000 ms
Big Core: 0.0000 ms
Vulkan: 0.0000 ms
CUDA: 106.0029 ms

Performance Comparison (Fully vs Normal):
Processor  | Normal (ms) | Fully (ms) | Ratio
-----------|-------------|------------|-------
Little Core|     1119.07 |    1134.29 |  1.01x
CUDA       |      103.63 |     106.00 |  1.02x

### PYTHON_DATA_START ###
# NORMAL_BENCHMARK_DATA
stage,little,medium,big,vulkan,cuda
1,71.1266,0.0000,0.0000,0.0000,7.3921
2,6.4468,0.0000,0.0000,0.0000,0.8062
3,178.4717,0.0000,0.0000,0.0000,15.9131
4,3.2488,0.0000,0.0000,0.0000,0.5674
5,172.4870,0.0000,0.0000,0.0000,15.8099
6,342.5344,0.0000,0.0000,0.0000,30.9139
7,342.3144,0.0000,0.0000,0.0000,31.0070
8,1.6426,0.0000,0.0000,0.0000,0.4211
9,0.7974,0.0000,0.0000,0.0000,0.8021
# FULLY_BENCHMARK_DATA
stage,little,medium,big,vulkan,cuda
1,71.6120,0.0000,0.0000,0.0000,7.3180
2,8.6563,0.0000,0.0000,0.0000,0.7937
3,178.0638,0.0000,0.0000,0.0000,16.2897
4,5.5218,0.0000,0.0000,0.0000,0.4687
5,175.3541,0.0000,0.0000,0.0000,15.9914
6,346.1956,0.0000,0.0000,0.0000,32.0551
7,344.7811,0.0000,0.0000,0.0000,31.9242
8,3.0948,0.0000,0.0000,0.0000,0.4024
9,1.0129,0.0000,0.0000,0.0000,0.7596
### PYTHON_DATA_END ###
