[2025-04-23 01:11:21.728] [info] Pinable Lit cores: 0 1 2 3 
[2025-04-23 01:11:21.729] [info] Pinable Med cores: 
[2025-04-23 01:11:21.729] [info] Pinable Big cores: 
Stage: 1 by Little
	Count 	71
	Average 	71.0948 ms
Stage: 1 by CUDA
	Count 	678
	Average 	7.3786 ms
Stage: 2 by Little
	Count 	800
	Average 	6.2541 ms
Stage: 2 by CUDA
	Count 	5949
	Average 	0.8405 ms
Stage: 3 by Little
	Count 	29
	Average 	176.6835 ms
Stage: 3 by CUDA
	Count 	314
	Average 	15.9335 ms
Stage: 4 by Little
	Count 	1544
	Average 	3.2404 ms
Stage: 4 by CUDA
	Count 	8613
	Average 	0.5806 ms
Stage: 5 by Little
	Count 	29
	Average 	172.6386 ms
Stage: 5 by CUDA
	Count 	315
	Average 	15.9167 ms
Stage: 6 by Little
	Count 	15
	Average 	341.7701 ms
Stage: 6 by CUDA
	Count 	162
	Average 	30.9590 ms
Stage: 7 by Little
	Count 	15
	Average 	341.8233 ms
Stage: 7 by CUDA
	Count 	162
	Average 	30.9910 ms
Stage: 8 by Little
	Count 	3043
	Average 	1.6437 ms
Stage: 8 by CUDA
	Count 	11331
	Average 	0.4413 ms
Stage: 9 by Little
	Count 	6255
	Average 	0.7996 ms
Stage: 9 by CUDA
	Count 	5989
	Average 	0.8349 ms
Stage: 1
	Little 	72.2278 ms 	(70)
	Medium 	inf ms 	(0)
	Big    	inf ms 	(0)
	CUDA   	7.3702 ms 	(686)
Stage: 2
	Little 	8.3272 ms 	(601)
	Medium 	inf ms 	(0)
	Big    	inf ms 	(0)
	CUDA   	0.7858 ms 	(6369)
Stage: 3
	Little 	178.3414 ms 	(29)
	Medium 	inf ms 	(0)
	Big    	inf ms 	(0)
	CUDA   	16.3151 ms 	(317)
Stage: 4
	Little 	5.6139 ms 	(891)
	Medium 	inf ms 	(0)
	Big    	inf ms 	(0)
	CUDA   	0.4766 ms 	(10496)
Stage: 5
	Little 	174.8565 ms 	(29)
	Medium 	inf ms 	(0)
	Big    	inf ms 	(0)
	CUDA   	15.8960 ms 	(319)
Stage: 6
	Little 	341.8037 ms 	(15)
	Medium 	inf ms 	(0)
	Big    	inf ms 	(0)
	CUDA   	31.6485 ms 	(162)
Stage: 7
	Little 	342.2548 ms 	(15)
	Medium 	inf ms 	(0)
	Big    	inf ms 	(0)
	CUDA   	31.6903 ms 	(162)
Stage: 8
	Little 	3.0602 ms 	(1634)
	Medium 	inf ms 	(0)
	Big    	inf ms 	(0)
	CUDA   	0.4152 ms 	(12043)
Stage: 9
	Little 	0.9995 ms 	(5003)
	Medium 	inf ms 	(0)
	Big    	inf ms 	(0)
	CUDA   	0.7557 ms 	(6617)

Normal Benchmark Results Table (ms per task):
Stage | Little Core | Medium Core | Big Core | Vulkan | CUDA
------|------------|-------------|----------|--------|-------
    1 |     71.0948 |      0.0000 |   0.0000 | 0.0000 | 7.3786
    2 |      6.2541 |      0.0000 |   0.0000 | 0.0000 | 0.8405
    3 |    176.6835 |      0.0000 |   0.0000 | 0.0000 | 15.9335
    4 |      3.2404 |      0.0000 |   0.0000 | 0.0000 | 0.5806
    5 |    172.6386 |      0.0000 |   0.0000 | 0.0000 | 15.9167
    6 |    341.7701 |      0.0000 |   0.0000 | 0.0000 | 30.9590
    7 |    341.8233 |      0.0000 |   0.0000 | 0.0000 | 30.9910
    8 |      1.6437 |      0.0000 |   0.0000 | 0.0000 | 0.4413
    9 |      0.7996 |      0.0000 |   0.0000 | 0.0000 | 0.8349

Normal Benchmark - Sum of stages 1-9:
Little Core: 1115.9480 ms
Medium Core: 0.0000 ms
Big Core: 0.0000 ms
Vulkan: 0.0000 ms
CUDA: 103.8761 ms

Fully Benchmark Results Table (ms per task):
Stage | Little Core | Medium Core | Big Core | Vulkan | CUDA
------|-------------|-------------|----------|--------|-------
    1 |     72.2278 |      0.0000 |   0.0000 | 0.0000 | 7.3702
    2 |      8.3272 |      0.0000 |   0.0000 | 0.0000 | 0.7858
    3 |    178.3414 |      0.0000 |   0.0000 | 0.0000 | 16.3151
    4 |      5.6139 |      0.0000 |   0.0000 | 0.0000 | 0.4766
    5 |    174.8565 |      0.0000 |   0.0000 | 0.0000 | 15.8960
    6 |    341.8037 |      0.0000 |   0.0000 | 0.0000 | 31.6485
    7 |    342.2548 |      0.0000 |   0.0000 | 0.0000 | 31.6903
    8 |      3.0602 |      0.0000 |   0.0000 | 0.0000 | 0.4152
    9 |      0.9995 |      0.0000 |   0.0000 | 0.0000 | 0.7557

Fully Benchmark - Sum of stages 1-9:
Little Core: 1127.4850 ms
Medium Core: 0.0000 ms
Big Core: 0.0000 ms
Vulkan: 0.0000 ms
CUDA: 105.3534 ms

Performance Comparison (Fully vs Normal):
Processor  | Normal (ms) | Fully (ms) | Ratio
-----------|-------------|------------|-------
Little Core|     1115.95 |    1127.48 |  1.01x
CUDA       |      103.88 |     105.35 |  1.01x

### PYTHON_DATA_START ###
# NORMAL_BENCHMARK_DATA
stage,little,medium,big,vulkan,cuda
1,71.0948,0.0000,0.0000,0.0000,7.3786
2,6.2541,0.0000,0.0000,0.0000,0.8405
3,176.6835,0.0000,0.0000,0.0000,15.9335
4,3.2404,0.0000,0.0000,0.0000,0.5806
5,172.6386,0.0000,0.0000,0.0000,15.9167
6,341.7701,0.0000,0.0000,0.0000,30.9590
7,341.8233,0.0000,0.0000,0.0000,30.9910
8,1.6437,0.0000,0.0000,0.0000,0.4413
9,0.7996,0.0000,0.0000,0.0000,0.8349
# FULLY_BENCHMARK_DATA
stage,little,medium,big,vulkan,cuda
1,72.2278,0.0000,0.0000,0.0000,7.3702
2,8.3272,0.0000,0.0000,0.0000,0.7858
3,178.3414,0.0000,0.0000,0.0000,16.3151
4,5.6139,0.0000,0.0000,0.0000,0.4766
5,174.8565,0.0000,0.0000,0.0000,15.8960
6,341.8037,0.0000,0.0000,0.0000,31.6485
7,342.2548,0.0000,0.0000,0.0000,31.6903
8,3.0602,0.0000,0.0000,0.0000,0.4152
9,0.9995,0.0000,0.0000,0.0000,0.7557
### PYTHON_DATA_END ###
