[2025-04-22 19:33:23.151] [info] Pinable Lit cores: 0 1 2 3 4 5 
[2025-04-22 19:33:23.151] [info] Pinable Med cores: 
[2025-04-22 19:33:23.151] [info] Pinable Big cores: 
Stage: 1 by Little
	Count 	287
	Average 	3.4942 ms
Stage: 1 by CUDA
	Count 	284
	Average 	3.5282 ms
Stage: 2 by Little
	Count 	84
	Average 	12.0542 ms
Stage: 2 by CUDA
	Count 	670
	Average 	1.4942 ms
Stage: 3 by Little
	Count 	519
	Average 	1.9283 ms
Stage: 3 by CUDA
	Count 	423
	Average 	2.3651 ms
Stage: 4 by Little
	Count 	236
	Average 	4.2414 ms
Stage: 4 by CUDA
	Count 	765
	Average 	1.3074 ms
Stage: 5 by Little
	Count 	971
	Average 	1.0306 ms
Stage: 5 by CUDA
	Count 	611
	Average 	1.6371 ms
Stage: 6 by Little
	Count 	964
	Average 	1.0383 ms
Stage: 6 by CUDA
	Count 	704
	Average 	1.4208 ms
Stage: 7 by Little
	Count 	979
	Average 	1.0228 ms
Stage: 7 by CUDA
	Count 	638
	Average 	1.5673 ms
Stage: 8 by Little
	Count 	517
	Average 	1.9353 ms
Stage: 8 by CUDA
	Count 	1021
	Average 	0.9795 ms
Stage: 9 by Little
	Count 	56356
	Average 	0.0177 ms
Stage: 9 by CUDA
	Count 	6039
	Average 	0.1656 ms
Stage: 1
	Little 	3.8820 ms 	(258)
	Medium 	inf ms 	(0)
	Big    	inf ms 	(0)
	CUDA   	3.3837 ms 	(296)
Stage: 2
	Little 	8.3627 ms 	(120)
	Medium 	inf ms 	(0)
	Big    	inf ms 	(0)
	CUDA   	1.3766 ms 	(729)
Stage: 3
	Little 	2.1166 ms 	(473)
	Medium 	inf ms 	(0)
	Big    	inf ms 	(0)
	CUDA   	3.6943 ms 	(271)
Stage: 4
	Little 	4.6377 ms 	(216)
	Medium 	inf ms 	(0)
	Big    	inf ms 	(0)
	CUDA   	1.0900 ms 	(919)
Stage: 5
	Little 	1.3358 ms 	(749)
	Medium 	inf ms 	(0)
	Big    	inf ms 	(0)
	CUDA   	2.0212 ms 	(495)
Stage: 6
	Little 	1.3085 ms 	(765)
	Medium 	inf ms 	(0)
	Big    	inf ms 	(0)
	CUDA   	2.1952 ms 	(456)
Stage: 7
	Little 	1.3139 ms 	(762)
	Medium 	inf ms 	(0)
	Big    	inf ms 	(0)
	CUDA   	2.1439 ms 	(467)
Stage: 8
	Little 	3.2733 ms 	(306)
	Medium 	inf ms 	(0)
	Big    	inf ms 	(0)
	CUDA   	0.7349 ms 	(1363)
Stage: 9
	Little 	0.0410 ms 	(24380)
	Medium 	inf ms 	(0)
	Big    	inf ms 	(0)
	CUDA   	0.2587 ms 	(3865)

Normal Benchmark Results Table (ms per task):
Stage | Little Core | Medium Core | Big Core | Vulkan | CUDA
------|------------|-------------|----------|--------|-------
    1 |      3.4942 |      0.0000 |   0.0000 | 0.0000 | 3.5282
    2 |     12.0542 |      0.0000 |   0.0000 | 0.0000 | 1.4942
    3 |      1.9283 |      0.0000 |   0.0000 | 0.0000 | 2.3651
    4 |      4.2414 |      0.0000 |   0.0000 | 0.0000 | 1.3074
    5 |      1.0306 |      0.0000 |   0.0000 | 0.0000 | 1.6371
    6 |      1.0383 |      0.0000 |   0.0000 | 0.0000 | 1.4208
    7 |      1.0228 |      0.0000 |   0.0000 | 0.0000 | 1.5673
    8 |      1.9353 |      0.0000 |   0.0000 | 0.0000 | 0.9795
    9 |      0.0177 |      0.0000 |   0.0000 | 0.0000 | 0.1656

Normal Benchmark - Sum of stages 1-9:
Little Core: 26.7628 ms
Medium Core: 0.0000 ms
Big Core: 0.0000 ms
Vulkan: 0.0000 ms
CUDA: 14.4653 ms

Fully Benchmark Results Table (ms per task):
Stage | Little Core | Medium Core | Big Core | Vulkan | CUDA
------|-------------|-------------|----------|--------|-------
    1 |      3.8820 |      0.0000 |   0.0000 | 0.0000 | 3.3837
    2 |      8.3627 |      0.0000 |   0.0000 | 0.0000 | 1.3766
    3 |      2.1166 |      0.0000 |   0.0000 | 0.0000 | 3.6943
    4 |      4.6377 |      0.0000 |   0.0000 | 0.0000 | 1.0900
    5 |      1.3358 |      0.0000 |   0.0000 | 0.0000 | 2.0212
    6 |      1.3085 |      0.0000 |   0.0000 | 0.0000 | 2.1952
    7 |      1.3139 |      0.0000 |   0.0000 | 0.0000 | 2.1439
    8 |      3.2733 |      0.0000 |   0.0000 | 0.0000 | 0.7349
    9 |      0.0410 |      0.0000 |   0.0000 | 0.0000 | 0.2587

Fully Benchmark - Sum of stages 1-9:
Little Core: 26.2715 ms
Medium Core: 0.0000 ms
Big Core: 0.0000 ms
Vulkan: 0.0000 ms
CUDA: 16.8984 ms

Performance Comparison (Fully vs Normal):
Processor  | Normal (ms) | Fully (ms) | Ratio
-----------|-------------|------------|-------
Little Core|       26.76 |      26.27 |  0.98x
CUDA       |       14.47 |      16.90 |  1.17x

### PYTHON_DATA_START ###
# NORMAL_BENCHMARK_DATA
stage,little,medium,big,vulkan,cuda
1,3.4942,0.0000,0.0000,0.0000,3.5282
2,12.0542,0.0000,0.0000,0.0000,1.4942
3,1.9283,0.0000,0.0000,0.0000,2.3651
4,4.2414,0.0000,0.0000,0.0000,1.3074
5,1.0306,0.0000,0.0000,0.0000,1.6371
6,1.0383,0.0000,0.0000,0.0000,1.4208
7,1.0228,0.0000,0.0000,0.0000,1.5673
8,1.9353,0.0000,0.0000,0.0000,0.9795
9,0.0177,0.0000,0.0000,0.0000,0.1656
# FULLY_BENCHMARK_DATA
stage,little,medium,big,vulkan,cuda
1,3.8820,0.0000,0.0000,0.0000,3.3837
2,8.3627,0.0000,0.0000,0.0000,1.3766
3,2.1166,0.0000,0.0000,0.0000,3.6943
4,4.6377,0.0000,0.0000,0.0000,1.0900
5,1.3358,0.0000,0.0000,0.0000,2.0212
6,1.3085,0.0000,0.0000,0.0000,2.1952
7,1.3139,0.0000,0.0000,0.0000,2.1439
8,3.2733,0.0000,0.0000,0.0000,0.7349
9,0.0410,0.0000,0.0000,0.0000,0.2587
### PYTHON_DATA_END ###
