[2025-04-22 19:36:01.699] [info] Pinable Lit cores: 0 1 2 3 4 5 
[2025-04-22 19:36:01.699] [info] Pinable Med cores: 
[2025-04-22 19:36:01.699] [info] Pinable Big cores: 
Stage: 1 by Little
	Count 	28
	Average 	36.6209 ms
Stage: 1 by CUDA
	Count 	523
	Average 	1.9150 ms
Stage: 2 by Little
	Count 	559
	Average 	1.7911 ms
Stage: 2 by CUDA
	Count 	1246
	Average 	0.8026 ms
Stage: 3 by Little
	Count 	14
	Average 	76.2859 ms
Stage: 3 by CUDA
	Count 	245
	Average 	4.0904 ms
Stage: 4 by Little
	Count 	1105
	Average 	0.9061 ms
Stage: 4 by CUDA
	Count 	1334
	Average 	0.7502 ms
Stage: 5 by Little
	Count 	14
	Average 	72.6826 ms
Stage: 5 by CUDA
	Count 	211
	Average 	4.7478 ms
Stage: 6 by Little
	Count 	7
	Average 	143.7217 ms
Stage: 6 by CUDA
	Count 	111
	Average 	9.0196 ms
Stage: 7 by Little
	Count 	7
	Average 	143.0808 ms
Stage: 7 by CUDA
	Count 	110
	Average 	9.1555 ms
Stage: 8 by Little
	Count 	2187
	Average 	0.4575 ms
Stage: 8 by CUDA
	Count 	4022
	Average 	0.2487 ms
Stage: 9 by Little
	Count 	2759
	Average 	0.3627 ms
Stage: 9 by CUDA
	Count 	1264
	Average 	0.7911 ms
Stage: 1
	Little 	34.9603 ms 	(29)
	Medium 	inf ms 	(0)
	Big    	inf ms 	(0)
	CUDA   	1.8137 ms 	(559)
Stage: 2
	Little 	2.7722 ms 	(361)
	Medium 	inf ms 	(0)
	Big    	inf ms 	(0)
	CUDA   	0.5151 ms 	(1943)
Stage: 3
	Little 	80.3262 ms 	(13)
	Medium 	inf ms 	(0)
	Big    	inf ms 	(0)
	CUDA   	4.1603 ms 	(251)
Stage: 4
	Little 	1.7928 ms 	(558)
	Medium 	inf ms 	(0)
	Big    	inf ms 	(0)
	CUDA   	0.3342 ms 	(2993)
Stage: 5
	Little 	74.2690 ms 	(14)
	Medium 	inf ms 	(0)
	Big    	inf ms 	(0)
	CUDA   	4.7915 ms 	(217)
Stage: 6
	Little 	143.7080 ms 	(7)
	Medium 	inf ms 	(0)
	Big    	inf ms 	(0)
	CUDA   	8.9817 ms 	(112)
Stage: 7
	Little 	144.3509 ms 	(7)
	Medium 	inf ms 	(0)
	Big    	inf ms 	(0)
	CUDA   	9.1032 ms 	(111)
Stage: 8
	Little 	0.9183 ms 	(1089)
	Medium 	inf ms 	(0)
	Big    	inf ms 	(0)
	CUDA   	0.2999 ms 	(3335)
Stage: 9
	Little 	0.5394 ms 	(1854)
	Medium 	inf ms 	(0)
	Big    	inf ms 	(0)
	CUDA   	0.5189 ms 	(1927)

Normal Benchmark Results Table (ms per task):
Stage | Little Core | Medium Core | Big Core | Vulkan | CUDA
------|------------|-------------|----------|--------|-------
    1 |     36.6209 |      0.0000 |   0.0000 | 0.0000 | 1.9150
    2 |      1.7911 |      0.0000 |   0.0000 | 0.0000 | 0.8026
    3 |     76.2859 |      0.0000 |   0.0000 | 0.0000 | 4.0904
    4 |      0.9061 |      0.0000 |   0.0000 | 0.0000 | 0.7502
    5 |     72.6826 |      0.0000 |   0.0000 | 0.0000 | 4.7478
    6 |    143.7217 |      0.0000 |   0.0000 | 0.0000 | 9.0196
    7 |    143.0808 |      0.0000 |   0.0000 | 0.0000 | 9.1555
    8 |      0.4575 |      0.0000 |   0.0000 | 0.0000 | 0.2487
    9 |      0.3627 |      0.0000 |   0.0000 | 0.0000 | 0.7911

Normal Benchmark - Sum of stages 1-9:
Little Core: 475.9092 ms
Medium Core: 0.0000 ms
Big Core: 0.0000 ms
Vulkan: 0.0000 ms
CUDA: 31.5209 ms

Fully Benchmark Results Table (ms per task):
Stage | Little Core | Medium Core | Big Core | Vulkan | CUDA
------|-------------|-------------|----------|--------|-------
    1 |     34.9603 |      0.0000 |   0.0000 | 0.0000 | 1.8137
    2 |      2.7722 |      0.0000 |   0.0000 | 0.0000 | 0.5151
    3 |     80.3262 |      0.0000 |   0.0000 | 0.0000 | 4.1603
    4 |      1.7928 |      0.0000 |   0.0000 | 0.0000 | 0.3342
    5 |     74.2690 |      0.0000 |   0.0000 | 0.0000 | 4.7915
    6 |    143.7080 |      0.0000 |   0.0000 | 0.0000 | 8.9817
    7 |    144.3509 |      0.0000 |   0.0000 | 0.0000 | 9.1032
    8 |      0.9183 |      0.0000 |   0.0000 | 0.0000 | 0.2999
    9 |      0.5394 |      0.0000 |   0.0000 | 0.0000 | 0.5189

Fully Benchmark - Sum of stages 1-9:
Little Core: 483.6370 ms
Medium Core: 0.0000 ms
Big Core: 0.0000 ms
Vulkan: 0.0000 ms
CUDA: 30.5186 ms

Performance Comparison (Fully vs Normal):
Processor  | Normal (ms) | Fully (ms) | Ratio
-----------|-------------|------------|-------
Little Core|      475.91 |     483.64 |  1.02x
CUDA       |       31.52 |      30.52 |  0.97x

### PYTHON_DATA_START ###
# NORMAL_BENCHMARK_DATA
stage,little,medium,big,vulkan,cuda
1,36.6209,0.0000,0.0000,0.0000,1.9150
2,1.7911,0.0000,0.0000,0.0000,0.8026
3,76.2859,0.0000,0.0000,0.0000,4.0904
4,0.9061,0.0000,0.0000,0.0000,0.7502
5,72.6826,0.0000,0.0000,0.0000,4.7478
6,143.7217,0.0000,0.0000,0.0000,9.0196
7,143.0808,0.0000,0.0000,0.0000,9.1555
8,0.4575,0.0000,0.0000,0.0000,0.2487
9,0.3627,0.0000,0.0000,0.0000,0.7911
# FULLY_BENCHMARK_DATA
stage,little,medium,big,vulkan,cuda
1,34.9603,0.0000,0.0000,0.0000,1.8137
2,2.7722,0.0000,0.0000,0.0000,0.5151
3,80.3262,0.0000,0.0000,0.0000,4.1603
4,1.7928,0.0000,0.0000,0.0000,0.3342
5,74.2690,0.0000,0.0000,0.0000,4.7915
6,143.7080,0.0000,0.0000,0.0000,8.9817
7,144.3509,0.0000,0.0000,0.0000,9.1032
8,0.9183,0.0000,0.0000,0.0000,0.2999
9,0.5394,0.0000,0.0000,0.0000,0.5189
### PYTHON_DATA_END ###
