[2025-04-23 00:56:42.530] [info] Pinable Lit cores: 0 1 2 3 
[2025-04-23 00:56:42.530] [info] Pinable Med cores: 
[2025-04-23 00:56:42.530] [info] Pinable Big cores: 
Stage: 1 by Little
	Count 	712
	Average 	7.0280 ms
Stage: 1 by CUDA
	Count 	554
	Average 	9.0311 ms
Stage: 2 by Little
	Count 	352
	Average 	14.2357 ms
Stage: 2 by CUDA
	Count 	1803
	Average 	2.7735 ms
Stage: 3 by Little
	Count 	1350
	Average 	3.7043 ms
Stage: 3 by CUDA
	Count 	1070
	Average 	4.6730 ms
Stage: 4 by Little
	Count 	676
	Average 	7.4050 ms
Stage: 4 by CUDA
	Count 	3085
	Average 	1.6208 ms
Stage: 5 by Little
	Count 	2350
	Average 	2.1285 ms
Stage: 5 by CUDA
	Count 	1936
	Average 	2.5828 ms
Stage: 6 by Little
	Count 	2333
	Average 	2.1437 ms
Stage: 6 by CUDA
	Count 	2000
	Average 	2.5002 ms
Stage: 7 by Little
	Count 	2266
	Average 	2.2070 ms
Stage: 7 by CUDA
	Count 	2002
	Average 	2.4984 ms
Stage: 8 by Little
	Count 	1247
	Average 	4.0121 ms
Stage: 8 by CUDA
	Count 	5069
	Average 	0.9864 ms
Stage: 9 by Little
	Count 	263756
	Average 	0.0190 ms
Stage: 9 by CUDA
	Count 	19554
	Average 	0.2557 ms
Stage: 1
	Little 	7.3786 ms 	(678)
	Medium 	inf ms 	(0)
	Big    	inf ms 	(0)
	CUDA   	9.1290 ms 	(548)
Stage: 2
	Little 	15.9787 ms 	(313)
	Medium 	inf ms 	(0)
	Big    	inf ms 	(0)
	CUDA   	2.7465 ms 	(1821)
Stage: 3
	Little 	4.0508 ms 	(1235)
	Medium 	inf ms 	(0)
	Big    	inf ms 	(0)
	CUDA   	4.8430 ms 	(1033)
Stage: 4
	Little 	9.2650 ms 	(540)
	Medium 	inf ms 	(0)
	Big    	inf ms 	(0)
	CUDA   	1.5451 ms 	(3238)
Stage: 5
	Little 	2.5495 ms 	(1962)
	Medium 	inf ms 	(0)
	Big    	inf ms 	(0)
	CUDA   	2.6508 ms 	(1887)
Stage: 6
	Little 	2.5467 ms 	(1964)
	Medium 	inf ms 	(0)
	Big    	inf ms 	(0)
	CUDA   	2.6353 ms 	(1898)
Stage: 7
	Little 	2.5327 ms 	(1975)
	Medium 	inf ms 	(0)
	Big    	inf ms 	(0)
	CUDA   	2.6466 ms 	(1890)
Stage: 8
	Little 	6.0465 ms 	(827)
	Medium 	inf ms 	(0)
	Big    	inf ms 	(0)
	CUDA   	0.9375 ms 	(5334)
Stage: 9
	Little 	0.0468 ms 	(106902)
	Medium 	inf ms 	(0)
	Big    	inf ms 	(0)
	CUDA   	0.2892 ms 	(17291)

Normal Benchmark Results Table (ms per task):
Stage | Little Core | Medium Core | Big Core | Vulkan | CUDA
------|------------|-------------|----------|--------|-------
    1 |      7.0280 |      0.0000 |   0.0000 | 0.0000 | 9.0311
    2 |     14.2357 |      0.0000 |   0.0000 | 0.0000 | 2.7735
    3 |      3.7043 |      0.0000 |   0.0000 | 0.0000 | 4.6730
    4 |      7.4050 |      0.0000 |   0.0000 | 0.0000 | 1.6208
    5 |      2.1285 |      0.0000 |   0.0000 | 0.0000 | 2.5828
    6 |      2.1437 |      0.0000 |   0.0000 | 0.0000 | 2.5002
    7 |      2.2070 |      0.0000 |   0.0000 | 0.0000 | 2.4984
    8 |      4.0121 |      0.0000 |   0.0000 | 0.0000 | 0.9864
    9 |      0.0190 |      0.0000 |   0.0000 | 0.0000 | 0.2557

Normal Benchmark - Sum of stages 1-9:
Little Core: 42.8833 ms
Medium Core: 0.0000 ms
Big Core: 0.0000 ms
Vulkan: 0.0000 ms
CUDA: 26.9219 ms

Fully Benchmark Results Table (ms per task):
Stage | Little Core | Medium Core | Big Core | Vulkan | CUDA
------|-------------|-------------|----------|--------|-------
    1 |      7.3786 |      0.0000 |   0.0000 | 0.0000 | 9.1290
    2 |     15.9787 |      0.0000 |   0.0000 | 0.0000 | 2.7465
    3 |      4.0508 |      0.0000 |   0.0000 | 0.0000 | 4.8430
    4 |      9.2650 |      0.0000 |   0.0000 | 0.0000 | 1.5451
    5 |      2.5495 |      0.0000 |   0.0000 | 0.0000 | 2.6508
    6 |      2.5467 |      0.0000 |   0.0000 | 0.0000 | 2.6353
    7 |      2.5327 |      0.0000 |   0.0000 | 0.0000 | 2.6466
    8 |      6.0465 |      0.0000 |   0.0000 | 0.0000 | 0.9375
    9 |      0.0468 |      0.0000 |   0.0000 | 0.0000 | 0.2892

Fully Benchmark - Sum of stages 1-9:
Little Core: 50.3954 ms
Medium Core: 0.0000 ms
Big Core: 0.0000 ms
Vulkan: 0.0000 ms
CUDA: 27.4229 ms

Performance Comparison (Fully vs Normal):
Processor  | Normal (ms) | Fully (ms) | Ratio
-----------|-------------|------------|-------
Little Core|       42.88 |      50.40 |  1.18x
CUDA       |       26.92 |      27.42 |  1.02x

### PYTHON_DATA_START ###
# NORMAL_BENCHMARK_DATA
stage,little,medium,big,vulkan,cuda
1,7.0280,0.0000,0.0000,0.0000,9.0311
2,14.2357,0.0000,0.0000,0.0000,2.7735
3,3.7043,0.0000,0.0000,0.0000,4.6730
4,7.4050,0.0000,0.0000,0.0000,1.6208
5,2.1285,0.0000,0.0000,0.0000,2.5828
6,2.1437,0.0000,0.0000,0.0000,2.5002
7,2.2070,0.0000,0.0000,0.0000,2.4984
8,4.0121,0.0000,0.0000,0.0000,0.9864
9,0.0190,0.0000,0.0000,0.0000,0.2557
# FULLY_BENCHMARK_DATA
stage,little,medium,big,vulkan,cuda
1,7.3786,0.0000,0.0000,0.0000,9.1290
2,15.9787,0.0000,0.0000,0.0000,2.7465
3,4.0508,0.0000,0.0000,0.0000,4.8430
4,9.2650,0.0000,0.0000,0.0000,1.5451
5,2.5495,0.0000,0.0000,0.0000,2.6508
6,2.5467,0.0000,0.0000,0.0000,2.6353
7,2.5327,0.0000,0.0000,0.0000,2.6466
8,6.0465,0.0000,0.0000,0.0000,0.9375
9,0.0468,0.0000,0.0000,0.0000,0.2892
### PYTHON_DATA_END ###
