
Running only on specified device: R9TR30814KJ
Deploying and running 'bm-fully-cifar-dense-vk' on device: R9TR30814KJ
build/android/arm64-v8a/release/bm-fully-cifar-dense-vk: 1 file pushed, 0 skipped. 482.1 MB/s (2716112 bytes in 0.005s)
[2025-04-22 23:22:43.447] [info] Pinable Lit cores: 0 1 2 3 
[2025-04-22 23:22:43.449] [info] Pinable Med cores: 
[2025-04-22 23:22:43.449] [info] Pinable Big cores: 4 5 6 7 
Stage: 1 by Little
	Count 	1
	Average 	5442.0000 ms
Stage: 1 by Big
	Count 	4
	Average 	1360.2500 ms
Stage: 1 by Vulkan
	Count 	449
	Average 	11.1559 ms
Stage: 2 by Little
	Count 	48
	Average 	106.2500 ms
Stage: 2 by Big
	Count 	221
	Average 	22.7240 ms
Stage: 2 by Vulkan
	Count 	1228
	Average 	4.0757 ms
Stage: 3 by Little
	Count 	1
	Average 	13904.0000 ms
Stage: 3 by Big
	Count 	2
	Average 	4007.5000 ms
Stage: 3 by Vulkan
	Count 	752
	Average 	6.6529 ms
Stage: 4 by Little
	Count 	94
	Average 	53.3298 ms
Stage: 4 by Big
	Count 	439
	Average 	11.3941 ms
Stage: 4 by Vulkan
	Count 	1739
	Average 	2.8769 ms
Stage: 5 by Little
	Count 	1
	Average 	12803.0000 ms
Stage: 5 by Big
	Count 	2
	Average 	3527.5000 ms
Stage: 5 by Vulkan
	Count 	1175
	Average 	4.2570 ms
Stage: 6 by Little
	Count 	1
	Average 	29008.0000 ms
Stage: 6 by Big
	Count 	1
	Average 	6858.0000 ms
Stage: 6 by Vulkan
	Count 	1096
	Average 	4.5648 ms
Stage: 7 by Little
	Count 	1
	Average 	26081.0000 ms
Stage: 7 by Big
	Count 	1
	Average 	6775.0000 ms
Stage: 7 by Vulkan
	Count 	1101
	Average 	4.5441 ms
Stage: 8 by Little
	Count 	186
	Average 	26.9086 ms
Stage: 8 by Big
	Count 	882
	Average 	5.6735 ms
Stage: 8 by Vulkan
	Count 	2566
	Average 	1.9493 ms
Stage: 9 by Little
	Count 	283
	Average 	17.7138 ms
Stage: 9 by Big
	Count 	508
	Average 	9.8504 ms
Stage: 9 by Vulkan
	Count 	696
	Average 	7.1954 ms
Stage: 1
	Little 	7466.0000 ms 	(1)
	Medium 	inf ms 	(0)
	Big    	2488.6667 ms 	(3)
	Vulkan 	5.5592 ms 	(1343)
Stage: 2
	Little 	154.3333 ms 	(33)
	Medium 	inf ms 	(0)
	Big    	43.9052 ms 	(116)
	Vulkan 	2.6735 ms 	(1905)
Stage: 3
	Little 	16821.0000 ms 	(1)
	Medium 	inf ms 	(0)
	Big    	16821.0000 ms 	(1)
	Vulkan 	10.3387 ms 	(1627)
Stage: 4
	Little 	89.8929 ms 	(56)
	Medium 	inf ms 	(0)
	Big    	27.6593 ms 	(182)
	Vulkan 	1.5518 ms 	(3244)
Stage: 5
	Little 	14335.0000 ms 	(1)
	Medium 	inf ms 	(0)
	Big    	7167.5000 ms 	(2)
	Vulkan 	8.4923 ms 	(1688)
Stage: 6
	Little 	27330.0000 ms 	(1)
	Medium 	inf ms 	(0)
	Big    	27330.0000 ms 	(1)
	Vulkan 	17.2756 ms 	(1582)
Stage: 7
	Little 	27450.0000 ms 	(1)
	Medium 	inf ms 	(0)
	Big    	27450.0000 ms 	(1)
	Vulkan 	17.1028 ms 	(1605)
Stage: 8
	Little 	53.1684 ms 	(95)
	Medium 	inf ms 	(0)
	Big    	17.8481 ms 	(283)
	Vulkan 	0.9689 ms 	(5213)
Stage: 9
	Little 	22.7692 ms 	(221)
	Medium 	inf ms 	(0)
	Big    	19.2797 ms 	(261)
	Vulkan 	2.9775 ms 	(1690)

Normal Benchmark Results Table (ms per task):
Stage | Little Core | Medium Core | Big Core | Vulkan | CUDA
------|------------|-------------|----------|--------|-------
    1 |   5442.0000 |      0.0000 | 1360.2500 | 11.1559 | 0.0000
    2 |    106.2500 |      0.0000 |  22.7240 | 4.0757 | 0.0000
    3 |  13904.0000 |      0.0000 | 4007.5000 | 6.6529 | 0.0000
    4 |     53.3298 |      0.0000 |  11.3941 | 2.8769 | 0.0000
    5 |  12803.0000 |      0.0000 | 3527.5000 | 4.2570 | 0.0000
    6 |  29008.0000 |      0.0000 | 6858.0000 | 4.5648 | 0.0000
    7 |  26081.0000 |      0.0000 | 6775.0000 | 4.5441 | 0.0000
    8 |     26.9086 |      0.0000 |   5.6735 | 1.9493 | 0.0000
    9 |     17.7138 |      0.0000 |   9.8504 | 7.1954 | 0.0000

Normal Benchmark - Sum of stages 1-9:
Little Core: 87442.2022 ms
Medium Core: 0.0000 ms
Big Core: 22577.8919 ms
Vulkan: 47.2721 ms
CUDA: 0.0000 ms

Fully Benchmark Results Table (ms per task):
Stage | Little Core | Medium Core | Big Core | Vulkan | CUDA
------|-------------|-------------|----------|--------|-------
    1 |   7466.0000 |      0.0000 | 2488.6667 | 5.5592 | 0.0000
    2 |    154.3333 |      0.0000 |  43.9052 | 2.6735 | 0.0000
    3 |  16821.0000 |      0.0000 | 16821.0000 | 10.3387 | 0.0000
    4 |     89.8929 |      0.0000 |  27.6593 | 1.5518 | 0.0000
    5 |  14335.0000 |      0.0000 | 7167.5000 | 8.4923 | 0.0000
    6 |  27330.0000 |      0.0000 | 27330.0000 | 17.2756 | 0.0000
    7 |  27450.0000 |      0.0000 | 27450.0000 | 17.1028 | 0.0000
    8 |     53.1684 |      0.0000 |  17.8481 | 0.9689 | 0.0000
    9 |     22.7692 |      0.0000 |  19.2797 | 2.9775 | 0.0000

Fully Benchmark - Sum of stages 1-9:
Little Core: 93722.1638 ms
Medium Core: 0.0000 ms
Big Core: 81365.8589 ms
Vulkan: 66.9403 ms
CUDA: 0.0000 ms

Performance Comparison (Fully vs Normal):
Processor  | Normal (ms) | Fully (ms) | Ratio
-----------|-------------|------------|-------
Little Core|    87442.20 |   93722.16 |  1.07x
Big Core   |    22577.89 |   81365.86 |  3.60x
Vulkan     |       47.27 |      66.94 |  1.42x

### PYTHON_DATA_START ###
# NORMAL_BENCHMARK_DATA
stage,little,medium,big,vulkan,cuda
1,5442.0000,0.0000,1360.2500,11.1559,0.0000
2,106.2500,0.0000,22.7240,4.0757,0.0000
3,13904.0000,0.0000,4007.5000,6.6529,0.0000
4,53.3298,0.0000,11.3941,2.8769,0.0000
5,12803.0000,0.0000,3527.5000,4.2570,0.0000
6,29008.0000,0.0000,6858.0000,4.5648,0.0000
7,26081.0000,0.0000,6775.0000,4.5441,0.0000
8,26.9086,0.0000,5.6735,1.9493,0.0000
9,17.7138,0.0000,9.8504,7.1954,0.0000
# FULLY_BENCHMARK_DATA
stage,little,medium,big,vulkan,cuda
1,7466.0000,0.0000,2488.6667,5.5592,0.0000
2,154.3333,0.0000,43.9052,2.6735,0.0000
3,16821.0000,0.0000,16821.0000,10.3387,0.0000
4,89.8929,0.0000,27.6593,1.5518,0.0000
5,14335.0000,0.0000,7167.5000,8.4923,0.0000
6,27330.0000,0.0000,27330.0000,17.2756,0.0000
7,27450.0000,0.0000,27450.0000,17.1028,0.0000
8,53.1684,0.0000,17.8481,0.9689,0.0000
9,22.7692,0.0000,19.2797,2.9775,0.0000
### PYTHON_DATA_END ###
