
Running only on specified device: R9TR30814KJ
Deploying and running 'bm-fully-cifar-sparse-vk' on device: R9TR30814KJ
build/android/arm64-v8a/release/bm-fully-cifar-sparse-vk: 1 file pushed, 0 skipped. 495.2 MB/s (2717648 bytes in 0.005s)
[2025-04-22 19:46:49.405] [info] Pinable Lit cores: 0 1 2 3 
[2025-04-22 19:46:49.410] [info] Pinable Med cores: 
[2025-04-22 19:46:49.410] [info] Pinable Big cores: 4 5 6 7 
Stage: 1 by Little
	Count 	3
	Average 	423.0000 ms
Stage: 1 by Big
	Count 	4
	Average 	324.0000 ms
Stage: 1 by Vulkan
	Count 	30
	Average 	33.8333 ms
Stage: 2 by Little
	Count 	3
	Average 	427.3333 ms
Stage: 2 by Big
	Count 	4
	Average 	286.2500 ms
Stage: 2 by Vulkan
	Count 	42
	Average 	24.0238 ms
Stage: 3 by Little
	Count 	5
	Average 	208.8000 ms
Stage: 3 by Big
	Count 	7
	Average 	158.2857 ms
Stage: 3 by Vulkan
	Count 	44
	Average 	23.0227 ms
Stage: 4 by Little
	Count 	5
	Average 	215.6000 ms
Stage: 4 by Big
	Count 	8
	Average 	142.0000 ms
Stage: 4 by Vulkan
	Count 	64
	Average 	15.6562 ms
Stage: 5 by Little
	Count 	10
	Average 	109.3000 ms
Stage: 5 by Big
	Count 	13
	Average 	81.0000 ms
Stage: 5 by Vulkan
	Count 	58
	Average 	17.2759 ms
Stage: 6 by Little
	Count 	9
	Average 	112.5556 ms
Stage: 6 by Big
	Count 	13
	Average 	80.3077 ms
Stage: 6 by Vulkan
	Count 	63
	Average 	15.9365 ms
Stage: 7 by Little
	Count 	10
	Average 	109.8000 ms
Stage: 7 by Big
	Count 	13
	Average 	79.9231 ms
Stage: 7 by Vulkan
	Count 	52
	Average 	19.3269 ms
Stage: 8 by Little
	Count 	10
	Average 	108.9000 ms
Stage: 8 by Big
	Count 	14
	Average 	71.5714 ms
Stage: 8 by Vulkan
	Count 	72
	Average 	14.0833 ms
Stage: 9 by Little
	Count 	1283
	Average 	0.7818 ms
Stage: 9 by Big
	Count 	2487
	Average 	0.4029 ms
Stage: 9 by Vulkan
	Count 	1490
	Average 	0.6725 ms
Stage: 1
	Little 	403.3333 ms 	(3)
	Medium 	inf ms 	(0)
	Big    	403.3333 ms 	(3)
	Vulkan 	39.0323 ms 	(31)
Stage: 2
	Little 	409.6667 ms 	(3)
	Medium 	inf ms 	(0)
	Big    	409.6667 ms 	(3)
	Vulkan 	24.5800 ms 	(50)
Stage: 3
	Little 	225.5000 ms 	(6)
	Medium 	inf ms 	(0)
	Big    	225.5000 ms 	(6)
	Vulkan 	24.1607 ms 	(56)
Stage: 4
	Little 	258.0000 ms 	(4)
	Medium 	inf ms 	(0)
	Big    	258.0000 ms 	(4)
	Vulkan 	10.3200 ms 	(100)
Stage: 5
	Little 	116.0000 ms 	(9)
	Medium 	inf ms 	(0)
	Big    	104.4000 ms 	(10)
	Vulkan 	9.6667 ms 	(108)
Stage: 6
	Little 	106.0000 ms 	(10)
	Medium 	inf ms 	(0)
	Big    	106.0000 ms 	(10)
	Vulkan 	9.6364 ms 	(110)
Stage: 7
	Little 	98.8182 ms 	(11)
	Medium 	inf ms 	(0)
	Big    	98.8182 ms 	(11)
	Vulkan 	10.2547 ms 	(106)
Stage: 8
	Little 	128.8750 ms 	(8)
	Medium 	inf ms 	(0)
	Big    	114.5556 ms 	(9)
	Vulkan 	5.0539 ms 	(204)
Stage: 9
	Little 	2.9588 ms 	(340)
	Medium 	inf ms 	(0)
	Big    	2.8258 ms 	(356)
	Vulkan 	0.5388 ms 	(1867)

Normal Benchmark Results Table (ms per task):
Stage | Little Core | Medium Core | Big Core | Vulkan | CUDA
------|------------|-------------|----------|--------|-------
    1 |    423.0000 |      0.0000 | 324.0000 | 33.8333 | 0.0000
    2 |    427.3333 |      0.0000 | 286.2500 | 24.0238 | 0.0000
    3 |    208.8000 |      0.0000 | 158.2857 | 23.0227 | 0.0000
    4 |    215.6000 |      0.0000 | 142.0000 | 15.6562 | 0.0000
    5 |    109.3000 |      0.0000 |  81.0000 | 17.2759 | 0.0000
    6 |    112.5556 |      0.0000 |  80.3077 | 15.9365 | 0.0000
    7 |    109.8000 |      0.0000 |  79.9231 | 19.3269 | 0.0000
    8 |    108.9000 |      0.0000 |  71.5714 | 14.0833 | 0.0000
    9 |      0.7818 |      0.0000 |   0.4029 | 0.6725 | 0.0000

Normal Benchmark - Sum of stages 1-9:
Little Core: 1716.0707 ms
Medium Core: 0.0000 ms
Big Core: 1223.7408 ms
Vulkan: 163.8312 ms
CUDA: 0.0000 ms

Fully Benchmark Results Table (ms per task):
Stage | Little Core | Medium Core | Big Core | Vulkan | CUDA
------|-------------|-------------|----------|--------|-------
    1 |    403.3333 |      0.0000 | 403.3333 | 39.0323 | 0.0000
    2 |    409.6667 |      0.0000 | 409.6667 | 24.5800 | 0.0000
    3 |    225.5000 |      0.0000 | 225.5000 | 24.1607 | 0.0000
    4 |    258.0000 |      0.0000 | 258.0000 | 10.3200 | 0.0000
    5 |    116.0000 |      0.0000 | 104.4000 | 9.6667 | 0.0000
    6 |    106.0000 |      0.0000 | 106.0000 | 9.6364 | 0.0000
    7 |     98.8182 |      0.0000 |  98.8182 | 10.2547 | 0.0000
    8 |    128.8750 |      0.0000 | 114.5556 | 5.0539 | 0.0000
    9 |      2.9588 |      0.0000 |   2.8258 | 0.5388 | 0.0000

Fully Benchmark - Sum of stages 1-9:
Little Core: 1749.1520 ms
Medium Core: 0.0000 ms
Big Core: 1723.0996 ms
Vulkan: 133.2435 ms
CUDA: 0.0000 ms

Performance Comparison (Fully vs Normal):
Processor  | Normal (ms) | Fully (ms) | Ratio
-----------|-------------|------------|-------
Little Core|     1716.07 |    1749.15 |  1.02x
Big Core   |     1223.74 |    1723.10 |  1.41x
Vulkan     |      163.83 |     133.24 |  0.81x

### PYTHON_DATA_START ###
# NORMAL_BENCHMARK_DATA
stage,little,medium,big,vulkan,cuda
1,423.0000,0.0000,324.0000,33.8333,0.0000
2,427.3333,0.0000,286.2500,24.0238,0.0000
3,208.8000,0.0000,158.2857,23.0227,0.0000
4,215.6000,0.0000,142.0000,15.6562,0.0000
5,109.3000,0.0000,81.0000,17.2759,0.0000
6,112.5556,0.0000,80.3077,15.9365,0.0000
7,109.8000,0.0000,79.9231,19.3269,0.0000
8,108.9000,0.0000,71.5714,14.0833,0.0000
9,0.7818,0.0000,0.4029,0.6725,0.0000
# FULLY_BENCHMARK_DATA
stage,little,medium,big,vulkan,cuda
1,403.3333,0.0000,403.3333,39.0323,0.0000
2,409.6667,0.0000,409.6667,24.5800,0.0000
3,225.5000,0.0000,225.5000,24.1607,0.0000
4,258.0000,0.0000,258.0000,10.3200,0.0000
5,116.0000,0.0000,104.4000,9.6667,0.0000
6,106.0000,0.0000,106.0000,9.6364,0.0000
7,98.8182,0.0000,98.8182,10.2547,0.0000
8,128.8750,0.0000,114.5556,5.0539,0.0000
9,2.9588,0.0000,2.8258,0.5388,0.0000
### PYTHON_DATA_END ###
