
Running only on specified device: R9TR30814KJ
Deploying and running 'bm-fully-cifar-dense-vk' on device: R9TR30814KJ
build/android/arm64-v8a/release/bm-fully-cifar-dense-vk: 1 file pushed, 0 skipped. 472.0 MB/s (2716112 bytes in 0.005s)
[2025-04-22 19:49:53.846] [info] Pinable Lit cores: 0 1 2 3 
[2025-04-22 19:49:53.853] [info] Pinable Med cores: 
[2025-04-22 19:49:53.853] [info] Pinable Big cores: 4 5 6 7 
Stage: 1 by Little
	Count 	1
	Average 	5455.0000 ms
Stage: 1 by Big
	Count 	1
	Average 	1579.0000 ms
Stage: 1 by Vulkan
	Count 	89
	Average 	11.3708 ms
Stage: 2 by Little
	Count 	10
	Average 	109.1000 ms
Stage: 2 by Big
	Count 	44
	Average 	23.0227 ms
Stage: 2 by Vulkan
	Count 	230
	Average 	4.3565 ms
Stage: 3 by Little
	Count 	1
	Average 	13816.0000 ms
Stage: 3 by Big
	Count 	1
	Average 	3690.0000 ms
Stage: 3 by Vulkan
	Count 	150
	Average 	6.7133 ms
Stage: 4 by Little
	Count 	19
	Average 	54.3684 ms
Stage: 4 by Big
	Count 	86
	Average 	11.6744 ms
Stage: 4 by Vulkan
	Count 	355
	Average 	2.8254 ms
Stage: 5 by Little
	Count 	1
	Average 	13056.0000 ms
Stage: 5 by Big
	Count 	1
	Average 	3387.0000 ms
Stage: 5 by Vulkan
	Count 	234
	Average 	4.2906 ms
Stage: 6 by Little
	Count 	1
	Average 	25541.0000 ms
Stage: 6 by Big
	Count 	1
	Average 	6830.0000 ms
Stage: 6 by Vulkan
	Count 	213
	Average 	4.7183 ms
Stage: 7 by Little
	Count 	1
	Average 	25866.0000 ms
Stage: 7 by Big
	Count 	1
	Average 	6844.0000 ms
Stage: 7 by Vulkan
	Count 	210
	Average 	4.7714 ms
Stage: 8 by Little
	Count 	37
	Average 	27.2162 ms
Stage: 8 by Big
	Count 	173
	Average 	5.7977 ms
Stage: 8 by Vulkan
	Count 	448
	Average 	2.2388 ms
Stage: 9 by Little
	Count 	57
	Average 	17.8772 ms
Stage: 9 by Big
	Count 	97
	Average 	10.3299 ms
Stage: 9 by Vulkan
	Count 	141
	Average 	7.1489 ms
Stage: 1
	Little 	5970.0000 ms 	(1)
	Medium 	inf ms 	(0)
	Big    	5970.0000 ms 	(1)
	Vulkan 	24.5679 ms 	(243)
Stage: 2
	Little 	152.7143 ms 	(7)
	Medium 	inf ms 	(0)
	Big    	39.5926 ms 	(27)
	Vulkan 	3.0113 ms 	(355)
Stage: 3
	Little 	18679.0000 ms 	(1)
	Medium 	inf ms 	(0)
	Big    	18679.0000 ms 	(1)
	Vulkan 	58.9243 ms 	(317)
Stage: 4
	Little 	99.1818 ms 	(11)
	Medium 	inf ms 	(0)
	Big    	30.3056 ms 	(36)
	Vulkan 	1.7074 ms 	(639)
Stage: 5
	Little 	14053.0000 ms 	(1)
	Medium 	inf ms 	(0)
	Big    	14053.0000 ms 	(1)
	Vulkan 	30.8180 ms 	(456)
Stage: 6
	Little 	27150.0000 ms 	(1)
	Medium 	inf ms 	(0)
	Big    	27150.0000 ms 	(1)
	Vulkan 	85.9177 ms 	(316)
Stage: 7
	Little 	27289.0000 ms 	(1)
	Medium 	inf ms 	(0)
	Big    	27289.0000 ms 	(1)
	Vulkan 	85.8145 ms 	(318)
Stage: 8
	Little 	52.3000 ms 	(20)
	Medium 	inf ms 	(0)
	Big    	18.0345 ms 	(58)
	Vulkan 	1.0275 ms 	(1018)
Stage: 9
	Little 	24.5610 ms 	(41)
	Medium 	inf ms 	(0)
	Big    	20.9792 ms 	(48)
	Vulkan 	4.0442 ms 	(249)

Normal Benchmark Results Table (ms per task):
Stage | Little Core | Medium Core | Big Core | Vulkan | CUDA
------|------------|-------------|----------|--------|-------
    1 |   5455.0000 |      0.0000 | 1579.0000 | 11.3708 | 0.0000
    2 |    109.1000 |      0.0000 |  23.0227 | 4.3565 | 0.0000
    3 |  13816.0000 |      0.0000 | 3690.0000 | 6.7133 | 0.0000
    4 |     54.3684 |      0.0000 |  11.6744 | 2.8254 | 0.0000
    5 |  13056.0000 |      0.0000 | 3387.0000 | 4.2906 | 0.0000
    6 |  25541.0000 |      0.0000 | 6830.0000 | 4.7183 | 0.0000
    7 |  25866.0000 |      0.0000 | 6844.0000 | 4.7714 | 0.0000
    8 |     27.2162 |      0.0000 |   5.7977 | 2.2388 | 0.0000
    9 |     17.8772 |      0.0000 |  10.3299 | 7.1489 | 0.0000

Normal Benchmark - Sum of stages 1-9:
Little Core: 83942.5618 ms
Medium Core: 0.0000 ms
Big Core: 22380.8247 ms
Vulkan: 48.4341 ms
CUDA: 0.0000 ms

Fully Benchmark Results Table (ms per task):
Stage | Little Core | Medium Core | Big Core | Vulkan | CUDA
------|-------------|-------------|----------|--------|-------
    1 |   5970.0000 |      0.0000 | 5970.0000 | 24.5679 | 0.0000
    2 |    152.7143 |      0.0000 |  39.5926 | 3.0113 | 0.0000
    3 |  18679.0000 |      0.0000 | 18679.0000 | 58.9243 | 0.0000
    4 |     99.1818 |      0.0000 |  30.3056 | 1.7074 | 0.0000
    5 |  14053.0000 |      0.0000 | 14053.0000 | 30.8180 | 0.0000
    6 |  27150.0000 |      0.0000 | 27150.0000 | 85.9177 | 0.0000
    7 |  27289.0000 |      0.0000 | 27289.0000 | 85.8145 | 0.0000
    8 |     52.3000 |      0.0000 |  18.0345 | 1.0275 | 0.0000
    9 |     24.5610 |      0.0000 |  20.9792 | 4.0442 | 0.0000

Fully Benchmark - Sum of stages 1-9:
Little Core: 93469.7571 ms
Medium Core: 0.0000 ms
Big Core: 93249.9118 ms
Vulkan: 295.8327 ms
CUDA: 0.0000 ms

Performance Comparison (Fully vs Normal):
Processor  | Normal (ms) | Fully (ms) | Ratio
-----------|-------------|------------|-------
Little Core|    83942.56 |   93469.76 |  1.11x
Big Core   |    22380.82 |   93249.91 |  4.17x
Vulkan     |       48.43 |     295.83 |  6.11x

### PYTHON_DATA_START ###
# NORMAL_BENCHMARK_DATA
stage,little,medium,big,vulkan,cuda
1,5455.0000,0.0000,1579.0000,11.3708,0.0000
2,109.1000,0.0000,23.0227,4.3565,0.0000
3,13816.0000,0.0000,3690.0000,6.7133,0.0000
4,54.3684,0.0000,11.6744,2.8254,0.0000
5,13056.0000,0.0000,3387.0000,4.2906,0.0000
6,25541.0000,0.0000,6830.0000,4.7183,0.0000
7,25866.0000,0.0000,6844.0000,4.7714,0.0000
8,27.2162,0.0000,5.7977,2.2388,0.0000
9,17.8772,0.0000,10.3299,7.1489,0.0000
# FULLY_BENCHMARK_DATA
stage,little,medium,big,vulkan,cuda
1,5970.0000,0.0000,5970.0000,24.5679,0.0000
2,152.7143,0.0000,39.5926,3.0113,0.0000
3,18679.0000,0.0000,18679.0000,58.9243,0.0000
4,99.1818,0.0000,30.3056,1.7074,0.0000
5,14053.0000,0.0000,14053.0000,30.8180,0.0000
6,27150.0000,0.0000,27150.0000,85.9177,0.0000
7,27289.0000,0.0000,27289.0000,85.8145,0.0000
8,52.3000,0.0000,18.0345,1.0275,0.0000
9,24.5610,0.0000,20.9792,4.0442,0.0000
### PYTHON_DATA_END ###
