
Running only on specified device: 3A021JEHN02756
Deploying and running 'bm-fully-cifar-dense-vk' on device: 3A021JEHN02756
build/android/arm64-v8a/release/bm-fully-cifar-dense-vk: 1 file pushed, 0 skipped. 499.2 MB/s (2708944 bytes in 0.005s)
[2025-04-24 21:57:56.926] [info] Pinable Lit cores: 0 1 2 3 
[2025-04-24 21:57:56.927] [info] Pinable Med cores: 4 5 
[2025-04-24 21:57:56.927] [info] Pinable Big cores: 6 7 
Stage: 1 by Little
	Count 	7
	Average 	144.0000 ms
Stage: 1 by Medium
	Count 	17
	Average 	61.6471 ms
Stage: 1 by Big
	Count 	20
	Average 	50.9500 ms
Stage: 1 by Vulkan
	Count 	952
	Average 	1.0515 ms
Stage: 2 by Little
	Count 	159
	Average 	6.3208 ms
Stage: 2 by Medium
	Count 	308
	Average 	3.2500 ms
Stage: 2 by Big
	Count 	348
	Average 	2.8822 ms
Stage: 2 by Vulkan
	Count 	1586
	Average 	0.6324 ms
Stage: 3 by Little
	Count 	4
	Average 	323.7500 ms
Stage: 3 by Medium
	Count 	8
	Average 	136.7500 ms
Stage: 3 by Big
	Count 	8
	Average 	127.8750 ms
Stage: 3 by Vulkan
	Count 	1085
	Average 	0.9235 ms
Stage: 4 by Little
	Count 	307
	Average 	3.2834 ms
Stage: 4 by Medium
	Count 	612
	Average 	1.6356 ms
Stage: 4 by Big
	Count 	717
	Average 	1.3975 ms
Stage: 4 by Vulkan
	Count 	1989
	Average 	0.5038 ms
Stage: 5 by Little
	Count 	4
	Average 	310.7500 ms
Stage: 5 by Medium
	Count 	8
	Average 	133.0000 ms
Stage: 5 by Big
	Count 	9
	Average 	116.0000 ms
Stage: 5 by Vulkan
	Count 	739
	Average 	1.3559 ms
Stage: 6 by Little
	Count 	2
	Average 	612.0000 ms
Stage: 6 by Medium
	Count 	4
	Average 	262.7500 ms
Stage: 6 by Big
	Count 	5
	Average 	244.0000 ms
Stage: 6 by Vulkan
	Count 	465
	Average 	2.1548 ms
Stage: 7 by Little
	Count 	2
	Average 	611.5000 ms
Stage: 7 by Medium
	Count 	4
	Average 	266.0000 ms
Stage: 7 by Big
	Count 	5
	Average 	228.6000 ms
Stage: 7 by Vulkan
	Count 	550
	Average 	1.8218 ms
Stage: 8 by Little
	Count 	608
	Average 	1.6546 ms
Stage: 8 by Medium
	Count 	1213
	Average 	0.8261 ms
Stage: 8 by Big
	Count 	1424
	Average 	0.7037 ms
Stage: 8 by Vulkan
	Count 	2017
	Average 	0.4973 ms
Stage: 9 by Little
	Count 	900
	Average 	1.1211 ms
Stage: 9 by Medium
	Count 	1671
	Average 	0.5990 ms
Stage: 9 by Big
	Count 	1963
	Average 	0.5104 ms
Stage: 9 by Vulkan
	Count 	845
	Average 	1.1870 ms
Stage: 1
	Little 	176.8333 ms 	(6)
	Medium 	58.9444 ms 	(18)
	Big    	55.8421 ms 	(19)
	Vulkan 	0.7164 ms 	(1481)
Stage: 2
	Little 	9.0631 ms 	(111)
	Medium 	3.3533 ms 	(300)
	Big    	3.0578 ms 	(329)
	Vulkan 	0.3521 ms 	(2857)
Stage: 3
	Little 	396.6667 ms 	(3)
	Medium 	148.7500 ms 	(8)
	Big    	148.7500 ms 	(8)
	Vulkan 	0.7508 ms 	(1585)
Stage: 4
	Little 	5.4457 ms 	(184)
	Medium 	1.6672 ms 	(601)
	Big    	1.6869 ms 	(594)
	Vulkan 	0.2659 ms 	(3769)
Stage: 5
	Little 	364.0000 ms 	(3)
	Medium 	136.5000 ms 	(8)
	Big    	156.0000 ms 	(7)
	Vulkan 	0.9176 ms 	(1190)
Stage: 6
	Little 	671.5000 ms 	(2)
	Medium 	335.7500 ms 	(4)
	Big    	335.7500 ms 	(4)
	Vulkan 	1.6872 ms 	(796)
Stage: 7
	Little 	661.5000 ms 	(2)
	Medium 	330.7500 ms 	(4)
	Big    	330.7500 ms 	(4)
	Vulkan 	1.6600 ms 	(797)
Stage: 8
	Little 	3.5158 ms 	(285)
	Medium 	0.8520 ms 	(1176)
	Big    	0.8660 ms 	(1157)
	Vulkan 	0.2387 ms 	(4197)
Stage: 9
	Little 	1.1802 ms 	(849)
	Medium 	0.5943 ms 	(1686)
	Big    	0.5722 ms 	(1751)
	Vulkan 	0.6901 ms 	(1452)

Normal Benchmark Results Table (ms per task):
Stage | Little Core | Medium Core | Big Core | Vulkan | CUDA
------|------------|-------------|----------|--------|-------
    1 |    144.0000 |     61.6471 |  50.9500 | 1.0515 | 0.0000
    2 |      6.3208 |      3.2500 |   2.8822 | 0.6324 | 0.0000
    3 |    323.7500 |    136.7500 | 127.8750 | 0.9235 | 0.0000
    4 |      3.2834 |      1.6356 |   1.3975 | 0.5038 | 0.0000
    5 |    310.7500 |    133.0000 | 116.0000 | 1.3559 | 0.0000
    6 |    612.0000 |    262.7500 | 244.0000 | 2.1548 | 0.0000
    7 |    611.5000 |    266.0000 | 228.6000 | 1.8218 | 0.0000
    8 |      1.6546 |      0.8261 |   0.7037 | 0.4973 | 0.0000
    9 |      1.1211 |      0.5990 |   0.5104 | 1.1870 | 0.0000

Normal Benchmark - Sum of stages 1-9:
Little Core: 2014.3799 ms
Medium Core: 866.4578 ms
Big Core: 772.9188 ms
Vulkan: 10.1280 ms
CUDA: 0.0000 ms

Fully Benchmark Results Table (ms per task):
Stage | Little Core | Medium Core | Big Core | Vulkan | CUDA
------|-------------|-------------|----------|--------|-------
    1 |    176.8333 |     58.9444 |  55.8421 | 0.7164 | 0.0000
    2 |      9.0631 |      3.3533 |   3.0578 | 0.3521 | 0.0000
    3 |    396.6667 |    148.7500 | 148.7500 | 0.7508 | 0.0000
    4 |      5.4457 |      1.6672 |   1.6869 | 0.2659 | 0.0000
    5 |    364.0000 |    136.5000 | 156.0000 | 0.9176 | 0.0000
    6 |    671.5000 |    335.7500 | 335.7500 | 1.6872 | 0.0000
    7 |    661.5000 |    330.7500 | 330.7500 | 1.6600 | 0.0000
    8 |      3.5158 |      0.8520 |   0.8660 | 0.2387 | 0.0000
    9 |      1.1802 |      0.5943 |   0.5722 | 0.6901 | 0.0000

Fully Benchmark - Sum of stages 1-9:
Little Core: 2289.7047 ms
Medium Core: 1017.1613 ms
Big Core: 1033.2750 ms
Vulkan: 7.2788 ms
CUDA: 0.0000 ms

Performance Comparison (Fully vs Normal):
Processor  | Normal (ms) | Fully (ms) | Ratio
-----------|-------------|------------|-------
Little Core|     2014.38 |    2289.70 |  1.14x
Medium Core|      866.46 |    1017.16 |  1.17x
Big Core   |      772.92 |    1033.28 |  1.34x
Vulkan     |       10.13 |       7.28 |  0.72x

### PYTHON_DATA_START ###
# NORMAL_BENCHMARK_DATA
stage,little,medium,big,vulkan,cuda
1,144.0000,61.6471,50.9500,1.0515,0.0000
2,6.3208,3.2500,2.8822,0.6324,0.0000
3,323.7500,136.7500,127.8750,0.9235,0.0000
4,3.2834,1.6356,1.3975,0.5038,0.0000
5,310.7500,133.0000,116.0000,1.3559,0.0000
6,612.0000,262.7500,244.0000,2.1548,0.0000
7,611.5000,266.0000,228.6000,1.8218,0.0000
8,1.6546,0.8261,0.7037,0.4973,0.0000
9,1.1211,0.5990,0.5104,1.1870,0.0000
# FULLY_BENCHMARK_DATA
stage,little,medium,big,vulkan,cuda
1,176.8333,58.9444,55.8421,0.7164,0.0000
2,9.0631,3.3533,3.0578,0.3521,0.0000
3,396.6667,148.7500,148.7500,0.7508,0.0000
4,5.4457,1.6672,1.6869,0.2659,0.0000
5,364.0000,136.5000,156.0000,0.9176,0.0000
6,671.5000,335.7500,335.7500,1.6872,0.0000
7,661.5000,330.7500,330.7500,1.6600,0.0000
8,3.5158,0.8520,0.8660,0.2387,0.0000
9,1.1802,0.5943,0.5722,0.6901,0.0000
### PYTHON_DATA_END ###
