
Running only on specified device: 3A021JEHN02756
Deploying and running 'bm-fully-cifar-dense-vk' on device: 3A021JEHN02756
build/android/arm64-v8a/release/bm-fully-cifar-dense-vk: 1 file pushed, 0 skipped. 508.9 MB/s (2708944 bytes in 0.005s)
[2025-04-24 22:04:18.163] [info] Pinable Lit cores: 0 1 2 3 
[2025-04-24 22:04:18.163] [info] Pinable Med cores: 4 5 
[2025-04-24 22:04:18.163] [info] Pinable Big cores: 6 7 
Stage: 1 by Little
	Count 	7
	Average 	144.2857 ms
Stage: 1 by Medium
	Count 	17
	Average 	61.5882 ms
Stage: 1 by Big
	Count 	19
	Average 	55.5789 ms
Stage: 1 by Vulkan
	Count 	940
	Average 	1.0660 ms
Stage: 2 by Little
	Count 	160
	Average 	6.2750 ms
Stage: 2 by Medium
	Count 	321
	Average 	3.1277 ms
Stage: 2 by Big
	Count 	337
	Average 	2.9792 ms
Stage: 2 by Vulkan
	Count 	1471
	Average 	0.6818 ms
Stage: 3 by Little
	Count 	4
	Average 	327.7500 ms
Stage: 3 by Medium
	Count 	8
	Average 	141.8750 ms
Stage: 3 by Big
	Count 	8
	Average 	130.3750 ms
Stage: 3 by Vulkan
	Count 	1109
	Average 	0.9035 ms
Stage: 4 by Little
	Count 	300
	Average 	3.3600 ms
Stage: 4 by Medium
	Count 	617
	Average 	1.6240 ms
Stage: 4 by Big
	Count 	669
	Average 	1.4978 ms
Stage: 4 by Vulkan
	Count 	2080
	Average 	0.4817 ms
Stage: 5 by Little
	Count 	4
	Average 	308.7500 ms
Stage: 5 by Medium
	Count 	8
	Average 	138.7500 ms
Stage: 5 by Big
	Count 	9
	Average 	124.3333 ms
Stage: 5 by Vulkan
	Count 	725
	Average 	1.3821 ms
Stage: 6 by Little
	Count 	2
	Average 	612.0000 ms
Stage: 6 by Medium
	Count 	4
	Average 	254.2500 ms
Stage: 6 by Big
	Count 	5
	Average 	251.2000 ms
Stage: 6 by Vulkan
	Count 	444
	Average 	2.2635 ms
Stage: 7 by Little
	Count 	2
	Average 	609.5000 ms
Stage: 7 by Medium
	Count 	4
	Average 	260.5000 ms
Stage: 7 by Big
	Count 	5
	Average 	243.2000 ms
Stage: 7 by Vulkan
	Count 	470
	Average 	2.1319 ms
Stage: 8 by Little
	Count 	607
	Average 	1.6557 ms
Stage: 8 by Medium
	Count 	1229
	Average 	0.8145 ms
Stage: 8 by Big
	Count 	1379
	Average 	0.7266 ms
Stage: 8 by Vulkan
	Count 	2026
	Average 	0.4951 ms
Stage: 9 by Little
	Count 	915
	Average 	1.0973 ms
Stage: 9 by Medium
	Count 	1699
	Average 	0.5892 ms
Stage: 9 by Big
	Count 	1895
	Average 	0.5282 ms
Stage: 9 by Vulkan
	Count 	810
	Average 	1.2383 ms
Stage: 1
	Little 	178.5000 ms 	(6)
	Medium 	59.5000 ms 	(18)
	Big    	59.5000 ms 	(18)
	Vulkan 	0.7055 ms 	(1518)
Stage: 2
	Little 	10.5684 ms 	(95)
	Medium 	3.3355 ms 	(301)
	Big    	3.3245 ms 	(302)
	Vulkan 	0.3438 ms 	(2920)
Stage: 3
	Little 	434.0000 ms 	(3)
	Medium 	162.7500 ms 	(8)
	Big    	217.0000 ms 	(6)
	Vulkan 	0.7286 ms 	(1787)
Stage: 4
	Little 	6.6358 ms 	(151)
	Medium 	1.7012 ms 	(589)
	Big    	1.7925 ms 	(559)
	Vulkan 	0.2864 ms 	(3499)
Stage: 5
	Little 	392.0000 ms 	(3)
	Medium 	147.0000 ms 	(8)
	Big    	168.0000 ms 	(7)
	Vulkan 	1.0164 ms 	(1157)
Stage: 6
	Little 	720.5000 ms 	(2)
	Medium 	360.2500 ms 	(4)
	Big    	360.2500 ms 	(4)
	Vulkan 	1.8194 ms 	(792)
Stage: 7
	Little 	714.5000 ms 	(2)
	Medium 	357.2500 ms 	(4)
	Big    	357.2500 ms 	(4)
	Vulkan 	1.7975 ms 	(795)
Stage: 8
	Little 	3.5532 ms 	(282)
	Medium 	0.8970 ms 	(1117)
	Big    	0.9672 ms 	(1036)
	Vulkan 	0.2443 ms 	(4102)
Stage: 9
	Little 	1.2636 ms 	(793)
	Medium 	0.6259 ms 	(1601)
	Big    	0.6087 ms 	(1646)
	Vulkan 	0.6887 ms 	(1455)

Normal Benchmark Results Table (ms per task):
Stage | Little Core | Medium Core | Big Core | Vulkan | CUDA
------|------------|-------------|----------|--------|-------
    1 |    144.2857 |     61.5882 |  55.5789 | 1.0660 | 0.0000
    2 |      6.2750 |      3.1277 |   2.9792 | 0.6818 | 0.0000
    3 |    327.7500 |    141.8750 | 130.3750 | 0.9035 | 0.0000
    4 |      3.3600 |      1.6240 |   1.4978 | 0.4817 | 0.0000
    5 |    308.7500 |    138.7500 | 124.3333 | 1.3821 | 0.0000
    6 |    612.0000 |    254.2500 | 251.2000 | 2.2635 | 0.0000
    7 |    609.5000 |    260.5000 | 243.2000 | 2.1319 | 0.0000
    8 |      1.6557 |      0.8145 |   0.7266 | 0.4951 | 0.0000
    9 |      1.0973 |      0.5892 |   0.5282 | 1.2383 | 0.0000

Normal Benchmark - Sum of stages 1-9:
Little Core: 2014.6737 ms
Medium Core: 863.1186 ms
Big Core: 810.4191 ms
Vulkan: 10.6439 ms
CUDA: 0.0000 ms

Fully Benchmark Results Table (ms per task):
Stage | Little Core | Medium Core | Big Core | Vulkan | CUDA
------|-------------|-------------|----------|--------|-------
    1 |    178.5000 |     59.5000 |  59.5000 | 0.7055 | 0.0000
    2 |     10.5684 |      3.3355 |   3.3245 | 0.3438 | 0.0000
    3 |    434.0000 |    162.7500 | 217.0000 | 0.7286 | 0.0000
    4 |      6.6358 |      1.7012 |   1.7925 | 0.2864 | 0.0000
    5 |    392.0000 |    147.0000 | 168.0000 | 1.0164 | 0.0000
    6 |    720.5000 |    360.2500 | 360.2500 | 1.8194 | 0.0000
    7 |    714.5000 |    357.2500 | 357.2500 | 1.7975 | 0.0000
    8 |      3.5532 |      0.8970 |   0.9672 | 0.2443 | 0.0000
    9 |      1.2636 |      0.6259 |   0.6087 | 0.6887 | 0.0000

Fully Benchmark - Sum of stages 1-9:
Little Core: 2461.5209 ms
Medium Core: 1093.3096 ms
Big Core: 1168.6929 ms
Vulkan: 7.6306 ms
CUDA: 0.0000 ms

Performance Comparison (Fully vs Normal):
Processor  | Normal (ms) | Fully (ms) | Ratio
-----------|-------------|------------|-------
Little Core|     2014.67 |    2461.52 |  1.22x
Medium Core|      863.12 |    1093.31 |  1.27x
Big Core   |      810.42 |    1168.69 |  1.44x
Vulkan     |       10.64 |       7.63 |  0.72x

### PYTHON_DATA_START ###
# NORMAL_BENCHMARK_DATA
stage,little,medium,big,vulkan,cuda
1,144.2857,61.5882,55.5789,1.0660,0.0000
2,6.2750,3.1277,2.9792,0.6818,0.0000
3,327.7500,141.8750,130.3750,0.9035,0.0000
4,3.3600,1.6240,1.4978,0.4817,0.0000
5,308.7500,138.7500,124.3333,1.3821,0.0000
6,612.0000,254.2500,251.2000,2.2635,0.0000
7,609.5000,260.5000,243.2000,2.1319,0.0000
8,1.6557,0.8145,0.7266,0.4951,0.0000
9,1.0973,0.5892,0.5282,1.2383,0.0000
# FULLY_BENCHMARK_DATA
stage,little,medium,big,vulkan,cuda
1,178.5000,59.5000,59.5000,0.7055,0.0000
2,10.5684,3.3355,3.3245,0.3438,0.0000
3,434.0000,162.7500,217.0000,0.7286,0.0000
4,6.6358,1.7012,1.7925,0.2864,0.0000
5,392.0000,147.0000,168.0000,1.0164,0.0000
6,720.5000,360.2500,360.2500,1.8194,0.0000
7,714.5000,357.2500,357.2500,1.7975,0.0000
8,3.5532,0.8970,0.9672,0.2443,0.0000
9,1.2636,0.6259,0.6087,0.6887,0.0000
### PYTHON_DATA_END ###
