
Running only on specified device: 9b034f1b
Deploying and running 'bm-fully-cifar-dense-vk' on device: 9b034f1b
build/android/arm64-v8a/release/bm-fully-cifar-dense-vk: 1 file pushed, 0 skipped. 498.9 MB/s (2716112 bytes in 0.005s)
[2025-04-22 22:55:44.527] [info] Pinable Lit cores: 0 1 2 
[2025-04-22 22:55:44.528] [info] Pinable Med cores: 3 4 
[2025-04-22 22:55:44.528] [info] Pinable Big cores: 5 6 7 
Stage: 1 by Little
	Count 	35
	Average 	146.6571 ms
Stage: 1 by Medium
	Count 	69
	Average 	72.9275 ms
Stage: 1 by Big
	Count 	79
	Average 	63.7595 ms
Stage: 1 by Vulkan
	Count 	3240
	Average 	1.5441 ms
Stage: 2 by Little
	Count 	562
	Average 	8.9128 ms
Stage: 2 by Medium
	Count 	1194
	Average 	4.1884 ms
Stage: 2 by Big
	Count 	1034
	Average 	4.8385 ms
Stage: 2 by Vulkan
	Count 	4855
	Average 	1.0305 ms
Stage: 3 by Little
	Count 	15
	Average 	343.0667 ms
Stage: 3 by Medium
	Count 	27
	Average 	190.4444 ms
Stage: 3 by Big
	Count 	38
	Average 	133.5263 ms
Stage: 3 by Vulkan
	Count 	4079
	Average 	1.2265 ms
Stage: 4 by Little
	Count 	1118
	Average 	4.4741 ms
Stage: 4 by Medium
	Count 	2386
	Average 	2.0964 ms
Stage: 4 by Big
	Count 	2075
	Average 	2.4101 ms
Stage: 4 by Vulkan
	Count 	5221
	Average 	0.9581 ms
Stage: 5 by Little
	Count 	16
	Average 	321.9375 ms
Stage: 5 by Medium
	Count 	27
	Average 	191.9259 ms
Stage: 5 by Big
	Count 	29
	Average 	175.3448 ms
Stage: 5 by Vulkan
	Count 	4239
	Average 	1.1800 ms
Stage: 6 by Little
	Count 	8
	Average 	640.0000 ms
Stage: 6 by Medium
	Count 	14
	Average 	376.1429 ms
Stage: 6 by Big
	Count 	16
	Average 	322.1250 ms
Stage: 6 by Vulkan
	Count 	3349
	Average 	1.4939 ms
Stage: 7 by Little
	Count 	8
	Average 	641.2500 ms
Stage: 7 by Medium
	Count 	14
	Average 	378.4286 ms
Stage: 7 by Big
	Count 	14
	Average 	376.6429 ms
Stage: 7 by Vulkan
	Count 	3277
	Average 	1.5267 ms
Stage: 8 by Little
	Count 	2227
	Average 	2.2470 ms
Stage: 8 by Medium
	Count 	4746
	Average 	1.0537 ms
Stage: 8 by Big
	Count 	4036
	Average 	1.2391 ms
Stage: 8 by Vulkan
	Count 	5792
	Average 	0.8636 ms
Stage: 9 by Little
	Count 	4810
	Average 	1.0401 ms
Stage: 9 by Medium
	Count 	6396
	Average 	0.7819 ms
Stage: 9 by Big
	Count 	6154
	Average 	0.8126 ms
Stage: 9 by Vulkan
	Count 	2214
	Average 	2.2602 ms
Stage: 1
	Little 	164.9355 ms 	(31)
	Medium 	68.1733 ms 	(75)
	Big    	45.2478 ms 	(113)
	Vulkan 	0.8327 ms 	(6140)
Stage: 2
	Little 	11.7190 ms 	(427)
	Medium 	3.9247 ms 	(1275)
	Big    	2.4578 ms 	(2036)
	Vulkan 	0.3699 ms 	(13528)
Stage: 3
	Little 	432.3333 ms 	(12)
	Medium 	178.8966 ms 	(29)
	Big    	110.3830 ms 	(47)
	Vulkan 	0.5640 ms 	(9198)
Stage: 4
	Little 	6.0338 ms 	(829)
	Medium 	2.0008 ms 	(2500)
	Big    	1.2908 ms 	(3875)
	Vulkan 	0.2975 ms 	(16811)
Stage: 5
	Little 	429.5833 ms 	(12)
	Medium 	177.7586 ms 	(29)
	Big    	105.2041 ms 	(49)
	Vulkan 	0.6018 ms 	(8566)
Stage: 6
	Little 	744.7143 ms 	(7)
	Medium 	347.5333 ms 	(15)
	Big    	208.5200 ms 	(25)
	Vulkan 	0.8515 ms 	(6122)
Stage: 7
	Little 	750.4286 ms 	(7)
	Medium 	350.2000 ms 	(15)
	Big    	210.1200 ms 	(25)
	Vulkan 	0.8599 ms 	(6109)
Stage: 8
	Little 	4.5815 ms 	(1092)
	Medium 	0.9745 ms 	(5134)
	Big    	0.6220 ms 	(8044)
	Vulkan 	0.3093 ms 	(16175)
Stage: 9
	Little 	1.1717 ms 	(4269)
	Medium 	0.7279 ms 	(6872)
	Big    	0.4664 ms 	(10725)
	Vulkan 	1.4114 ms 	(3544)

Normal Benchmark Results Table (ms per task):
Stage | Little Core | Medium Core | Big Core | Vulkan | CUDA
------|------------|-------------|----------|--------|-------
    1 |    146.6571 |     72.9275 |  63.7595 | 1.5441 | 0.0000
    2 |      8.9128 |      4.1884 |   4.8385 | 1.0305 | 0.0000
    3 |    343.0667 |    190.4444 | 133.5263 | 1.2265 | 0.0000
    4 |      4.4741 |      2.0964 |   2.4101 | 0.9581 | 0.0000
    5 |    321.9375 |    191.9259 | 175.3448 | 1.1800 | 0.0000
    6 |    640.0000 |    376.1429 | 322.1250 | 1.4939 | 0.0000
    7 |    641.2500 |    378.4286 | 376.6429 | 1.5267 | 0.0000
    8 |      2.2470 |      1.0537 |   1.2391 | 0.8636 | 0.0000
    9 |      1.0401 |      0.7819 |   0.8126 | 2.2602 | 0.0000

Normal Benchmark - Sum of stages 1-9:
Little Core: 2109.5853 ms
Medium Core: 1217.9898 ms
Big Core: 1080.6988 ms
Vulkan: 12.0835 ms
CUDA: 0.0000 ms

Fully Benchmark Results Table (ms per task):
Stage | Little Core | Medium Core | Big Core | Vulkan | CUDA
------|-------------|-------------|----------|--------|-------
    1 |    164.9355 |     68.1733 |  45.2478 | 0.8327 | 0.0000
    2 |     11.7190 |      3.9247 |   2.4578 | 0.3699 | 0.0000
    3 |    432.3333 |    178.8966 | 110.3830 | 0.5640 | 0.0000
    4 |      6.0338 |      2.0008 |   1.2908 | 0.2975 | 0.0000
    5 |    429.5833 |    177.7586 | 105.2041 | 0.6018 | 0.0000
    6 |    744.7143 |    347.5333 | 208.5200 | 0.8515 | 0.0000
    7 |    750.4286 |    350.2000 | 210.1200 | 0.8599 | 0.0000
    8 |      4.5815 |      0.9745 |   0.6220 | 0.3093 | 0.0000
    9 |      1.1717 |      0.7279 |   0.4664 | 1.4114 | 0.0000

Fully Benchmark - Sum of stages 1-9:
Little Core: 2545.5010 ms
Medium Core: 1130.1897 ms
Big Core: 684.3118 ms
Vulkan: 6.0981 ms
CUDA: 0.0000 ms

Performance Comparison (Fully vs Normal):
Processor  | Normal (ms) | Fully (ms) | Ratio
-----------|-------------|------------|-------
Little Core|     2109.59 |    2545.50 |  1.21x
Medium Core|     1217.99 |    1130.19 |  0.93x
Big Core   |     1080.70 |     684.31 |  0.63x
Vulkan     |       12.08 |       6.10 |  0.50x

### PYTHON_DATA_START ###
# NORMAL_BENCHMARK_DATA
stage,little,medium,big,vulkan,cuda
1,146.6571,72.9275,63.7595,1.5441,0.0000
2,8.9128,4.1884,4.8385,1.0305,0.0000
3,343.0667,190.4444,133.5263,1.2265,0.0000
4,4.4741,2.0964,2.4101,0.9581,0.0000
5,321.9375,191.9259,175.3448,1.1800,0.0000
6,640.0000,376.1429,322.1250,1.4939,0.0000
7,641.2500,378.4286,376.6429,1.5267,0.0000
8,2.2470,1.0537,1.2391,0.8636,0.0000
9,1.0401,0.7819,0.8126,2.2602,0.0000
# FULLY_BENCHMARK_DATA
stage,little,medium,big,vulkan,cuda
1,164.9355,68.1733,45.2478,0.8327,0.0000
2,11.7190,3.9247,2.4578,0.3699,0.0000
3,432.3333,178.8966,110.3830,0.5640,0.0000
4,6.0338,2.0008,1.2908,0.2975,0.0000
5,429.5833,177.7586,105.2041,0.6018,0.0000
6,744.7143,347.5333,208.5200,0.8515,0.0000
7,750.4286,350.2000,210.1200,0.8599,0.0000
8,4.5815,0.9745,0.6220,0.3093,0.0000
9,1.1717,0.7279,0.4664,1.4114,0.0000
### PYTHON_DATA_END ###
