[2025-04-23 00:41:31.723] [info] Pinable Lit cores: 0 1 2 3 4 5 
[2025-04-23 00:41:31.723] [info] Pinable Med cores: 
[2025-04-23 00:41:31.723] [info] Pinable Big cores: 
Stage: 1 by Little
	Count 	1496
	Average 	3.3433 ms
Stage: 1 by CUDA
	Count 	2118
	Average 	2.3616 ms
Stage: 2 by Little
	Count 	746
	Average 	6.7036 ms
Stage: 2 by CUDA
	Count 	4438
	Average 	1.1266 ms
Stage: 3 by Little
	Count 	2755
	Average 	1.8150 ms
Stage: 3 by CUDA
	Count 	3595
	Average 	1.3908 ms
Stage: 4 by Little
	Count 	1419
	Average 	3.5251 ms
Stage: 4 by CUDA
	Count 	5059
	Average 	0.9884 ms
Stage: 5 by Little
	Count 	4933
	Average 	1.0137 ms
Stage: 5 by CUDA
	Count 	4607
	Average 	1.0854 ms
Stage: 6 by Little
	Count 	4922
	Average 	1.0159 ms
Stage: 6 by CUDA
	Count 	4768
	Average 	1.0487 ms
Stage: 7 by Little
	Count 	4893
	Average 	1.0220 ms
Stage: 7 by CUDA
	Count 	4817
	Average 	1.0380 ms
Stage: 8 by Little
	Count 	2603
	Average 	1.9215 ms
Stage: 8 by CUDA
	Count 	6119
	Average 	0.8171 ms
Stage: 9 by Little
	Count 	262481
	Average 	0.0190 ms
Stage: 9 by CUDA
	Count 	27920
	Average 	0.1791 ms
Stage: 1
	Little 	3.8962 ms 	(1284)
	Medium 	inf ms 	(0)
	Big    	inf ms 	(0)
	CUDA   	2.4086 ms 	(2077)
Stage: 2
	Little 	9.0111 ms 	(555)
	Medium 	inf ms 	(0)
	Big    	inf ms 	(0)
	CUDA   	0.9449 ms 	(5293)
Stage: 3
	Little 	2.2586 ms 	(2214)
	Medium 	inf ms 	(0)
	Big    	inf ms 	(0)
	CUDA   	1.5204 ms 	(3289)
Stage: 4
	Little 	5.6434 ms 	(886)
	Medium 	inf ms 	(0)
	Big    	inf ms 	(0)
	CUDA   	0.7061 ms 	(7081)
Stage: 5
	Little 	1.5098 ms 	(3312)
	Medium 	inf ms 	(0)
	Big    	inf ms 	(0)
	CUDA   	0.9380 ms 	(5331)
Stage: 6
	Little 	1.5020 ms 	(3329)
	Medium 	inf ms 	(0)
	Big    	inf ms 	(0)
	CUDA   	0.9488 ms 	(5270)
Stage: 7
	Little 	1.9891 ms 	(2514)
	Medium 	inf ms 	(0)
	Big    	inf ms 	(0)
	CUDA   	0.7866 ms 	(6357)
Stage: 8
	Little 	3.6076 ms 	(1386)
	Medium 	inf ms 	(0)
	Big    	inf ms 	(0)
	CUDA   	0.5753 ms 	(8692)
Stage: 9
	Little 	0.0418 ms 	(119615)
	Medium 	inf ms 	(0)
	Big    	inf ms 	(0)
	CUDA   	0.2046 ms 	(24442)

Normal Benchmark Results Table (ms per task):
Stage | Little Core | Medium Core | Big Core | Vulkan | CUDA
------|------------|-------------|----------|--------|-------
    1 |      3.3433 |      0.0000 |   0.0000 | 0.0000 | 2.3616
    2 |      6.7036 |      0.0000 |   0.0000 | 0.0000 | 1.1266
    3 |      1.8150 |      0.0000 |   0.0000 | 0.0000 | 1.3908
    4 |      3.5251 |      0.0000 |   0.0000 | 0.0000 | 0.9884
    5 |      1.0137 |      0.0000 |   0.0000 | 0.0000 | 1.0854
    6 |      1.0159 |      0.0000 |   0.0000 | 0.0000 | 1.0487
    7 |      1.0220 |      0.0000 |   0.0000 | 0.0000 | 1.0380
    8 |      1.9215 |      0.0000 |   0.0000 | 0.0000 | 0.8171
    9 |      0.0190 |      0.0000 |   0.0000 | 0.0000 | 0.1791

Normal Benchmark - Sum of stages 1-9:
Little Core: 20.3791 ms
Medium Core: 0.0000 ms
Big Core: 0.0000 ms
Vulkan: 0.0000 ms
CUDA: 10.0356 ms

Fully Benchmark Results Table (ms per task):
Stage | Little Core | Medium Core | Big Core | Vulkan | CUDA
------|-------------|-------------|----------|--------|-------
    1 |      3.8962 |      0.0000 |   0.0000 | 0.0000 | 2.4086
    2 |      9.0111 |      0.0000 |   0.0000 | 0.0000 | 0.9449
    3 |      2.2586 |      0.0000 |   0.0000 | 0.0000 | 1.5204
    4 |      5.6434 |      0.0000 |   0.0000 | 0.0000 | 0.7061
    5 |      1.5098 |      0.0000 |   0.0000 | 0.0000 | 0.9380
    6 |      1.5020 |      0.0000 |   0.0000 | 0.0000 | 0.9488
    7 |      1.9891 |      0.0000 |   0.0000 | 0.0000 | 0.7866
    8 |      3.6076 |      0.0000 |   0.0000 | 0.0000 | 0.5753
    9 |      0.0418 |      0.0000 |   0.0000 | 0.0000 | 0.2046

Fully Benchmark - Sum of stages 1-9:
Little Core: 29.4596 ms
Medium Core: 0.0000 ms
Big Core: 0.0000 ms
Vulkan: 0.0000 ms
CUDA: 9.0333 ms

Performance Comparison (Fully vs Normal):
Processor  | Normal (ms) | Fully (ms) | Ratio
-----------|-------------|------------|-------
Little Core|       20.38 |      29.46 |  1.45x
CUDA       |       10.04 |       9.03 |  0.90x

### PYTHON_DATA_START ###
# NORMAL_BENCHMARK_DATA
stage,little,medium,big,vulkan,cuda
1,3.3433,0.0000,0.0000,0.0000,2.3616
2,6.7036,0.0000,0.0000,0.0000,1.1266
3,1.8150,0.0000,0.0000,0.0000,1.3908
4,3.5251,0.0000,0.0000,0.0000,0.9884
5,1.0137,0.0000,0.0000,0.0000,1.0854
6,1.0159,0.0000,0.0000,0.0000,1.0487
7,1.0220,0.0000,0.0000,0.0000,1.0380
8,1.9215,0.0000,0.0000,0.0000,0.8171
9,0.0190,0.0000,0.0000,0.0000,0.1791
# FULLY_BENCHMARK_DATA
stage,little,medium,big,vulkan,cuda
1,3.8962,0.0000,0.0000,0.0000,2.4086
2,9.0111,0.0000,0.0000,0.0000,0.9449
3,2.2586,0.0000,0.0000,0.0000,1.5204
4,5.6434,0.0000,0.0000,0.0000,0.7061
5,1.5098,0.0000,0.0000,0.0000,0.9380
6,1.5020,0.0000,0.0000,0.0000,0.9488
7,1.9891,0.0000,0.0000,0.0000,0.7866
8,3.6076,0.0000,0.0000,0.0000,0.5753
9,0.0418,0.0000,0.0000,0.0000,0.2046
### PYTHON_DATA_END ###
