[2025-04-23 01:01:04.344] [info] Pinable Lit cores: 0 1 2 3 
[2025-04-23 01:01:04.344] [info] Pinable Med cores: 
[2025-04-23 01:01:04.344] [info] Pinable Big cores: 
Stage: 1 by Little
	Count 	696
	Average 	7.1907 ms
Stage: 1 by CUDA
	Count 	554
	Average 	9.0386 ms
Stage: 2 by Little
	Count 	351
	Average 	14.2539 ms
Stage: 2 by CUDA
	Count 	1745
	Average 	2.8657 ms
Stage: 3 by Little
	Count 	1349
	Average 	3.7094 ms
Stage: 3 by CUDA
	Count 	1075
	Average 	4.6550 ms
Stage: 4 by Little
	Count 	676
	Average 	7.4155 ms
Stage: 4 by CUDA
	Count 	3140
	Average 	1.5923 ms
Stage: 5 by Little
	Count 	2287
	Average 	2.1869 ms
Stage: 5 by CUDA
	Count 	1985
	Average 	2.5197 ms
Stage: 6 by Little
	Count 	2309
	Average 	2.1658 ms
Stage: 6 by CUDA
	Count 	1957
	Average 	2.5554 ms
Stage: 7 by Little
	Count 	2333
	Average 	2.1434 ms
Stage: 7 by CUDA
	Count 	2020
	Average 	2.4758 ms
Stage: 8 by Little
	Count 	1244
	Average 	4.0222 ms
Stage: 8 by CUDA
	Count 	5037
	Average 	0.9927 ms
Stage: 9 by Little
	Count 	261501
	Average 	0.0191 ms
Stage: 9 by CUDA
	Count 	18887
	Average 	0.2647 ms
Stage: 1
	Little 	7.4997 ms 	(668)
	Medium 	inf ms 	(0)
	Big    	inf ms 	(0)
	CUDA   	9.1420 ms 	(548)
Stage: 2
	Little 	16.1457 ms 	(310)
	Medium 	inf ms 	(0)
	Big    	inf ms 	(0)
	CUDA   	2.7760 ms 	(1803)
Stage: 3
	Little 	4.1644 ms 	(1201)
	Medium 	inf ms 	(0)
	Big    	inf ms 	(0)
	CUDA   	4.8794 ms 	(1025)
Stage: 4
	Little 	9.2506 ms 	(541)
	Medium 	inf ms 	(0)
	Big    	inf ms 	(0)
	CUDA   	1.5600 ms 	(3208)
Stage: 5
	Little 	2.5465 ms 	(1964)
	Medium 	inf ms 	(0)
	Big    	inf ms 	(0)
	CUDA   	2.6185 ms 	(1910)
Stage: 6
	Little 	2.6283 ms 	(1903)
	Medium 	inf ms 	(0)
	Big    	inf ms 	(0)
	CUDA   	2.6506 ms 	(1887)
Stage: 7
	Little 	2.5389 ms 	(1970)
	Medium 	inf ms 	(0)
	Big    	inf ms 	(0)
	CUDA   	2.6325 ms 	(1900)
Stage: 8
	Little 	6.1232 ms 	(817)
	Medium 	inf ms 	(0)
	Big    	inf ms 	(0)
	CUDA   	0.9419 ms 	(5311)
Stage: 9
	Little 	0.0464 ms 	(107774)
	Medium 	inf ms 	(0)
	Big    	inf ms 	(0)
	CUDA   	0.3287 ms 	(15214)

Normal Benchmark Results Table (ms per task):
Stage | Little Core | Medium Core | Big Core | Vulkan | CUDA
------|------------|-------------|----------|--------|-------
    1 |      7.1907 |      0.0000 |   0.0000 | 0.0000 | 9.0386
    2 |     14.2539 |      0.0000 |   0.0000 | 0.0000 | 2.8657
    3 |      3.7094 |      0.0000 |   0.0000 | 0.0000 | 4.6550
    4 |      7.4155 |      0.0000 |   0.0000 | 0.0000 | 1.5923
    5 |      2.1869 |      0.0000 |   0.0000 | 0.0000 | 2.5197
    6 |      2.1658 |      0.0000 |   0.0000 | 0.0000 | 2.5554
    7 |      2.1434 |      0.0000 |   0.0000 | 0.0000 | 2.4758
    8 |      4.0222 |      0.0000 |   0.0000 | 0.0000 | 0.9927
    9 |      0.0191 |      0.0000 |   0.0000 | 0.0000 | 0.2647

Normal Benchmark - Sum of stages 1-9:
Little Core: 43.1068 ms
Medium Core: 0.0000 ms
Big Core: 0.0000 ms
Vulkan: 0.0000 ms
CUDA: 26.9599 ms

Fully Benchmark Results Table (ms per task):
Stage | Little Core | Medium Core | Big Core | Vulkan | CUDA
------|-------------|-------------|----------|--------|-------
    1 |      7.4997 |      0.0000 |   0.0000 | 0.0000 | 9.1420
    2 |     16.1457 |      0.0000 |   0.0000 | 0.0000 | 2.7760
    3 |      4.1644 |      0.0000 |   0.0000 | 0.0000 | 4.8794
    4 |      9.2506 |      0.0000 |   0.0000 | 0.0000 | 1.5600
    5 |      2.5465 |      0.0000 |   0.0000 | 0.0000 | 2.6185
    6 |      2.6283 |      0.0000 |   0.0000 | 0.0000 | 2.6506
    7 |      2.5389 |      0.0000 |   0.0000 | 0.0000 | 2.6325
    8 |      6.1232 |      0.0000 |   0.0000 | 0.0000 | 0.9419
    9 |      0.0464 |      0.0000 |   0.0000 | 0.0000 | 0.3287

Fully Benchmark - Sum of stages 1-9:
Little Core: 50.9437 ms
Medium Core: 0.0000 ms
Big Core: 0.0000 ms
Vulkan: 0.0000 ms
CUDA: 27.5297 ms

Performance Comparison (Fully vs Normal):
Processor  | Normal (ms) | Fully (ms) | Ratio
-----------|-------------|------------|-------
Little Core|       43.11 |      50.94 |  1.18x
CUDA       |       26.96 |      27.53 |  1.02x

### PYTHON_DATA_START ###
# NORMAL_BENCHMARK_DATA
stage,little,medium,big,vulkan,cuda
1,7.1907,0.0000,0.0000,0.0000,9.0386
2,14.2539,0.0000,0.0000,0.0000,2.8657
3,3.7094,0.0000,0.0000,0.0000,4.6550
4,7.4155,0.0000,0.0000,0.0000,1.5923
5,2.1869,0.0000,0.0000,0.0000,2.5197
6,2.1658,0.0000,0.0000,0.0000,2.5554
7,2.1434,0.0000,0.0000,0.0000,2.4758
8,4.0222,0.0000,0.0000,0.0000,0.9927
9,0.0191,0.0000,0.0000,0.0000,0.2647
# FULLY_BENCHMARK_DATA
stage,little,medium,big,vulkan,cuda
1,7.4997,0.0000,0.0000,0.0000,9.1420
2,16.1457,0.0000,0.0000,0.0000,2.7760
3,4.1644,0.0000,0.0000,0.0000,4.8794
4,9.2506,0.0000,0.0000,0.0000,1.5600
5,2.5465,0.0000,0.0000,0.0000,2.6185
6,2.6283,0.0000,0.0000,0.0000,2.6506
7,2.5389,0.0000,0.0000,0.0000,2.6325
8,6.1232,0.0000,0.0000,0.0000,0.9419
9,0.0464,0.0000,0.0000,0.0000,0.3287
### PYTHON_DATA_END ###
