
Running only on specified device: 3A021JEHN02756
Deploying and running 'bm-fully-cifar-sparse-vk' on device: 3A021JEHN02756
build/android/arm64-v8a/release/bm-fully-cifar-sparse-vk: 1 file pushed, 0 skipped. 516.6 MB/s (2717648 bytes in 0.005s)
[2025-04-24 13:50:34.699] [info] Pinable Lit cores: 0 1 2 3 
[2025-04-24 13:50:34.700] [info] Pinable Med cores: 4 5 
[2025-04-24 13:50:34.700] [info] Pinable Big cores: 6 7 
Stage: 1 by Little
	Count 	52
	Average 	19.3077 ms
Stage: 1 by Medium
	Count 	165
	Average 	6.1091 ms
Stage: 1 by Big
	Count 	235
	Average 	4.3660 ms
Stage: 1 by Vulkan
	Count 	119
	Average 	8.9244 ms
Stage: 2 by Little
	Count 	44
	Average 	22.9773 ms
Stage: 2 by Medium
	Count 	78
	Average 	12.8846 ms
Stage: 2 by Big
	Count 	95
	Average 	10.8632 ms
Stage: 2 by Vulkan
	Count 	133
	Average 	7.6015 ms
Stage: 3 by Little
	Count 	100
	Average 	10.3300 ms
Stage: 3 by Medium
	Count 	330
	Average 	3.2303 ms
Stage: 3 by Big
	Count 	444
	Average 	2.2838 ms
Stage: 3 by Vulkan
	Count 	180
	Average 	5.9056 ms
Stage: 4 by Little
	Count 	85
	Average 	12.2824 ms
Stage: 4 by Medium
	Count 	149
	Average 	7.1544 ms
Stage: 4 by Big
	Count 	178
	Average 	5.8258 ms
Stage: 4 by Vulkan
	Count 	261
	Average 	4.0805 ms
Stage: 5 by Little
	Count 	175
	Average 	5.9486 ms
Stage: 5 by Medium
	Count 	607
	Average 	1.7512 ms
Stage: 5 by Big
	Count 	770
	Average 	1.3377 ms
Stage: 5 by Vulkan
	Count 	361
	Average 	2.9335 ms
Stage: 6 by Little
	Count 	176
	Average 	5.9034 ms
Stage: 6 by Medium
	Count 	577
	Average 	1.8284 ms
Stage: 6 by Big
	Count 	769
	Average 	1.3459 ms
Stage: 6 by Vulkan
	Count 	336
	Average 	3.1458 ms
Stage: 7 by Little
	Count 	176
	Average 	5.8750 ms
Stage: 7 by Medium
	Count 	601
	Average 	1.7238 ms
Stage: 7 by Big
	Count 	760
	Average 	1.3526 ms
Stage: 7 by Vulkan
	Count 	315
	Average 	3.3683 ms
Stage: 8 by Little
	Count 	154
	Average 	6.6039 ms
Stage: 8 by Medium
	Count 	285
	Average 	3.6947 ms
Stage: 8 by Big
	Count 	344
	Average 	2.9913 ms
Stage: 8 by Vulkan
	Count 	432
	Average 	2.3241 ms
Stage: 9 by Little
	Count 	40503
	Average 	0.0256 ms
Stage: 9 by Medium
	Count 	82636
	Average 	0.0127 ms
Stage: 9 by Big
	Count 	98757
	Average 	0.0104 ms
Stage: 9 by Vulkan
	Count 	2405
	Average 	0.4170 ms
Stage: 1
	Little 	20.6400 ms 	(50)
	Medium 	6.1065 ms 	(169)
	Big    	4.7339 ms 	(218)
	Vulkan 	4.4483 ms 	(232)
Stage: 2
	Little 	26.1707 ms 	(41)
	Medium 	13.2469 ms 	(81)
	Big    	13.9351 ms 	(77)
	Vulkan 	2.3792 ms 	(451)
Stage: 3
	Little 	11.6067 ms 	(89)
	Medium 	3.0293 ms 	(341)
	Big    	2.8774 ms 	(359)
	Vulkan 	2.3318 ms 	(443)
Stage: 4
	Little 	13.1169 ms 	(77)
	Medium 	6.5584 ms 	(154)
	Big    	6.9178 ms 	(146)
	Vulkan 	1.6134 ms 	(626)
Stage: 5
	Little 	6.5065 ms 	(154)
	Medium 	1.7548 ms 	(571)
	Big    	1.7216 ms 	(582)
	Vulkan 	1.9269 ms 	(520)
Stage: 6
	Little 	7.5109 ms 	(137)
	Medium 	1.7382 ms 	(592)
	Big    	1.8574 ms 	(554)
	Vulkan 	1.7650 ms 	(583)
Stage: 7
	Little 	6.5455 ms 	(154)
	Medium 	1.7470 ms 	(577)
	Big    	1.7684 ms 	(570)
	Vulkan 	1.9497 ms 	(517)
Stage: 8
	Little 	7.0000 ms 	(144)
	Medium 	3.6129 ms 	(279)
	Big    	3.6129 ms 	(279)
	Vulkan 	1.4672 ms 	(687)
Stage: 9
	Little 	0.0410 ms 	(25066)
	Medium 	0.0137 ms 	(75054)
	Big    	0.0138 ms 	(74266)
	Vulkan 	0.2978 ms 	(3449)

Normal Benchmark Results Table (ms per task):
Stage | Little Core | Medium Core | Big Core | Vulkan | CUDA
------|------------|-------------|----------|--------|-------
    1 |     19.3077 |      6.1091 |   4.3660 | 8.9244 | 0.0000
    2 |     22.9773 |     12.8846 |  10.8632 | 7.6015 | 0.0000
    3 |     10.3300 |      3.2303 |   2.2838 | 5.9056 | 0.0000
    4 |     12.2824 |      7.1544 |   5.8258 | 4.0805 | 0.0000
    5 |      5.9486 |      1.7512 |   1.3377 | 2.9335 | 0.0000
    6 |      5.9034 |      1.8284 |   1.3459 | 3.1458 | 0.0000
    7 |      5.8750 |      1.7238 |   1.3526 | 3.3683 | 0.0000
    8 |      6.6039 |      3.6947 |   2.9913 | 2.3241 | 0.0000
    9 |      0.0256 |      0.0127 |   0.0104 | 0.4170 | 0.0000

Normal Benchmark - Sum of stages 1-9:
Little Core: 89.2537 ms
Medium Core: 38.3893 ms
Big Core: 30.3766 ms
Vulkan: 38.7006 ms
CUDA: 0.0000 ms

Fully Benchmark Results Table (ms per task):
Stage | Little Core | Medium Core | Big Core | Vulkan | CUDA
------|-------------|-------------|----------|--------|-------
    1 |     20.6400 |      6.1065 |   4.7339 | 4.4483 | 0.0000
    2 |     26.1707 |     13.2469 |  13.9351 | 2.3792 | 0.0000
    3 |     11.6067 |      3.0293 |   2.8774 | 2.3318 | 0.0000
    4 |     13.1169 |      6.5584 |   6.9178 | 1.6134 | 0.0000
    5 |      6.5065 |      1.7548 |   1.7216 | 1.9269 | 0.0000
    6 |      7.5109 |      1.7382 |   1.8574 | 1.7650 | 0.0000
    7 |      6.5455 |      1.7470 |   1.7684 | 1.9497 | 0.0000
    8 |      7.0000 |      3.6129 |   3.6129 | 1.4672 | 0.0000
    9 |      0.0410 |      0.0137 |   0.0138 | 0.2978 | 0.0000

Fully Benchmark - Sum of stages 1-9:
Little Core: 99.1382 ms
Medium Core: 37.8077 ms
Big Core: 37.4385 ms
Vulkan: 18.1793 ms
CUDA: 0.0000 ms

Performance Comparison (Fully vs Normal):
Processor  | Normal (ms) | Fully (ms) | Ratio
-----------|-------------|------------|-------
Little Core|       89.25 |      99.14 |  1.11x
Medium Core|       38.39 |      37.81 |  0.98x
Big Core   |       30.38 |      37.44 |  1.23x
Vulkan     |       38.70 |      18.18 |  0.47x

### PYTHON_DATA_START ###
# NORMAL_BENCHMARK_DATA
stage,little,medium,big,vulkan,cuda
1,19.3077,6.1091,4.3660,8.9244,0.0000
2,22.9773,12.8846,10.8632,7.6015,0.0000
3,10.3300,3.2303,2.2838,5.9056,0.0000
4,12.2824,7.1544,5.8258,4.0805,0.0000
5,5.9486,1.7512,1.3377,2.9335,0.0000
6,5.9034,1.8284,1.3459,3.1458,0.0000
7,5.8750,1.7238,1.3526,3.3683,0.0000
8,6.6039,3.6947,2.9913,2.3241,0.0000
9,0.0256,0.0127,0.0104,0.4170,0.0000
# FULLY_BENCHMARK_DATA
stage,little,medium,big,vulkan,cuda
1,20.6400,6.1065,4.7339,4.4483,0.0000
2,26.1707,13.2469,13.9351,2.3792,0.0000
3,11.6067,3.0293,2.8774,2.3318,0.0000
4,13.1169,6.5584,6.9178,1.6134,0.0000
5,6.5065,1.7548,1.7216,1.9269,0.0000
6,7.5109,1.7382,1.8574,1.7650,0.0000
7,6.5455,1.7470,1.7684,1.9497,0.0000
8,7.0000,3.6129,3.6129,1.4672,0.0000
9,0.0410,0.0137,0.0138,0.2978,0.0000
### PYTHON_DATA_END ###
