
Running only on specified device: 9b034f1b
Deploying and running 'bm-fully-tree-vk' on device: 9b034f1b
build/android/arm64-v8a/release/bm-fully-tree-vk: 1 file pushed, 0 skipped. 489.4 MB/s (2814416 bytes in 0.005s)
[2025-04-24 21:57:30.395] [info] Pinable Lit cores: 0 1 2 
[2025-04-24 21:57:30.396] [info] Pinable Med cores: 3 4 
[2025-04-24 21:57:30.396] [info] Pinable Big cores: 5 6 7 
Stage: 1 by Little
	Count 	378
	Average 	2.6561 ms
Stage: 1 by Medium
	Count 	1088
	Average 	0.9200 ms
Stage: 1 by Big
	Count 	806
	Average 	1.2419 ms
Stage: 1 by Vulkan
	Count 	582
	Average 	1.7251 ms
Stage: 2 by Little
	Count 	625
	Average 	1.6032 ms
Stage: 2 by Medium
	Count 	1166
	Average 	0.8585 ms
Stage: 2 by Big
	Count 	370
	Average 	2.7027 ms
Stage: 2 by Vulkan
	Count 	24
	Average 	42.8333 ms
Stage: 3 by Little
	Count 	1439
	Average 	0.6956 ms
Stage: 3 by Medium
	Count 	2471
	Average 	0.4051 ms
Stage: 3 by Big
	Count 	1293
	Average 	0.7734 ms
Stage: 3 by Vulkan
	Count 	4546
	Average 	0.2200 ms
Stage: 4 by Little
	Count 	124
	Average 	8.1210 ms
Stage: 4 by Medium
	Count 	148
	Average 	6.8041 ms
Stage: 4 by Big
	Count 	129
	Average 	7.7752 ms
Stage: 4 by Vulkan
	Count 	444
	Average 	2.2590 ms
Stage: 5 by Little
	Count 	1408
	Average 	0.7116 ms
Stage: 5 by Medium
	Count 	4170
	Average 	0.2400 ms
Stage: 5 by Big
	Count 	3238
	Average 	0.3088 ms
Stage: 5 by Vulkan
	Count 	929
	Average 	1.0786 ms
Stage: 6 by Little
	Count 	2900
	Average 	0.3452 ms
Stage: 6 by Medium
	Count 	3647
	Average 	0.2742 ms
Stage: 6 by Big
	Count 	1889
	Average 	0.5294 ms
Stage: 6 by Vulkan
	Count 	5307
	Average 	0.1884 ms
Stage: 7 by Little
	Count 	246
	Average 	4.0772 ms
Stage: 7 by Medium
	Count 	373
	Average 	2.6863 ms
Stage: 7 by Big
	Count 	460
	Average 	2.1739 ms
Stage: 7 by Vulkan
	Count 	494
	Average 	2.0304 ms
Stage: 1
	Little 	3.5371 ms 	(283)
	Medium 	0.9092 ms 	(1101)
	Big    	0.6288 ms 	(1592)
	Vulkan 	0.5173 ms 	(1935)
Stage: 2
	Little 	3.9724 ms 	(254)
	Medium 	2.1840 ms 	(462)
	Big    	2.1606 ms 	(467)
	Vulkan 	32.5484 ms 	(31)
Stage: 3
	Little 	0.7196 ms 	(1391)
	Medium 	0.3671 ms 	(2727)
	Big    	0.4717 ms 	(2122)
	Vulkan 	0.3365 ms 	(2975)
Stage: 4
	Little 	8.6724 ms 	(116)
	Medium 	6.2875 ms 	(160)
	Big    	4.1399 ms 	(243)
	Vulkan 	1.4643 ms 	(687)
Stage: 5
	Little 	1.4403 ms 	(695)
	Medium 	0.2320 ms 	(4314)
	Big    	0.1753 ms 	(5710)
	Vulkan 	0.4715 ms 	(2123)
Stage: 6
	Little 	0.3465 ms 	(2886)
	Medium 	0.2533 ms 	(3948)
	Big    	0.4440 ms 	(2252)
	Vulkan 	0.2650 ms 	(3774)
Stage: 7
	Little 	6.4295 ms 	(156)
	Medium 	1.8818 ms 	(533)
	Big    	1.3499 ms 	(743)
	Vulkan 	1.2322 ms 	(814)

Normal Benchmark Results Table (ms per task):
Stage | Little Core | Medium Core | Big Core | Vulkan | CUDA
------|------------|-------------|----------|--------|-------
    1 |      2.6561 |      0.9200 |   1.2419 | 1.7251 | 0.0000
    2 |      1.6032 |      0.8585 |   2.7027 | 42.8333 | 0.0000
    3 |      0.6956 |      0.4051 |   0.7734 | 0.2200 | 0.0000
    4 |      8.1210 |      6.8041 |   7.7752 | 2.2590 | 0.0000
    5 |      0.7116 |      0.2400 |   0.3088 | 1.0786 | 0.0000
    6 |      0.3452 |      0.2742 |   0.5294 | 0.1884 | 0.0000
    7 |      4.0772 |      2.6863 |   2.1739 | 2.0304 | 0.0000

Normal Benchmark - Sum of stages 1-7:
Little Core: 18.2099 ms
Medium Core: 12.1883 ms
Big Core: 15.5054 ms
Vulkan: 50.3348 ms
CUDA: 0.0000 ms

Fully Benchmark Results Table (ms per task):
Stage | Little Core | Medium Core | Big Core | Vulkan | CUDA
------|-------------|-------------|----------|--------|-------
    1 |      3.5371 |      0.9092 |   0.6288 | 0.5173 | 0.0000
    2 |      3.9724 |      2.1840 |   2.1606 | 32.5484 | 0.0000
    3 |      0.7196 |      0.3671 |   0.4717 | 0.3365 | 0.0000
    4 |      8.6724 |      6.2875 |   4.1399 | 1.4643 | 0.0000
    5 |      1.4403 |      0.2320 |   0.1753 | 0.4715 | 0.0000
    6 |      0.3465 |      0.2533 |   0.4440 | 0.2650 | 0.0000
    7 |      6.4295 |      1.8818 |   1.3499 | 1.2322 | 0.0000

Fully Benchmark - Sum of stages 1-7:
Little Core: 25.1179 ms
Medium Core: 12.1149 ms
Big Core: 9.3703 ms
Vulkan: 36.8352 ms
CUDA: 0.0000 ms

Performance Comparison (Fully vs Normal):
Processor  | Normal (ms) | Fully (ms) | Ratio
-----------|-------------|------------|-------
Little Core|       18.21 |      25.12 |  1.38x
Medium Core|       12.19 |      12.11 |  0.99x
Big Core   |       15.51 |       9.37 |  0.60x
Vulkan     |       50.33 |      36.84 |  0.73x

### PYTHON_DATA_START ###
# NORMAL_BENCHMARK_DATA
stage,little,medium,big,vulkan,cuda
1,2.6561,0.9200,1.2419,1.7251,0.0000
2,1.6032,0.8585,2.7027,42.8333,0.0000
3,0.6956,0.4051,0.7734,0.2200,0.0000
4,8.1210,6.8041,7.7752,2.2590,0.0000
5,0.7116,0.2400,0.3088,1.0786,0.0000
6,0.3452,0.2742,0.5294,0.1884,0.0000
7,4.0772,2.6863,2.1739,2.0304,0.0000
# FULLY_BENCHMARK_DATA
stage,little,medium,big,vulkan,cuda
1,3.5371,0.9092,0.6288,0.5173,0.0000
2,3.9724,2.1840,2.1606,32.5484,0.0000
3,0.7196,0.3671,0.4717,0.3365,0.0000
4,8.6724,6.2875,4.1399,1.4643,0.0000
5,1.4403,0.2320,0.1753,0.4715,0.0000
6,0.3465,0.2533,0.4440,0.2650,0.0000
7,6.4295,1.8818,1.3499,1.2322,0.0000
### PYTHON_DATA_END ###
