
Running only on specified device: 9b034f1b
Deploying and running 'bm-fully-tree-vk' on device: 9b034f1b
build/android/arm64-v8a/release/bm-fully-tree-vk: 1 file pushed, 0 skipped. 469.2 MB/s (2814416 bytes in 0.006s)
[2025-04-24 22:23:27.212] [info] Pinable Lit cores: 0 1 2 
[2025-04-24 22:23:27.213] [info] Pinable Med cores: 3 4 
[2025-04-24 22:23:27.213] [info] Pinable Big cores: 5 6 7 
Stage: 1 by Little
	Count 	380
	Average 	2.6368 ms
Stage: 1 by Medium
	Count 	1085
	Average 	0.9217 ms
Stage: 1 by Big
	Count 	890
	Average 	1.1236 ms
Stage: 1 by Vulkan
	Count 	621
	Average 	1.6135 ms
Stage: 2 by Little
	Count 	612
	Average 	1.6356 ms
Stage: 2 by Medium
	Count 	1165
	Average 	0.8592 ms
Stage: 2 by Big
	Count 	531
	Average 	1.8851 ms
Stage: 2 by Vulkan
	Count 	24
	Average 	42.8333 ms
Stage: 3 by Little
	Count 	1424
	Average 	0.7037 ms
Stage: 3 by Medium
	Count 	2499
	Average 	0.4002 ms
Stage: 3 by Big
	Count 	1292
	Average 	0.7748 ms
Stage: 3 by Vulkan
	Count 	4558
	Average 	0.2194 ms
Stage: 4 by Little
	Count 	122
	Average 	8.2131 ms
Stage: 4 by Medium
	Count 	146
	Average 	6.8767 ms
Stage: 4 by Big
	Count 	134
	Average 	7.4701 ms
Stage: 4 by Vulkan
	Count 	444
	Average 	2.2613 ms
Stage: 5 by Little
	Count 	1387
	Average 	0.7224 ms
Stage: 5 by Medium
	Count 	4223
	Average 	0.2368 ms
Stage: 5 by Big
	Count 	3082
	Average 	0.3245 ms
Stage: 5 by Vulkan
	Count 	926
	Average 	1.0821 ms
Stage: 6 by Little
	Count 	2867
	Average 	0.3491 ms
Stage: 6 by Medium
	Count 	3652
	Average 	0.2738 ms
Stage: 6 by Big
	Count 	1876
	Average 	0.5330 ms
Stage: 6 by Vulkan
	Count 	5290
	Average 	0.1890 ms
Stage: 7 by Little
	Count 	243
	Average 	4.1358 ms
Stage: 7 by Medium
	Count 	488
	Average 	2.0512 ms
Stage: 7 by Big
	Count 	388
	Average 	2.5799 ms
Stage: 7 by Vulkan
	Count 	488
	Average 	2.0533 ms
Stage: 1
	Little 	3.5193 ms 	(285)
	Medium 	0.9185 ms 	(1092)
	Big    	0.6380 ms 	(1572)
	Vulkan 	0.4778 ms 	(2099)
Stage: 2
	Little 	3.1577 ms 	(317)
	Medium 	1.8745 ms 	(534)
	Big    	2.2698 ms 	(441)
	Vulkan 	32.2903 ms 	(31)
Stage: 3
	Little 	0.7387 ms 	(1355)
	Medium 	0.4162 ms 	(2405)
	Big    	0.4497 ms 	(2226)
	Vulkan 	0.3808 ms 	(2629)
Stage: 4
	Little 	8.9732 ms 	(112)
	Medium 	6.2422 ms 	(161)
	Big    	4.1529 ms 	(242)
	Vulkan 	1.5181 ms 	(662)
Stage: 5
	Little 	1.3210 ms 	(757)
	Medium 	0.2365 ms 	(4229)
	Big    	0.1843 ms 	(5427)
	Vulkan 	0.4658 ms 	(2147)
Stage: 6
	Little 	0.3419 ms 	(2928)
	Medium 	0.2541 ms 	(3939)
	Big    	0.5359 ms 	(1868)
	Vulkan 	0.2709 ms 	(3695)
Stage: 7
	Little 	6.5987 ms 	(152)
	Medium 	1.8678 ms 	(537)
	Big    	1.3356 ms 	(751)
	Vulkan 	1.3499 ms 	(743)

Normal Benchmark Results Table (ms per task):
Stage | Little Core | Medium Core | Big Core | Vulkan | CUDA
------|------------|-------------|----------|--------|-------
    1 |      2.6368 |      0.9217 |   1.1236 | 1.6135 | 0.0000
    2 |      1.6356 |      0.8592 |   1.8851 | 42.8333 | 0.0000
    3 |      0.7037 |      0.4002 |   0.7748 | 0.2194 | 0.0000
    4 |      8.2131 |      6.8767 |   7.4701 | 2.2613 | 0.0000
    5 |      0.7224 |      0.2368 |   0.3245 | 1.0821 | 0.0000
    6 |      0.3491 |      0.2738 |   0.5330 | 0.1890 | 0.0000
    7 |      4.1358 |      2.0512 |   2.5799 | 2.0533 | 0.0000

Normal Benchmark - Sum of stages 1-7:
Little Core: 18.3966 ms
Medium Core: 11.6196 ms
Big Core: 14.6910 ms
Vulkan: 50.2519 ms
CUDA: 0.0000 ms

Fully Benchmark Results Table (ms per task):
Stage | Little Core | Medium Core | Big Core | Vulkan | CUDA
------|-------------|-------------|----------|--------|-------
    1 |      3.5193 |      0.9185 |   0.6380 | 0.4778 | 0.0000
    2 |      3.1577 |      1.8745 |   2.2698 | 32.2903 | 0.0000
    3 |      0.7387 |      0.4162 |   0.4497 | 0.3808 | 0.0000
    4 |      8.9732 |      6.2422 |   4.1529 | 1.5181 | 0.0000
    5 |      1.3210 |      0.2365 |   0.1843 | 0.4658 | 0.0000
    6 |      0.3419 |      0.2541 |   0.5359 | 0.2709 | 0.0000
    7 |      6.5987 |      1.8678 |   1.3356 | 1.3499 | 0.0000

Fully Benchmark - Sum of stages 1-7:
Little Core: 24.6505 ms
Medium Core: 11.8099 ms
Big Core: 9.5661 ms
Vulkan: 36.7537 ms
CUDA: 0.0000 ms

Performance Comparison (Fully vs Normal):
Processor  | Normal (ms) | Fully (ms) | Ratio
-----------|-------------|------------|-------
Little Core|       18.40 |      24.65 |  1.34x
Medium Core|       11.62 |      11.81 |  1.02x
Big Core   |       14.69 |       9.57 |  0.65x
Vulkan     |       50.25 |      36.75 |  0.73x

### PYTHON_DATA_START ###
# NORMAL_BENCHMARK_DATA
stage,little,medium,big,vulkan,cuda
1,2.6368,0.9217,1.1236,1.6135,0.0000
2,1.6356,0.8592,1.8851,42.8333,0.0000
3,0.7037,0.4002,0.7748,0.2194,0.0000
4,8.2131,6.8767,7.4701,2.2613,0.0000
5,0.7224,0.2368,0.3245,1.0821,0.0000
6,0.3491,0.2738,0.5330,0.1890,0.0000
7,4.1358,2.0512,2.5799,2.0533,0.0000
# FULLY_BENCHMARK_DATA
stage,little,medium,big,vulkan,cuda
1,3.5193,0.9185,0.6380,0.4778,0.0000
2,3.1577,1.8745,2.2698,32.2903,0.0000
3,0.7387,0.4162,0.4497,0.3808,0.0000
4,8.9732,6.2422,4.1529,1.5181,0.0000
5,1.3210,0.2365,0.1843,0.4658,0.0000
6,0.3419,0.2541,0.5359,0.2709,0.0000
7,6.5987,1.8678,1.3356,1.3499,0.0000
### PYTHON_DATA_END ###
