
Running only on specified device: 9b034f1b
Deploying and running 'bm-fully-tree-vk' on device: 9b034f1b
build/android/arm64-v8a/release/bm-fully-tree-vk: 1 file pushed, 0 skipped. 505.4 MB/s (2814416 bytes in 0.005s)
[2025-04-24 22:47:13.546] [info] Pinable Lit cores: 0 1 2 
[2025-04-24 22:47:13.546] [info] Pinable Med cores: 3 4 
[2025-04-24 22:47:13.546] [info] Pinable Big cores: 5 6 7 
Stage: 1 by Little
	Count 	380
	Average 	2.6395 ms
Stage: 1 by Medium
	Count 	1071
	Average 	0.9346 ms
Stage: 1 by Big
	Count 	809
	Average 	1.2373 ms
Stage: 1 by Vulkan
	Count 	584
	Average 	1.7175 ms
Stage: 2 by Little
	Count 	606
	Average 	1.6518 ms
Stage: 2 by Medium
	Count 	1167
	Average 	0.8578 ms
Stage: 2 by Big
	Count 	365
	Average 	2.7452 ms
Stage: 2 by Vulkan
	Count 	24
	Average 	42.3333 ms
Stage: 3 by Little
	Count 	1450
	Average 	0.6910 ms
Stage: 3 by Medium
	Count 	2506
	Average 	0.3994 ms
Stage: 3 by Big
	Count 	1327
	Average 	0.7536 ms
Stage: 3 by Vulkan
	Count 	4549
	Average 	0.2198 ms
Stage: 4 by Little
	Count 	123
	Average 	8.1545 ms
Stage: 4 by Medium
	Count 	148
	Average 	6.7973 ms
Stage: 4 by Big
	Count 	123
	Average 	8.1463 ms
Stage: 4 by Vulkan
	Count 	442
	Average 	2.2692 ms
Stage: 5 by Little
	Count 	1408
	Average 	0.7116 ms
Stage: 5 by Medium
	Count 	4213
	Average 	0.2374 ms
Stage: 5 by Big
	Count 	3166
	Average 	0.3159 ms
Stage: 5 by Vulkan
	Count 	972
	Average 	1.0319 ms
Stage: 6 by Little
	Count 	2891
	Average 	0.3462 ms
Stage: 6 by Medium
	Count 	3159
	Average 	0.3166 ms
Stage: 6 by Big
	Count 	1939
	Average 	0.5157 ms
Stage: 6 by Vulkan
	Count 	5288
	Average 	0.1891 ms
Stage: 7 by Little
	Count 	244
	Average 	4.1066 ms
Stage: 7 by Medium
	Count 	500
	Average 	2.0000 ms
Stage: 7 by Big
	Count 	457
	Average 	2.1904 ms
Stage: 7 by Vulkan
	Count 	494
	Average 	2.0304 ms
Stage: 1
	Little 	3.8837 ms 	(258)
	Medium 	0.9227 ms 	(1086)
	Big    	0.6286 ms 	(1594)
	Vulkan 	0.5149 ms 	(1946)
Stage: 2
	Little 	3.5614 ms 	(285)
	Medium 	2.3660 ms 	(429)
	Big    	2.6781 ms 	(379)
	Vulkan 	33.8333 ms 	(30)
Stage: 3
	Little 	0.7064 ms 	(1417)
	Medium 	0.3996 ms 	(2505)
	Big    	0.6368 ms 	(1572)
	Vulkan 	0.3223 ms 	(3106)
Stage: 4
	Little 	8.9821 ms 	(112)
	Medium 	6.2484 ms 	(161)
	Big    	4.1399 ms 	(243)
	Vulkan 	1.5289 ms 	(658)
Stage: 5
	Little 	1.3141 ms 	(761)
	Medium 	0.2357 ms 	(4243)
	Big    	0.1746 ms 	(5729)
	Vulkan 	0.4492 ms 	(2226)
Stage: 6
	Little 	0.3455 ms 	(2894)
	Medium 	0.3257 ms 	(3070)
	Big    	0.4591 ms 	(2178)
	Vulkan 	0.3092 ms 	(3234)
Stage: 7
	Little 	5.9583 ms 	(168)
	Medium 	1.8994 ms 	(527)
	Big    	1.3638 ms 	(734)
	Vulkan 	1.2312 ms 	(813)

Normal Benchmark Results Table (ms per task):
Stage | Little Core | Medium Core | Big Core | Vulkan | CUDA
------|------------|-------------|----------|--------|-------
    1 |      2.6395 |      0.9346 |   1.2373 | 1.7175 | 0.0000
    2 |      1.6518 |      0.8578 |   2.7452 | 42.3333 | 0.0000
    3 |      0.6910 |      0.3994 |   0.7536 | 0.2198 | 0.0000
    4 |      8.1545 |      6.7973 |   8.1463 | 2.2692 | 0.0000
    5 |      0.7116 |      0.2374 |   0.3159 | 1.0319 | 0.0000
    6 |      0.3462 |      0.3166 |   0.5157 | 0.1891 | 0.0000
    7 |      4.1066 |      2.0000 |   2.1904 | 2.0304 | 0.0000

Normal Benchmark - Sum of stages 1-7:
Little Core: 18.3012 ms
Medium Core: 11.5431 ms
Big Core: 15.9044 ms
Vulkan: 49.7912 ms
CUDA: 0.0000 ms

Fully Benchmark Results Table (ms per task):
Stage | Little Core | Medium Core | Big Core | Vulkan | CUDA
------|-------------|-------------|----------|--------|-------
    1 |      3.8837 |      0.9227 |   0.6286 | 0.5149 | 0.0000
    2 |      3.5614 |      2.3660 |   2.6781 | 33.8333 | 0.0000
    3 |      0.7064 |      0.3996 |   0.6368 | 0.3223 | 0.0000
    4 |      8.9821 |      6.2484 |   4.1399 | 1.5289 | 0.0000
    5 |      1.3141 |      0.2357 |   0.1746 | 0.4492 | 0.0000
    6 |      0.3455 |      0.3257 |   0.4591 | 0.3092 | 0.0000
    7 |      5.9583 |      1.8994 |   1.3638 | 1.2312 | 0.0000

Fully Benchmark - Sum of stages 1-7:
Little Core: 24.7516 ms
Medium Core: 12.3975 ms
Big Core: 10.0808 ms
Vulkan: 38.1891 ms
CUDA: 0.0000 ms

Performance Comparison (Fully vs Normal):
Processor  | Normal (ms) | Fully (ms) | Ratio
-----------|-------------|------------|-------
Little Core|       18.30 |      24.75 |  1.35x
Medium Core|       11.54 |      12.40 |  1.07x
Big Core   |       15.90 |      10.08 |  0.63x
Vulkan     |       49.79 |      38.19 |  0.77x

### PYTHON_DATA_START ###
# NORMAL_BENCHMARK_DATA
stage,little,medium,big,vulkan,cuda
1,2.6395,0.9346,1.2373,1.7175,0.0000
2,1.6518,0.8578,2.7452,42.3333,0.0000
3,0.6910,0.3994,0.7536,0.2198,0.0000
4,8.1545,6.7973,8.1463,2.2692,0.0000
5,0.7116,0.2374,0.3159,1.0319,0.0000
6,0.3462,0.3166,0.5157,0.1891,0.0000
7,4.1066,2.0000,2.1904,2.0304,0.0000
# FULLY_BENCHMARK_DATA
stage,little,medium,big,vulkan,cuda
1,3.8837,0.9227,0.6286,0.5149,0.0000
2,3.5614,2.3660,2.6781,33.8333,0.0000
3,0.7064,0.3996,0.6368,0.3223,0.0000
4,8.9821,6.2484,4.1399,1.5289,0.0000
5,1.3141,0.2357,0.1746,0.4492,0.0000
6,0.3455,0.3257,0.4591,0.3092,0.0000
7,5.9583,1.8994,1.3638,1.2312,0.0000
### PYTHON_DATA_END ###
