[2025-04-24 13:54:47.130] [info] Pinable Lit cores: 0 1 2 3 
[2025-04-24 13:54:47.130] [info] Pinable Med cores: 
[2025-04-24 13:54:47.130] [info] Pinable Big cores: 
Stage: 1 by Little
	Count 	113
	Average 	8.8786 ms
Stage: 1 by CUDA
	Count 	84
	Average 	11.9160 ms
Stage: 2 by Little
	Count 	61
	Average 	17.2193 ms
Stage: 2 by CUDA
	Count 	342
	Average 	2.9308 ms
Stage: 3 by Little
	Count 	225
	Average 	4.4615 ms
Stage: 3 by CUDA
	Count 	207
	Average 	4.8449 ms
Stage: 4 by Little
	Count 	116
	Average 	8.6499 ms
Stage: 4 by CUDA
	Count 	553
	Average 	1.8096 ms
Stage: 5 by Little
	Count 	392
	Average 	2.5562 ms
Stage: 5 by CUDA
	Count 	366
	Average 	2.7339 ms
Stage: 6 by Little
	Count 	399
	Average 	2.5092 ms
Stage: 6 by CUDA
	Count 	376
	Average 	2.6651 ms
Stage: 7 by Little
	Count 	396
	Average 	2.5312 ms
Stage: 7 by CUDA
	Count 	369
	Average 	2.7104 ms
Stage: 8 by Little
	Count 	210
	Average 	4.8519 ms
Stage: 8 by CUDA
	Count 	741
	Average 	1.3505 ms
Stage: 9 by Little
	Count 	40929
	Average 	0.0245 ms
Stage: 9 by CUDA
	Count 	3208
	Average 	0.3117 ms
Stage: 1
	Little 	8.9398 ms 	(113)
	Medium 	inf ms 	(0)
	Big    	inf ms 	(0)
	CUDA   	10.3081 ms 	(98)
Stage: 2
	Little 	18.5451 ms 	(54)
	Medium 	inf ms 	(0)
	Big    	inf ms 	(0)
	CUDA   	3.3160 ms 	(302)
Stage: 3
	Little 	4.9914 ms 	(201)
	Medium 	inf ms 	(0)
	Big    	inf ms 	(0)
	CUDA   	6.0077 ms 	(167)
Stage: 4
	Little 	10.2610 ms 	(98)
	Medium 	inf ms 	(0)
	Big    	inf ms 	(0)
	CUDA   	1.8691 ms 	(538)
Stage: 5
	Little 	2.9810 ms 	(336)
	Medium 	inf ms 	(0)
	Big    	inf ms 	(0)
	CUDA   	3.5519 ms 	(282)
Stage: 6
	Little 	2.9830 ms 	(336)
	Medium 	inf ms 	(0)
	Big    	inf ms 	(0)
	CUDA   	3.3188 ms 	(302)
Stage: 7
	Little 	3.0278 ms 	(331)
	Medium 	inf ms 	(0)
	Big    	inf ms 	(0)
	CUDA   	3.4205 ms 	(293)
Stage: 8
	Little 	6.1146 ms 	(165)
	Medium 	inf ms 	(0)
	Big    	inf ms 	(0)
	CUDA   	1.3137 ms 	(768)
Stage: 9
	Little 	0.0468 ms 	(21355)
	Medium 	inf ms 	(0)
	Big    	inf ms 	(0)
	CUDA   	0.4991 ms 	(2004)

Normal Benchmark Results Table (ms per task):
Stage | Little Core | Medium Core | Big Core | Vulkan | CUDA
------|------------|-------------|----------|--------|-------
    1 |      8.8786 |      0.0000 |   0.0000 | 0.0000 | 11.9160
    2 |     17.2193 |      0.0000 |   0.0000 | 0.0000 | 2.9308
    3 |      4.4615 |      0.0000 |   0.0000 | 0.0000 | 4.8449
    4 |      8.6499 |      0.0000 |   0.0000 | 0.0000 | 1.8096
    5 |      2.5562 |      0.0000 |   0.0000 | 0.0000 | 2.7339
    6 |      2.5092 |      0.0000 |   0.0000 | 0.0000 | 2.6651
    7 |      2.5312 |      0.0000 |   0.0000 | 0.0000 | 2.7104
    8 |      4.8519 |      0.0000 |   0.0000 | 0.0000 | 1.3505
    9 |      0.0245 |      0.0000 |   0.0000 | 0.0000 | 0.3117

Normal Benchmark - Sum of stages 1-9:
Little Core: 51.6823 ms
Medium Core: 0.0000 ms
Big Core: 0.0000 ms
Vulkan: 0.0000 ms
CUDA: 31.2729 ms

Fully Benchmark Results Table (ms per task):
Stage | Little Core | Medium Core | Big Core | Vulkan | CUDA
------|-------------|-------------|----------|--------|-------
    1 |      8.9398 |      0.0000 |   0.0000 | 0.0000 | 10.3081
    2 |     18.5451 |      0.0000 |   0.0000 | 0.0000 | 3.3160
    3 |      4.9914 |      0.0000 |   0.0000 | 0.0000 | 6.0077
    4 |     10.2610 |      0.0000 |   0.0000 | 0.0000 | 1.8691
    5 |      2.9810 |      0.0000 |   0.0000 | 0.0000 | 3.5519
    6 |      2.9830 |      0.0000 |   0.0000 | 0.0000 | 3.3188
    7 |      3.0278 |      0.0000 |   0.0000 | 0.0000 | 3.4205
    8 |      6.1146 |      0.0000 |   0.0000 | 0.0000 | 1.3137
    9 |      0.0468 |      0.0000 |   0.0000 | 0.0000 | 0.4991

Fully Benchmark - Sum of stages 1-9:
Little Core: 57.8907 ms
Medium Core: 0.0000 ms
Big Core: 0.0000 ms
Vulkan: 0.0000 ms
CUDA: 33.6049 ms

Performance Comparison (Fully vs Normal):
Processor  | Normal (ms) | Fully (ms) | Ratio
-----------|-------------|------------|-------
Little Core|       51.68 |      57.89 |  1.12x
CUDA       |       31.27 |      33.60 |  1.07x

### PYTHON_DATA_START ###
# NORMAL_BENCHMARK_DATA
stage,little,medium,big,vulkan,cuda
1,8.8786,0.0000,0.0000,0.0000,11.9160
2,17.2193,0.0000,0.0000,0.0000,2.9308
3,4.4615,0.0000,0.0000,0.0000,4.8449
4,8.6499,0.0000,0.0000,0.0000,1.8096
5,2.5562,0.0000,0.0000,0.0000,2.7339
6,2.5092,0.0000,0.0000,0.0000,2.6651
7,2.5312,0.0000,0.0000,0.0000,2.7104
8,4.8519,0.0000,0.0000,0.0000,1.3505
9,0.0245,0.0000,0.0000,0.0000,0.3117
# FULLY_BENCHMARK_DATA
stage,little,medium,big,vulkan,cuda
1,8.9398,0.0000,0.0000,0.0000,10.3081
2,18.5451,0.0000,0.0000,0.0000,3.3160
3,4.9914,0.0000,0.0000,0.0000,6.0077
4,10.2610,0.0000,0.0000,0.0000,1.8691
5,2.9810,0.0000,0.0000,0.0000,3.5519
6,2.9830,0.0000,0.0000,0.0000,3.3188
7,3.0278,0.0000,0.0000,0.0000,3.4205
8,6.1146,0.0000,0.0000,0.0000,1.3137
9,0.0468,0.0000,0.0000,0.0000,0.4991
### PYTHON_DATA_END ###
