[2025-04-24 15:29:12.256] [info] Pinable Lit cores: 0 1 2 3 
[2025-04-24 15:29:12.256] [info] Pinable Med cores: 
[2025-04-24 15:29:12.256] [info] Pinable Big cores: 
Stage: 1 by Little
	Count 	119
	Average 	8.4272 ms
Stage: 1 by CUDA
	Count 	105
	Average 	9.5275 ms
Stage: 2 by Little
	Count 	62
	Average 	16.4558 ms
Stage: 2 by CUDA
	Count 	315
	Average 	3.1751 ms
Stage: 3 by Little
	Count 	229
	Average 	4.3746 ms
Stage: 3 by CUDA
	Count 	199
	Average 	5.0356 ms
Stage: 4 by Little
	Count 	116
	Average 	8.6256 ms
Stage: 4 by CUDA
	Count 	496
	Average 	2.0185 ms
Stage: 5 by Little
	Count 	393
	Average 	2.5484 ms
Stage: 5 by CUDA
	Count 	358
	Average 	2.7946 ms
Stage: 6 by Little
	Count 	392
	Average 	2.5556 ms
Stage: 6 by CUDA
	Count 	328
	Average 	3.0570 ms
Stage: 7 by Little
	Count 	387
	Average 	2.5901 ms
Stage: 7 by CUDA
	Count 	353
	Average 	2.8332 ms
Stage: 8 by Little
	Count 	210
	Average 	4.7828 ms
Stage: 8 by CUDA
	Count 	764
	Average 	1.3096 ms
Stage: 9 by Little
	Count 	41641
	Average 	0.0240 ms
Stage: 9 by CUDA
	Count 	1767
	Average 	0.5662 ms
Stage: 1
	Little 	8.9665 ms 	(112)
	Medium 	inf ms 	(0)
	Big    	inf ms 	(0)
	CUDA   	9.6562 ms 	(104)
Stage: 2
	Little 	18.6082 ms 	(54)
	Medium 	inf ms 	(0)
	Big    	inf ms 	(0)
	CUDA   	3.0918 ms 	(325)
Stage: 3
	Little 	4.7562 ms 	(211)
	Medium 	inf ms 	(0)
	Big    	inf ms 	(0)
	CUDA   	5.3098 ms 	(189)
Stage: 4
	Little 	10.0368 ms 	(100)
	Medium 	inf ms 	(0)
	Big    	inf ms 	(0)
	CUDA   	1.9796 ms 	(507)
Stage: 5
	Little 	3.0097 ms 	(333)
	Medium 	inf ms 	(0)
	Big    	inf ms 	(0)
	CUDA   	3.5415 ms 	(283)
Stage: 6
	Little 	3.0371 ms 	(330)
	Medium 	inf ms 	(0)
	Big    	inf ms 	(0)
	CUDA   	3.7821 ms 	(265)
Stage: 7
	Little 	2.9543 ms 	(339)
	Medium 	inf ms 	(0)
	Big    	inf ms 	(0)
	CUDA   	3.4416 ms 	(291)
Stage: 8
	Little 	6.0649 ms 	(165)
	Medium 	inf ms 	(0)
	Big    	inf ms 	(0)
	CUDA   	1.3450 ms 	(744)
Stage: 9
	Little 	0.0411 ms 	(24479)
	Medium 	inf ms 	(0)
	Big    	inf ms 	(0)
	CUDA   	0.6184 ms 	(1625)

Normal Benchmark Results Table (ms per task):
Stage | Little Core | Medium Core | Big Core | Vulkan | CUDA
------|------------|-------------|----------|--------|-------
    1 |      8.4272 |      0.0000 |   0.0000 | 0.0000 | 9.5275
    2 |     16.4558 |      0.0000 |   0.0000 | 0.0000 | 3.1751
    3 |      4.3746 |      0.0000 |   0.0000 | 0.0000 | 5.0356
    4 |      8.6256 |      0.0000 |   0.0000 | 0.0000 | 2.0185
    5 |      2.5484 |      0.0000 |   0.0000 | 0.0000 | 2.7946
    6 |      2.5556 |      0.0000 |   0.0000 | 0.0000 | 3.0570
    7 |      2.5901 |      0.0000 |   0.0000 | 0.0000 | 2.8332
    8 |      4.7828 |      0.0000 |   0.0000 | 0.0000 | 1.3096
    9 |      0.0240 |      0.0000 |   0.0000 | 0.0000 | 0.5662

Normal Benchmark - Sum of stages 1-9:
Little Core: 50.3841 ms
Medium Core: 0.0000 ms
Big Core: 0.0000 ms
Vulkan: 0.0000 ms
CUDA: 30.3174 ms

Fully Benchmark Results Table (ms per task):
Stage | Little Core | Medium Core | Big Core | Vulkan | CUDA
------|-------------|-------------|----------|--------|-------
    1 |      8.9665 |      0.0000 |   0.0000 | 0.0000 | 9.6562
    2 |     18.6082 |      0.0000 |   0.0000 | 0.0000 | 3.0918
    3 |      4.7562 |      0.0000 |   0.0000 | 0.0000 | 5.3098
    4 |     10.0368 |      0.0000 |   0.0000 | 0.0000 | 1.9796
    5 |      3.0097 |      0.0000 |   0.0000 | 0.0000 | 3.5415
    6 |      3.0371 |      0.0000 |   0.0000 | 0.0000 | 3.7821
    7 |      2.9543 |      0.0000 |   0.0000 | 0.0000 | 3.4416
    8 |      6.0649 |      0.0000 |   0.0000 | 0.0000 | 1.3450
    9 |      0.0411 |      0.0000 |   0.0000 | 0.0000 | 0.6184

Fully Benchmark - Sum of stages 1-9:
Little Core: 57.4747 ms
Medium Core: 0.0000 ms
Big Core: 0.0000 ms
Vulkan: 0.0000 ms
CUDA: 32.7661 ms

Performance Comparison (Fully vs Normal):
Processor  | Normal (ms) | Fully (ms) | Ratio
-----------|-------------|------------|-------
Little Core|       50.38 |      57.47 |  1.14x
CUDA       |       30.32 |      32.77 |  1.08x

### PYTHON_DATA_START ###
# NORMAL_BENCHMARK_DATA
stage,little,medium,big,vulkan,cuda
1,8.4272,0.0000,0.0000,0.0000,9.5275
2,16.4558,0.0000,0.0000,0.0000,3.1751
3,4.3746,0.0000,0.0000,0.0000,5.0356
4,8.6256,0.0000,0.0000,0.0000,2.0185
5,2.5484,0.0000,0.0000,0.0000,2.7946
6,2.5556,0.0000,0.0000,0.0000,3.0570
7,2.5901,0.0000,0.0000,0.0000,2.8332
8,4.7828,0.0000,0.0000,0.0000,1.3096
9,0.0240,0.0000,0.0000,0.0000,0.5662
# FULLY_BENCHMARK_DATA
stage,little,medium,big,vulkan,cuda
1,8.9665,0.0000,0.0000,0.0000,9.6562
2,18.6082,0.0000,0.0000,0.0000,3.0918
3,4.7562,0.0000,0.0000,0.0000,5.3098
4,10.0368,0.0000,0.0000,0.0000,1.9796
5,3.0097,0.0000,0.0000,0.0000,3.5415
6,3.0371,0.0000,0.0000,0.0000,3.7821
7,2.9543,0.0000,0.0000,0.0000,3.4416
8,6.0649,0.0000,0.0000,0.0000,1.3450
9,0.0411,0.0000,0.0000,0.0000,0.6184
### PYTHON_DATA_END ###
