[2025-04-24 13:54:29.672] [info] Pinable Lit cores: 0 1 2 3 4 5 
[2025-04-24 13:54:29.672] [info] Pinable Med cores: 
[2025-04-24 13:54:29.672] [info] Pinable Big cores: 
Stage: 1 by Little
	Count 	242
	Average 	4.1474 ms
Stage: 1 by CUDA
	Count 	331
	Average 	3.0237 ms
Stage: 2 by Little
	Count 	136
	Average 	7.4465 ms
Stage: 2 by CUDA
	Count 	555
	Average 	1.8028 ms
Stage: 3 by Little
	Count 	504
	Average 	1.9865 ms
Stage: 3 by CUDA
	Count 	438
	Average 	2.2826 ms
Stage: 4 by Little
	Count 	252
	Average 	3.9713 ms
Stage: 4 by CUDA
	Count 	727
	Average 	1.3752 ms
Stage: 5 by Little
	Count 	531
	Average 	1.8839 ms
Stage: 5 by CUDA
	Count 	669
	Average 	1.4959 ms
Stage: 6 by Little
	Count 	873
	Average 	1.1464 ms
Stage: 6 by CUDA
	Count 	655
	Average 	1.5269 ms
Stage: 7 by Little
	Count 	866
	Average 	1.1558 ms
Stage: 7 by CUDA
	Count 	715
	Average 	1.3987 ms
Stage: 8 by Little
	Count 	466
	Average 	2.1505 ms
Stage: 8 by CUDA
	Count 	962
	Average 	1.0396 ms
Stage: 9 by Little
	Count 	50754
	Average 	0.0197 ms
Stage: 9 by CUDA
	Count 	4124
	Average 	0.2426 ms
Stage: 1
	Little 	4.3380 ms 	(231)
	Medium 	inf ms 	(0)
	Big    	inf ms 	(0)
	CUDA   	3.8542 ms 	(260)
Stage: 2
	Little 	8.6625 ms 	(116)
	Medium 	inf ms 	(0)
	Big    	inf ms 	(0)
	CUDA   	1.4355 ms 	(700)
Stage: 3
	Little 	2.4227 ms 	(413)
	Medium 	inf ms 	(0)
	Big    	inf ms 	(0)
	CUDA   	2.7116 ms 	(369)
Stage: 4
	Little 	4.8722 ms 	(206)
	Medium 	inf ms 	(0)
	Big    	inf ms 	(0)
	CUDA   	1.2195 ms 	(823)
Stage: 5
	Little 	1.4435 ms 	(694)
	Medium 	inf ms 	(0)
	Big    	inf ms 	(0)
	CUDA   	1.9490 ms 	(514)
Stage: 6
	Little 	1.4581 ms 	(687)
	Medium 	inf ms 	(0)
	Big    	inf ms 	(0)
	CUDA   	2.3851 ms 	(420)
Stage: 7
	Little 	1.5657 ms 	(640)
	Medium 	inf ms 	(0)
	Big    	inf ms 	(0)
	CUDA   	1.8120 ms 	(553)
Stage: 8
	Little 	3.3564 ms 	(298)
	Medium 	inf ms 	(0)
	Big    	inf ms 	(0)
	CUDA   	0.9287 ms 	(1077)
Stage: 9
	Little 	0.0467 ms 	(21427)
	Medium 	inf ms 	(0)
	Big    	inf ms 	(0)
	CUDA   	0.4784 ms 	(2090)

Normal Benchmark Results Table (ms per task):
Stage | Little Core | Medium Core | Big Core | Vulkan | CUDA
------|------------|-------------|----------|--------|-------
    1 |      4.1474 |      0.0000 |   0.0000 | 0.0000 | 3.0237
    2 |      7.4465 |      0.0000 |   0.0000 | 0.0000 | 1.8028
    3 |      1.9865 |      0.0000 |   0.0000 | 0.0000 | 2.2826
    4 |      3.9713 |      0.0000 |   0.0000 | 0.0000 | 1.3752
    5 |      1.8839 |      0.0000 |   0.0000 | 0.0000 | 1.4959
    6 |      1.1464 |      0.0000 |   0.0000 | 0.0000 | 1.5269
    7 |      1.1558 |      0.0000 |   0.0000 | 0.0000 | 1.3987
    8 |      2.1505 |      0.0000 |   0.0000 | 0.0000 | 1.0396
    9 |      0.0197 |      0.0000 |   0.0000 | 0.0000 | 0.2426

Normal Benchmark - Sum of stages 1-9:
Little Core: 23.9080 ms
Medium Core: 0.0000 ms
Big Core: 0.0000 ms
Vulkan: 0.0000 ms
CUDA: 14.1882 ms

Fully Benchmark Results Table (ms per task):
Stage | Little Core | Medium Core | Big Core | Vulkan | CUDA
------|-------------|-------------|----------|--------|-------
    1 |      4.3380 |      0.0000 |   0.0000 | 0.0000 | 3.8542
    2 |      8.6625 |      0.0000 |   0.0000 | 0.0000 | 1.4355
    3 |      2.4227 |      0.0000 |   0.0000 | 0.0000 | 2.7116
    4 |      4.8722 |      0.0000 |   0.0000 | 0.0000 | 1.2195
    5 |      1.4435 |      0.0000 |   0.0000 | 0.0000 | 1.9490
    6 |      1.4581 |      0.0000 |   0.0000 | 0.0000 | 2.3851
    7 |      1.5657 |      0.0000 |   0.0000 | 0.0000 | 1.8120
    8 |      3.3564 |      0.0000 |   0.0000 | 0.0000 | 0.9287
    9 |      0.0467 |      0.0000 |   0.0000 | 0.0000 | 0.4784

Fully Benchmark - Sum of stages 1-9:
Little Core: 28.1658 ms
Medium Core: 0.0000 ms
Big Core: 0.0000 ms
Vulkan: 0.0000 ms
CUDA: 16.7739 ms

Performance Comparison (Fully vs Normal):
Processor  | Normal (ms) | Fully (ms) | Ratio
-----------|-------------|------------|-------
Little Core|       23.91 |      28.17 |  1.18x
CUDA       |       14.19 |      16.77 |  1.18x

### PYTHON_DATA_START ###
# NORMAL_BENCHMARK_DATA
stage,little,medium,big,vulkan,cuda
1,4.1474,0.0000,0.0000,0.0000,3.0237
2,7.4465,0.0000,0.0000,0.0000,1.8028
3,1.9865,0.0000,0.0000,0.0000,2.2826
4,3.9713,0.0000,0.0000,0.0000,1.3752
5,1.8839,0.0000,0.0000,0.0000,1.4959
6,1.1464,0.0000,0.0000,0.0000,1.5269
7,1.1558,0.0000,0.0000,0.0000,1.3987
8,2.1505,0.0000,0.0000,0.0000,1.0396
9,0.0197,0.0000,0.0000,0.0000,0.2426
# FULLY_BENCHMARK_DATA
stage,little,medium,big,vulkan,cuda
1,4.3380,0.0000,0.0000,0.0000,3.8542
2,8.6625,0.0000,0.0000,0.0000,1.4355
3,2.4227,0.0000,0.0000,0.0000,2.7116
4,4.8722,0.0000,0.0000,0.0000,1.2195
5,1.4435,0.0000,0.0000,0.0000,1.9490
6,1.4581,0.0000,0.0000,0.0000,2.3851
7,1.5657,0.0000,0.0000,0.0000,1.8120
8,3.3564,0.0000,0.0000,0.0000,0.9287
9,0.0467,0.0000,0.0000,0.0000,0.4784
### PYTHON_DATA_END ###
