[2025-04-24 14:05:27.152] [info] Pinable Lit cores: 0 1 2 3 4 5 
[2025-04-24 14:05:27.152] [info] Pinable Med cores: 
[2025-04-24 14:05:27.152] [info] Pinable Big cores: 
Stage: 1 by Little
	Count 	263
	Average 	3.8108 ms
Stage: 1 by CUDA
	Count 	324
	Average 	3.0884 ms
Stage: 2 by Little
	Count 	130
	Average 	7.7102 ms
Stage: 2 by CUDA
	Count 	538
	Average 	1.8587 ms
Stage: 3 by Little
	Count 	500
	Average 	2.0022 ms
Stage: 3 by CUDA
	Count 	480
	Average 	2.0840 ms
Stage: 4 by Little
	Count 	256
	Average 	3.9119 ms
Stage: 4 by CUDA
	Count 	694
	Average 	1.4419 ms
Stage: 5 by Little
	Count 	866
	Average 	1.1559 ms
Stage: 5 by CUDA
	Count 	705
	Average 	1.4192 ms
Stage: 6 by Little
	Count 	873
	Average 	1.1460 ms
Stage: 6 by CUDA
	Count 	640
	Average 	1.5635 ms
Stage: 7 by Little
	Count 	871
	Average 	1.1488 ms
Stage: 7 by CUDA
	Count 	710
	Average 	1.4097 ms
Stage: 8 by Little
	Count 	468
	Average 	2.1378 ms
Stage: 8 by CUDA
	Count 	1255
	Average 	0.7974 ms
Stage: 9 by Little
	Count 	49987
	Average 	0.0200 ms
Stage: 9 by CUDA
	Count 	2841
	Average 	0.3521 ms
Stage: 1
	Little 	4.2907 ms 	(234)
	Medium 	inf ms 	(0)
	Big    	inf ms 	(0)
	CUDA   	3.7186 ms 	(270)
Stage: 2
	Little 	8.7117 ms 	(115)
	Medium 	inf ms 	(0)
	Big    	inf ms 	(0)
	CUDA   	1.4251 ms 	(703)
Stage: 3
	Little 	2.4477 ms 	(409)
	Medium 	inf ms 	(0)
	Big    	inf ms 	(0)
	CUDA   	3.0336 ms 	(330)
Stage: 4
	Little 	5.0831 ms 	(197)
	Medium 	inf ms 	(0)
	Big    	inf ms 	(0)
	CUDA   	1.2517 ms 	(800)
Stage: 5
	Little 	1.4402 ms 	(695)
	Medium 	inf ms 	(0)
	Big    	inf ms 	(0)
	CUDA   	2.4119 ms 	(415)
Stage: 6
	Little 	1.5385 ms 	(655)
	Medium 	inf ms 	(0)
	Big    	inf ms 	(0)
	CUDA   	1.8223 ms 	(553)
Stage: 7
	Little 	1.4694 ms 	(681)
	Medium 	inf ms 	(0)
	Big    	inf ms 	(0)
	CUDA   	1.7587 ms 	(569)
Stage: 8
	Little 	2.8984 ms 	(345)
	Medium 	inf ms 	(0)
	Big    	inf ms 	(0)
	CUDA   	0.9794 ms 	(1021)
Stage: 9
	Little 	0.0321 ms 	(31192)
	Medium 	inf ms 	(0)
	Big    	inf ms 	(0)
	CUDA   	0.6462 ms 	(1548)

Normal Benchmark Results Table (ms per task):
Stage | Little Core | Medium Core | Big Core | Vulkan | CUDA
------|------------|-------------|----------|--------|-------
    1 |      3.8108 |      0.0000 |   0.0000 | 0.0000 | 3.0884
    2 |      7.7102 |      0.0000 |   0.0000 | 0.0000 | 1.8587
    3 |      2.0022 |      0.0000 |   0.0000 | 0.0000 | 2.0840
    4 |      3.9119 |      0.0000 |   0.0000 | 0.0000 | 1.4419
    5 |      1.1559 |      0.0000 |   0.0000 | 0.0000 | 1.4192
    6 |      1.1460 |      0.0000 |   0.0000 | 0.0000 | 1.5635
    7 |      1.1488 |      0.0000 |   0.0000 | 0.0000 | 1.4097
    8 |      2.1378 |      0.0000 |   0.0000 | 0.0000 | 0.7974
    9 |      0.0200 |      0.0000 |   0.0000 | 0.0000 | 0.3521

Normal Benchmark - Sum of stages 1-9:
Little Core: 23.0437 ms
Medium Core: 0.0000 ms
Big Core: 0.0000 ms
Vulkan: 0.0000 ms
CUDA: 14.0151 ms

Fully Benchmark Results Table (ms per task):
Stage | Little Core | Medium Core | Big Core | Vulkan | CUDA
------|-------------|-------------|----------|--------|-------
    1 |      4.2907 |      0.0000 |   0.0000 | 0.0000 | 3.7186
    2 |      8.7117 |      0.0000 |   0.0000 | 0.0000 | 1.4251
    3 |      2.4477 |      0.0000 |   0.0000 | 0.0000 | 3.0336
    4 |      5.0831 |      0.0000 |   0.0000 | 0.0000 | 1.2517
    5 |      1.4402 |      0.0000 |   0.0000 | 0.0000 | 2.4119
    6 |      1.5385 |      0.0000 |   0.0000 | 0.0000 | 1.8223
    7 |      1.4694 |      0.0000 |   0.0000 | 0.0000 | 1.7587
    8 |      2.8984 |      0.0000 |   0.0000 | 0.0000 | 0.9794
    9 |      0.0321 |      0.0000 |   0.0000 | 0.0000 | 0.6462

Fully Benchmark - Sum of stages 1-9:
Little Core: 27.9116 ms
Medium Core: 0.0000 ms
Big Core: 0.0000 ms
Vulkan: 0.0000 ms
CUDA: 17.0474 ms

Performance Comparison (Fully vs Normal):
Processor  | Normal (ms) | Fully (ms) | Ratio
-----------|-------------|------------|-------
Little Core|       23.04 |      27.91 |  1.21x
CUDA       |       14.02 |      17.05 |  1.22x

### PYTHON_DATA_START ###
# NORMAL_BENCHMARK_DATA
stage,little,medium,big,vulkan,cuda
1,3.8108,0.0000,0.0000,0.0000,3.0884
2,7.7102,0.0000,0.0000,0.0000,1.8587
3,2.0022,0.0000,0.0000,0.0000,2.0840
4,3.9119,0.0000,0.0000,0.0000,1.4419
5,1.1559,0.0000,0.0000,0.0000,1.4192
6,1.1460,0.0000,0.0000,0.0000,1.5635
7,1.1488,0.0000,0.0000,0.0000,1.4097
8,2.1378,0.0000,0.0000,0.0000,0.7974
9,0.0200,0.0000,0.0000,0.0000,0.3521
# FULLY_BENCHMARK_DATA
stage,little,medium,big,vulkan,cuda
1,4.2907,0.0000,0.0000,0.0000,3.7186
2,8.7117,0.0000,0.0000,0.0000,1.4251
3,2.4477,0.0000,0.0000,0.0000,3.0336
4,5.0831,0.0000,0.0000,0.0000,1.2517
5,1.4402,0.0000,0.0000,0.0000,2.4119
6,1.5385,0.0000,0.0000,0.0000,1.8223
7,1.4694,0.0000,0.0000,0.0000,1.7587
8,2.8984,0.0000,0.0000,0.0000,0.9794
9,0.0321,0.0000,0.0000,0.0000,0.6462
### PYTHON_DATA_END ###
