[2025-04-24 21:01:37.179] [info] Pinable Lit cores: 0 1 2 3 4 5 
[2025-04-24 21:01:37.180] [info] Pinable Med cores: 
[2025-04-24 21:01:37.180] [info] Pinable Big cores: 
Stage: 1 by Little
	Count 	240
	Average 	4.1769 ms
Stage: 1 by CUDA
	Count 	289
	Average 	3.4646 ms
Stage: 2 by Little
	Count 	138
	Average 	7.2985 ms
Stage: 2 by CUDA
	Count 	622
	Average 	1.6081 ms
Stage: 3 by Little
	Count 	507
	Average 	1.9780 ms
Stage: 3 by CUDA
	Count 	444
	Average 	2.2538 ms
Stage: 4 by Little
	Count 	245
	Average 	4.0986 ms
Stage: 4 by CUDA
	Count 	807
	Average 	1.2392 ms
Stage: 5 by Little
	Count 	850
	Average 	1.1769 ms
Stage: 5 by CUDA
	Count 	687
	Average 	1.4560 ms
Stage: 6 by Little
	Count 	883
	Average 	1.1357 ms
Stage: 6 by CUDA
	Count 	690
	Average 	1.4491 ms
Stage: 7 by Little
	Count 	879
	Average 	1.1392 ms
Stage: 7 by CUDA
	Count 	694
	Average 	1.4418 ms
Stage: 8 by Little
	Count 	465
	Average 	2.1548 ms
Stage: 8 by CUDA
	Count 	1232
	Average 	0.8118 ms
Stage: 9 by Little
	Count 	51563
	Average 	0.0194 ms
Stage: 9 by CUDA
	Count 	2543
	Average 	0.3931 ms
Stage: 1
	Little 	4.2701 ms 	(237)
	Medium 	inf ms 	(0)
	Big    	inf ms 	(0)
	CUDA   	3.6015 ms 	(281)
Stage: 2
	Little 	13.4138 ms 	(75)
	Medium 	inf ms 	(0)
	Big    	inf ms 	(0)
	CUDA   	1.4580 ms 	(690)
Stage: 3
	Little 	2.4561 ms 	(408)
	Medium 	inf ms 	(0)
	Big    	inf ms 	(0)
	CUDA   	3.0367 ms 	(330)
Stage: 4
	Little 	4.7868 ms 	(209)
	Medium 	inf ms 	(0)
	Big    	inf ms 	(0)
	CUDA   	1.2926 ms 	(774)
Stage: 5
	Little 	1.4591 ms 	(686)
	Medium 	inf ms 	(0)
	Big    	inf ms 	(0)
	CUDA   	1.9666 ms 	(509)
Stage: 6
	Little 	1.4840 ms 	(674)
	Medium 	inf ms 	(0)
	Big    	inf ms 	(0)
	CUDA   	1.8120 ms 	(552)
Stage: 7
	Little 	1.4822 ms 	(675)
	Medium 	inf ms 	(0)
	Big    	inf ms 	(0)
	CUDA   	1.6814 ms 	(595)
Stage: 8
	Little 	2.7995 ms 	(358)
	Medium 	inf ms 	(0)
	Big    	inf ms 	(0)
	CUDA   	1.0022 ms 	(1000)
Stage: 9
	Little 	0.0465 ms 	(21480)
	Medium 	inf ms 	(0)
	Big    	inf ms 	(0)
	CUDA   	0.1843 ms 	(5424)

Normal Benchmark Results Table (ms per task):
Stage | Little Core | Medium Core | Big Core | Vulkan | CUDA
------|------------|-------------|----------|--------|-------
    1 |      4.1769 |      0.0000 |   0.0000 | 0.0000 | 3.4646
    2 |      7.2985 |      0.0000 |   0.0000 | 0.0000 | 1.6081
    3 |      1.9780 |      0.0000 |   0.0000 | 0.0000 | 2.2538
    4 |      4.0986 |      0.0000 |   0.0000 | 0.0000 | 1.2392
    5 |      1.1769 |      0.0000 |   0.0000 | 0.0000 | 1.4560
    6 |      1.1357 |      0.0000 |   0.0000 | 0.0000 | 1.4491
    7 |      1.1392 |      0.0000 |   0.0000 | 0.0000 | 1.4418
    8 |      2.1548 |      0.0000 |   0.0000 | 0.0000 | 0.8118
    9 |      0.0194 |      0.0000 |   0.0000 | 0.0000 | 0.3931

Normal Benchmark - Sum of stages 1-9:
Little Core: 23.1780 ms
Medium Core: 0.0000 ms
Big Core: 0.0000 ms
Vulkan: 0.0000 ms
CUDA: 14.1176 ms

Fully Benchmark Results Table (ms per task):
Stage | Little Core | Medium Core | Big Core | Vulkan | CUDA
------|-------------|-------------|----------|--------|-------
    1 |      4.2701 |      0.0000 |   0.0000 | 0.0000 | 3.6015
    2 |     13.4138 |      0.0000 |   0.0000 | 0.0000 | 1.4580
    3 |      2.4561 |      0.0000 |   0.0000 | 0.0000 | 3.0367
    4 |      4.7868 |      0.0000 |   0.0000 | 0.0000 | 1.2926
    5 |      1.4591 |      0.0000 |   0.0000 | 0.0000 | 1.9666
    6 |      1.4840 |      0.0000 |   0.0000 | 0.0000 | 1.8120
    7 |      1.4822 |      0.0000 |   0.0000 | 0.0000 | 1.6814
    8 |      2.7995 |      0.0000 |   0.0000 | 0.0000 | 1.0022
    9 |      0.0465 |      0.0000 |   0.0000 | 0.0000 | 0.1843

Fully Benchmark - Sum of stages 1-9:
Little Core: 32.1981 ms
Medium Core: 0.0000 ms
Big Core: 0.0000 ms
Vulkan: 0.0000 ms
CUDA: 16.0352 ms

Performance Comparison (Fully vs Normal):
Processor  | Normal (ms) | Fully (ms) | Ratio
-----------|-------------|------------|-------
Little Core|       23.18 |      32.20 |  1.39x
CUDA       |       14.12 |      16.04 |  1.14x

### PYTHON_DATA_START ###
# NORMAL_BENCHMARK_DATA
stage,little,medium,big,vulkan,cuda
1,4.1769,0.0000,0.0000,0.0000,3.4646
2,7.2985,0.0000,0.0000,0.0000,1.6081
3,1.9780,0.0000,0.0000,0.0000,2.2538
4,4.0986,0.0000,0.0000,0.0000,1.2392
5,1.1769,0.0000,0.0000,0.0000,1.4560
6,1.1357,0.0000,0.0000,0.0000,1.4491
7,1.1392,0.0000,0.0000,0.0000,1.4418
8,2.1548,0.0000,0.0000,0.0000,0.8118
9,0.0194,0.0000,0.0000,0.0000,0.3931
# FULLY_BENCHMARK_DATA
stage,little,medium,big,vulkan,cuda
1,4.2701,0.0000,0.0000,0.0000,3.6015
2,13.4138,0.0000,0.0000,0.0000,1.4580
3,2.4561,0.0000,0.0000,0.0000,3.0367
4,4.7868,0.0000,0.0000,0.0000,1.2926
5,1.4591,0.0000,0.0000,0.0000,1.9666
6,1.4840,0.0000,0.0000,0.0000,1.8120
7,1.4822,0.0000,0.0000,0.0000,1.6814
8,2.7995,0.0000,0.0000,0.0000,1.0022
9,0.0465,0.0000,0.0000,0.0000,0.1843
### PYTHON_DATA_END ###
