[2025-04-24 14:05:33.005] [info] Pinable Lit cores: 0 1 2 3 
[2025-04-24 14:05:33.006] [info] Pinable Med cores: 
[2025-04-24 14:05:33.006] [info] Pinable Big cores: 
Stage: 1 by Little
	Count 	120
	Average 	8.3578 ms
Stage: 1 by CUDA
	Count 	108
	Average 	9.2994 ms
Stage: 2 by Little
	Count 	62
	Average 	16.2884 ms
Stage: 2 by CUDA
	Count 	340
	Average 	2.9409 ms
Stage: 3 by Little
	Count 	226
	Average 	4.4524 ms
Stage: 3 by CUDA
	Count 	199
	Average 	5.0400 ms
Stage: 4 by Little
	Count 	116
	Average 	8.6875 ms
Stage: 4 by CUDA
	Count 	511
	Average 	1.9586 ms
Stage: 5 by Little
	Count 	404
	Average 	2.4968 ms
Stage: 5 by CUDA
	Count 	375
	Average 	2.6724 ms
Stage: 6 by Little
	Count 	392
	Average 	2.5576 ms
Stage: 6 by CUDA
	Count 	389
	Average 	2.5744 ms
Stage: 7 by Little
	Count 	384
	Average 	2.6095 ms
Stage: 7 by CUDA
	Count 	384
	Average 	2.6043 ms
Stage: 8 by Little
	Count 	211
	Average 	4.7561 ms
Stage: 8 by CUDA
	Count 	743
	Average 	1.3459 ms
Stage: 9 by Little
	Count 	41990
	Average 	0.0238 ms
Stage: 9 by CUDA
	Count 	1833
	Average 	0.5457 ms
Stage: 1
	Little 	8.8870 ms 	(113)
	Medium 	inf ms 	(0)
	Big    	inf ms 	(0)
	CUDA   	10.3529 ms 	(97)
Stage: 2
	Little 	17.1786 ms 	(59)
	Medium 	inf ms 	(0)
	Big    	inf ms 	(0)
	CUDA   	3.2278 ms 	(314)
Stage: 3
	Little 	4.9789 ms 	(201)
	Medium 	inf ms 	(0)
	Big    	inf ms 	(0)
	CUDA   	5.4987 ms 	(182)
Stage: 4
	Little 	10.0755 ms 	(100)
	Medium 	inf ms 	(0)
	Big    	inf ms 	(0)
	CUDA   	1.8352 ms 	(549)
Stage: 5
	Little 	3.1817 ms 	(315)
	Medium 	inf ms 	(0)
	Big    	inf ms 	(0)
	CUDA   	3.9303 ms 	(255)
Stage: 6
	Little 	3.0551 ms 	(328)
	Medium 	inf ms 	(0)
	Big    	inf ms 	(0)
	CUDA   	3.6307 ms 	(276)
Stage: 7
	Little 	3.1220 ms 	(321)
	Medium 	inf ms 	(0)
	Big    	inf ms 	(0)
	CUDA   	3.3517 ms 	(299)
Stage: 8
	Little 	6.2572 ms 	(160)
	Medium 	inf ms 	(0)
	Big    	inf ms 	(0)
	CUDA   	1.3208 ms 	(758)
Stage: 9
	Little 	0.0563 ms 	(17778)
	Medium 	inf ms 	(0)
	Big    	inf ms 	(0)
	CUDA   	0.3642 ms 	(2746)

Normal Benchmark Results Table (ms per task):
Stage | Little Core | Medium Core | Big Core | Vulkan | CUDA
------|------------|-------------|----------|--------|-------
    1 |      8.3578 |      0.0000 |   0.0000 | 0.0000 | 9.2994
    2 |     16.2884 |      0.0000 |   0.0000 | 0.0000 | 2.9409
    3 |      4.4524 |      0.0000 |   0.0000 | 0.0000 | 5.0400
    4 |      8.6875 |      0.0000 |   0.0000 | 0.0000 | 1.9586
    5 |      2.4968 |      0.0000 |   0.0000 | 0.0000 | 2.6724
    6 |      2.5576 |      0.0000 |   0.0000 | 0.0000 | 2.5744
    7 |      2.6095 |      0.0000 |   0.0000 | 0.0000 | 2.6043
    8 |      4.7561 |      0.0000 |   0.0000 | 0.0000 | 1.3459
    9 |      0.0238 |      0.0000 |   0.0000 | 0.0000 | 0.5457

Normal Benchmark - Sum of stages 1-9:
Little Core: 50.2299 ms
Medium Core: 0.0000 ms
Big Core: 0.0000 ms
Vulkan: 0.0000 ms
CUDA: 28.9816 ms

Fully Benchmark Results Table (ms per task):
Stage | Little Core | Medium Core | Big Core | Vulkan | CUDA
------|-------------|-------------|----------|--------|-------
    1 |      8.8870 |      0.0000 |   0.0000 | 0.0000 | 10.3529
    2 |     17.1786 |      0.0000 |   0.0000 | 0.0000 | 3.2278
    3 |      4.9789 |      0.0000 |   0.0000 | 0.0000 | 5.4987
    4 |     10.0755 |      0.0000 |   0.0000 | 0.0000 | 1.8352
    5 |      3.1817 |      0.0000 |   0.0000 | 0.0000 | 3.9303
    6 |      3.0551 |      0.0000 |   0.0000 | 0.0000 | 3.6307
    7 |      3.1220 |      0.0000 |   0.0000 | 0.0000 | 3.3517
    8 |      6.2572 |      0.0000 |   0.0000 | 0.0000 | 1.3208
    9 |      0.0563 |      0.0000 |   0.0000 | 0.0000 | 0.3642

Fully Benchmark - Sum of stages 1-9:
Little Core: 56.7922 ms
Medium Core: 0.0000 ms
Big Core: 0.0000 ms
Vulkan: 0.0000 ms
CUDA: 33.5123 ms

Performance Comparison (Fully vs Normal):
Processor  | Normal (ms) | Fully (ms) | Ratio
-----------|-------------|------------|-------
Little Core|       50.23 |      56.79 |  1.13x
CUDA       |       28.98 |      33.51 |  1.16x

### PYTHON_DATA_START ###
# NORMAL_BENCHMARK_DATA
stage,little,medium,big,vulkan,cuda
1,8.3578,0.0000,0.0000,0.0000,9.2994
2,16.2884,0.0000,0.0000,0.0000,2.9409
3,4.4524,0.0000,0.0000,0.0000,5.0400
4,8.6875,0.0000,0.0000,0.0000,1.9586
5,2.4968,0.0000,0.0000,0.0000,2.6724
6,2.5576,0.0000,0.0000,0.0000,2.5744
7,2.6095,0.0000,0.0000,0.0000,2.6043
8,4.7561,0.0000,0.0000,0.0000,1.3459
9,0.0238,0.0000,0.0000,0.0000,0.5457
# FULLY_BENCHMARK_DATA
stage,little,medium,big,vulkan,cuda
1,8.8870,0.0000,0.0000,0.0000,10.3529
2,17.1786,0.0000,0.0000,0.0000,3.2278
3,4.9789,0.0000,0.0000,0.0000,5.4987
4,10.0755,0.0000,0.0000,0.0000,1.8352
5,3.1817,0.0000,0.0000,0.0000,3.9303
6,3.0551,0.0000,0.0000,0.0000,3.6307
7,3.1220,0.0000,0.0000,0.0000,3.3517
8,6.2572,0.0000,0.0000,0.0000,1.3208
9,0.0563,0.0000,0.0000,0.0000,0.3642
### PYTHON_DATA_END ###
