
Running only on specified device: 3A021JEHN02756
Deploying and running 'bm-fully-tree-vk' on device: 3A021JEHN02756
build/android/arm64-v8a/release/bm-fully-tree-vk: 1 file pushed, 0 skipped. 515.7 MB/s (2814416 bytes in 0.005s)
[2025-04-24 21:49:27.713] [info] Pinable Lit cores: 0 1 2 3 
[2025-04-24 21:49:27.715] [info] Pinable Med cores: 4 5 
[2025-04-24 21:49:27.715] [info] Pinable Big cores: 6 7 
Stage: 1 by Little
	Count 	488
	Average 	2.0553 ms
Stage: 1 by Medium
	Count 	1361
	Average 	0.7568 ms
Stage: 1 by Big
	Count 	2021
	Average 	0.4953 ms
Stage: 1 by Vulkan
	Count 	693
	Average 	1.4502 ms
Stage: 2 by Little
	Count 	439
	Average 	2.2870 ms
Stage: 2 by Medium
	Count 	1385
	Average 	0.7227 ms
Stage: 2 by Big
	Count 	1584
	Average 	0.6319 ms
Stage: 2 by Vulkan
	Count 	40
	Average 	25.5750 ms
Stage: 3 by Little
	Count 	623
	Average 	1.6100 ms
Stage: 3 by Medium
	Count 	3955
	Average 	0.2531 ms
Stage: 3 by Big
	Count 	5001
	Average 	0.2002 ms
Stage: 3 by Vulkan
	Count 	4886
	Average 	0.2047 ms
Stage: 4 by Little
	Count 	93
	Average 	10.8172 ms
Stage: 4 by Medium
	Count 	198
	Average 	5.0758 ms
Stage: 4 by Big
	Count 	236
	Average 	4.2585 ms
Stage: 4 by Vulkan
	Count 	262
	Average 	3.8321 ms
Stage: 5 by Little
	Count 	1236
	Average 	0.8115 ms
Stage: 5 by Medium
	Count 	4823
	Average 	0.2075 ms
Stage: 5 by Big
	Count 	6193
	Average 	0.1616 ms
Stage: 5 by Vulkan
	Count 	1349
	Average 	0.7428 ms
Stage: 6 by Little
	Count 	1526
	Average 	0.6560 ms
Stage: 6 by Medium
	Count 	4587
	Average 	0.2182 ms
Stage: 6 by Big
	Count 	5076
	Average 	0.1972 ms
Stage: 6 by Vulkan
	Count 	4979
	Average 	0.2008 ms
Stage: 7 by Little
	Count 	243
	Average 	4.1276 ms
Stage: 7 by Medium
	Count 	598
	Average 	1.6756 ms
Stage: 7 by Big
	Count 	746
	Average 	1.3432 ms
Stage: 7 by Vulkan
	Count 	651
	Average 	1.5407 ms
Stage: 1
	Little 	2.5758 ms 	(389)
	Medium 	0.8016 ms 	(1250)
	Big    	0.6973 ms 	(1437)
	Vulkan 	0.8173 ms 	(1226)
Stage: 2
	Little 	3.7174 ms 	(276)
	Medium 	1.6959 ms 	(605)
	Big    	1.6959 ms 	(605)
	Vulkan 	21.8298 ms 	(47)
Stage: 3
	Little 	3.2013 ms 	(313)
	Medium 	0.3280 ms 	(3055)
	Big    	0.3095 ms 	(3237)
	Vulkan 	1.5205 ms 	(659)
Stage: 4
	Little 	9.2593 ms 	(108)
	Medium 	5.3476 ms 	(187)
	Big    	5.0505 ms 	(198)
	Vulkan 	1.3514 ms 	(740)
Stage: 5
	Little 	1.5066 ms 	(681)
	Medium 	0.2479 ms 	(4139)
	Big    	0.2464 ms 	(4164)
	Vulkan 	0.6071 ms 	(1690)
Stage: 6
	Little 	0.9183 ms 	(1090)
	Medium 	0.5105 ms 	(1961)
	Big    	0.4320 ms 	(2317)
	Vulkan 	0.4660 ms 	(2148)
Stage: 7
	Little 	5.8150 ms 	(173)
	Medium 	2.0489 ms 	(491)
	Big    	1.9496 ms 	(516)
	Vulkan 	1.5621 ms 	(644)

Normal Benchmark Results Table (ms per task):
Stage | Little Core | Medium Core | Big Core | Vulkan | CUDA
------|------------|-------------|----------|--------|-------
    1 |      2.0553 |      0.7568 |   0.4953 | 1.4502 | 0.0000
    2 |      2.2870 |      0.7227 |   0.6319 | 25.5750 | 0.0000
    3 |      1.6100 |      0.2531 |   0.2002 | 0.2047 | 0.0000
    4 |     10.8172 |      5.0758 |   4.2585 | 3.8321 | 0.0000
    5 |      0.8115 |      0.2075 |   0.1616 | 0.7428 | 0.0000
    6 |      0.6560 |      0.2182 |   0.1972 | 0.2008 | 0.0000
    7 |      4.1276 |      1.6756 |   1.3432 | 1.5407 | 0.0000

Normal Benchmark - Sum of stages 1-7:
Little Core: 22.3645 ms
Medium Core: 8.9098 ms
Big Core: 7.2879 ms
Vulkan: 33.5463 ms
CUDA: 0.0000 ms

Fully Benchmark Results Table (ms per task):
Stage | Little Core | Medium Core | Big Core | Vulkan | CUDA
------|-------------|-------------|----------|--------|-------
    1 |      2.5758 |      0.8016 |   0.6973 | 0.8173 | 0.0000
    2 |      3.7174 |      1.6959 |   1.6959 | 21.8298 | 0.0000
    3 |      3.2013 |      0.3280 |   0.3095 | 1.5205 | 0.0000
    4 |      9.2593 |      5.3476 |   5.0505 | 1.3514 | 0.0000
    5 |      1.5066 |      0.2479 |   0.2464 | 0.6071 | 0.0000
    6 |      0.9183 |      0.5105 |   0.4320 | 0.4660 | 0.0000
    7 |      5.8150 |      2.0489 |   1.9496 | 1.5621 | 0.0000

Fully Benchmark - Sum of stages 1-7:
Little Core: 26.9937 ms
Medium Core: 10.9803 ms
Big Core: 10.3812 ms
Vulkan: 28.1541 ms
CUDA: 0.0000 ms

Performance Comparison (Fully vs Normal):
Processor  | Normal (ms) | Fully (ms) | Ratio
-----------|-------------|------------|-------
Little Core|       22.36 |      26.99 |  1.21x
Medium Core|        8.91 |      10.98 |  1.23x
Big Core   |        7.29 |      10.38 |  1.42x
Vulkan     |       33.55 |      28.15 |  0.84x

### PYTHON_DATA_START ###
# NORMAL_BENCHMARK_DATA
stage,little,medium,big,vulkan,cuda
1,2.0553,0.7568,0.4953,1.4502,0.0000
2,2.2870,0.7227,0.6319,25.5750,0.0000
3,1.6100,0.2531,0.2002,0.2047,0.0000
4,10.8172,5.0758,4.2585,3.8321,0.0000
5,0.8115,0.2075,0.1616,0.7428,0.0000
6,0.6560,0.2182,0.1972,0.2008,0.0000
7,4.1276,1.6756,1.3432,1.5407,0.0000
# FULLY_BENCHMARK_DATA
stage,little,medium,big,vulkan,cuda
1,2.5758,0.8016,0.6973,0.8173,0.0000
2,3.7174,1.6959,1.6959,21.8298,0.0000
3,3.2013,0.3280,0.3095,1.5205,0.0000
4,9.2593,5.3476,5.0505,1.3514,0.0000
5,1.5066,0.2479,0.2464,0.6071,0.0000
6,0.9183,0.5105,0.4320,0.4660,0.0000
7,5.8150,2.0489,1.9496,1.5621,0.0000
### PYTHON_DATA_END ###
