
Running only on specified device: 3A021JEHN02756
Deploying and running 'bm-fully-tree-vk' on device: 3A021JEHN02756
build/android/arm64-v8a/release/bm-fully-tree-vk: 1 file pushed, 0 skipped. 489.6 MB/s (2814416 bytes in 0.005s)
[2025-04-24 22:02:09.103] [info] Pinable Lit cores: 0 1 2 3 
[2025-04-24 22:02:09.104] [info] Pinable Med cores: 4 5 
[2025-04-24 22:02:09.104] [info] Pinable Big cores: 6 7 
Stage: 1 by Little
	Count 	487
	Average 	2.0595 ms
Stage: 1 by Medium
	Count 	1351
	Average 	0.7587 ms
Stage: 1 by Big
	Count 	1953
	Average 	0.5131 ms
Stage: 1 by Vulkan
	Count 	715
	Average 	1.4042 ms
Stage: 2 by Little
	Count 	435
	Average 	2.3034 ms
Stage: 2 by Medium
	Count 	1397
	Average 	0.7409 ms
Stage: 2 by Big
	Count 	1604
	Average 	0.6247 ms
Stage: 2 by Vulkan
	Count 	41
	Average 	24.8293 ms
Stage: 3 by Little
	Count 	640
	Average 	1.5688 ms
Stage: 3 by Medium
	Count 	3929
	Average 	0.2548 ms
Stage: 3 by Big
	Count 	4991
	Average 	0.2006 ms
Stage: 3 by Vulkan
	Count 	4871
	Average 	0.2053 ms
Stage: 4 by Little
	Count 	99
	Average 	10.1212 ms
Stage: 4 by Medium
	Count 	197
	Average 	5.0863 ms
Stage: 4 by Big
	Count 	234
	Average 	4.2821 ms
Stage: 4 by Vulkan
	Count 	243
	Average 	4.1317 ms
Stage: 5 by Little
	Count 	1198
	Average 	0.8364 ms
Stage: 5 by Medium
	Count 	4850
	Average 	0.2064 ms
Stage: 5 by Big
	Count 	6089
	Average 	0.1644 ms
Stage: 5 by Vulkan
	Count 	1261
	Average 	0.7938 ms
Stage: 6 by Little
	Count 	1590
	Average 	0.6296 ms
Stage: 6 by Medium
	Count 	4473
	Average 	0.2238 ms
Stage: 6 by Big
	Count 	5007
	Average 	0.1999 ms
Stage: 6 by Vulkan
	Count 	5009
	Average 	0.1996 ms
Stage: 7 by Little
	Count 	242
	Average 	4.1364 ms
Stage: 7 by Medium
	Count 	619
	Average 	1.6204 ms
Stage: 7 by Big
	Count 	729
	Average 	1.3745 ms
Stage: 7 by Vulkan
	Count 	608
	Average 	1.6513 ms
Stage: 1
	Little 	2.4777 ms 	(404)
	Medium 	0.8804 ms 	(1137)
	Big    	0.7079 ms 	(1414)
	Vulkan 	0.8079 ms 	(1239)
Stage: 2
	Little 	3.3246 ms 	(305)
	Medium 	1.6760 ms 	(605)
	Big    	1.5624 ms 	(649)
	Vulkan 	21.5745 ms 	(47)
Stage: 3
	Little 	3.3885 ms 	(296)
	Medium 	0.3299 ms 	(3040)
	Big    	0.3177 ms 	(3157)
	Vulkan 	1.5575 ms 	(644)
Stage: 4
	Little 	9.5094 ms 	(106)
	Medium 	5.3333 ms 	(189)
	Big    	5.3053 ms 	(190)
	Vulkan 	1.3640 ms 	(739)
Stage: 5
	Little 	1.3472 ms 	(743)
	Medium 	0.3299 ms 	(3034)
	Big    	0.2622 ms 	(3818)
	Vulkan 	0.5895 ms 	(1698)
Stage: 6
	Little 	0.9226 ms 	(1085)
	Medium 	0.7344 ms 	(1363)
	Big    	0.3999 ms 	(2503)
	Vulkan 	0.3741 ms 	(2676)
Stage: 7
	Little 	5.7644 ms 	(174)
	Medium 	2.0020 ms 	(501)
	Big    	2.0680 ms 	(485)
	Vulkan 	1.5360 ms 	(653)

Normal Benchmark Results Table (ms per task):
Stage | Little Core | Medium Core | Big Core | Vulkan | CUDA
------|------------|-------------|----------|--------|-------
    1 |      2.0595 |      0.7587 |   0.5131 | 1.4042 | 0.0000
    2 |      2.3034 |      0.7409 |   0.6247 | 24.8293 | 0.0000
    3 |      1.5688 |      0.2548 |   0.2006 | 0.2053 | 0.0000
    4 |     10.1212 |      5.0863 |   4.2821 | 4.1317 | 0.0000
    5 |      0.8364 |      0.2064 |   0.1644 | 0.7938 | 0.0000
    6 |      0.6296 |      0.2238 |   0.1999 | 0.1996 | 0.0000
    7 |      4.1364 |      1.6204 |   1.3745 | 1.6513 | 0.0000

Normal Benchmark - Sum of stages 1-7:
Little Core: 21.6553 ms
Medium Core: 8.8912 ms
Big Core: 7.3592 ms
Vulkan: 33.2152 ms
CUDA: 0.0000 ms

Fully Benchmark Results Table (ms per task):
Stage | Little Core | Medium Core | Big Core | Vulkan | CUDA
------|-------------|-------------|----------|--------|-------
    1 |      2.4777 |      0.8804 |   0.7079 | 0.8079 | 0.0000
    2 |      3.3246 |      1.6760 |   1.5624 | 21.5745 | 0.0000
    3 |      3.3885 |      0.3299 |   0.3177 | 1.5575 | 0.0000
    4 |      9.5094 |      5.3333 |   5.3053 | 1.3640 | 0.0000
    5 |      1.3472 |      0.3299 |   0.2622 | 0.5895 | 0.0000
    6 |      0.9226 |      0.7344 |   0.3999 | 0.3741 | 0.0000
    7 |      5.7644 |      2.0020 |   2.0680 | 1.5360 | 0.0000

Fully Benchmark - Sum of stages 1-7:
Little Core: 26.7344 ms
Medium Core: 11.2860 ms
Big Core: 10.6234 ms
Vulkan: 27.8034 ms
CUDA: 0.0000 ms

Performance Comparison (Fully vs Normal):
Processor  | Normal (ms) | Fully (ms) | Ratio
-----------|-------------|------------|-------
Little Core|       21.66 |      26.73 |  1.23x
Medium Core|        8.89 |      11.29 |  1.27x
Big Core   |        7.36 |      10.62 |  1.44x
Vulkan     |       33.22 |      27.80 |  0.84x

### PYTHON_DATA_START ###
# NORMAL_BENCHMARK_DATA
stage,little,medium,big,vulkan,cuda
1,2.0595,0.7587,0.5131,1.4042,0.0000
2,2.3034,0.7409,0.6247,24.8293,0.0000
3,1.5688,0.2548,0.2006,0.2053,0.0000
4,10.1212,5.0863,4.2821,4.1317,0.0000
5,0.8364,0.2064,0.1644,0.7938,0.0000
6,0.6296,0.2238,0.1999,0.1996,0.0000
7,4.1364,1.6204,1.3745,1.6513,0.0000
# FULLY_BENCHMARK_DATA
stage,little,medium,big,vulkan,cuda
1,2.4777,0.8804,0.7079,0.8079,0.0000
2,3.3246,1.6760,1.5624,21.5745,0.0000
3,3.3885,0.3299,0.3177,1.5575,0.0000
4,9.5094,5.3333,5.3053,1.3640,0.0000
5,1.3472,0.3299,0.2622,0.5895,0.0000
6,0.9226,0.7344,0.3999,0.3741,0.0000
7,5.7644,2.0020,2.0680,1.5360,0.0000
### PYTHON_DATA_END ###
