
Running only on specified device: 3A021JEHN02756
Deploying and running 'bm-fully-tree-vk' on device: 3A021JEHN02756
build/android/arm64-v8a/release/bm-fully-tree-vk: 1 file pushed, 0 skipped. 491.8 MB/s (2814416 bytes in 0.005s)
[2025-04-24 22:15:23.376] [info] Pinable Lit cores: 0 1 2 3 
[2025-04-24 22:15:23.377] [info] Pinable Med cores: 4 5 
[2025-04-24 22:15:23.377] [info] Pinable Big cores: 6 7 
Stage: 1 by Little
	Count 	490
	Average 	2.0531 ms
Stage: 1 by Medium
	Count 	1344
	Average 	0.7664 ms
Stage: 1 by Big
	Count 	1946
	Average 	0.5144 ms
Stage: 1 by Vulkan
	Count 	633
	Average 	1.5877 ms
Stage: 2 by Little
	Count 	439
	Average 	2.2847 ms
Stage: 2 by Medium
	Count 	1351
	Average 	0.7409 ms
Stage: 2 by Big
	Count 	1580
	Average 	0.6342 ms
Stage: 2 by Vulkan
	Count 	41
	Average 	24.4878 ms
Stage: 3 by Little
	Count 	668
	Average 	1.5015 ms
Stage: 3 by Medium
	Count 	3952
	Average 	0.2533 ms
Stage: 3 by Big
	Count 	4916
	Average 	0.2036 ms
Stage: 3 by Vulkan
	Count 	4673
	Average 	0.2140 ms
Stage: 4 by Little
	Count 	93
	Average 	10.8065 ms
Stage: 4 by Medium
	Count 	191
	Average 	5.2461 ms
Stage: 4 by Big
	Count 	231
	Average 	4.3420 ms
Stage: 4 by Vulkan
	Count 	249
	Average 	4.0361 ms
Stage: 5 by Little
	Count 	1197
	Average 	0.8371 ms
Stage: 5 by Medium
	Count 	4712
	Average 	0.2124 ms
Stage: 5 by Big
	Count 	6179
	Average 	0.1620 ms
Stage: 5 by Vulkan
	Count 	1319
	Average 	0.7597 ms
Stage: 6 by Little
	Count 	1562
	Average 	0.6408 ms
Stage: 6 by Medium
	Count 	4589
	Average 	0.2181 ms
Stage: 6 by Big
	Count 	4952
	Average 	0.2021 ms
Stage: 6 by Vulkan
	Count 	5016
	Average 	0.1994 ms
Stage: 7 by Little
	Count 	244
	Average 	4.1107 ms
Stage: 7 by Medium
	Count 	617
	Average 	1.6240 ms
Stage: 7 by Big
	Count 	742
	Average 	1.3504 ms
Stage: 7 by Vulkan
	Count 	551
	Average 	1.8203 ms
Stage: 1
	Little 	2.5214 ms 	(397)
	Medium 	0.7957 ms 	(1258)
	Big    	0.7201 ms 	(1390)
	Vulkan 	0.8105 ms 	(1235)
Stage: 2
	Little 	3.0619 ms 	(339)
	Medium 	1.3840 ms 	(750)
	Big    	1.2506 ms 	(830)
	Vulkan 	22.5652 ms 	(46)
Stage: 3
	Little 	3.3658 ms 	(298)
	Medium 	0.3216 ms 	(3119)
	Big    	0.3049 ms 	(3290)
	Vulkan 	1.5502 ms 	(647)
Stage: 4
	Little 	9.4717 ms 	(106)
	Medium 	5.2292 ms 	(192)
	Big    	5.2842 ms 	(190)
	Vulkan 	1.3678 ms 	(734)
Stage: 5
	Little 	1.4382 ms 	(696)
	Medium 	0.2535 ms 	(3948)
	Big    	0.2709 ms 	(3695)
	Vulkan 	0.5697 ms 	(1757)
Stage: 6
	Little 	0.8384 ms 	(1194)
	Medium 	0.5756 ms 	(1739)
	Big    	0.5084 ms 	(1969)
	Vulkan 	0.3498 ms 	(2862)
Stage: 7
	Little 	6.0727 ms 	(165)
	Medium 	2.0161 ms 	(497)
	Big    	2.1365 ms 	(469)
	Vulkan 	1.3064 ms 	(767)

Normal Benchmark Results Table (ms per task):
Stage | Little Core | Medium Core | Big Core | Vulkan | CUDA
------|------------|-------------|----------|--------|-------
    1 |      2.0531 |      0.7664 |   0.5144 | 1.5877 | 0.0000
    2 |      2.2847 |      0.7409 |   0.6342 | 24.4878 | 0.0000
    3 |      1.5015 |      0.2533 |   0.2036 | 0.2140 | 0.0000
    4 |     10.8065 |      5.2461 |   4.3420 | 4.0361 | 0.0000
    5 |      0.8371 |      0.2124 |   0.1620 | 0.7597 | 0.0000
    6 |      0.6408 |      0.2181 |   0.2021 | 0.1994 | 0.0000
    7 |      4.1107 |      1.6240 |   1.3504 | 1.8203 | 0.0000

Normal Benchmark - Sum of stages 1-7:
Little Core: 22.2343 ms
Medium Core: 9.0612 ms
Big Core: 7.4087 ms
Vulkan: 33.1050 ms
CUDA: 0.0000 ms

Fully Benchmark Results Table (ms per task):
Stage | Little Core | Medium Core | Big Core | Vulkan | CUDA
------|-------------|-------------|----------|--------|-------
    1 |      2.5214 |      0.7957 |   0.7201 | 0.8105 | 0.0000
    2 |      3.0619 |      1.3840 |   1.2506 | 22.5652 | 0.0000
    3 |      3.3658 |      0.3216 |   0.3049 | 1.5502 | 0.0000
    4 |      9.4717 |      5.2292 |   5.2842 | 1.3678 | 0.0000
    5 |      1.4382 |      0.2535 |   0.2709 | 0.5697 | 0.0000
    6 |      0.8384 |      0.5756 |   0.5084 | 0.3498 | 0.0000
    7 |      6.0727 |      2.0161 |   2.1365 | 1.3064 | 0.0000

Fully Benchmark - Sum of stages 1-7:
Little Core: 26.7701 ms
Medium Core: 10.5757 ms
Big Core: 10.4756 ms
Vulkan: 28.5197 ms
CUDA: 0.0000 ms

Performance Comparison (Fully vs Normal):
Processor  | Normal (ms) | Fully (ms) | Ratio
-----------|-------------|------------|-------
Little Core|       22.23 |      26.77 |  1.20x
Medium Core|        9.06 |      10.58 |  1.17x
Big Core   |        7.41 |      10.48 |  1.41x
Vulkan     |       33.10 |      28.52 |  0.86x

### PYTHON_DATA_START ###
# NORMAL_BENCHMARK_DATA
stage,little,medium,big,vulkan,cuda
1,2.0531,0.7664,0.5144,1.5877,0.0000
2,2.2847,0.7409,0.6342,24.4878,0.0000
3,1.5015,0.2533,0.2036,0.2140,0.0000
4,10.8065,5.2461,4.3420,4.0361,0.0000
5,0.8371,0.2124,0.1620,0.7597,0.0000
6,0.6408,0.2181,0.2021,0.1994,0.0000
7,4.1107,1.6240,1.3504,1.8203,0.0000
# FULLY_BENCHMARK_DATA
stage,little,medium,big,vulkan,cuda
1,2.5214,0.7957,0.7201,0.8105,0.0000
2,3.0619,1.3840,1.2506,22.5652,0.0000
3,3.3658,0.3216,0.3049,1.5502,0.0000
4,9.4717,5.2292,5.2842,1.3678,0.0000
5,1.4382,0.2535,0.2709,0.5697,0.0000
6,0.8384,0.5756,0.5084,0.3498,0.0000
7,6.0727,2.0161,2.1365,1.3064,0.0000
### PYTHON_DATA_END ###
