
Running only on specified device: 9b034f1b
Deploying and running 'bm-fully-cifar-sparse-vk' on device: 9b034f1b
build/android/arm64-v8a/release/bm-fully-cifar-sparse-vk: 1 file pushed, 0 skipped. 509.7 MB/s (2717648 bytes in 0.005s)
[2025-04-24 13:47:56.913] [info] Pinable Lit cores: 0 1 2 
[2025-04-24 13:47:56.913] [info] Pinable Med cores: 3 4 
[2025-04-24 13:47:56.913] [info] Pinable Big cores: 5 6 7 
Stage: 1 by Little
	Count 	30
	Average 	33.7333 ms
Stage: 1 by Medium
	Count 	140
	Average 	7.2000 ms
Stage: 1 by Big
	Count 	108
	Average 	9.3241 ms
Stage: 1 by Vulkan
	Count 	165
	Average 	6.1030 ms
Stage: 2 by Little
	Count 	37
	Average 	27.4595 ms
Stage: 2 by Medium
	Count 	58
	Average 	17.4483 ms
Stage: 2 by Big
	Count 	52
	Average 	19.3462 ms
Stage: 2 by Vulkan
	Count 	257
	Average 	3.8988 ms
Stage: 3 by Little
	Count 	58
	Average 	17.4483 ms
Stage: 3 by Medium
	Count 	263
	Average 	3.8099 ms
Stage: 3 by Big
	Count 	204
	Average 	4.9069 ms
Stage: 3 by Vulkan
	Count 	271
	Average 	3.7011 ms
Stage: 4 by Little
	Count 	72
	Average 	14.0556 ms
Stage: 4 by Medium
	Count 	119
	Average 	8.4118 ms
Stage: 4 by Big
	Count 	101
	Average 	9.9901 ms
Stage: 4 by Vulkan
	Count 	442
	Average 	2.2670 ms
Stage: 5 by Little
	Count 	101
	Average 	9.9505 ms
Stage: 5 by Medium
	Count 	446
	Average 	2.2466 ms
Stage: 5 by Big
	Count 	385
	Average 	2.6052 ms
Stage: 5 by Vulkan
	Count 	431
	Average 	2.3295 ms
Stage: 6 by Little
	Count 	108
	Average 	9.3704 ms
Stage: 6 by Medium
	Count 	447
	Average 	2.2394 ms
Stage: 6 by Big
	Count 	356
	Average 	2.8174 ms
Stage: 6 by Vulkan
	Count 	432
	Average 	2.3241 ms
Stage: 7 by Little
	Count 	107
	Average 	9.4019 ms
Stage: 7 by Medium
	Count 	445
	Average 	2.2517 ms
Stage: 7 by Big
	Count 	382
	Average 	2.6230 ms
Stage: 7 by Vulkan
	Count 	432
	Average 	2.3241 ms
Stage: 8 by Little
	Count 	138
	Average 	7.2899 ms
Stage: 8 by Medium
	Count 	227
	Average 	4.4229 ms
Stage: 8 by Big
	Count 	202
	Average 	4.9653 ms
Stage: 8 by Vulkan
	Count 	379
	Average 	2.6464 ms
Stage: 9 by Little
	Count 	31573
	Average 	0.0317 ms
Stage: 9 by Medium
	Count 	58988
	Average 	0.0170 ms
Stage: 9 by Big
	Count 	21746
	Average 	0.0460 ms
Stage: 9 by Vulkan
	Count 	1127
	Average 	0.8891 ms
Stage: 1
	Little 	35.9286 ms 	(28)
	Medium 	6.6623 ms 	(151)
	Big    	4.6574 ms 	(216)
	Vulkan 	3.6985 ms 	(272)
Stage: 2
	Little 	30.1471 ms 	(34)
	Medium 	15.5303 ms 	(66)
	Big    	10.0490 ms 	(102)
	Vulkan 	3.0415 ms 	(337)
Stage: 3
	Little 	18.7963 ms 	(54)
	Medium 	3.6250 ms 	(280)
	Big    	2.4877 ms 	(408)
	Vulkan 	2.4517 ms 	(414)
Stage: 4
	Little 	15.0448 ms 	(67)
	Medium 	8.0000 ms 	(126)
	Big    	5.0909 ms 	(198)
	Vulkan 	1.4933 ms 	(675)
Stage: 5
	Little 	10.0200 ms 	(100)
	Medium 	2.0702 ms 	(484)
	Big    	1.4153 ms 	(708)
	Vulkan 	1.3450 ms 	(745)
Stage: 6
	Little 	10.5474 ms 	(95)
	Medium 	2.1050 ms 	(476)
	Big    	1.4213 ms 	(705)
	Vulkan 	1.3468 ms 	(744)
Stage: 7
	Little 	10.1313 ms 	(99)
	Medium 	2.1027 ms 	(477)
	Big    	1.4247 ms 	(704)
	Vulkan 	1.3518 ms 	(742)
Stage: 8
	Little 	8.2893 ms 	(121)
	Medium 	4.1618 ms 	(241)
	Big    	2.7479 ms 	(365)
	Vulkan 	0.8791 ms 	(1141)
Stage: 9
	Little 	0.1197 ms 	(8366)
	Medium 	0.0168 ms 	(59571)
	Big    	0.0124 ms 	(80996)
	Vulkan 	0.3292 ms 	(3041)

Normal Benchmark Results Table (ms per task):
Stage | Little Core | Medium Core | Big Core | Vulkan | CUDA
------|------------|-------------|----------|--------|-------
    1 |     33.7333 |      7.2000 |   9.3241 | 6.1030 | 0.0000
    2 |     27.4595 |     17.4483 |  19.3462 | 3.8988 | 0.0000
    3 |     17.4483 |      3.8099 |   4.9069 | 3.7011 | 0.0000
    4 |     14.0556 |      8.4118 |   9.9901 | 2.2670 | 0.0000
    5 |      9.9505 |      2.2466 |   2.6052 | 2.3295 | 0.0000
    6 |      9.3704 |      2.2394 |   2.8174 | 2.3241 | 0.0000
    7 |      9.4019 |      2.2517 |   2.6230 | 2.3241 | 0.0000
    8 |      7.2899 |      4.4229 |   4.9653 | 2.6464 | 0.0000
    9 |      0.0317 |      0.0170 |   0.0460 | 0.8891 | 0.0000

Normal Benchmark - Sum of stages 1-9:
Little Core: 128.7409 ms
Medium Core: 48.0475 ms
Big Core: 56.6242 ms
Vulkan: 26.4831 ms
CUDA: 0.0000 ms

Fully Benchmark Results Table (ms per task):
Stage | Little Core | Medium Core | Big Core | Vulkan | CUDA
------|-------------|-------------|----------|--------|-------
    1 |     35.9286 |      6.6623 |   4.6574 | 3.6985 | 0.0000
    2 |     30.1471 |     15.5303 |  10.0490 | 3.0415 | 0.0000
    3 |     18.7963 |      3.6250 |   2.4877 | 2.4517 | 0.0000
    4 |     15.0448 |      8.0000 |   5.0909 | 1.4933 | 0.0000
    5 |     10.0200 |      2.0702 |   1.4153 | 1.3450 | 0.0000
    6 |     10.5474 |      2.1050 |   1.4213 | 1.3468 | 0.0000
    7 |     10.1313 |      2.1027 |   1.4247 | 1.3518 | 0.0000
    8 |      8.2893 |      4.1618 |   2.7479 | 0.8791 | 0.0000
    9 |      0.1197 |      0.0168 |   0.0124 | 0.3292 | 0.0000

Fully Benchmark - Sum of stages 1-9:
Little Core: 139.0243 ms
Medium Core: 44.2742 ms
Big Core: 29.3066 ms
Vulkan: 15.9368 ms
CUDA: 0.0000 ms

Performance Comparison (Fully vs Normal):
Processor  | Normal (ms) | Fully (ms) | Ratio
-----------|-------------|------------|-------
Little Core|      128.74 |     139.02 |  1.08x
Medium Core|       48.05 |      44.27 |  0.92x
Big Core   |       56.62 |      29.31 |  0.52x
Vulkan     |       26.48 |      15.94 |  0.60x

### PYTHON_DATA_START ###
# NORMAL_BENCHMARK_DATA
stage,little,medium,big,vulkan,cuda
1,33.7333,7.2000,9.3241,6.1030,0.0000
2,27.4595,17.4483,19.3462,3.8988,0.0000
3,17.4483,3.8099,4.9069,3.7011,0.0000
4,14.0556,8.4118,9.9901,2.2670,0.0000
5,9.9505,2.2466,2.6052,2.3295,0.0000
6,9.3704,2.2394,2.8174,2.3241,0.0000
7,9.4019,2.2517,2.6230,2.3241,0.0000
8,7.2899,4.4229,4.9653,2.6464,0.0000
9,0.0317,0.0170,0.0460,0.8891,0.0000
# FULLY_BENCHMARK_DATA
stage,little,medium,big,vulkan,cuda
1,35.9286,6.6623,4.6574,3.6985,0.0000
2,30.1471,15.5303,10.0490,3.0415,0.0000
3,18.7963,3.6250,2.4877,2.4517,0.0000
4,15.0448,8.0000,5.0909,1.4933,0.0000
5,10.0200,2.0702,1.4153,1.3450,0.0000
6,10.5474,2.1050,1.4213,1.3468,0.0000
7,10.1313,2.1027,1.4247,1.3518,0.0000
8,8.2893,4.1618,2.7479,0.8791,0.0000
9,0.1197,0.0168,0.0124,0.3292,0.0000
### PYTHON_DATA_END ###
