
Running only on specified device: 9b034f1b
Deploying and running 'bm-fully-cifar-sparse-vk' on device: 9b034f1b
build/android/arm64-v8a/release/bm-fully-cifar-sparse-vk: 1 file pushed, 0 skipped. 507.0 MB/s (2710480 bytes in 0.005s)
[2025-04-24 21:51:58.724] [info] Pinable Lit cores: 0 1 2 
[2025-04-24 21:51:58.724] [info] Pinable Med cores: 3 4 
[2025-04-24 21:51:58.724] [info] Pinable Big cores: 5 6 7 
Stage: 1 by Little
	Count 	30
	Average 	33.5000 ms
Stage: 1 by Medium
	Count 	151
	Average 	6.6623 ms
Stage: 1 by Big
	Count 	109
	Average 	9.2661 ms
Stage: 1 by Vulkan
	Count 	181
	Average 	5.5359 ms
Stage: 2 by Little
	Count 	37
	Average 	27.5676 ms
Stage: 2 by Medium
	Count 	62
	Average 	16.3065 ms
Stage: 2 by Big
	Count 	58
	Average 	17.5000 ms
Stage: 2 by Vulkan
	Count 	268
	Average 	3.7388 ms
Stage: 3 by Little
	Count 	58
	Average 	17.3276 ms
Stage: 3 by Medium
	Count 	282
	Average 	3.5603 ms
Stage: 3 by Big
	Count 	242
	Average 	4.1446 ms
Stage: 3 by Vulkan
	Count 	299
	Average 	3.3612 ms
Stage: 4 by Little
	Count 	72
	Average 	13.9583 ms
Stage: 4 by Medium
	Count 	119
	Average 	8.4370 ms
Stage: 4 by Big
	Count 	103
	Average 	9.7087 ms
Stage: 4 by Vulkan
	Count 	359
	Average 	2.7967 ms
Stage: 5 by Little
	Count 	107
	Average 	9.4579 ms
Stage: 5 by Medium
	Count 	474
	Average 	2.1118 ms
Stage: 5 by Big
	Count 	428
	Average 	2.3388 ms
Stage: 5 by Vulkan
	Count 	458
	Average 	2.1921 ms
Stage: 6 by Little
	Count 	107
	Average 	9.3925 ms
Stage: 6 by Medium
	Count 	472
	Average 	2.1208 ms
Stage: 6 by Big
	Count 	430
	Average 	2.3302 ms
Stage: 6 by Vulkan
	Count 	463
	Average 	2.1663 ms
Stage: 7 by Little
	Count 	107
	Average 	9.4112 ms
Stage: 7 by Medium
	Count 	474
	Average 	2.1139 ms
Stage: 7 by Big
	Count 	346
	Average 	2.8988 ms
Stage: 7 by Vulkan
	Count 	449
	Average 	2.2339 ms
Stage: 8 by Little
	Count 	138
	Average 	7.2971 ms
Stage: 8 by Medium
	Count 	226
	Average 	4.4381 ms
Stage: 8 by Big
	Count 	203
	Average 	4.9507 ms
Stage: 8 by Vulkan
	Count 	431
	Average 	2.3271 ms
Stage: 9 by Little
	Count 	32429
	Average 	0.0309 ms
Stage: 9 by Medium
	Count 	58892
	Average 	0.0170 ms
Stage: 9 by Big
	Count 	97716
	Average 	0.0102 ms
Stage: 9 by Vulkan
	Count 	1208
	Average 	0.8295 ms
Stage: 1
	Little 	34.6897 ms 	(29)
	Medium 	6.1718 ms 	(163)
	Big    	4.7009 ms 	(214)
	Vulkan 	2.7562 ms 	(365)
Stage: 2
	Little 	31.8125 ms 	(32)
	Medium 	15.4242 ms 	(66)
	Big    	9.7885 ms 	(104)
	Vulkan 	3.0029 ms 	(339)
Stage: 3
	Little 	18.9057 ms 	(53)
	Medium 	3.3179 ms 	(302)
	Big    	2.4559 ms 	(408)
	Vulkan 	2.4680 ms 	(406)
Stage: 4
	Little 	15.7969 ms 	(64)
	Medium 	8.0238 ms 	(126)
	Big    	5.1582 ms 	(196)
	Vulkan 	1.5045 ms 	(672)
Stage: 5
	Little 	10.7234 ms 	(94)
	Medium 	1.9882 ms 	(507)
	Big    	1.4298 ms 	(705)
	Vulkan 	1.4217 ms 	(709)
Stage: 6
	Little 	10.1515 ms 	(99)
	Medium 	1.9591 ms 	(513)
	Big    	1.4255 ms 	(705)
	Vulkan 	1.3581 ms 	(740)
Stage: 7
	Little 	10.1212 ms 	(99)
	Medium 	1.9647 ms 	(510)
	Big    	1.4274 ms 	(702)
	Vulkan 	1.3468 ms 	(744)
Stage: 8
	Little 	8.7391 ms 	(115)
	Medium 	4.1189 ms 	(244)
	Big    	2.7384 ms 	(367)
	Vulkan 	0.9246 ms 	(1087)
Stage: 9
	Little 	0.0847 ms 	(11812)
	Medium 	0.0170 ms 	(59020)
	Big    	0.0149 ms 	(67142)
	Vulkan 	0.2885 ms 	(3470)

Normal Benchmark Results Table (ms per task):
Stage | Little Core | Medium Core | Big Core | Vulkan | CUDA
------|------------|-------------|----------|--------|-------
    1 |     33.5000 |      6.6623 |   9.2661 | 5.5359 | 0.0000
    2 |     27.5676 |     16.3065 |  17.5000 | 3.7388 | 0.0000
    3 |     17.3276 |      3.5603 |   4.1446 | 3.3612 | 0.0000
    4 |     13.9583 |      8.4370 |   9.7087 | 2.7967 | 0.0000
    5 |      9.4579 |      2.1118 |   2.3388 | 2.1921 | 0.0000
    6 |      9.3925 |      2.1208 |   2.3302 | 2.1663 | 0.0000
    7 |      9.4112 |      2.1139 |   2.8988 | 2.2339 | 0.0000
    8 |      7.2971 |      4.4381 |   4.9507 | 2.3271 | 0.0000
    9 |      0.0309 |      0.0170 |   0.0102 | 0.8295 | 0.0000

Normal Benchmark - Sum of stages 1-9:
Little Core: 127.9432 ms
Medium Core: 45.7675 ms
Big Core: 53.1483 ms
Vulkan: 25.1815 ms
CUDA: 0.0000 ms

Fully Benchmark Results Table (ms per task):
Stage | Little Core | Medium Core | Big Core | Vulkan | CUDA
------|-------------|-------------|----------|--------|-------
    1 |     34.6897 |      6.1718 |   4.7009 | 2.7562 | 0.0000
    2 |     31.8125 |     15.4242 |   9.7885 | 3.0029 | 0.0000
    3 |     18.9057 |      3.3179 |   2.4559 | 2.4680 | 0.0000
    4 |     15.7969 |      8.0238 |   5.1582 | 1.5045 | 0.0000
    5 |     10.7234 |      1.9882 |   1.4298 | 1.4217 | 0.0000
    6 |     10.1515 |      1.9591 |   1.4255 | 1.3581 | 0.0000
    7 |     10.1212 |      1.9647 |   1.4274 | 1.3468 | 0.0000
    8 |      8.7391 |      4.1189 |   2.7384 | 0.9246 | 0.0000
    9 |      0.0847 |      0.0170 |   0.0149 | 0.2885 | 0.0000

Fully Benchmark - Sum of stages 1-9:
Little Core: 141.0247 ms
Medium Core: 42.9855 ms
Big Core: 29.1394 ms
Vulkan: 15.0712 ms
CUDA: 0.0000 ms

Performance Comparison (Fully vs Normal):
Processor  | Normal (ms) | Fully (ms) | Ratio
-----------|-------------|------------|-------
Little Core|      127.94 |     141.02 |  1.10x
Medium Core|       45.77 |      42.99 |  0.94x
Big Core   |       53.15 |      29.14 |  0.55x
Vulkan     |       25.18 |      15.07 |  0.60x

### PYTHON_DATA_START ###
# NORMAL_BENCHMARK_DATA
stage,little,medium,big,vulkan,cuda
1,33.5000,6.6623,9.2661,5.5359,0.0000
2,27.5676,16.3065,17.5000,3.7388,0.0000
3,17.3276,3.5603,4.1446,3.3612,0.0000
4,13.9583,8.4370,9.7087,2.7967,0.0000
5,9.4579,2.1118,2.3388,2.1921,0.0000
6,9.3925,2.1208,2.3302,2.1663,0.0000
7,9.4112,2.1139,2.8988,2.2339,0.0000
8,7.2971,4.4381,4.9507,2.3271,0.0000
9,0.0309,0.0170,0.0102,0.8295,0.0000
# FULLY_BENCHMARK_DATA
stage,little,medium,big,vulkan,cuda
1,34.6897,6.1718,4.7009,2.7562,0.0000
2,31.8125,15.4242,9.7885,3.0029,0.0000
3,18.9057,3.3179,2.4559,2.4680,0.0000
4,15.7969,8.0238,5.1582,1.5045,0.0000
5,10.7234,1.9882,1.4298,1.4217,0.0000
6,10.1515,1.9591,1.4255,1.3581,0.0000
7,10.1212,1.9647,1.4274,1.3468,0.0000
8,8.7391,4.1189,2.7384,0.9246,0.0000
9,0.0847,0.0170,0.0149,0.2885,0.0000
### PYTHON_DATA_END ###
