
Running only on specified device: 9b034f1b
Deploying and running 'bm-fully-cifar-sparse-vk' on device: 9b034f1b
build/android/arm64-v8a/release/bm-fully-cifar-sparse-vk: 1 file pushed, 0 skipped. 496.5 MB/s (2710480 bytes in 0.005s)
[2025-04-24 21:58:20.579] [info] Pinable Lit cores: 0 1 2 
[2025-04-24 21:58:20.580] [info] Pinable Med cores: 3 4 
[2025-04-24 21:58:20.580] [info] Pinable Big cores: 5 6 7 
Stage: 1 by Little
	Count 	30
	Average 	33.5667 ms
Stage: 1 by Medium
	Count 	150
	Average 	6.7000 ms
Stage: 1 by Big
	Count 	108
	Average 	9.3148 ms
Stage: 1 by Vulkan
	Count 	185
	Average 	5.4270 ms
Stage: 2 by Little
	Count 	37
	Average 	27.2162 ms
Stage: 2 by Medium
	Count 	62
	Average 	16.2903 ms
Stage: 2 by Big
	Count 	52
	Average 	19.3077 ms
Stage: 2 by Vulkan
	Count 	277
	Average 	3.6282 ms
Stage: 3 by Little
	Count 	58
	Average 	17.5517 ms
Stage: 3 by Medium
	Count 	282
	Average 	3.5603 ms
Stage: 3 by Big
	Count 	208
	Average 	4.8317 ms
Stage: 3 by Vulkan
	Count 	298
	Average 	3.3758 ms
Stage: 4 by Little
	Count 	72
	Average 	14.0417 ms
Stage: 4 by Medium
	Count 	119
	Average 	8.4622 ms
Stage: 4 by Big
	Count 	98
	Average 	10.2551 ms
Stage: 4 by Vulkan
	Count 	445
	Average 	2.2562 ms
Stage: 5 by Little
	Count 	107
	Average 	9.3832 ms
Stage: 5 by Medium
	Count 	474
	Average 	2.1139 ms
Stage: 5 by Big
	Count 	366
	Average 	2.7350 ms
Stage: 5 by Vulkan
	Count 	462
	Average 	2.1688 ms
Stage: 6 by Little
	Count 	108
	Average 	9.3611 ms
Stage: 6 by Medium
	Count 	464
	Average 	2.1616 ms
Stage: 6 by Big
	Count 	520
	Average 	1.9269 ms
Stage: 6 by Vulkan
	Count 	459
	Average 	2.1895 ms
Stage: 7 by Little
	Count 	106
	Average 	9.4528 ms
Stage: 7 by Medium
	Count 	474
	Average 	2.1160 ms
Stage: 7 by Big
	Count 	605
	Average 	1.6562 ms
Stage: 7 by Vulkan
	Count 	460
	Average 	2.1783 ms
Stage: 8 by Little
	Count 	137
	Average 	7.3431 ms
Stage: 8 by Medium
	Count 	227
	Average 	4.4185 ms
Stage: 8 by Big
	Count 	191
	Average 	5.2408 ms
Stage: 8 by Vulkan
	Count 	433
	Average 	2.3164 ms
Stage: 9 by Little
	Count 	29496
	Average 	0.0340 ms
Stage: 9 by Medium
	Count 	58974
	Average 	0.0170 ms
Stage: 9 by Big
	Count 	21853
	Average 	0.0458 ms
Stage: 9 by Vulkan
	Count 	1160
	Average 	0.8638 ms
Stage: 1
	Little 	37.4074 ms 	(27)
	Medium 	6.1585 ms 	(164)
	Big    	4.6759 ms 	(216)
	Vulkan 	4.9268 ms 	(205)
Stage: 2
	Little 	30.6667 ms 	(33)
	Medium 	15.1045 ms 	(67)
	Big    	9.8252 ms 	(103)
	Vulkan 	2.7879 ms 	(363)
Stage: 3
	Little 	18.1429 ms 	(56)
	Medium 	3.3421 ms 	(304)
	Big    	2.4963 ms 	(407)
	Vulkan 	2.4720 ms 	(411)
Stage: 4
	Little 	17.3621 ms 	(58)
	Medium 	7.8062 ms 	(129)
	Big    	5.0603 ms 	(199)
	Vulkan 	1.6242 ms 	(620)
Stage: 5
	Little 	10.4124 ms 	(97)
	Medium 	1.9882 ms 	(508)
	Big    	1.4286 ms 	(707)
	Vulkan 	1.3612 ms 	(742)
Stage: 6
	Little 	10.2020 ms 	(99)
	Medium 	1.9727 ms 	(512)
	Big    	1.4387 ms 	(702)
	Vulkan 	1.3594 ms 	(743)
Stage: 7
	Little 	10.4021 ms 	(97)
	Medium 	1.9784 ms 	(510)
	Big    	1.4353 ms 	(703)
	Vulkan 	1.3617 ms 	(741)
Stage: 8
	Little 	8.2377 ms 	(122)
	Medium 	4.1701 ms 	(241)
	Big    	2.7686 ms 	(363)
	Vulkan 	0.8732 ms 	(1151)
Stage: 9
	Little 	0.1231 ms 	(8134)
	Medium 	0.0176 ms 	(56968)
	Big    	0.0147 ms 	(67993)
	Vulkan 	0.2920 ms 	(3428)

Normal Benchmark Results Table (ms per task):
Stage | Little Core | Medium Core | Big Core | Vulkan | CUDA
------|------------|-------------|----------|--------|-------
    1 |     33.5667 |      6.7000 |   9.3148 | 5.4270 | 0.0000
    2 |     27.2162 |     16.2903 |  19.3077 | 3.6282 | 0.0000
    3 |     17.5517 |      3.5603 |   4.8317 | 3.3758 | 0.0000
    4 |     14.0417 |      8.4622 |  10.2551 | 2.2562 | 0.0000
    5 |      9.3832 |      2.1139 |   2.7350 | 2.1688 | 0.0000
    6 |      9.3611 |      2.1616 |   1.9269 | 2.1895 | 0.0000
    7 |      9.4528 |      2.1160 |   1.6562 | 2.1783 | 0.0000
    8 |      7.3431 |      4.4185 |   5.2408 | 2.3164 | 0.0000
    9 |      0.0340 |      0.0170 |   0.0458 | 0.8638 | 0.0000

Normal Benchmark - Sum of stages 1-9:
Little Core: 127.9504 ms
Medium Core: 45.8399 ms
Big Core: 55.3140 ms
Vulkan: 24.4040 ms
CUDA: 0.0000 ms

Fully Benchmark Results Table (ms per task):
Stage | Little Core | Medium Core | Big Core | Vulkan | CUDA
------|-------------|-------------|----------|--------|-------
    1 |     37.4074 |      6.1585 |   4.6759 | 4.9268 | 0.0000
    2 |     30.6667 |     15.1045 |   9.8252 | 2.7879 | 0.0000
    3 |     18.1429 |      3.3421 |   2.4963 | 2.4720 | 0.0000
    4 |     17.3621 |      7.8062 |   5.0603 | 1.6242 | 0.0000
    5 |     10.4124 |      1.9882 |   1.4286 | 1.3612 | 0.0000
    6 |     10.2020 |      1.9727 |   1.4387 | 1.3594 | 0.0000
    7 |     10.4021 |      1.9784 |   1.4353 | 1.3617 | 0.0000
    8 |      8.2377 |      4.1701 |   2.7686 | 0.8732 | 0.0000
    9 |      0.1231 |      0.0176 |   0.0147 | 0.2920 | 0.0000

Fully Benchmark - Sum of stages 1-9:
Little Core: 142.9562 ms
Medium Core: 42.5383 ms
Big Core: 29.1437 ms
Vulkan: 17.0583 ms
CUDA: 0.0000 ms

Performance Comparison (Fully vs Normal):
Processor  | Normal (ms) | Fully (ms) | Ratio
-----------|-------------|------------|-------
Little Core|      127.95 |     142.96 |  1.12x
Medium Core|       45.84 |      42.54 |  0.93x
Big Core   |       55.31 |      29.14 |  0.53x
Vulkan     |       24.40 |      17.06 |  0.70x

### PYTHON_DATA_START ###
# NORMAL_BENCHMARK_DATA
stage,little,medium,big,vulkan,cuda
1,33.5667,6.7000,9.3148,5.4270,0.0000
2,27.2162,16.2903,19.3077,3.6282,0.0000
3,17.5517,3.5603,4.8317,3.3758,0.0000
4,14.0417,8.4622,10.2551,2.2562,0.0000
5,9.3832,2.1139,2.7350,2.1688,0.0000
6,9.3611,2.1616,1.9269,2.1895,0.0000
7,9.4528,2.1160,1.6562,2.1783,0.0000
8,7.3431,4.4185,5.2408,2.3164,0.0000
9,0.0340,0.0170,0.0458,0.8638,0.0000
# FULLY_BENCHMARK_DATA
stage,little,medium,big,vulkan,cuda
1,37.4074,6.1585,4.6759,4.9268,0.0000
2,30.6667,15.1045,9.8252,2.7879,0.0000
3,18.1429,3.3421,2.4963,2.4720,0.0000
4,17.3621,7.8062,5.0603,1.6242,0.0000
5,10.4124,1.9882,1.4286,1.3612,0.0000
6,10.2020,1.9727,1.4387,1.3594,0.0000
7,10.4021,1.9784,1.4353,1.3617,0.0000
8,8.2377,4.1701,2.7686,0.8732,0.0000
9,0.1231,0.0176,0.0147,0.2920,0.0000
### PYTHON_DATA_END ###
