
Running only on specified device: 9b034f1b
Deploying and running 'bm-fully-cifar-dense-vk' on device: 9b034f1b
build/android/arm64-v8a/release/bm-fully-cifar-dense-vk: 1 file pushed, 0 skipped. 503.0 MB/s (2716112 bytes in 0.005s)
[2025-04-24 13:52:58.387] [info] Pinable Lit cores: 0 1 2 
[2025-04-24 13:52:58.388] [info] Pinable Med cores: 3 4 
[2025-04-24 13:52:58.388] [info] Pinable Big cores: 5 6 7 
Stage: 1 by Little
	Count 	6
	Average 	195.1667 ms
Stage: 1 by Medium
	Count 	13
	Average 	81.5385 ms
Stage: 1 by Big
	Count 	12
	Average 	87.6667 ms
Stage: 1 by Vulkan
	Count 	639
	Average 	1.5696 ms
Stage: 2 by Little
	Count 	112
	Average 	8.9911 ms
Stage: 2 by Medium
	Count 	237
	Average 	4.2363 ms
Stage: 2 by Big
	Count 	202
	Average 	4.9752 ms
Stage: 2 by Vulkan
	Count 	1085
	Average 	0.9235 ms
Stage: 3 by Little
	Count 	3
	Average 	348.3333 ms
Stage: 3 by Medium
	Count 	6
	Average 	192.1667 ms
Stage: 3 by Big
	Count 	6
	Average 	189.8333 ms
Stage: 3 by Vulkan
	Count 	807
	Average 	1.2404 ms
Stage: 4 by Little
	Count 	222
	Average 	4.5225 ms
Stage: 4 by Medium
	Count 	474
	Average 	2.1139 ms
Stage: 4 by Big
	Count 	398
	Average 	2.5151 ms
Stage: 4 by Vulkan
	Count 	1041
	Average 	0.9635 ms
Stage: 5 by Little
	Count 	4
	Average 	325.2500 ms
Stage: 5 by Medium
	Count 	6
	Average 	187.8333 ms
Stage: 5 by Big
	Count 	5
	Average 	202.0000 ms
Stage: 5 by Vulkan
	Count 	802
	Average 	1.2494 ms
Stage: 6 by Little
	Count 	2
	Average 	653.5000 ms
Stage: 6 by Medium
	Count 	3
	Average 	381.0000 ms
Stage: 6 by Big
	Count 	3
	Average 	378.3333 ms
Stage: 6 by Vulkan
	Count 	657
	Average 	1.5266 ms
Stage: 7 by Little
	Count 	2
	Average 	647.5000 ms
Stage: 7 by Medium
	Count 	3
	Average 	375.3333 ms
Stage: 7 by Big
	Count 	3
	Average 	370.0000 ms
Stage: 7 by Vulkan
	Count 	655
	Average 	1.5298 ms
Stage: 8 by Little
	Count 	447
	Average 	2.2438 ms
Stage: 8 by Medium
	Count 	942
	Average 	1.0626 ms
Stage: 8 by Big
	Count 	793
	Average 	1.2610 ms
Stage: 8 by Vulkan
	Count 	1127
	Average 	0.8882 ms
Stage: 9 by Little
	Count 	966
	Average 	1.0373 ms
Stage: 9 by Medium
	Count 	1274
	Average 	0.7857 ms
Stage: 9 by Big
	Count 	1068
	Average 	0.9373 ms
Stage: 9 by Vulkan
	Count 	430
	Average 	2.3326 ms
Stage: 1
	Little 	172.0000 ms 	(6)
	Medium 	68.8000 ms 	(15)
	Big    	44.8696 ms 	(23)
	Vulkan 	0.8593 ms 	(1201)
Stage: 2
	Little 	12.8590 ms 	(78)
	Medium 	3.9333 ms 	(255)
	Big    	2.4827 ms 	(404)
	Vulkan 	0.3759 ms 	(2668)
Stage: 3
	Little 	424.3333 ms 	(3)
	Medium 	212.1667 ms 	(6)
	Big    	127.3000 ms 	(10)
	Vulkan 	0.7479 ms 	(1702)
Stage: 4
	Little 	6.3019 ms 	(159)
	Medium 	1.9802 ms 	(506)
	Big    	1.2556 ms 	(798)
	Vulkan 	0.3010 ms 	(3329)
Stage: 5
	Little 	417.3333 ms 	(3)
	Medium 	208.6667 ms 	(6)
	Big    	125.2000 ms 	(10)
	Vulkan 	0.7752 ms 	(1615)
Stage: 6
	Little 	693.5000 ms 	(2)
	Medium 	462.3333 ms 	(3)
	Big    	277.4000 ms 	(5)
	Vulkan 	1.1434 ms 	(1213)
Stage: 7
	Little 	698.5000 ms 	(2)
	Medium 	465.6667 ms 	(3)
	Big    	279.4000 ms 	(5)
	Vulkan 	1.1507 ms 	(1214)
Stage: 8
	Little 	5.6667 ms 	(177)
	Medium 	0.9853 ms 	(1018)
	Big    	0.6288 ms 	(1595)
	Vulkan 	0.3343 ms 	(3000)
Stage: 9
	Little 	1.2297 ms 	(814)
	Medium 	0.7312 ms 	(1369)
	Big    	0.4615 ms 	(2169)
	Vulkan 	1.4656 ms 	(683)

Normal Benchmark Results Table (ms per task):
Stage | Little Core | Medium Core | Big Core | Vulkan | CUDA
------|------------|-------------|----------|--------|-------
    1 |    195.1667 |     81.5385 |  87.6667 | 1.5696 | 0.0000
    2 |      8.9911 |      4.2363 |   4.9752 | 0.9235 | 0.0000
    3 |    348.3333 |    192.1667 | 189.8333 | 1.2404 | 0.0000
    4 |      4.5225 |      2.1139 |   2.5151 | 0.9635 | 0.0000
    5 |    325.2500 |    187.8333 | 202.0000 | 1.2494 | 0.0000
    6 |    653.5000 |    381.0000 | 378.3333 | 1.5266 | 0.0000
    7 |    647.5000 |    375.3333 | 370.0000 | 1.5298 | 0.0000
    8 |      2.2438 |      1.0626 |   1.2610 | 0.8882 | 0.0000
    9 |      1.0373 |      0.7857 |   0.9373 | 2.3326 | 0.0000

Normal Benchmark - Sum of stages 1-9:
Little Core: 2186.5447 ms
Medium Core: 1226.0704 ms
Big Core: 1237.5220 ms
Vulkan: 12.2236 ms
CUDA: 0.0000 ms

Fully Benchmark Results Table (ms per task):
Stage | Little Core | Medium Core | Big Core | Vulkan | CUDA
------|-------------|-------------|----------|--------|-------
    1 |    172.0000 |     68.8000 |  44.8696 | 0.8593 | 0.0000
    2 |     12.8590 |      3.9333 |   2.4827 | 0.3759 | 0.0000
    3 |    424.3333 |    212.1667 | 127.3000 | 0.7479 | 0.0000
    4 |      6.3019 |      1.9802 |   1.2556 | 0.3010 | 0.0000
    5 |    417.3333 |    208.6667 | 125.2000 | 0.7752 | 0.0000
    6 |    693.5000 |    462.3333 | 277.4000 | 1.1434 | 0.0000
    7 |    698.5000 |    465.6667 | 279.4000 | 1.1507 | 0.0000
    8 |      5.6667 |      0.9853 |   0.6288 | 0.3343 | 0.0000
    9 |      1.2297 |      0.7312 |   0.4615 | 1.4656 | 0.0000

Fully Benchmark - Sum of stages 1-9:
Little Core: 2431.7239 ms
Medium Core: 1425.2634 ms
Big Core: 858.9982 ms
Vulkan: 7.1535 ms
CUDA: 0.0000 ms

Performance Comparison (Fully vs Normal):
Processor  | Normal (ms) | Fully (ms) | Ratio
-----------|-------------|------------|-------
Little Core|     2186.54 |    2431.72 |  1.11x
Medium Core|     1226.07 |    1425.26 |  1.16x
Big Core   |     1237.52 |     859.00 |  0.69x
Vulkan     |       12.22 |       7.15 |  0.59x

### PYTHON_DATA_START ###
# NORMAL_BENCHMARK_DATA
stage,little,medium,big,vulkan,cuda
1,195.1667,81.5385,87.6667,1.5696,0.0000
2,8.9911,4.2363,4.9752,0.9235,0.0000
3,348.3333,192.1667,189.8333,1.2404,0.0000
4,4.5225,2.1139,2.5151,0.9635,0.0000
5,325.2500,187.8333,202.0000,1.2494,0.0000
6,653.5000,381.0000,378.3333,1.5266,0.0000
7,647.5000,375.3333,370.0000,1.5298,0.0000
8,2.2438,1.0626,1.2610,0.8882,0.0000
9,1.0373,0.7857,0.9373,2.3326,0.0000
# FULLY_BENCHMARK_DATA
stage,little,medium,big,vulkan,cuda
1,172.0000,68.8000,44.8696,0.8593,0.0000
2,12.8590,3.9333,2.4827,0.3759,0.0000
3,424.3333,212.1667,127.3000,0.7479,0.0000
4,6.3019,1.9802,1.2556,0.3010,0.0000
5,417.3333,208.6667,125.2000,0.7752,0.0000
6,693.5000,462.3333,277.4000,1.1434,0.0000
7,698.5000,465.6667,279.4000,1.1507,0.0000
8,5.6667,0.9853,0.6288,0.3343,0.0000
9,1.2297,0.7312,0.4615,1.4656,0.0000
### PYTHON_DATA_END ###
