
Running only on specified device: 3A021JEHN02756
Deploying and running 'bm-gen-logs-cifar-dense-vk' on device: 3A021JEHN02756
build/android/arm64-v8a/release/bm-gen-logs-cifar-dense-vk: 1 file pushed, 0 skipped. 497.6 MB/s (6927312 bytes in 0.013s)
[2025-04-24 13:04:35.457] [info] Pinable Lit cores: 0 1 2 3 
[2025-04-24 13:04:35.457] [info] Pinable Med cores: 4 5 
[2025-04-24 13:04:35.457] [info] Pinable Big cores: 6 7 
[2025-04-24 13:04:37.350] [info] Fetching JSON from URL: http://192.168.1.204:8080/3A021JEHN02756_cifar-dense_vk_fully_schedules.json
[2025-04-24 13:04:37.439] [info] Loaded 20 valid schedules from JSON
[2025-04-24 13:04:37.439] [info] Loaded 20 schedules
--------------------------------
Schedule 0 [UID: SCH-G9-G000-3856]:
  Chunk 0 [Vulkan    ]: 1, 2, 3, 4, 5, 6, 7, 8, 9
--------------------------------
Schedule 1 [UID: SCH-L9-G000-527d]:
  Chunk 0 [OMP/Little]: 1, 2, 3, 4, 5, 6, 7, 8, 9
--------------------------------
Schedule 2 [UID: SCH-B9-G000-f2c6]:
  Chunk 0 [OMP/Big   ]: 1, 2, 3, 4, 5, 6, 7, 8, 9
--------------------------------
Schedule 3 [UID: SCH-M9-G000-d5b4]:
  Chunk 0 [OMP/Medium]: 1, 2, 3, 4, 5, 6, 7, 8, 9
--------------------------------
Schedule 4 [UID: SCH-G7L2-G038-c0f2]:
  Chunk 0 [Vulkan    ]: 1, 2, 3, 4, 5, 6, 7
  Chunk 1 [OMP/Little]: 8, 9
--------------------------------
Schedule 5 [UID: SCH-G7B2-G343-6ac1]:
  Chunk 0 [Vulkan    ]: 1, 2, 3, 4, 5, 6, 7
  Chunk 1 [OMP/Big   ]: 8, 9
--------------------------------
Schedule 6 [UID: SCH-G7M2-G349-f966]:
  Chunk 0 [Vulkan    ]: 1, 2, 3, 4, 5, 6, 7
  Chunk 1 [OMP/Medium]: 8, 9
--------------------------------
Schedule 7 [UID: SCH-G8L1-G411-40fe]:
  Chunk 0 [Vulkan    ]: 1, 2, 3, 4, 5, 6, 7, 8
  Chunk 1 [OMP/Little]: 9
--------------------------------
Schedule 8 [UID: SCH-G7M1L1-G444-31a0]:
  Chunk 0 [Vulkan    ]: 1, 2, 3, 4, 5, 6, 7
  Chunk 1 [OMP/Medium]: 8
  Chunk 2 [OMP/Little]: 9
--------------------------------
Schedule 9 [UID: SCH-G7B1L1-G449-09f7]:
  Chunk 0 [Vulkan    ]: 1, 2, 3, 4, 5, 6, 7
  Chunk 1 [OMP/Big   ]: 8
  Chunk 2 [OMP/Little]: 9
--------------------------------
Schedule 10 [UID: SCH-G7M1B1-G477-e786]:
  Chunk 0 [Vulkan    ]: 1, 2, 3, 4, 5, 6, 7
  Chunk 1 [OMP/Medium]: 8
  Chunk 2 [OMP/Big   ]: 9
--------------------------------
Schedule 11 [UID: SCH-G7L1B1-G477-cb1e]:
  Chunk 0 [Vulkan    ]: 1, 2, 3, 4, 5, 6, 7
  Chunk 1 [OMP/Little]: 8
  Chunk 2 [OMP/Big   ]: 9
--------------------------------
Schedule 12 [UID: SCH-G7B1M1-G489-57e8]:
  Chunk 0 [Vulkan    ]: 1, 2, 3, 4, 5, 6, 7
  Chunk 1 [OMP/Big   ]: 8
  Chunk 2 [OMP/Medium]: 9
--------------------------------
Schedule 13 [UID: SCH-G7L1M1-G489-12c2]:
  Chunk 0 [Vulkan    ]: 1, 2, 3, 4, 5, 6, 7
  Chunk 1 [OMP/Little]: 8
  Chunk 2 [OMP/Medium]: 9
--------------------------------
Schedule 14 [UID: SCH-G8B1-G503-8cf3]:
  Chunk 0 [Vulkan    ]: 1, 2, 3, 4, 5, 6, 7, 8
  Chunk 1 [OMP/Big   ]: 9
--------------------------------
Schedule 15 [UID: SCH-G8M1-G516-b7a0]:
  Chunk 0 [Vulkan    ]: 1, 2, 3, 4, 5, 6, 7, 8
  Chunk 1 [OMP/Medium]: 9
--------------------------------
Schedule 16 [UID: SCH-M1G8-G5292-cb66]:
  Chunk 0 [OMP/Medium]: 1
  Chunk 1 [Vulkan    ]: 2, 3, 4, 5, 6, 7, 8, 9
--------------------------------
Schedule 17 [UID: SCH-M1L1G7-G5325-21bf]:
  Chunk 0 [OMP/Medium]: 1
  Chunk 1 [OMP/Little]: 2
  Chunk 2 [Vulkan    ]: 3, 4, 5, 6, 7, 8, 9
--------------------------------
Schedule 18 [UID: SCH-M1G6L2-G5401-c59b]:
  Chunk 0 [OMP/Medium]: 1
  Chunk 1 [Vulkan    ]: 2, 3, 4, 5, 6, 7
  Chunk 2 [OMP/Little]: 8, 9
--------------------------------
Schedule 19 [UID: SCH-M1B1G7-G5436-9b39]:
  Chunk 0 [OMP/Medium]: 1
  Chunk 1 [OMP/Big   ]: 2
  Chunk 2 [Vulkan    ]: 3, 4, 5, 6, 7, 8, 9
[2025-04-24 13:04:37.441] [info] Running 20/20 schedules

--------------------------------
[2025-04-24 13:04:37.442] [info] Available Vulkan Layers:
[2025-04-24 13:04:37.442] [warning] Validation layer requested but not available, continuing without it...
[2025-04-24 13:04:37.490] [info] Using integrated GPU: Mali-G710
### Python Begin ###
Schedule_UID=SCH-G9-G000-3856
Frequency=24576000 Hz
Task=0 Chunk=0 Start=15871975552865 End=15871975795812 Duration=242947
Task=1 Chunk=0 Start=15871975795833 End=15871975957923 Duration=162090
Task=2 Chunk=0 Start=15871975957924 End=15871976109299 Duration=151375
Task=3 Chunk=0 Start=15871976109300 End=15871976267233 Duration=157933
Task=4 Chunk=0 Start=15871976267234 End=15871976423544 Duration=156310
Task=5 Chunk=0 Start=15871976423545 End=15871976589191 Duration=165646
Task=6 Chunk=0 Start=15871976589192 End=15871976752453 Duration=163261
Task=7 Chunk=0 Start=15871976752454 End=15871976957986 Duration=205532
Task=8 Chunk=0 Start=15871976957999 End=15871977156110 Duration=198111
Task=9 Chunk=0 Start=15871977156112 End=15871977345943 Duration=189831
Task=10 Chunk=0 Start=15871977345947 End=15871977529973 Duration=184026
Task=11 Chunk=0 Start=15871977529975 End=15871977712453 Duration=182478
Task=12 Chunk=0 Start=15871977712456 End=15871977898125 Duration=185669
Task=13 Chunk=0 Start=15871977898128 End=15871978093702 Duration=195574
Task=14 Chunk=0 Start=15871978093707 End=15871978303718 Duration=210011
Task=15 Chunk=0 Start=15871978303723 End=15871978668910 Duration=365187
Task=16 Chunk=0 Start=15871978668915 End=15871978895384 Duration=226469
Task=17 Chunk=0 Start=15871978895388 End=15871979104480 Duration=209092
Task=18 Chunk=0 Start=15871979104485 End=15871979320114 Duration=215629
Task=19 Chunk=0 Start=15871979320118 End=15871979548065 Duration=227947
Task=20 Chunk=0 Start=15871979548069 End=15871979758903 Duration=210834
Task=21 Chunk=0 Start=15871979758907 End=15871979973103 Duration=214196
Task=22 Chunk=0 Start=15871979973108 End=15871980219261 Duration=246153
Task=23 Chunk=0 Start=15871980219266 End=15871980459066 Duration=239800
Task=24 Chunk=0 Start=15871980459070 End=15871980724015 Duration=264945
Task=25 Chunk=0 Start=15871980724031 End=15871980991723 Duration=267692
Task=26 Chunk=0 Start=15871980991727 End=15871981276740 Duration=285013
Task=27 Chunk=0 Start=15871981276745 End=15871981615360 Duration=338615
Task=28 Chunk=0 Start=15871981615365 End=15871981884109 Duration=268744
Task=29 Chunk=0 Start=15871981884113 End=15871982597701 Duration=713588
Task=30 Chunk=0 Start=15871982597726 End=15871982847753 Duration=250027
Task=31 Chunk=0 Start=15871982847769 End=15871983106164 Duration=258395
Task=32 Chunk=0 Start=15871983106192 End=15871983361351 Duration=255159
Task=33 Chunk=0 Start=15871983361392 End=15871983638142 Duration=276750
Task=34 Chunk=0 Start=15871983638170 End=15871983901335 Duration=263165
Task=35 Chunk=0 Start=15871983901372 End=15871984179452 Duration=278080
Task=36 Chunk=0 Start=15871984179513 End=15871984505639 Duration=326126
Task=37 Chunk=0 Start=15871984505643 End=15871984889711 Duration=384068
Task=38 Chunk=0 Start=15871984889786 End=15871985208156 Duration=318370
Task=39 Chunk=0 Start=15871985208208 End=15871985470079 Duration=261871
Task=40 Chunk=0 Start=15871985470105 End=15871985740202 Duration=270097
Task=41 Chunk=0 Start=15871985740238 End=15871986001246 Duration=261008
Task=42 Chunk=0 Start=15871986001343 End=15871986275307 Duration=273964
Task=43 Chunk=0 Start=15871986275334 End=15871986552898 Duration=277564
Task=44 Chunk=0 Start=15871986552926 End=15871986829088 Duration=276162
Task=45 Chunk=0 Start=15871986829125 End=15871987093554 Duration=264429
Task=46 Chunk=0 Start=15871987093583 End=15871987368069 Duration=274486
Task=47 Chunk=0 Start=15871987368116 End=15871987634130 Duration=266014
Task=48 Chunk=0 Start=15871987634229 End=15871987927061 Duration=292832
Task=49 Chunk=0 Start=15871987927084 End=15871988177174 Duration=250090
Task=50 Chunk=0 Start=15871988177194 End=15871988438120 Duration=260926
Task=51 Chunk=0 Start=15871988438238 End=15871988702776 Duration=264538
Task=52 Chunk=0 Start=15871988702801 End=15871988961120 Duration=258319
Task=53 Chunk=0 Start=15871988961146 End=15871989255284 Duration=294138
Task=54 Chunk=0 Start=15871989255311 End=15871989528732 Duration=273421
Task=55 Chunk=0 Start=15871989528760 End=15871989824826 Duration=296066
Task=56 Chunk=0 Start=15871989824871 End=15871990096784 Duration=271913
