
Running only on specified device: 3A021JEHN02756
Deploying and running 'bm-gen-logs-cifar-dense-vk' on device: 3A021JEHN02756
build/android/arm64-v8a/release/bm-gen-logs-cifar-dense-vk: 1 file pushed, 0 skipped. 496.8 MB/s (6980048 bytes in 0.013s)
[2025-04-24 18:19:13.110] [info] Pinable Lit cores: 0 1 2 3 
[2025-04-24 18:19:13.111] [info] Pinable Med cores: 4 5 
[2025-04-24 18:19:13.111] [info] Pinable Big cores: 6 7 
[2025-04-24 18:19:15.041] [info] Fetching JSON from URL: http://192.168.1.204:8080/3A021JEHN02756/cifar-dense/vk/schedules.json
[2025-04-24 18:19:15.131] [info] Loaded 20 valid schedules from JSON
[2025-04-24 18:19:15.132] [info] Loaded 20 schedules
--------------------------------
Schedule 0 [UID: SCH-B9-G000-1612]:
  Chunk 0 [OMP/Big   ]: 1, 2, 3, 4, 5, 6, 7, 8, 9
--------------------------------
Schedule 1 [UID: SCH-L9-G000-3096]:
  Chunk 0 [OMP/Little]: 1, 2, 3, 4, 5, 6, 7, 8, 9
--------------------------------
Schedule 2 [UID: SCH-M9-G000-c124]:
  Chunk 0 [OMP/Medium]: 1, 2, 3, 4, 5, 6, 7, 8, 9
--------------------------------
Schedule 3 [UID: SCH-G9-G000-ffbd]:
  Chunk 0 [Vulkan    ]: 1, 2, 3, 4, 5, 6, 7, 8, 9
--------------------------------
Schedule 4 [UID: SCH-G7L2-G260-6259]:
  Chunk 0 [Vulkan    ]: 1, 2, 3, 4, 5, 6, 7
  Chunk 1 [OMP/Little]: 8, 9
--------------------------------
Schedule 5 [UID: SCH-M6L3-G498-7a3d]:
  Chunk 0 [OMP/Medium]: 1, 2, 3, 4, 5, 6
  Chunk 1 [OMP/Little]: 7, 8, 9
--------------------------------
Schedule 6 [UID: SCH-G7B2-G519-9320]:
  Chunk 0 [Vulkan    ]: 1, 2, 3, 4, 5, 6, 7
  Chunk 1 [OMP/Big   ]: 8, 9
--------------------------------
Schedule 7 [UID: SCH-G7M2-G527-f560]:
  Chunk 0 [Vulkan    ]: 1, 2, 3, 4, 5, 6, 7
  Chunk 1 [OMP/Medium]: 8, 9
--------------------------------
Schedule 8 [UID: SCH-G8L1-G574-9715]:
  Chunk 0 [Vulkan    ]: 1, 2, 3, 4, 5, 6, 7, 8
  Chunk 1 [OMP/Little]: 9
--------------------------------
Schedule 9 [UID: SCH-G7B1L1-G578-28c7]:
  Chunk 0 [Vulkan    ]: 1, 2, 3, 4, 5, 6, 7
  Chunk 1 [OMP/Big   ]: 8
  Chunk 2 [OMP/Little]: 9
--------------------------------
Schedule 10 [UID: SCH-G7M1L1-G586-2c3d]:
  Chunk 0 [Vulkan    ]: 1, 2, 3, 4, 5, 6, 7
  Chunk 1 [OMP/Medium]: 8
  Chunk 2 [OMP/Little]: 9
--------------------------------
Schedule 11 [UID: SCH-G7B1M1-G613-75f7]:
  Chunk 0 [Vulkan    ]: 1, 2, 3, 4, 5, 6, 7
  Chunk 1 [OMP/Big   ]: 8
  Chunk 2 [OMP/Medium]: 9
--------------------------------
Schedule 12 [UID: SCH-G7L1M1-G613-5fbd]:
  Chunk 0 [Vulkan    ]: 1, 2, 3, 4, 5, 6, 7
  Chunk 1 [OMP/Little]: 8
  Chunk 2 [OMP/Medium]: 9
--------------------------------
Schedule 13 [UID: SCH-G7L1B1-G613-5736]:
  Chunk 0 [Vulkan    ]: 1, 2, 3, 4, 5, 6, 7
  Chunk 1 [OMP/Little]: 8
  Chunk 2 [OMP/Big   ]: 9
--------------------------------
Schedule 14 [UID: SCH-G7M1B1-G613-f5ce]:
  Chunk 0 [Vulkan    ]: 1, 2, 3, 4, 5, 6, 7
  Chunk 1 [OMP/Medium]: 8
  Chunk 2 [OMP/Big   ]: 9
--------------------------------
Schedule 15 [UID: SCH-G8M1-G636-0069]:
  Chunk 0 [Vulkan    ]: 1, 2, 3, 4, 5, 6, 7, 8
  Chunk 1 [OMP/Medium]: 9
--------------------------------
Schedule 16 [UID: SCH-G8B1-G636-b1c2]:
  Chunk 0 [Vulkan    ]: 1, 2, 3, 4, 5, 6, 7, 8
  Chunk 1 [OMP/Big   ]: 9
--------------------------------
Schedule 17 [UID: SCH-B6L3-G4205-301b]:
  Chunk 0 [OMP/Big   ]: 1, 2, 3, 4, 5, 6
  Chunk 1 [OMP/Little]: 7, 8, 9
--------------------------------
Schedule 18 [UID: SCH-B1G8-G4972-78b4]:
  Chunk 0 [OMP/Big   ]: 1
  Chunk 1 [Vulkan    ]: 2, 3, 4, 5, 6, 7, 8, 9
--------------------------------
Schedule 19 [UID: SCH-B1L1G7-G5007-f6ac]:
  Chunk 0 [OMP/Big   ]: 1
  Chunk 1 [OMP/Little]: 2
  Chunk 2 [Vulkan    ]: 3, 4, 5, 6, 7, 8, 9
[2025-04-24 18:19:15.185] [info] Running 20/20 schedules

--------------------------------
[2025-04-24 18:19:15.193] [info] Available Vulkan Layers:
[2025-04-24 18:19:15.194] [warning] Validation layer requested but not available, continuing without it...
[2025-04-24 18:19:15.198] [info] Using integrated GPU: Mali-G710
### Python Begin ###
Schedule_UID=SCH-B9-G000-1612
Frequency=24576000 Hz
Task=0 Chunk=0 Start=16335913547094 End=16335932435454 Duration=18888360
Task=1 Chunk=0 Start=16335932435553 End=16335951998074 Duration=19562521
Task=2 Chunk=0 Start=16335951998079 End=16335971876020 Duration=19877941
Task=3 Chunk=0 Start=16335971876038 End=16335991805649 Duration=19929611
Task=4 Chunk=0 Start=16335991805664 End=16336011915380 Duration=20109716
Task=5 Chunk=0 Start=16336011915383 End=16336031906229 Duration=19990846
Task=6 Chunk=0 Start=16336031906262 End=16336052147707 Duration=20241445
Task=7 Chunk=0 Start=16336052147719 End=16336072239309 Duration=20091590
Task=8 Chunk=0 Start=16336072239360 End=16336092373089 Duration=20133729
Task=9 Chunk=0 Start=16336092373090 End=16336112554579 Duration=20181489
Task=10 Chunk=0 Start=16336112554579 End=16336133463516 Duration=20908937
Task=11 Chunk=0 Start=16336133463523 End=16336153511492 Duration=20047969
Task=12 Chunk=0 Start=16336153511506 End=16336173660052 Duration=20148546
Task=13 Chunk=0 Start=16336173660062 End=16336193755560 Duration=20095498
Task=14 Chunk=0 Start=16336193755561 End=16336213919857 Duration=20164296
Task=15 Chunk=0 Start=16336213919859 End=16336233979127 Duration=20059268
Task=16 Chunk=0 Start=16336233979128 End=16336254049152 Duration=20070024
Task=17 Chunk=0 Start=16336254049155 End=16336274048498 Duration=19999343
Task=18 Chunk=0 Start=16336274048509 End=16336294070124 Duration=20021615
Task=19 Chunk=0 Start=16336294070130 End=16336314072077 Duration=20001947
Task=20 Chunk=0 Start=16336314072080 End=16336334226483 Duration=20154403
Task=21 Chunk=0 Start=16336334226500 End=16336354426893 Duration=20200393
Task=22 Chunk=0 Start=16336354426894 End=16336374870184 Duration=20443290
Task=23 Chunk=0 Start=16336374870197 End=16336395330815 Duration=20460618
Task=24 Chunk=0 Start=16336395330824 End=16336415615959 Duration=20285135
Task=25 Chunk=0 Start=16336415615964 End=16336436027423 Duration=20411459
Task=26 Chunk=0 Start=16336436027433 End=16336456706696 Duration=20679263
Task=27 Chunk=0 Start=16336456706697 End=16336477083901 Duration=20377204
Task=28 Chunk=0 Start=16336477083901 End=16336497276606 Duration=20192705
Task=29 Chunk=0 Start=16336497276607 End=16336517689728 Duration=20413121
Task=30 Chunk=0 Start=16336517689729 End=16336538277011 Duration=20587282
Task=31 Chunk=0 Start=16336538277113 End=16336558894924 Duration=20617811
Task=32 Chunk=0 Start=16336558894924 End=16336579082790 Duration=20187866
Task=33 Chunk=0 Start=16336579082791 End=16336599181344 Duration=20098553
Task=34 Chunk=0 Start=16336599181344 End=16336619307001 Duration=20125657
Task=35 Chunk=0 Start=16336619307105 End=16336639327596 Duration=20020491
Task=36 Chunk=0 Start=16336639327625 End=16336659983422 Duration=20655797
Task=37 Chunk=0 Start=16336659983423 End=16336681464170 Duration=21480747
Task=38 Chunk=0 Start=16336681464199 End=16336702325049 Duration=20860850
Task=39 Chunk=0 Start=16336702325050 End=16336722573017 Duration=20247967
Task=40 Chunk=0 Start=16336722573097 End=16336742569184 Duration=19996087
Task=41 Chunk=0 Start=16336742569206 End=16336762594980 Duration=20025774
Task=42 Chunk=0 Start=16336762595000 End=16336782599653 Duration=20004653
Task=43 Chunk=0 Start=16336782599755 End=16336804114496 Duration=21514741
Task=44 Chunk=0 Start=16336804114512 End=16336824720912 Duration=20606400
Task=45 Chunk=0 Start=16336824720941 End=16336845271365 Duration=20550424
Task=46 Chunk=0 Start=16336845271430 End=16336865434580 Duration=20163150
Task=47 Chunk=0 Start=16336865434604 End=16336885596780 Duration=20162176
Task=48 Chunk=0 Start=16336885596781 End=16336905723249 Duration=20126468
Task=49 Chunk=0 Start=16336905723250 End=16336925798571 Duration=20075321
Task=50 Chunk=0 Start=16336925798571 End=16336945817181 Duration=20018610
Task=51 Chunk=0 Start=16336945817182 End=16336965894306 Duration=20077124
Task=52 Chunk=0 Start=16336965894307 End=16336986109060 Duration=20214753
Task=53 Chunk=0 Start=16336986109062 End=16337006161731 Duration=20052669
Task=54 Chunk=0 Start=16337006161735 End=16337026185253 Duration=20023518
Task=55 Chunk=0 Start=16337026185258 End=16337046208798 Duration=20023540
Task=56 Chunk=0 Start=16337046208826 End=16337066243713 Duration=20034887
Task=57 Chunk=0 Start=16337066243713 End=16337086290823 Duration=20047110
Task=58 Chunk=0 Start=16337086290842 End=16337106422099 Duration=20131257
Task=59 Chunk=0 Start=16337106422100 End=16337126449666 Duration=20027566
Task=60 Chunk=0 Start=16337126449670 End=16337146529682 Duration=20080012
Task=61 Chunk=0 Start=16337146529690 End=16337166587239 Duration=20057549
Task=62 Chunk=0 Start=16337166587251 End=16337186610823 Duration=20023572
Task=63 Chunk=0 Start=16337186610838 End=16337206619375 Duration=20008537
Task=64 Chunk=0 Start=16337206619382 End=16337226615767 Duration=19996385
Task=65 Chunk=0 Start=16337226615771 End=16337246643983 Duration=20028212
Task=66 Chunk=0 Start=16337246643984 End=16337269399579 Duration=22755595
Task=67 Chunk=0 Start=16337269399587 End=16337290972539 Duration=21572952
Task=68 Chunk=0 Start=16337290972559 End=16337312303798 Duration=21331239
Task=69 Chunk=0 Start=16337312303920 End=16337333277252 Duration=20973332
Task=70 Chunk=0 Start=16337333277255 End=16337354045375 Duration=20768120
Task=71 Chunk=0 Start=16337354045376 End=16337374810903 Duration=20765527
Task=72 Chunk=0 Start=16337374810904 End=16337395443135 Duration=20632231
Task=73 Chunk=0 Start=16337395443136 End=16337416005811 Duration=20562675
Task=74 Chunk=0 Start=16337416005827 End=16337436098659 Duration=20092832
Task=75 Chunk=0 Start=16337436098660 End=16337456020891 Duration=19922231
Task=76 Chunk=0 Start=16337456020945 End=16337475879505 Duration=19858560
Task=77 Chunk=0 Start=16337475879506 End=16337495827661 Duration=19948155
Task=78 Chunk=0 Start=16337495827683 End=16337515651840 Duration=19824157
Task=79 Chunk=0 Start=16337515651842 End=16337535420998 Duration=19769156
Task=80 Chunk=0 Start=16337535420999 End=16337555367003 Duration=19946004
Task=81 Chunk=0 Start=16337555367080 End=16337575196018 Duration=19828938
Task=82 Chunk=0 Start=16337575196020 End=16337596357890 Duration=21161870
Task=83 Chunk=0 Start=16337596357901 End=16337618615696 Duration=22257795
Task=84 Chunk=0 Start=16337618615697 End=16337639605490 Duration=20989793
Task=85 Chunk=0 Start=16337639605494 End=16337660446127 Duration=20840633
Task=86 Chunk=0 Start=16337660446191 End=16337680916681 Duration=20470490
Task=87 Chunk=0 Start=16337680916685 End=16337701328846 Duration=20412161
Task=88 Chunk=0 Start=16337701328935 End=16337721500988 Duration=20172053
Task=89 Chunk=0 Start=16337721500989 End=16337741684951 Duration=20183962
Task=90 Chunk=0 Start=16337741684953 End=16337761840956 Duration=20156003
Task=91 Chunk=0 Start=16337761841000 End=16337782007507 Duration=20166507
Task=92 Chunk=0 Start=16337782007523 End=16337802240343 Duration=20232820
Task=93 Chunk=0 Start=16337802240457 End=16337822263209 Duration=20022752
Task=94 Chunk=0 Start=16337822263212 End=16337842351374 Duration=20088162
Task=95 Chunk=0 Start=16337842351378 End=16337862390979 Duration=20039601
Task=96 Chunk=0 Start=16337862390979 End=16337882551558 Duration=20160579
Task=97 Chunk=0 Start=16337882551565 End=16337902678216 Duration=20126651
Task=98 Chunk=0 Start=16337902678216 End=16337922703635 Duration=20025419
Task=99 Chunk=0 Start=16337922703645 End=16337942964763 Duration=20261118
### Python End ###

--------------------------------
[2025-04-24 18:20:38.024] [info] Available Vulkan Layers:
[2025-04-24 18:20:38.024] [warning] Validation layer requested but not available, continuing without it...
[2025-04-24 18:20:38.032] [info] Using integrated GPU: Mali-G710
### Python Begin ###
Schedule_UID=SCH-L9-G000-3096
Frequency=24576000 Hz
Task=0 Chunk=0 Start=16337950583294 End=16337996185241 Duration=45601947
Task=1 Chunk=0 Start=16337996185462 End=16338041660409 Duration=45474947
Task=2 Chunk=0 Start=16338041660650 End=16338087230048 Duration=45569398
Task=3 Chunk=0 Start=16338087230404 End=16338132635149 Duration=45404745
Task=4 Chunk=0 Start=16338132635355 End=16338178087532 Duration=45452177
Task=5 Chunk=0 Start=16338178087892 End=16338223534896 Duration=45447004
Task=6 Chunk=0 Start=16338223535142 End=16338269067895 Duration=45532753
Task=7 Chunk=0 Start=16338269068221 End=16338314805861 Duration=45737640
Task=8 Chunk=0 Start=16338314806102 End=16338360343034 Duration=45536932
Task=9 Chunk=0 Start=16338360343281 End=16338405829569 Duration=45486288
Task=10 Chunk=0 Start=16338405829857 End=16338451277314 Duration=45447457
Task=11 Chunk=0 Start=16338451277587 End=16338496759754 Duration=45482167
Task=12 Chunk=0 Start=16338496759928 End=16338542198833 Duration=45438905
Task=13 Chunk=0 Start=16338542199060 End=16338588201205 Duration=46002145
Task=14 Chunk=0 Start=16338588201353 End=16338633897969 Duration=45696616
Task=15 Chunk=0 Start=16338633898117 End=16338679368310 Duration=45470193
Task=16 Chunk=0 Start=16338679368548 End=16338724829431 Duration=45460883
Task=17 Chunk=0 Start=16338724829733 End=16338770303461 Duration=45473728
Task=18 Chunk=0 Start=16338770303726 End=16338816109799 Duration=45806073
Task=19 Chunk=0 Start=16338816110018 End=16338861561703 Duration=45451685
Task=20 Chunk=0 Start=16338861562041 End=16338907001608 Duration=45439567
Task=21 Chunk=0 Start=16338907001890 End=16338952506235 Duration=45504345
Task=22 Chunk=0 Start=16338952506468 End=16338997955757 Duration=45449289
Task=23 Chunk=0 Start=16338997956044 End=16339043463627 Duration=45507583
Task=24 Chunk=0 Start=16339043463839 End=16339088963137 Duration=45499298
Task=25 Chunk=0 Start=16339088963505 End=16339134447393 Duration=45483888
Task=26 Chunk=0 Start=16339134447637 End=16339179946838 Duration=45499201
Task=27 Chunk=0 Start=16339179947123 End=16339225353084 Duration=45405961
Task=28 Chunk=0 Start=16339225353252 End=16339270752344 Duration=45399092
Task=29 Chunk=0 Start=16339270752554 End=16339316313030 Duration=45560476
Task=30 Chunk=0 Start=16339316313295 End=16339361799316 Duration=45486021
Task=31 Chunk=0 Start=16339361799481 End=16339407206152 Duration=45406671
Task=32 Chunk=0 Start=16339407206469 End=16339452639582 Duration=45433113
Task=33 Chunk=0 Start=16339452639802 End=16339498109455 Duration=45469653
Task=34 Chunk=0 Start=16339498109817 End=16339543727178 Duration=45617361
Task=35 Chunk=0 Start=16339543727367 End=16339589203582 Duration=45476215
Task=36 Chunk=0 Start=16339589203836 End=16339634694093 Duration=45490257
Task=37 Chunk=0 Start=16339634694410 End=16339680344159 Duration=45649749
Task=38 Chunk=0 Start=16339680344425 End=16339725898218 Duration=45553793
Task=39 Chunk=0 Start=16339725898439 End=16339771333705 Duration=45435266
Task=40 Chunk=0 Start=16339771334032 End=16339816775391 Duration=45441359
Task=41 Chunk=0 Start=16339816775725 End=16339862216512 Duration=45440787
Task=42 Chunk=0 Start=16339862216724 End=16339907648255 Duration=45431531
Task=43 Chunk=0 Start=16339907648460 End=16339953076393 Duration=45427933
Task=44 Chunk=0 Start=16339953076646 End=16339998535695 Duration=45459049
Task=45 Chunk=0 Start=16339998536003 End=16340044590172 Duration=46054169
Task=46 Chunk=0 Start=16340044590433 End=16340090119081 Duration=45528648
Task=47 Chunk=0 Start=16340090119390 End=16340135528895 Duration=45409505
Task=48 Chunk=0 Start=16340135529233 End=16340180940416 Duration=45411183
Task=49 Chunk=0 Start=16340180940674 End=16340226417687 Duration=45477013
Task=50 Chunk=0 Start=16340226417935 End=16340271875147 Duration=45457212
Task=51 Chunk=0 Start=16340271875391 End=16340317367140 Duration=45491749
Task=52 Chunk=0 Start=16340317367511 End=16340362846454 Duration=45478943
Task=53 Chunk=0 Start=16340362846806 End=16340408274180 Duration=45427374
Task=54 Chunk=0 Start=16340408274511 End=16340453733799 Duration=45459288
Task=55 Chunk=0 Start=16340453734028 End=16340499139504 Duration=45405476
Task=56 Chunk=0 Start=16340499139746 End=16340544728125 Duration=45588379
Task=57 Chunk=0 Start=16340544728377 End=16340590184023 Duration=45455646
Task=58 Chunk=0 Start=16340590184282 End=16340638839191 Duration=48654909
Task=59 Chunk=0 Start=16340638839482 End=16340689714039 Duration=50874557
Task=60 Chunk=0 Start=16340689714273 End=16340740547355 Duration=50833082
Task=61 Chunk=0 Start=16340740547598 End=16340791359364 Duration=50811766
Task=62 Chunk=0 Start=16340791359536 End=16340842313080 Duration=50953544
Task=63 Chunk=0 Start=16340842313352 End=16340888757320 Duration=46443968
Task=64 Chunk=0 Start=16340888757629 End=16340934221742 Duration=45464113
Task=65 Chunk=0 Start=16340934222067 End=16340979824110 Duration=45602043
Task=66 Chunk=0 Start=16340979824344 End=16341025725180 Duration=45900836
Task=67 Chunk=0 Start=16341025725461 End=16341071203804 Duration=45478343
Task=68 Chunk=0 Start=16341071204015 End=16341116674304 Duration=45470289
Task=69 Chunk=0 Start=16341116674556 End=16341162124360 Duration=45449804
Task=70 Chunk=0 Start=16341162124643 End=16341207576434 Duration=45451791
Task=71 Chunk=0 Start=16341207576690 End=16341253023439 Duration=45446749
Task=72 Chunk=0 Start=16341253023661 End=16341298450515 Duration=45426854
Task=73 Chunk=0 Start=16341298450809 End=16341343873668 Duration=45422859
Task=74 Chunk=0 Start=16341343873919 End=16341389353938 Duration=45480019
Task=75 Chunk=0 Start=16341389354134 End=16341434889210 Duration=45535076
Task=76 Chunk=0 Start=16341434889442 End=16341480334277 Duration=45444835
Task=77 Chunk=0 Start=16341480334588 End=16341526241272 Duration=45906684
Task=78 Chunk=0 Start=16341526241473 End=16341571693437 Duration=45451964
Task=79 Chunk=0 Start=16341571693726 End=16341617137494 Duration=45443768
Task=80 Chunk=0 Start=16341617137844 End=16341662597162 Duration=45459318
Task=81 Chunk=0 Start=16341662597466 End=16341708055037 Duration=45457571
Task=82 Chunk=0 Start=16341708055327 End=16341753517442 Duration=45462115
Task=83 Chunk=0 Start=16341753517825 End=16341798937980 Duration=45420155
Task=84 Chunk=0 Start=16341798938184 End=16341844376567 Duration=45438383
Task=85 Chunk=0 Start=16341844376958 End=16341889921309 Duration=45544351
Task=86 Chunk=0 Start=16341889921494 End=16341935387457 Duration=45465963
Task=87 Chunk=0 Start=16341935387700 End=16341980791906 Duration=45404206
Task=88 Chunk=0 Start=16341980792173 End=16342026350472 Duration=45558299
Task=89 Chunk=0 Start=16342026350683 End=16342071813372 Duration=45462689
Task=90 Chunk=0 Start=16342071813591 End=16342117302995 Duration=45489404
Task=91 Chunk=0 Start=16342117303153 End=16342162798006 Duration=45494853
Task=92 Chunk=0 Start=16342162798327 End=16342208255754 Duration=45457427
Task=93 Chunk=0 Start=16342208256043 End=16342253755189 Duration=45499146
Task=94 Chunk=0 Start=16342253755432 End=16342299251191 Duration=45495759
Task=95 Chunk=0 Start=16342299251383 End=16342344688580 Duration=45437197
Task=96 Chunk=0 Start=16342344688853 End=16342390162308 Duration=45473455
Task=97 Chunk=0 Start=16342390162649 End=16342435697762 Duration=45535113
Task=98 Chunk=0 Start=16342435697982 End=16342481230246 Duration=45532264
Task=99 Chunk=0 Start=16342481230463 End=16342526921192 Duration=45690729
### Python End ###

--------------------------------
[2025-04-24 18:23:44.553] [info] Available Vulkan Layers:
[2025-04-24 18:23:44.553] [warning] Validation layer requested but not available, continuing without it...
[2025-04-24 18:23:44.559] [info] Using integrated GPU: Mali-G710
### Python Begin ###
Schedule_UID=SCH-M9-G000-c124
Frequency=24576000 Hz
Task=0 Chunk=0 Start=16342534410980 End=16342554293925 Duration=19882945
Task=1 Chunk=0 Start=16342554294029 End=16342572976391 Duration=18682362
Task=2 Chunk=0 Start=16342572976392 End=16342591715542 Duration=18739150
Task=3 Chunk=0 Start=16342591715555 End=16342610451682 Duration=18736127
Task=4 Chunk=0 Start=16342610451683 End=16342629278533 Duration=18826850
Task=5 Chunk=0 Start=16342629278534 End=16342648083819 Duration=18805285
Task=6 Chunk=0 Start=16342648083820 End=16342666954597 Duration=18870777
Task=7 Chunk=0 Start=16342666954610 End=16342685951391 Duration=18996781
Task=8 Chunk=0 Start=16342685951488 End=16342704792931 Duration=18841443
Task=9 Chunk=0 Start=16342704792941 End=16342723626243 Duration=18833302
Task=10 Chunk=0 Start=16342723626255 End=16342742566572 Duration=18940317
Task=11 Chunk=0 Start=16342742566573 End=16342761386053 Duration=18819480
Task=12 Chunk=0 Start=16342761386061 End=16342780342736 Duration=18956675
Task=13 Chunk=0 Start=16342780342739 End=16342799342711 Duration=18999972
Task=14 Chunk=0 Start=16342799342712 End=16342818138935 Duration=18796223
Task=15 Chunk=0 Start=16342818138936 End=16342836973046 Duration=18834110
Task=16 Chunk=0 Start=16342836973047 End=16342855862544 Duration=18889497
Task=17 Chunk=0 Start=16342855862544 End=16342874948570 Duration=19086026
Task=18 Chunk=0 Start=16342874948576 End=16342894600674 Duration=19652098
Task=19 Chunk=0 Start=16342894600676 End=16342914094124 Duration=19493448
Task=20 Chunk=0 Start=16342914094130 End=16342933459320 Duration=19365190
Task=21 Chunk=0 Start=16342933459321 End=16342952707994 Duration=19248673
Task=22 Chunk=0 Start=16342952708002 End=16342971573026 Duration=18865024
Task=23 Chunk=0 Start=16342971573027 End=16342990423093 Duration=18850066
Task=24 Chunk=0 Start=16342990423107 End=16343009219340 Duration=18796233
Task=25 Chunk=0 Start=16343009219341 End=16343028115649 Duration=18896308
Task=26 Chunk=0 Start=16343028115661 End=16343047196444 Duration=19080783
Task=27 Chunk=0 Start=16343047196448 End=16343066384161 Duration=19187713
Task=28 Chunk=0 Start=16343066384162 End=16343086069803 Duration=19685641
Task=29 Chunk=0 Start=16343086069804 End=16343105767996 Duration=19698192
Task=30 Chunk=0 Start=16343105768077 End=16343125081030 Duration=19312953
Task=31 Chunk=0 Start=16343125081031 End=16343144395892 Duration=19314861
Task=32 Chunk=0 Start=16343144395893 End=16343163394657 Duration=18998764
Task=33 Chunk=0 Start=16343163394661 End=16343182352509 Duration=18957848
Task=34 Chunk=0 Start=16343182352556 End=16343201309098 Duration=18956542
Task=35 Chunk=0 Start=16343201309104 End=16343220209004 Duration=18899900
Task=36 Chunk=0 Start=16343220209004 End=16343239492511 Duration=19283507
Task=37 Chunk=0 Start=16343239492512 End=16343258333566 Duration=18841054
Task=38 Chunk=0 Start=16343258333660 End=16343277174526 Duration=18840866
Task=39 Chunk=0 Start=16343277174527 End=16343296011983 Duration=18837456
Task=40 Chunk=0 Start=16343296012001 End=16343314871819 Duration=18859818
Task=41 Chunk=0 Start=16343314871821 End=16343333817544 Duration=18945723
Task=42 Chunk=0 Start=16343333817547 End=16343352635905 Duration=18818358
Task=43 Chunk=0 Start=16343352635907 End=16343371458478 Duration=18822571
Task=44 Chunk=0 Start=16343371458504 End=16343390279996 Duration=18821492
Task=45 Chunk=0 Start=16343390280019 End=16343409033060 Duration=18753041
Task=46 Chunk=0 Start=16343409033115 End=16343427782875 Duration=18749760
Task=47 Chunk=0 Start=16343427782878 End=16343447172213 Duration=19389335
Task=48 Chunk=0 Start=16343447172214 End=16343466832030 Duration=19659816
Task=49 Chunk=0 Start=16343466832031 End=16343485547029 Duration=18714998
Task=50 Chunk=0 Start=16343485547031 End=16343504234939 Duration=18687908
Task=51 Chunk=0 Start=16343504235006 End=16343522937371 Duration=18702365
Task=52 Chunk=0 Start=16343522937377 End=16343541587523 Duration=18650146
Task=53 Chunk=0 Start=16343541587531 End=16343560221472 Duration=18633941
Task=54 Chunk=0 Start=16343560221473 End=16343578938307 Duration=18716834
Task=55 Chunk=0 Start=16343578938308 End=16343597597779 Duration=18659471
Task=56 Chunk=0 Start=16343597597781 End=16343616259617 Duration=18661836
Task=57 Chunk=0 Start=16343616259644 End=16343635727561 Duration=19467917
Task=58 Chunk=0 Start=16343635727563 End=16343655116548 Duration=19388985
Task=59 Chunk=0 Start=16343655116560 End=16343674229774 Duration=19113214
Task=60 Chunk=0 Start=16343674229775 End=16343693355933 Duration=19126158
Task=61 Chunk=0 Start=16343693355934 End=16343712467825 Duration=19111891
Task=62 Chunk=0 Start=16343712467843 End=16343731600043 Duration=19132200
Task=63 Chunk=0 Start=16343731600044 End=16343750720317 Duration=19120273
Task=64 Chunk=0 Start=16343750720317 End=16343769661004 Duration=18940687
Task=65 Chunk=0 Start=16343769661006 End=16343788765320 Duration=19104314
Task=66 Chunk=0 Start=16343788765321 End=16343807903644 Duration=19138323
Task=67 Chunk=0 Start=16343807903644 End=16343827220008 Duration=19316364
Task=68 Chunk=0 Start=16343827220097 End=16343846150269 Duration=18930172
Task=69 Chunk=0 Start=16343846150270 End=16343864895325 Duration=18745055
Task=70 Chunk=0 Start=16343864895327 End=16343883536645 Duration=18641318
Task=71 Chunk=0 Start=16343883536669 End=16343902238356 Duration=18701687
Task=72 Chunk=0 Start=16343902238364 End=16343920876576 Duration=18638212
Task=73 Chunk=0 Start=16343920876576 End=16343939498880 Duration=18622304
Task=74 Chunk=0 Start=16343939498890 End=16343958587955 Duration=19089065
Task=75 Chunk=0 Start=16343958587961 End=16343977501073 Duration=18913112
Task=76 Chunk=0 Start=16343977501091 End=16343996426842 Duration=18925751
Task=77 Chunk=0 Start=16343996426843 End=16344015862183 Duration=19435340
Task=78 Chunk=0 Start=16344015862184 End=16344035550152 Duration=19687968
Task=79 Chunk=0 Start=16344035550153 End=16344055015785 Duration=19465632
Task=80 Chunk=0 Start=16344055015798 End=16344074788173 Duration=19772375
Task=81 Chunk=0 Start=16344074788175 End=16344094561225 Duration=19773050
Task=82 Chunk=0 Start=16344094561226 End=16344114187877 Duration=19626651
Task=83 Chunk=0 Start=16344114187892 End=16344133431545 Duration=19243653
Task=84 Chunk=0 Start=16344133431556 End=16344152400678 Duration=18969122
Task=85 Chunk=0 Start=16344152400688 End=16344171216119 Duration=18815431
Task=86 Chunk=0 Start=16344171216122 End=16344190035612 Duration=18819490
Task=87 Chunk=0 Start=16344190035614 End=16344208859491 Duration=18823877
Task=88 Chunk=0 Start=16344208859496 End=16344227960819 Duration=19101323
Task=89 Chunk=0 Start=16344227960820 End=16344247524884 Duration=19564064
Task=90 Chunk=0 Start=16344247524909 End=16344267140408 Duration=19615499
Task=91 Chunk=0 Start=16344267140425 End=16344287398125 Duration=20257700
Task=92 Chunk=0 Start=16344287398129 End=16344306954243 Duration=19556114
Task=93 Chunk=0 Start=16344306954244 End=16344325639532 Duration=18685288
Task=94 Chunk=0 Start=16344325639588 End=16344346933540 Duration=21293952
Task=95 Chunk=0 Start=16344346933545 End=16344367314335 Duration=20380790
Task=96 Chunk=0 Start=16344367314336 End=16344386988987 Duration=19674651
Task=97 Chunk=0 Start=16344386989001 End=16344406637113 Duration=19648112
Task=98 Chunk=0 Start=16344406637115 End=16344426225060 Duration=19587945
Task=99 Chunk=0 Start=16344426225061 End=16344445826195 Duration=19601134
### Python End ###

--------------------------------
[2025-04-24 18:25:02.630] [info] Available Vulkan Layers:
[2025-04-24 18:25:02.630] [warning] Validation layer requested but not available, continuing without it...
[2025-04-24 18:25:02.635] [info] Using integrated GPU: Mali-G710
### Python Begin ###
Schedule_UID=SCH-G9-G000-ffbd
Frequency=24576000 Hz
Task=0 Chunk=0 Start=16344452940427 End=16344453346338 Duration=405911
Task=1 Chunk=0 Start=16344453346347 End=16344453601218 Duration=254871
Task=2 Chunk=0 Start=16344453601225 End=16344453781113 Duration=179888
Task=3 Chunk=0 Start=16344453781120 End=16344453930198 Duration=149078
Task=4 Chunk=0 Start=16344453930202 End=16344454080050 Duration=149848
Task=5 Chunk=0 Start=16344454080054 End=16344454228043 Duration=147989
Task=6 Chunk=0 Start=16344454228047 End=16344454405383 Duration=177336
Task=7 Chunk=0 Start=16344454405385 End=16344454572444 Duration=167059
Task=8 Chunk=0 Start=16344454572446 End=16344454745928 Duration=173482
Task=9 Chunk=0 Start=16344454745935 End=16344454919981 Duration=174046
Task=10 Chunk=0 Start=16344454919983 End=16344455092001 Duration=172018
Task=11 Chunk=0 Start=16344455092003 End=16344455297918 Duration=205915
Task=12 Chunk=0 Start=16344455297920 End=16344455500254 Duration=202334
Task=13 Chunk=0 Start=16344455500258 End=16344455697038 Duration=196780
Task=14 Chunk=0 Start=16344455697042 End=16344455959703 Duration=262661
Task=15 Chunk=0 Start=16344455959733 End=16344456162289 Duration=202556
Task=16 Chunk=0 Start=16344456162293 End=16344456407913 Duration=245620
Task=17 Chunk=0 Start=16344456407939 End=16344456624621 Duration=216682
Task=18 Chunk=0 Start=16344456624630 End=16344456817578 Duration=192948
Task=19 Chunk=0 Start=16344456817586 End=16344457002711 Duration=185125
Task=20 Chunk=0 Start=16344457002717 End=16344457170896 Duration=168179
Task=21 Chunk=0 Start=16344457170901 End=16344457345185 Duration=174284
Task=22 Chunk=0 Start=16344457345192 End=16344457694054 Duration=348862
Task=23 Chunk=0 Start=16344457694065 End=16344457895525 Duration=201460
Task=24 Chunk=0 Start=16344457895529 End=16344458094233 Duration=198704
Task=25 Chunk=0 Start=16344458094238 End=16344458294182 Duration=199944
Task=26 Chunk=0 Start=16344458294186 End=16344458547133 Duration=252947
Task=27 Chunk=0 Start=16344458547147 End=16344458776787 Duration=229640
Task=28 Chunk=0 Start=16344458776792 End=16344459017810 Duration=241018
Task=29 Chunk=0 Start=16344459017814 End=16344459244040 Duration=226226
Task=30 Chunk=0 Start=16344459244044 End=16344459477581 Duration=233537
Task=31 Chunk=0 Start=16344459477585 End=16344459706729 Duration=229144
Task=32 Chunk=0 Start=16344459706734 End=16344459932878 Duration=226144
Task=33 Chunk=0 Start=16344459932882 End=16344460122955 Duration=190073
Task=34 Chunk=0 Start=16344460122960 End=16344460296772 Duration=173812
Task=35 Chunk=0 Start=16344460296775 End=16344460548117 Duration=251342
Task=36 Chunk=0 Start=16344460548175 End=16344460782877 Duration=234702
Task=37 Chunk=0 Start=16344460782909 End=16344460994403 Duration=211494
Task=38 Chunk=0 Start=16344460994421 End=16344461217456 Duration=223035
Task=39 Chunk=0 Start=16344461217489 End=16344461499653 Duration=282164
Task=40 Chunk=0 Start=16344461499726 End=16344461761970 Duration=262244
Task=41 Chunk=0 Start=16344461762008 End=16344462023092 Duration=261084
Task=42 Chunk=0 Start=16344462023127 End=16344462271035 Duration=247908
Task=43 Chunk=0 Start=16344462271075 End=16344462541172 Duration=270097
Task=44 Chunk=0 Start=16344462541230 End=16344462794061 Duration=252831
Task=45 Chunk=0 Start=16344462794100 End=16344463058176 Duration=264076
Task=46 Chunk=0 Start=16344463058217 End=16344463324660 Duration=266443
Task=47 Chunk=0 Start=16344463324695 End=16344463596903 Duration=272208
Task=48 Chunk=0 Start=16344463596952 End=16344463860732 Duration=263780
Task=49 Chunk=0 Start=16344463860771 End=16344464165806 Duration=305035
Task=50 Chunk=0 Start=16344464165829 End=16344464430725 Duration=264896
Task=51 Chunk=0 Start=16344464430847 End=16344464715201 Duration=284354
Task=52 Chunk=0 Start=16344464715225 End=16344464985331 Duration=270106
Task=53 Chunk=0 Start=16344464985370 End=16344465247597 Duration=262227
Task=54 Chunk=0 Start=16344465247647 End=16344465676354 Duration=428707
Task=55 Chunk=0 Start=16344465676395 End=16344465936933 Duration=260538
Task=56 Chunk=0 Start=16344465936973 End=16344466195928 Duration=258955
Task=57 Chunk=0 Start=16344466195961 End=16344466511512 Duration=315551
Task=58 Chunk=0 Start=16344466511561 End=16344466856066 Duration=344505
Task=59 Chunk=0 Start=16344466856121 End=16344467200144 Duration=344023
Task=60 Chunk=0 Start=16344467200198 End=16344467534797 Duration=334599
Task=61 Chunk=0 Start=16344467534830 End=16344467866154 Duration=331324
Task=62 Chunk=0 Start=16344467866196 End=16344468199948 Duration=333752
Task=63 Chunk=0 Start=16344468199992 End=16344468511672 Duration=311680
Task=64 Chunk=0 Start=16344468511729 End=16344469018644 Duration=506915
Task=65 Chunk=0 Start=16344469018701 End=16344469278527 Duration=259826
Task=66 Chunk=0 Start=16344469278562 End=16344469530854 Duration=252292
Task=67 Chunk=0 Start=16344469530887 End=16344469790695 Duration=259808
Task=68 Chunk=0 Start=16344469790728 End=16344470058577 Duration=267849
Task=69 Chunk=0 Start=16344470058629 End=16344470325892 Duration=267263
Task=70 Chunk=0 Start=16344470325976 End=16344470595175 Duration=269199
Task=71 Chunk=0 Start=16344470595204 End=16344470864081 Duration=268877
Task=72 Chunk=0 Start=16344470864107 End=16344471135885 Duration=271778
Task=73 Chunk=0 Start=16344471135988 End=16344471431707 Duration=295719
Task=74 Chunk=0 Start=16344471431762 End=16344471679920 Duration=248158
Task=75 Chunk=0 Start=16344471679967 End=16344471934471 Duration=254504
Task=76 Chunk=0 Start=16344471934508 End=16344472189059 Duration=254551
Task=77 Chunk=0 Start=16344472189107 End=16344472482334 Duration=293227
Task=78 Chunk=0 Start=16344472482368 End=16344472768722 Duration=286354
Task=79 Chunk=0 Start=16344472768853 End=16344473029871 Duration=261018
Task=80 Chunk=0 Start=16344473029903 End=16344473301287 Duration=271384
Task=81 Chunk=0 Start=16344473301340 End=16344473546371 Duration=245031
Task=82 Chunk=0 Start=16344473546383 End=16344473814740 Duration=268357
Task=83 Chunk=0 Start=16344473814760 End=16344474080456 Duration=265696
Task=84 Chunk=0 Start=16344474080490 End=16344474383457 Duration=302967
Task=85 Chunk=0 Start=16344474383485 End=16344474642413 Duration=258928
Task=86 Chunk=0 Start=16344474642431 End=16344474916753 Duration=274322
Task=87 Chunk=0 Start=16344474916773 End=16344475188404 Duration=271631
Task=88 Chunk=0 Start=16344475188442 End=16344475471138 Duration=282696
Task=89 Chunk=0 Start=16344475471176 End=16344475730861 Duration=259685
Task=90 Chunk=0 Start=16344475730902 End=16344475998750 Duration=267848
Task=91 Chunk=0 Start=16344475998770 End=16344476263012 Duration=264242
Task=92 Chunk=0 Start=16344476263061 End=16344476584619 Duration=321558
Task=93 Chunk=0 Start=16344476584648 End=16344476861205 Duration=276557
Task=94 Chunk=0 Start=16344476861239 End=16344477133456 Duration=272217
Task=95 Chunk=0 Start=16344477133552 End=16344477392073 Duration=258521
Task=96 Chunk=0 Start=16344477392105 End=16344477667637 Duration=275532
Task=97 Chunk=0 Start=16344477667658 End=16344477926465 Duration=258807
Task=98 Chunk=0 Start=16344477926504 End=16344478175618 Duration=249114
Task=99 Chunk=0 Start=16344478175662 End=16344478455127 Duration=279465
### Python End ###

--------------------------------
[2025-04-24 18:25:03.950] [info] Available Vulkan Layers:
[2025-04-24 18:25:03.950] [warning] Validation layer requested but not available, continuing without it...
[2025-04-24 18:25:03.953] [info] Using integrated GPU: Mali-G710
### Python Begin ###
Schedule_UID=SCH-G7L2-G260-6259
Frequency=24576000 Hz
Task=0 Chunk=0 Start=16344485384068 End=16344485620106 Duration=236038
Task=0 Chunk=1 Start=16344485620151 End=16344485707887 Duration=87736
Task=1 Chunk=0 Start=16344485620126 End=16344485746379 Duration=126253
Task=1 Chunk=1 Start=16344485746409 End=16344485780755 Duration=34346
Task=2 Chunk=0 Start=16344485746394 End=16344485872459 Duration=126065
Task=2 Chunk=1 Start=16344485872494 End=16344485926035 Duration=53541
Task=3 Chunk=0 Start=16344485872461 End=16344486000639 Duration=128178
Task=3 Chunk=1 Start=16344486000751 End=16344486051531 Duration=50780
Task=4 Chunk=0 Start=16344486000663 End=16344486129579 Duration=128916
Task=4 Chunk=1 Start=16344486129615 End=16344486157886 Duration=28271
Task=5 Chunk=0 Start=16344486129599 End=16344486276297 Duration=146698
Task=5 Chunk=1 Start=16344486276331 End=16344486305041 Duration=28710
Task=6 Chunk=0 Start=16344486276299 End=16344486406022 Duration=129723
Task=6 Chunk=1 Start=16344486406065 End=16344486433230 Duration=27165
Task=7 Chunk=0 Start=16344486406024 End=16344486537755 Duration=131731
Task=7 Chunk=1 Start=16344486537788 End=16344486565641 Duration=27853
Task=8 Chunk=0 Start=16344486537767 End=16344486670010 Duration=132243
Task=8 Chunk=1 Start=16344486670065 End=16344486696680 Duration=26615
Task=9 Chunk=0 Start=16344486670013 End=16344486813973 Duration=143960
Task=9 Chunk=1 Start=16344486814010 End=16344486840433 Duration=26423
Task=10 Chunk=0 Start=16344486813977 End=16344486958887 Duration=144910
Task=10 Chunk=1 Start=16344486958926 End=16344486985547 Duration=26621
Task=11 Chunk=0 Start=16344486958890 End=16344487103682 Duration=144792
Task=11 Chunk=1 Start=16344487103714 End=16344487130245 Duration=26531
Task=12 Chunk=0 Start=16344487103693 End=16344487252849 Duration=149156
Task=12 Chunk=1 Start=16344487252895 End=16344487279710 Duration=26815
Task=13 Chunk=0 Start=16344487252853 End=16344487402001 Duration=149148
Task=13 Chunk=1 Start=16344487402030 End=16344487429007 Duration=26977
Task=14 Chunk=0 Start=16344487402021 End=16344487549418 Duration=147397
Task=14 Chunk=1 Start=16344487549459 End=16344487576153 Duration=26694
Task=15 Chunk=0 Start=16344487549437 End=16344487698411 Duration=148974
Task=15 Chunk=1 Start=16344487698459 End=16344487724932 Duration=26473
Task=16 Chunk=0 Start=16344487698433 End=16344487860743 Duration=162310
Task=16 Chunk=1 Start=16344487860779 End=16344487887423 Duration=26644
Task=17 Chunk=0 Start=16344487860756 End=16344488121350 Duration=260594
Task=17 Chunk=1 Start=16344488121380 End=16344488149722 Duration=28342
Task=18 Chunk=0 Start=16344488121354 End=16344488286115 Duration=164761
Task=18 Chunk=1 Start=16344488286158 End=16344488313518 Duration=27360
Task=19 Chunk=0 Start=16344488286119 End=16344488449039 Duration=162920
Task=19 Chunk=1 Start=16344488449088 End=16344488477541 Duration=28453
Task=20 Chunk=0 Start=16344488449043 End=16344488608963 Duration=159920
Task=20 Chunk=1 Start=16344488608992 End=16344488638404 Duration=29412
Task=21 Chunk=0 Start=16344488608967 End=16344488771303 Duration=162336
Task=21 Chunk=1 Start=16344488771337 End=16344488799227 Duration=27890
Task=22 Chunk=0 Start=16344488771307 End=16344488929649 Duration=158342
Task=22 Chunk=1 Start=16344488929688 End=16344488957713 Duration=28025
Task=23 Chunk=0 Start=16344488929653 End=16344489086133 Duration=156480
Task=23 Chunk=1 Start=16344489086155 End=16344489114975 Duration=28820
Task=24 Chunk=0 Start=16344489086143 End=16344489240639 Duration=154496
Task=24 Chunk=1 Start=16344489240675 End=16344489268926 Duration=28251
Task=25 Chunk=0 Start=16344489240641 End=16344489382195 Duration=141554
Task=25 Chunk=1 Start=16344489382230 End=16344489409437 Duration=27207
Task=26 Chunk=0 Start=16344489382197 End=16344489508501 Duration=126304
Task=26 Chunk=1 Start=16344489508513 End=16344489534700 Duration=26187
Task=27 Chunk=0 Start=16344489508507 End=16344489633691 Duration=125184
Task=27 Chunk=1 Start=16344489633732 End=16344489659999 Duration=26267
Task=28 Chunk=0 Start=16344489633693 End=16344489759712 Duration=126019
Task=28 Chunk=1 Start=16344489759724 End=16344489786254 Duration=26530
Task=29 Chunk=0 Start=16344489759719 End=16344489884616 Duration=124897
Task=29 Chunk=1 Start=16344489884647 End=16344489912039 Duration=27392
Task=30 Chunk=0 Start=16344489884617 End=16344490022007 Duration=137390
Task=30 Chunk=1 Start=16344490022068 End=16344490048395 Duration=26327
Task=31 Chunk=0 Start=16344490022009 End=16344490167976 Duration=145967
Task=31 Chunk=1 Start=16344490168006 End=16344490196160 Duration=28154
Task=32 Chunk=0 Start=16344490167988 End=16344490325446 Duration=157458
Task=32 Chunk=1 Start=16344490325473 End=16344490353643 Duration=28170
Task=33 Chunk=0 Start=16344490325450 End=16344490488286 Duration=162836
Task=33 Chunk=1 Start=16344490488321 End=16344490517523 Duration=29202
Task=34 Chunk=0 Start=16344490488290 End=16344490649964 Duration=161674
Task=34 Chunk=1 Start=16344490650002 End=16344490678217 Duration=28215
Task=35 Chunk=0 Start=16344490649968 End=16344490808943 Duration=158975
Task=35 Chunk=1 Start=16344490808961 End=16344490838106 Duration=29145
Task=36 Chunk=0 Start=16344490808955 End=16344490969170 Duration=160215
Task=36 Chunk=1 Start=16344490969187 End=16344490998562 Duration=29375
Task=37 Chunk=0 Start=16344490969183 End=16344491131146 Duration=161963
Task=37 Chunk=1 Start=16344491131188 End=16344491159092 Duration=27904
Task=38 Chunk=0 Start=16344491131150 End=16344491290167 Duration=159017
Task=38 Chunk=1 Start=16344491290188 End=16344491317679 Duration=27491
Task=39 Chunk=0 Start=16344491290179 End=16344491456198 Duration=166019
Task=39 Chunk=1 Start=16344491456229 End=16344491485963 Duration=29734
Task=40 Chunk=0 Start=16344491456203 End=16344491628787 Duration=172584
Task=40 Chunk=1 Start=16344491628818 End=16344491657930 Duration=29112
Task=41 Chunk=0 Start=16344491628791 End=16344491800014 Duration=171223
Task=41 Chunk=1 Start=16344491800044 End=16344491827350 Duration=27306
Task=42 Chunk=0 Start=16344491800024 End=16344491969440 Duration=169416
Task=42 Chunk=1 Start=16344491969468 End=16344491998911 Duration=29443
Task=43 Chunk=0 Start=16344491969459 End=16344492134236 Duration=164777
Task=43 Chunk=1 Start=16344492134252 End=16344492164898 Duration=30646
Task=44 Chunk=0 Start=16344492134248 End=16344492298653 Duration=164405
Task=44 Chunk=1 Start=16344492298691 End=16344492325653 Duration=26962
Task=45 Chunk=0 Start=16344492298657 End=16344492453979 Duration=155322
Task=45 Chunk=1 Start=16344492454006 End=16344492484395 Duration=30389
Task=46 Chunk=0 Start=16344492453983 End=16344492604188 Duration=150205
Task=46 Chunk=1 Start=16344492604208 End=16344492631380 Duration=27172
Task=47 Chunk=0 Start=16344492604191 End=16344492739296 Duration=135105
Task=47 Chunk=1 Start=16344492739312 End=16344492768003 Duration=28691
Task=48 Chunk=0 Start=16344492739298 End=16344492883158 Duration=143860
Task=48 Chunk=1 Start=16344492883190 End=16344492909927 Duration=26737
Task=49 Chunk=0 Start=16344492883161 End=16344493033194 Duration=150033
Task=49 Chunk=1 Start=16344493033238 End=16344493061375 Duration=28137
Task=50 Chunk=0 Start=16344493033197 End=16344493193136 Duration=159939
Task=50 Chunk=1 Start=16344493193168 End=16344493221522 Duration=28354
Task=51 Chunk=0 Start=16344493193140 End=16344493353149 Duration=160009
Task=51 Chunk=1 Start=16344493353187 End=16344493380963 Duration=27776
Task=52 Chunk=0 Start=16344493353153 End=16344493511055 Duration=157902
Task=52 Chunk=1 Start=16344493511086 End=16344493540396 Duration=29310
Task=53 Chunk=0 Start=16344493511066 End=16344493671148 Duration=160082
Task=53 Chunk=1 Start=16344493671180 End=16344493698713 Duration=27533
Task=54 Chunk=0 Start=16344493671152 End=16344493830845 Duration=159693
Task=54 Chunk=1 Start=16344493830873 End=16344493858266 Duration=27393
Task=55 Chunk=0 Start=16344493830848 End=16344493991934 Duration=161086
Task=55 Chunk=1 Start=16344493991969 End=16344494019744 Duration=27775
Task=56 Chunk=0 Start=16344493991937 End=16344494150680 Duration=158743
Task=56 Chunk=1 Start=16344494150719 End=16344494178224 Duration=27505
Task=57 Chunk=0 Start=16344494150684 End=16344494328293 Duration=177609
Task=57 Chunk=1 Start=16344494328336 End=16344494356583 Duration=28247
Task=58 Chunk=0 Start=16344494328296 End=16344494497745 Duration=169449
Task=58 Chunk=1 Start=16344494497767 End=16344494529863 Duration=32096
Task=59 Chunk=0 Start=16344494497749 End=16344494662773 Duration=165024
Task=59 Chunk=1 Start=16344494662797 End=16344494690539 Duration=27742
Task=60 Chunk=0 Start=16344494662776 End=16344494831260 Duration=168484
Task=60 Chunk=1 Start=16344494831293 End=16344494858537 Duration=27244
Task=61 Chunk=0 Start=16344494831264 End=16344495002382 Duration=171118
Task=61 Chunk=1 Start=16344495002426 End=16344495032098 Duration=29672
Task=62 Chunk=0 Start=16344495002386 End=16344495172604 Duration=170218
Task=62 Chunk=1 Start=16344495172643 End=16344495201687 Duration=29044
Task=63 Chunk=0 Start=16344495172608 End=16344495338169 Duration=165561
Task=63 Chunk=1 Start=16344495338201 End=16344495366137 Duration=27936
Task=64 Chunk=0 Start=16344495338173 End=16344495506543 Duration=168370
Task=64 Chunk=1 Start=16344495506574 End=16344495535711 Duration=29137
Task=65 Chunk=0 Start=16344495506547 End=16344495671376 Duration=164829
Task=65 Chunk=1 Start=16344495671410 End=16344495703174 Duration=31764
Task=66 Chunk=0 Start=16344495671379 End=16344495840343 Duration=168964
Task=66 Chunk=1 Start=16344495840376 End=16344495867729 Duration=27353
Task=67 Chunk=0 Start=16344495840346 End=16344496005298 Duration=164952
Task=67 Chunk=1 Start=16344496005320 End=16344496034002 Duration=28682
Task=68 Chunk=0 Start=16344496005302 End=16344496168931 Duration=163629
Task=68 Chunk=1 Start=16344496168977 End=16344496198597 Duration=29620
Task=69 Chunk=0 Start=16344496168934 End=16344496333650 Duration=164716
Task=69 Chunk=1 Start=16344496333693 End=16344496364108 Duration=30415
Task=70 Chunk=0 Start=16344496333653 End=16344496503074 Duration=169421
Task=70 Chunk=1 Start=16344496503111 End=16344496530779 Duration=27668
Task=71 Chunk=0 Start=16344496503087 End=16344496674113 Duration=171026
Task=71 Chunk=1 Start=16344496674143 End=16344496702575 Duration=28432
Task=72 Chunk=0 Start=16344496674123 End=16344496847645 Duration=173522
Task=72 Chunk=1 Start=16344496847693 End=16344496875307 Duration=27614
Task=73 Chunk=0 Start=16344496847648 End=16344497017987 Duration=170339
Task=73 Chunk=1 Start=16344497018031 End=16344497045648 Duration=27617
Task=74 Chunk=0 Start=16344497017991 End=16344497189097 Duration=171106
Task=74 Chunk=1 Start=16344497189128 End=16344497216079 Duration=26951
Task=75 Chunk=0 Start=16344497189100 End=16344497359049 Duration=169949
Task=75 Chunk=1 Start=16344497359090 End=16344497387740 Duration=28650
Task=76 Chunk=0 Start=16344497359053 End=16344497550629 Duration=191576
Task=76 Chunk=1 Start=16344497550656 End=16344497579091 Duration=28435
Task=77 Chunk=0 Start=16344497550633 End=16344497720710 Duration=170077
Task=77 Chunk=1 Start=16344497720735 End=16344497914251 Duration=193516
Task=78 Chunk=0 Start=16344497720714 End=16344497870727 Duration=150013
Task=78 Chunk=1 Start=16344497914254 End=16344497941480 Duration=27226
Task=79 Chunk=0 Start=16344497870731 End=16344498031019 Duration=160288
Task=79 Chunk=1 Start=16344498031055 End=16344498061531 Duration=30476
Task=80 Chunk=0 Start=16344498031022 End=16344498200354 Duration=169332
Task=80 Chunk=1 Start=16344498200387 End=16344498230237 Duration=29850
Task=81 Chunk=0 Start=16344498200358 End=16344498362056 Duration=161698
Task=81 Chunk=1 Start=16344498362099 End=16344498390891 Duration=28792
Task=82 Chunk=0 Start=16344498362059 End=16344498525970 Duration=163911
Task=82 Chunk=1 Start=16344498526009 End=16344498556494 Duration=30485
Task=83 Chunk=0 Start=16344498525973 End=16344498689880 Duration=163907
Task=83 Chunk=1 Start=16344498689931 End=16344498716821 Duration=26890
Task=84 Chunk=0 Start=16344498689884 End=16344498854243 Duration=164359
Task=84 Chunk=1 Start=16344498854273 End=16344498881101 Duration=26828
Task=85 Chunk=0 Start=16344498854253 End=16344499021389 Duration=167136
Task=85 Chunk=1 Start=16344499021404 End=16344499051704 Duration=30300
Task=86 Chunk=0 Start=16344499021394 End=16344499183740 Duration=162346
Task=86 Chunk=1 Start=16344499183778 End=16344499210723 Duration=26945
Task=87 Chunk=0 Start=16344499183744 End=16344499348280 Duration=164536
Task=87 Chunk=1 Start=16344499348315 End=16344499377454 Duration=29139
Task=88 Chunk=0 Start=16344499348284 End=16344499511201 Duration=162917
Task=88 Chunk=1 Start=16344499511235 End=16344499541286 Duration=30051
Task=89 Chunk=0 Start=16344499511205 End=16344499673219 Duration=162014
Task=89 Chunk=1 Start=16344499673256 End=16344499700221 Duration=26965
Task=90 Chunk=0 Start=16344499673222 End=16344499836940 Duration=163718
Task=90 Chunk=1 Start=16344499836979 End=16344499864046 Duration=27067
Task=91 Chunk=0 Start=16344499836944 End=16344500001015 Duration=164071
Task=91 Chunk=1 Start=16344500001052 End=16344500030708 Duration=29656
Task=92 Chunk=0 Start=16344500001018 End=16344500164284 Duration=163266
Task=92 Chunk=1 Start=16344500164315 End=16344500191454 Duration=27139
Task=93 Chunk=0 Start=16344500164288 End=16344500328129 Duration=163841
Task=93 Chunk=1 Start=16344500328186 End=16344500355243 Duration=27057
Task=94 Chunk=0 Start=16344500328132 End=16344500492608 Duration=164476
Task=94 Chunk=1 Start=16344500492642 End=16344500522995 Duration=30353
Task=95 Chunk=0 Start=16344500492611 End=16344500656112 Duration=163501
Task=95 Chunk=1 Start=16344500656149 End=16344500685270 Duration=29121
Task=96 Chunk=0 Start=16344500656116 End=16344500819860 Duration=163744
Task=96 Chunk=1 Start=16344500819913 End=16344500847287 Duration=27374
Task=97 Chunk=0 Start=16344500819884 End=16344500984473 Duration=164589
Task=97 Chunk=1 Start=16344500984487 End=16344501015867 Duration=31380
Task=98 Chunk=0 Start=16344500984483 End=16344501147940 Duration=163457
Task=98 Chunk=1 Start=16344501147986 End=16344501203706 Duration=55720
Task=99 Chunk=0 Start=16344501147943 End=16344501307936 Duration=159993
Task=99 Chunk=1 Start=16344501307962 End=16344501333368 Duration=25406
### Python End ###

--------------------------------
[2025-04-24 18:25:04.887] [info] Available Vulkan Layers:
[2025-04-24 18:25:04.887] [warning] Validation layer requested but not available, continuing without it...
[2025-04-24 18:25:04.890] [info] Using integrated GPU: Mali-G710
