[2025-04-24 21:27:36.297] [info] Pinable Lit cores: 0 1 2 3 4 5 
[2025-04-24 21:27:36.298] [info] Pinable Med cores: 
[2025-04-24 21:27:36.298] [info] Pinable Big cores: 
Stage: 1 by Little
	Count 	1629
	Average 	0.6143 ms
Stage: 1 by CUDA
	Count 	2282
	Average 	0.4382 ms
Stage: 2 by Little
	Count 	286
	Average 	3.5086 ms
Stage: 2 by CUDA
	Count 	520
	Average 	1.9253 ms
Stage: 3 by Little
	Count 	2239
	Average 	0.4468 ms
Stage: 3 by CUDA
	Count 	1371
	Average 	0.7296 ms
Stage: 4 by Little
	Count 	284
	Average 	3.5271 ms
Stage: 4 by CUDA
	Count 	754
	Average 	1.3275 ms
Stage: 5 by Little
	Count 	5786
	Average 	0.1729 ms
Stage: 5 by CUDA
	Count 	4037
	Average 	0.2479 ms
Stage: 6 by Little
	Count 	1962
	Average 	0.5101 ms
Stage: 6 by CUDA
	Count 	651
	Average 	1.5360 ms
Stage: 7 by Little
	Count 	851
	Average 	1.1761 ms
Stage: 7 by CUDA
	Count 	760
	Average 	1.3158 ms
Stage: 1
	Little 	1.1202 ms 	(899)
	Medium 	inf ms 	(0)
	Big    	inf ms 	(0)
	CUDA   	0.3574 ms 	(2818)
Stage: 2
	Little 	4.7127 ms 	(213)
	Medium 	inf ms 	(0)
	Big    	inf ms 	(0)
	CUDA   	2.0238 ms 	(496)
Stage: 3
	Little 	0.9021 ms 	(1109)
	Medium 	inf ms 	(0)
	Big    	inf ms 	(0)
	CUDA   	2.2231 ms 	(450)
Stage: 4
	Little 	4.2454 ms 	(236)
	Medium 	inf ms 	(0)
	Big    	inf ms 	(0)
	CUDA   	1.0404 ms 	(963)
Stage: 5
	Little 	0.3053 ms 	(3288)
	Medium 	inf ms 	(0)
	Big    	inf ms 	(0)
	CUDA   	0.2776 ms 	(3616)
Stage: 6
	Little 	0.8491 ms 	(1178)
	Medium 	inf ms 	(0)
	Big    	inf ms 	(0)
	CUDA   	1.5902 ms 	(629)
Stage: 7
	Little 	1.4223 ms 	(703)
	Medium 	inf ms 	(0)
	Big    	inf ms 	(0)
	CUDA   	1.2209 ms 	(819)

Normal Benchmark Results Table (ms per task):
Stage | Little Core | Medium Core | Big Core | Vulkan | CUDA
------|------------|-------------|----------|--------|-------
    1 |      0.6143 |      0.0000 |   0.0000 | 0.0000 | 0.4382
    2 |      3.5086 |      0.0000 |   0.0000 | 0.0000 | 1.9253
    3 |      0.4468 |      0.0000 |   0.0000 | 0.0000 | 0.7296
    4 |      3.5271 |      0.0000 |   0.0000 | 0.0000 | 1.3275
    5 |      0.1729 |      0.0000 |   0.0000 | 0.0000 | 0.2479
    6 |      0.5101 |      0.0000 |   0.0000 | 0.0000 | 1.5360
    7 |      1.1761 |      0.0000 |   0.0000 | 0.0000 | 1.3158

Normal Benchmark - Sum of stages 1-7:
Little Core: 9.9560 ms
Medium Core: 0.0000 ms
Big Core: 0.0000 ms
Vulkan: 0.0000 ms
CUDA: 7.5201 ms

Fully Benchmark Results Table (ms per task):
Stage | Little Core | Medium Core | Big Core | Vulkan | CUDA
------|-------------|-------------|----------|--------|-------
    1 |      1.1202 |      0.0000 |   0.0000 | 0.0000 | 0.3574
    2 |      4.7127 |      0.0000 |   0.0000 | 0.0000 | 2.0238
    3 |      0.9021 |      0.0000 |   0.0000 | 0.0000 | 2.2231
    4 |      4.2454 |      0.0000 |   0.0000 | 0.0000 | 1.0404
    5 |      0.3053 |      0.0000 |   0.0000 | 0.0000 | 0.2776
    6 |      0.8491 |      0.0000 |   0.0000 | 0.0000 | 1.5902
    7 |      1.4223 |      0.0000 |   0.0000 | 0.0000 | 1.2209

Fully Benchmark - Sum of stages 1-7:
Little Core: 13.5572 ms
Medium Core: 0.0000 ms
Big Core: 0.0000 ms
Vulkan: 0.0000 ms
CUDA: 8.7335 ms

Performance Comparison (Fully vs Normal):
Processor  | Normal (ms) | Fully (ms) | Ratio
-----------|-------------|------------|-------
Little Core|        9.96 |      13.56 |  1.36x
CUDA       |        7.52 |       8.73 |  1.16x

### PYTHON_DATA_START ###
# NORMAL_BENCHMARK_DATA
stage,little,medium,big,vulkan,cuda
1,0.6143,0.0000,0.0000,0.0000,0.4382
2,3.5086,0.0000,0.0000,0.0000,1.9253
3,0.4468,0.0000,0.0000,0.0000,0.7296
4,3.5271,0.0000,0.0000,0.0000,1.3275
5,0.1729,0.0000,0.0000,0.0000,0.2479
6,0.5101,0.0000,0.0000,0.0000,1.5360
7,1.1761,0.0000,0.0000,0.0000,1.3158
# FULLY_BENCHMARK_DATA
stage,little,medium,big,vulkan,cuda
1,1.1202,0.0000,0.0000,0.0000,0.3574
2,4.7127,0.0000,0.0000,0.0000,2.0238
3,0.9021,0.0000,0.0000,0.0000,2.2231
4,4.2454,0.0000,0.0000,0.0000,1.0404
5,0.3053,0.0000,0.0000,0.0000,0.2776
6,0.8491,0.0000,0.0000,0.0000,1.5902
7,1.4223,0.0000,0.0000,0.0000,1.2209
### PYTHON_DATA_END ###
