[2025-04-24 15:29:02.657] [info] Pinable Lit cores: 0 1 2 3 4 5 
[2025-04-24 15:29:02.657] [info] Pinable Med cores: 
[2025-04-24 15:29:02.657] [info] Pinable Big cores: 
Stage: 1 by Little
	Count 	234
	Average 	4.2862 ms
Stage: 1 by CUDA
	Count 	382
	Average 	2.6194 ms
Stage: 2 by Little
	Count 	128
	Average 	7.8237 ms
Stage: 2 by CUDA
	Count 	622
	Average 	1.6094 ms
Stage: 3 by Little
	Count 	458
	Average 	2.1843 ms
Stage: 3 by CUDA
	Count 	454
	Average 	2.2038 ms
Stage: 4 by Little
	Count 	257
	Average 	3.9212 ms
Stage: 4 by CUDA
	Count 	722
	Average 	1.3856 ms
Stage: 5 by Little
	Count 	875
	Average 	1.1436 ms
Stage: 5 by CUDA
	Count 	691
	Average 	1.4484 ms
Stage: 6 by Little
	Count 	849
	Average 	1.1794 ms
Stage: 6 by CUDA
	Count 	669
	Average 	1.4965 ms
Stage: 7 by Little
	Count 	866
	Average 	1.1561 ms
Stage: 7 by CUDA
	Count 	615
	Average 	1.6273 ms
Stage: 8 by Little
	Count 	468
	Average 	2.1410 ms
Stage: 8 by CUDA
	Count 	1038
	Average 	0.9636 ms
Stage: 9 by Little
	Count 	51372
	Average 	0.0195 ms
Stage: 9 by CUDA
	Count 	4924
	Average 	0.2030 ms
Stage: 1
	Little 	4.3741 ms 	(233)
	Medium 	inf ms 	(0)
	Big    	inf ms 	(0)
	CUDA   	3.8751 ms 	(263)
Stage: 2
	Little 	8.8789 ms 	(113)
	Medium 	inf ms 	(0)
	Big    	inf ms 	(0)
	CUDA   	1.4499 ms 	(692)
Stage: 3
	Little 	2.5036 ms 	(400)
	Medium 	inf ms 	(0)
	Big    	inf ms 	(0)
	CUDA   	2.4248 ms 	(413)
Stage: 4
	Little 	4.9154 ms 	(204)
	Medium 	inf ms 	(0)
	Big    	inf ms 	(0)
	CUDA   	1.1646 ms 	(861)
Stage: 5
	Little 	1.4699 ms 	(681)
	Medium 	inf ms 	(0)
	Big    	inf ms 	(0)
	CUDA   	1.9325 ms 	(518)
Stage: 6
	Little 	1.4829 ms 	(675)
	Medium 	inf ms 	(0)
	Big    	inf ms 	(0)
	CUDA   	1.7408 ms 	(575)
Stage: 7
	Little 	1.4930 ms 	(670)
	Medium 	inf ms 	(0)
	Big    	inf ms 	(0)
	CUDA   	1.9200 ms 	(521)
Stage: 8
	Little 	2.9765 ms 	(336)
	Medium 	inf ms 	(0)
	Big    	inf ms 	(0)
	CUDA   	0.8858 ms 	(1129)
Stage: 9
	Little 	0.0358 ms 	(27944)
	Medium 	inf ms 	(0)
	Big    	inf ms 	(0)
	CUDA   	0.4912 ms 	(2035)

Normal Benchmark Results Table (ms per task):
Stage | Little Core | Medium Core | Big Core | Vulkan | CUDA
------|------------|-------------|----------|--------|-------
    1 |      4.2862 |      0.0000 |   0.0000 | 0.0000 | 2.6194
    2 |      7.8237 |      0.0000 |   0.0000 | 0.0000 | 1.6094
    3 |      2.1843 |      0.0000 |   0.0000 | 0.0000 | 2.2038
    4 |      3.9212 |      0.0000 |   0.0000 | 0.0000 | 1.3856
    5 |      1.1436 |      0.0000 |   0.0000 | 0.0000 | 1.4484
    6 |      1.1794 |      0.0000 |   0.0000 | 0.0000 | 1.4965
    7 |      1.1561 |      0.0000 |   0.0000 | 0.0000 | 1.6273
    8 |      2.1410 |      0.0000 |   0.0000 | 0.0000 | 0.9636
    9 |      0.0195 |      0.0000 |   0.0000 | 0.0000 | 0.2030

Normal Benchmark - Sum of stages 1-9:
Little Core: 23.8550 ms
Medium Core: 0.0000 ms
Big Core: 0.0000 ms
Vulkan: 0.0000 ms
CUDA: 13.5571 ms

Fully Benchmark Results Table (ms per task):
Stage | Little Core | Medium Core | Big Core | Vulkan | CUDA
------|-------------|-------------|----------|--------|-------
    1 |      4.3741 |      0.0000 |   0.0000 | 0.0000 | 3.8751
    2 |      8.8789 |      0.0000 |   0.0000 | 0.0000 | 1.4499
    3 |      2.5036 |      0.0000 |   0.0000 | 0.0000 | 2.4248
    4 |      4.9154 |      0.0000 |   0.0000 | 0.0000 | 1.1646
    5 |      1.4699 |      0.0000 |   0.0000 | 0.0000 | 1.9325
    6 |      1.4829 |      0.0000 |   0.0000 | 0.0000 | 1.7408
    7 |      1.4930 |      0.0000 |   0.0000 | 0.0000 | 1.9200
    8 |      2.9765 |      0.0000 |   0.0000 | 0.0000 | 0.8858
    9 |      0.0358 |      0.0000 |   0.0000 | 0.0000 | 0.4912

Fully Benchmark - Sum of stages 1-9:
Little Core: 28.1300 ms
Medium Core: 0.0000 ms
Big Core: 0.0000 ms
Vulkan: 0.0000 ms
CUDA: 15.8847 ms

Performance Comparison (Fully vs Normal):
Processor  | Normal (ms) | Fully (ms) | Ratio
-----------|-------------|------------|-------
Little Core|       23.86 |      28.13 |  1.18x
CUDA       |       13.56 |      15.88 |  1.17x

### PYTHON_DATA_START ###
# NORMAL_BENCHMARK_DATA
stage,little,medium,big,vulkan,cuda
1,4.2862,0.0000,0.0000,0.0000,2.6194
2,7.8237,0.0000,0.0000,0.0000,1.6094
3,2.1843,0.0000,0.0000,0.0000,2.2038
4,3.9212,0.0000,0.0000,0.0000,1.3856
5,1.1436,0.0000,0.0000,0.0000,1.4484
6,1.1794,0.0000,0.0000,0.0000,1.4965
7,1.1561,0.0000,0.0000,0.0000,1.6273
8,2.1410,0.0000,0.0000,0.0000,0.9636
9,0.0195,0.0000,0.0000,0.0000,0.2030
# FULLY_BENCHMARK_DATA
stage,little,medium,big,vulkan,cuda
1,4.3741,0.0000,0.0000,0.0000,3.8751
2,8.8789,0.0000,0.0000,0.0000,1.4499
3,2.5036,0.0000,0.0000,0.0000,2.4248
4,4.9154,0.0000,0.0000,0.0000,1.1646
5,1.4699,0.0000,0.0000,0.0000,1.9325
6,1.4829,0.0000,0.0000,0.0000,1.7408
7,1.4930,0.0000,0.0000,0.0000,1.9200
8,2.9765,0.0000,0.0000,0.0000,0.8858
9,0.0358,0.0000,0.0000,0.0000,0.4912
### PYTHON_DATA_END ###
